[2022-08-02 14:04:39,903] {taskinstance.py:1179} INFO - Dependencies all met for <TaskInstance: Demo.data_uploading manual__2022-08-02T14:04:16.718084+00:00 [queued]>
[2022-08-02 14:04:39,914] {taskinstance.py:1179} INFO - Dependencies all met for <TaskInstance: Demo.data_uploading manual__2022-08-02T14:04:16.718084+00:00 [queued]>
[2022-08-02 14:04:39,915] {taskinstance.py:1376} INFO - 
--------------------------------------------------------------------------------
[2022-08-02 14:04:39,915] {taskinstance.py:1377} INFO - Starting attempt 1 of 1
[2022-08-02 14:04:39,916] {taskinstance.py:1378} INFO - 
--------------------------------------------------------------------------------
[2022-08-02 14:04:39,935] {taskinstance.py:1397} INFO - Executing <Task(PythonOperator): data_uploading> on 2022-08-02 14:04:16.718084+00:00
[2022-08-02 14:04:39,940] {standard_task_runner.py:52} INFO - Started process 13446 to run task
[2022-08-02 14:04:39,943] {standard_task_runner.py:79} INFO - Running: ['***', 'tasks', 'run', 'Demo', 'data_uploading', 'manual__2022-08-02T14:04:16.718084+00:00', '--job-id', '314', '--raw', '--subdir', 'DAGS_FOLDER/demo.py', '--cfg-path', '/tmp/tmpyu6iaxw9', '--error-file', '/tmp/tmp5yiesfrt']
[2022-08-02 14:04:39,944] {standard_task_runner.py:80} INFO - Job 314: Subtask data_uploading
[2022-08-02 14:04:40,017] {task_command.py:371} INFO - Running <TaskInstance: Demo.data_uploading manual__2022-08-02T14:04:16.718084+00:00 [running]> on host 31353b71d6cb
[2022-08-02 14:04:40,107] {taskinstance.py:1591} INFO - Exporting the following env vars:
AIRFLOW_CTX_DAG_OWNER=***
AIRFLOW_CTX_DAG_ID=Demo
AIRFLOW_CTX_TASK_ID=data_uploading
AIRFLOW_CTX_EXECUTION_DATE=2022-08-02T14:04:16.718084+00:00
AIRFLOW_CTX_TRY_NUMBER=1
AIRFLOW_CTX_DAG_RUN_ID=manual__2022-08-02T14:04:16.718084+00:00
[2022-08-02 14:04:40,118] {base.py:68} INFO - Using connection ID 'azure_demo' for task execution.
[2022-08-02 14:04:40,120] {logging_mixin.py:115} INFO - connection made successfully
[2022-08-02 14:04:40,123] {_universal.py:476} INFO - Request URL: 'http://azurite:10000/devstoreaccount1/waves?restype=REDACTED'
Request method: 'PUT'
Request headers:
    'x-ms-version': 'REDACTED'
    'Accept': 'application/xml'
    'User-Agent': 'azsdk-python-storage-blob/12.8.1 Python/3.7.13 (Linux-5.10.16.3-microsoft-standard-WSL2-x86_64-with-debian-11.4)'
    'x-ms-date': 'REDACTED'
    'x-ms-client-request-id': '0cf0bd3c-126c-11ed-8f5f-0242ac120007'
    'Authorization': 'REDACTED'
No body was attached to the request
[2022-08-02 14:04:40,140] {_universal.py:504} INFO - Response status: 201
Response headers:
    'Server': 'Azurite-Blob/3.18.0'
    'etag': '"0x2437F378132C320"'
    'last-modified': 'Tue, 02 Aug 2022 14:04:40 GMT'
    'x-ms-client-request-id': '0cf0bd3c-126c-11ed-8f5f-0242ac120007'
    'x-ms-request-id': 'f88b068a-8e4d-42f8-aa2f-0f4dd4acd333'
    'x-ms-version': 'REDACTED'
    'Date': 'Tue, 02 Aug 2022 14:04:40 GMT'
    'Connection': 'keep-alive'
    'Keep-Alive': 'REDACTED'
    'Content-Length': '0'
[2022-08-02 14:04:40,141] {wasb.py:368} INFO - Created container: waves
[2022-08-02 14:04:40,143] {_universal.py:476} INFO - Request URL: 'http://azurite:10000/devstoreaccount1/transcriptions?restype=REDACTED'
Request method: 'PUT'
Request headers:
    'x-ms-version': 'REDACTED'
    'Accept': 'application/xml'
    'User-Agent': 'azsdk-python-storage-blob/12.8.1 Python/3.7.13 (Linux-5.10.16.3-microsoft-standard-WSL2-x86_64-with-debian-11.4)'
    'x-ms-date': 'REDACTED'
    'x-ms-client-request-id': '0cf3e0f2-126c-11ed-8f5f-0242ac120007'
    'Authorization': 'REDACTED'
No body was attached to the request
[2022-08-02 14:04:40,151] {_universal.py:504} INFO - Response status: 201
Response headers:
    'Server': 'Azurite-Blob/3.18.0'
    'etag': '"0x1CB374A93712A90"'
    'last-modified': 'Tue, 02 Aug 2022 14:04:40 GMT'
    'x-ms-client-request-id': '0cf3e0f2-126c-11ed-8f5f-0242ac120007'
    'x-ms-request-id': 'e4660189-758f-47d8-9a08-7fce5a52deba'
    'x-ms-version': 'REDACTED'
    'Date': 'Tue, 02 Aug 2022 14:04:40 GMT'
    'Connection': 'keep-alive'
    'Keep-Alive': 'REDACTED'
    'Content-Length': '0'
[2022-08-02 14:04:40,151] {wasb.py:368} INFO - Created container: transcriptions
[2022-08-02 14:04:40,152] {logging_mixin.py:115} INFO - containers created successfully
[2022-08-02 14:04:40,155] {logging_mixin.py:115} INFO - ['file_1.wav', 'file_2.wav', 'file_3.wav']
[2022-08-02 14:04:40,178] {_universal.py:473} INFO - Request URL: 'http://azurite:10000/devstoreaccount1/waves/file_1'
Request method: 'PUT'
Request headers:
    'x-ms-blob-type': 'REDACTED'
    'Content-Length': '5226766'
    'If-None-Match': '*'
    'x-ms-version': 'REDACTED'
    'Content-Type': 'application/octet-stream'
    'Accept': 'application/xml'
    'User-Agent': 'azsdk-python-storage-blob/12.8.1 Python/3.7.13 (Linux-5.10.16.3-microsoft-standard-WSL2-x86_64-with-debian-11.4)'
    'x-ms-date': 'REDACTED'
    'x-ms-client-request-id': '0cf9505a-126c-11ed-8f5f-0242ac120007'
    'Authorization': 'REDACTED'
A body is sent with the request
[2022-08-02 14:04:40,265] {_universal.py:504} INFO - Response status: 201
Response headers:
    'Server': 'Azurite-Blob/3.18.0'
    'etag': '"0x20D8EFEE8E12BC0"'
    'last-modified': 'Tue, 02 Aug 2022 14:04:40 GMT'
    'content-md5': 'REDACTED'
    'x-ms-client-request-id': '0cf9505a-126c-11ed-8f5f-0242ac120007'
    'x-ms-request-id': '03772369-bfde-4d5b-8ce1-9f3522934951'
    'x-ms-version': 'REDACTED'
    'date': 'Tue, 02 Aug 2022 14:04:40 GMT'
    'x-ms-request-server-encrypted': 'REDACTED'
    'Connection': 'keep-alive'
    'Keep-Alive': 'REDACTED'
    'Content-Length': '0'
[2022-08-02 14:04:40,281] {_universal.py:473} INFO - Request URL: 'http://azurite:10000/devstoreaccount1/waves/file_2'
Request method: 'PUT'
Request headers:
    'x-ms-blob-type': 'REDACTED'
    'Content-Length': '2146166'
    'If-None-Match': '*'
    'x-ms-version': 'REDACTED'
    'Content-Type': 'application/octet-stream'
    'Accept': 'application/xml'
    'User-Agent': 'azsdk-python-storage-blob/12.8.1 Python/3.7.13 (Linux-5.10.16.3-microsoft-standard-WSL2-x86_64-with-debian-11.4)'
    'x-ms-date': 'REDACTED'
    'x-ms-client-request-id': '0d08ff50-126c-11ed-8f5f-0242ac120007'
    'Authorization': 'REDACTED'
A body is sent with the request
[2022-08-02 14:04:40,326] {_universal.py:504} INFO - Response status: 201
Response headers:
    'Server': 'Azurite-Blob/3.18.0'
    'etag': '"0x2327D00559865C0"'
    'last-modified': 'Tue, 02 Aug 2022 14:04:40 GMT'
    'content-md5': 'REDACTED'
    'x-ms-client-request-id': '0d08ff50-126c-11ed-8f5f-0242ac120007'
    'x-ms-request-id': '546f61a3-4de0-4772-bb10-752bb4d54af7'
    'x-ms-version': 'REDACTED'
    'date': 'Tue, 02 Aug 2022 14:04:40 GMT'
    'x-ms-request-server-encrypted': 'REDACTED'
    'Connection': 'keep-alive'
    'Keep-Alive': 'REDACTED'
    'Content-Length': '0'
[2022-08-02 14:04:40,336] {_universal.py:473} INFO - Request URL: 'http://azurite:10000/devstoreaccount1/waves/file_3'
Request method: 'PUT'
Request headers:
    'x-ms-blob-type': 'REDACTED'
    'Content-Length': '1073218'
    'If-None-Match': '*'
    'x-ms-version': 'REDACTED'
    'Content-Type': 'application/octet-stream'
    'Accept': 'application/xml'
    'User-Agent': 'azsdk-python-storage-blob/12.8.1 Python/3.7.13 (Linux-5.10.16.3-microsoft-standard-WSL2-x86_64-with-debian-11.4)'
    'x-ms-date': 'REDACTED'
    'x-ms-client-request-id': '0d114ba6-126c-11ed-8f5f-0242ac120007'
    'Authorization': 'REDACTED'
A body is sent with the request
[2022-08-02 14:04:40,374] {_universal.py:504} INFO - Response status: 201
Response headers:
    'Server': 'Azurite-Blob/3.18.0'
    'etag': '"0x22CC6873A0925C0"'
    'last-modified': 'Tue, 02 Aug 2022 14:04:40 GMT'
    'content-md5': 'REDACTED'
    'x-ms-client-request-id': '0d114ba6-126c-11ed-8f5f-0242ac120007'
    'x-ms-request-id': 'b7c4d138-f45b-4e5a-9c45-84d43a4d1b66'
    'x-ms-version': 'REDACTED'
    'date': 'Tue, 02 Aug 2022 14:04:40 GMT'
    'x-ms-request-server-encrypted': 'REDACTED'
    'Connection': 'keep-alive'
    'Keep-Alive': 'REDACTED'
    'Content-Length': '0'
[2022-08-02 14:04:40,378] {logging_mixin.py:115} INFO - ['file_1.trs', 'file_2.trs', 'file_3.trs']
[2022-08-02 14:04:40,381] {_universal.py:473} INFO - Request URL: 'http://azurite:10000/devstoreaccount1/transcriptions/file_1'
Request method: 'PUT'
Request headers:
    'x-ms-blob-type': 'REDACTED'
    'Content-Length': '603'
    'If-None-Match': '*'
    'x-ms-version': 'REDACTED'
    'Content-Type': 'application/octet-stream'
    'Accept': 'application/xml'
    'User-Agent': 'azsdk-python-storage-blob/12.8.1 Python/3.7.13 (Linux-5.10.16.3-microsoft-standard-WSL2-x86_64-with-debian-11.4)'
    'x-ms-date': 'REDACTED'
    'x-ms-client-request-id': '0d183fe2-126c-11ed-8f5f-0242ac120007'
    'Authorization': 'REDACTED'
A body is sent with the request
[2022-08-02 14:04:40,395] {_universal.py:504} INFO - Response status: 201
Response headers:
    'Server': 'Azurite-Blob/3.18.0'
    'etag': '"0x2117199233BA8A0"'
    'last-modified': 'Tue, 02 Aug 2022 14:04:40 GMT'
    'content-md5': 'REDACTED'
    'x-ms-client-request-id': '0d183fe2-126c-11ed-8f5f-0242ac120007'
    'x-ms-request-id': 'ade4a94a-41d3-4b0d-9460-e4fabcc26484'
    'x-ms-version': 'REDACTED'
    'date': 'Tue, 02 Aug 2022 14:04:40 GMT'
    'x-ms-request-server-encrypted': 'REDACTED'
    'Connection': 'keep-alive'
    'Keep-Alive': 'REDACTED'
    'Content-Length': '0'
[2022-08-02 14:04:40,401] {_universal.py:473} INFO - Request URL: 'http://azurite:10000/devstoreaccount1/transcriptions/file_2'
Request method: 'PUT'
Request headers:
    'x-ms-blob-type': 'REDACTED'
    'Content-Length': '603'
    'If-None-Match': '*'
    'x-ms-version': 'REDACTED'
    'Content-Type': 'application/octet-stream'
    'Accept': 'application/xml'
    'User-Agent': 'azsdk-python-storage-blob/12.8.1 Python/3.7.13 (Linux-5.10.16.3-microsoft-standard-WSL2-x86_64-with-debian-11.4)'
    'x-ms-date': 'REDACTED'
    'x-ms-client-request-id': '0d1b377e-126c-11ed-8f5f-0242ac120007'
    'Authorization': 'REDACTED'
A body is sent with the request
[2022-08-02 14:04:40,417] {_universal.py:504} INFO - Response status: 201
Response headers:
    'Server': 'Azurite-Blob/3.18.0'
    'etag': '"0x1CCD7D8DD94E640"'
    'last-modified': 'Tue, 02 Aug 2022 14:04:40 GMT'
    'content-md5': 'REDACTED'
    'x-ms-client-request-id': '0d1b377e-126c-11ed-8f5f-0242ac120007'
    'x-ms-request-id': 'b7c51dc7-4c5f-42ea-b02a-3f20a7e249b8'
    'x-ms-version': 'REDACTED'
    'date': 'Tue, 02 Aug 2022 14:04:40 GMT'
    'x-ms-request-server-encrypted': 'REDACTED'
    'Connection': 'keep-alive'
    'Keep-Alive': 'REDACTED'
    'Content-Length': '0'
[2022-08-02 14:04:40,423] {_universal.py:473} INFO - Request URL: 'http://azurite:10000/devstoreaccount1/transcriptions/file_3'
Request method: 'PUT'
Request headers:
    'x-ms-blob-type': 'REDACTED'
    'Content-Length': '603'
    'If-None-Match': '*'
    'x-ms-version': 'REDACTED'
    'Content-Type': 'application/octet-stream'
    'Accept': 'application/xml'
    'User-Agent': 'azsdk-python-storage-blob/12.8.1 Python/3.7.13 (Linux-5.10.16.3-microsoft-standard-WSL2-x86_64-with-debian-11.4)'
    'x-ms-date': 'REDACTED'
    'x-ms-client-request-id': '0d1eaa9e-126c-11ed-8f5f-0242ac120007'
    'Authorization': 'REDACTED'
A body is sent with the request
[2022-08-02 14:04:40,440] {_universal.py:504} INFO - Response status: 201
Response headers:
    'Server': 'Azurite-Blob/3.18.0'
    'etag': '"0x2356FA1A2E81380"'
    'last-modified': 'Tue, 02 Aug 2022 14:04:40 GMT'
    'content-md5': 'REDACTED'
    'x-ms-client-request-id': '0d1eaa9e-126c-11ed-8f5f-0242ac120007'
    'x-ms-request-id': '239901a9-5ac2-41d5-aacb-b0ffa0a29110'
    'x-ms-version': 'REDACTED'
    'date': 'Tue, 02 Aug 2022 14:04:40 GMT'
    'x-ms-request-server-encrypted': 'REDACTED'
    'Connection': 'keep-alive'
    'Keep-Alive': 'REDACTED'
    'Content-Length': '0'
[2022-08-02 14:04:40,442] {logging_mixin.py:115} INFO - files loaded successfully
[2022-08-02 14:04:40,442] {python.py:173} INFO - Done. Returned value was: 0
[2022-08-02 14:04:40,480] {taskinstance.py:1420} INFO - Marking task as SUCCESS. dag_id=Demo, task_id=data_uploading, execution_date=20220802T140416, start_date=20220802T140439, end_date=20220802T140440
[2022-08-02 14:04:40,516] {local_task_job.py:156} INFO - Task exited with return code 0
[2022-08-02 14:04:40,574] {local_task_job.py:273} INFO - 1 downstream tasks scheduled from follow-on schedule check
