[2022-08-01 11:11:56,311] {taskinstance.py:1179} INFO - Dependencies all met for <TaskInstance: Demo.container_creation manual__2022-08-01T11:11:51.016615+00:00 [queued]>
[2022-08-01 11:11:56,332] {taskinstance.py:1179} INFO - Dependencies all met for <TaskInstance: Demo.container_creation manual__2022-08-01T11:11:51.016615+00:00 [queued]>
[2022-08-01 11:11:56,333] {taskinstance.py:1376} INFO - 
--------------------------------------------------------------------------------
[2022-08-01 11:11:56,333] {taskinstance.py:1377} INFO - Starting attempt 1 of 1
[2022-08-01 11:11:56,335] {taskinstance.py:1378} INFO - 
--------------------------------------------------------------------------------
[2022-08-01 11:11:56,370] {taskinstance.py:1397} INFO - Executing <Task(PythonOperator): container_creation> on 2022-08-01 11:11:51.016615+00:00
[2022-08-01 11:11:56,378] {standard_task_runner.py:52} INFO - Started process 2588 to run task
[2022-08-01 11:11:56,388] {standard_task_runner.py:79} INFO - Running: ['***', 'tasks', 'run', 'Demo', 'container_creation', 'manual__2022-08-01T11:11:51.016615+00:00', '--job-id', '70', '--raw', '--subdir', 'DAGS_FOLDER/demo.py', '--cfg-path', '/tmp/tmpp8ojw70d', '--error-file', '/tmp/tmp5iwkgs2y']
[2022-08-01 11:11:56,390] {standard_task_runner.py:80} INFO - Job 70: Subtask container_creation
[2022-08-01 11:11:56,531] {task_command.py:371} INFO - Running <TaskInstance: Demo.container_creation manual__2022-08-01T11:11:51.016615+00:00 [running]> on host 31353b71d6cb
[2022-08-01 11:11:56,824] {taskinstance.py:1591} INFO - Exporting the following env vars:
AIRFLOW_CTX_DAG_OWNER=***
AIRFLOW_CTX_DAG_ID=Demo
AIRFLOW_CTX_TASK_ID=container_creation
AIRFLOW_CTX_EXECUTION_DATE=2022-08-01T11:11:51.016615+00:00
AIRFLOW_CTX_TRY_NUMBER=1
AIRFLOW_CTX_DAG_RUN_ID=manual__2022-08-01T11:11:51.016615+00:00
[2022-08-01 11:12:11,445] {python.py:173} INFO - Done. Returned value was: 0
[2022-08-01 11:12:11,571] {taskinstance.py:1420} INFO - Marking task as SUCCESS. dag_id=Demo, task_id=container_creation, execution_date=20220801T111151, start_date=20220801T111156, end_date=20220801T111211
[2022-08-01 11:12:11,630] {local_task_job.py:156} INFO - Task exited with return code 0
[2022-08-01 11:12:11,748] {local_task_job.py:273} INFO - 1 downstream tasks scheduled from follow-on schedule check
