[2022-08-02 10:01:43,619] {taskinstance.py:1179} INFO - Dependencies all met for <TaskInstance: Demo.data_fetching manual__2022-08-02T10:01:26.637553+00:00 [queued]>
[2022-08-02 10:01:43,649] {taskinstance.py:1179} INFO - Dependencies all met for <TaskInstance: Demo.data_fetching manual__2022-08-02T10:01:26.637553+00:00 [queued]>
[2022-08-02 10:01:43,650] {taskinstance.py:1376} INFO - 
--------------------------------------------------------------------------------
[2022-08-02 10:01:43,651] {taskinstance.py:1377} INFO - Starting attempt 1 of 1
[2022-08-02 10:01:43,698] {taskinstance.py:1378} INFO - 
--------------------------------------------------------------------------------
[2022-08-02 10:01:43,748] {taskinstance.py:1397} INFO - Executing <Task(PythonOperator): data_fetching> on 2022-08-02 10:01:26.637553+00:00
[2022-08-02 10:01:43,761] {standard_task_runner.py:52} INFO - Started process 4109 to run task
[2022-08-02 10:01:43,774] {standard_task_runner.py:79} INFO - Running: ['***', 'tasks', 'run', 'Demo', 'data_fetching', 'manual__2022-08-02T10:01:26.637553+00:00', '--job-id', '206', '--raw', '--subdir', 'DAGS_FOLDER/demo.py', '--cfg-path', '/tmp/tmpgu_b8nob', '--error-file', '/tmp/tmpmncme76i']
[2022-08-02 10:01:43,776] {standard_task_runner.py:80} INFO - Job 206: Subtask data_fetching
[2022-08-02 10:01:44,009] {task_command.py:371} INFO - Running <TaskInstance: Demo.data_fetching manual__2022-08-02T10:01:26.637553+00:00 [running]> on host 31353b71d6cb
[2022-08-02 10:01:44,280] {taskinstance.py:1591} INFO - Exporting the following env vars:
AIRFLOW_CTX_DAG_OWNER=***
AIRFLOW_CTX_DAG_ID=Demo
AIRFLOW_CTX_TASK_ID=data_fetching
AIRFLOW_CTX_EXECUTION_DATE=2022-08-02T10:01:26.637553+00:00
AIRFLOW_CTX_TRY_NUMBER=1
AIRFLOW_CTX_DAG_RUN_ID=manual__2022-08-02T10:01:26.637553+00:00
[2022-08-02 10:01:44,284] {python.py:173} INFO - Done. Returned value was: 0
[2022-08-02 10:01:44,357] {taskinstance.py:1420} INFO - Marking task as SUCCESS. dag_id=Demo, task_id=data_fetching, execution_date=20220802T100126, start_date=20220802T100143, end_date=20220802T100144
[2022-08-02 10:01:44,426] {local_task_job.py:156} INFO - Task exited with return code 0
[2022-08-02 10:01:44,528] {local_task_job.py:273} INFO - 1 downstream tasks scheduled from follow-on schedule check
