[2022-08-01 11:15:32,349] {taskinstance.py:1179} INFO - Dependencies all met for <TaskInstance: Demo.data_uploading manual__2022-08-01T11:15:05.645589+00:00 [queued]>
[2022-08-01 11:15:32,368] {taskinstance.py:1179} INFO - Dependencies all met for <TaskInstance: Demo.data_uploading manual__2022-08-01T11:15:05.645589+00:00 [queued]>
[2022-08-01 11:15:32,369] {taskinstance.py:1376} INFO - 
--------------------------------------------------------------------------------
[2022-08-01 11:15:32,370] {taskinstance.py:1377} INFO - Starting attempt 1 of 1
[2022-08-01 11:15:32,372] {taskinstance.py:1378} INFO - 
--------------------------------------------------------------------------------
[2022-08-01 11:15:32,405] {taskinstance.py:1397} INFO - Executing <Task(PythonOperator): data_uploading> on 2022-08-01 11:15:05.645589+00:00
[2022-08-01 11:15:32,412] {standard_task_runner.py:52} INFO - Started process 2734 to run task
[2022-08-01 11:15:32,419] {standard_task_runner.py:79} INFO - Running: ['***', 'tasks', 'run', 'Demo', 'data_uploading', 'manual__2022-08-01T11:15:05.645589+00:00', '--job-id', '75', '--raw', '--subdir', 'DAGS_FOLDER/demo.py', '--cfg-path', '/tmp/tmpaea06kh2', '--error-file', '/tmp/tmpb666f5a5']
[2022-08-01 11:15:32,420] {standard_task_runner.py:80} INFO - Job 75: Subtask data_uploading
[2022-08-01 11:15:32,563] {task_command.py:371} INFO - Running <TaskInstance: Demo.data_uploading manual__2022-08-01T11:15:05.645589+00:00 [running]> on host 31353b71d6cb
[2022-08-01 11:15:32,749] {taskinstance.py:1591} INFO - Exporting the following env vars:
AIRFLOW_CTX_DAG_OWNER=***
AIRFLOW_CTX_DAG_ID=Demo
AIRFLOW_CTX_TASK_ID=data_uploading
AIRFLOW_CTX_EXECUTION_DATE=2022-08-01T11:15:05.645589+00:00
AIRFLOW_CTX_TRY_NUMBER=1
AIRFLOW_CTX_DAG_RUN_ID=manual__2022-08-01T11:15:05.645589+00:00
[2022-08-01 11:15:32,752] {python.py:173} INFO - Done. Returned value was: 0
[2022-08-01 11:15:32,846] {taskinstance.py:1420} INFO - Marking task as SUCCESS. dag_id=Demo, task_id=data_uploading, execution_date=20220801T111505, start_date=20220801T111532, end_date=20220801T111532
[2022-08-01 11:15:32,911] {local_task_job.py:156} INFO - Task exited with return code 0
[2022-08-01 11:15:33,099] {local_task_job.py:273} INFO - 1 downstream tasks scheduled from follow-on schedule check
