[2022-08-02 07:54:16,398] {taskinstance.py:1179} INFO - Dependencies all met for <TaskInstance: Demo.data_uploading manual__2022-08-02T07:54:07.787691+00:00 [queued]>
[2022-08-02 07:54:16,413] {taskinstance.py:1179} INFO - Dependencies all met for <TaskInstance: Demo.data_uploading manual__2022-08-02T07:54:07.787691+00:00 [queued]>
[2022-08-02 07:54:16,413] {taskinstance.py:1376} INFO - 
--------------------------------------------------------------------------------
[2022-08-02 07:54:16,413] {taskinstance.py:1377} INFO - Starting attempt 1 of 1
[2022-08-02 07:54:16,414] {taskinstance.py:1378} INFO - 
--------------------------------------------------------------------------------
[2022-08-02 07:54:16,438] {taskinstance.py:1397} INFO - Executing <Task(PythonOperator): data_uploading> on 2022-08-02 07:54:07.787691+00:00
[2022-08-02 07:54:16,444] {standard_task_runner.py:52} INFO - Started process 408 to run task
[2022-08-02 07:54:16,448] {standard_task_runner.py:79} INFO - Running: ['***', 'tasks', 'run', 'Demo', 'data_uploading', 'manual__2022-08-02T07:54:07.787691+00:00', '--job-id', '141', '--raw', '--subdir', 'DAGS_FOLDER/demo.py', '--cfg-path', '/tmp/tmpu4nwvzu9', '--error-file', '/tmp/tmp58se4dq0']
[2022-08-02 07:54:16,449] {standard_task_runner.py:80} INFO - Job 141: Subtask data_uploading
[2022-08-02 07:54:16,537] {task_command.py:371} INFO - Running <TaskInstance: Demo.data_uploading manual__2022-08-02T07:54:07.787691+00:00 [running]> on host 31353b71d6cb
[2022-08-02 07:54:16,630] {taskinstance.py:1591} INFO - Exporting the following env vars:
AIRFLOW_CTX_DAG_OWNER=***
AIRFLOW_CTX_DAG_ID=Demo
AIRFLOW_CTX_TASK_ID=data_uploading
AIRFLOW_CTX_EXECUTION_DATE=2022-08-02T07:54:07.787691+00:00
AIRFLOW_CTX_TRY_NUMBER=1
AIRFLOW_CTX_DAG_RUN_ID=manual__2022-08-02T07:54:07.787691+00:00
[2022-08-02 07:54:16,641] {base.py:68} INFO - Using connection ID 'azure_demo' for task execution.
[2022-08-02 07:54:16,645] {logging_mixin.py:115} INFO - connection made successfully
[2022-08-02 07:54:16,645] {python.py:173} INFO - Done. Returned value was: 0
[2022-08-02 07:54:16,679] {taskinstance.py:1420} INFO - Marking task as SUCCESS. dag_id=Demo, task_id=data_uploading, execution_date=20220802T075407, start_date=20220802T075416, end_date=20220802T075416
[2022-08-02 07:54:16,700] {local_task_job.py:156} INFO - Task exited with return code 0
[2022-08-02 07:54:16,754] {local_task_job.py:273} INFO - 1 downstream tasks scheduled from follow-on schedule check
