[2022-08-01 11:12:16,719] {taskinstance.py:1179} INFO - Dependencies all met for <TaskInstance: Demo.data_uploading manual__2022-08-01T11:11:51.016615+00:00 [queued]>
[2022-08-01 11:12:16,743] {taskinstance.py:1179} INFO - Dependencies all met for <TaskInstance: Demo.data_uploading manual__2022-08-01T11:11:51.016615+00:00 [queued]>
[2022-08-01 11:12:16,743] {taskinstance.py:1376} INFO - 
--------------------------------------------------------------------------------
[2022-08-01 11:12:16,744] {taskinstance.py:1377} INFO - Starting attempt 1 of 1
[2022-08-01 11:12:16,745] {taskinstance.py:1378} INFO - 
--------------------------------------------------------------------------------
[2022-08-01 11:12:16,794] {taskinstance.py:1397} INFO - Executing <Task(PythonOperator): data_uploading> on 2022-08-01 11:11:51.016615+00:00
[2022-08-01 11:12:16,801] {standard_task_runner.py:52} INFO - Started process 2599 to run task
[2022-08-01 11:12:16,809] {standard_task_runner.py:79} INFO - Running: ['***', 'tasks', 'run', 'Demo', 'data_uploading', 'manual__2022-08-01T11:11:51.016615+00:00', '--job-id', '71', '--raw', '--subdir', 'DAGS_FOLDER/demo.py', '--cfg-path', '/tmp/tmp3quqr4ke', '--error-file', '/tmp/tmpzy78zdfq']
[2022-08-01 11:12:16,810] {standard_task_runner.py:80} INFO - Job 71: Subtask data_uploading
[2022-08-01 11:12:16,955] {task_command.py:371} INFO - Running <TaskInstance: Demo.data_uploading manual__2022-08-01T11:11:51.016615+00:00 [running]> on host 31353b71d6cb
[2022-08-01 11:12:17,129] {taskinstance.py:1591} INFO - Exporting the following env vars:
AIRFLOW_CTX_DAG_OWNER=***
AIRFLOW_CTX_DAG_ID=Demo
AIRFLOW_CTX_TASK_ID=data_uploading
AIRFLOW_CTX_EXECUTION_DATE=2022-08-01T11:11:51.016615+00:00
AIRFLOW_CTX_TRY_NUMBER=1
AIRFLOW_CTX_DAG_RUN_ID=manual__2022-08-01T11:11:51.016615+00:00
[2022-08-01 11:12:17,133] {python.py:173} INFO - Done. Returned value was: 0
[2022-08-01 11:12:17,210] {taskinstance.py:1420} INFO - Marking task as SUCCESS. dag_id=Demo, task_id=data_uploading, execution_date=20220801T111151, start_date=20220801T111216, end_date=20220801T111217
[2022-08-01 11:12:17,261] {local_task_job.py:156} INFO - Task exited with return code 0
[2022-08-01 11:12:17,396] {local_task_job.py:273} INFO - 1 downstream tasks scheduled from follow-on schedule check
