[2022-08-02 10:24:39,032] {taskinstance.py:1179} INFO - Dependencies all met for <TaskInstance: Demo.data_fetching manual__2022-08-02T10:24:27.043355+00:00 [queued]>
[2022-08-02 10:24:39,044] {taskinstance.py:1179} INFO - Dependencies all met for <TaskInstance: Demo.data_fetching manual__2022-08-02T10:24:27.043355+00:00 [queued]>
[2022-08-02 10:24:39,045] {taskinstance.py:1376} INFO - 
--------------------------------------------------------------------------------
[2022-08-02 10:24:39,045] {taskinstance.py:1377} INFO - Starting attempt 1 of 1
[2022-08-02 10:24:39,046] {taskinstance.py:1378} INFO - 
--------------------------------------------------------------------------------
[2022-08-02 10:24:39,065] {taskinstance.py:1397} INFO - Executing <Task(PythonOperator): data_fetching> on 2022-08-02 10:24:27.043355+00:00
[2022-08-02 10:24:39,069] {standard_task_runner.py:52} INFO - Started process 5085 to run task
[2022-08-02 10:24:39,073] {standard_task_runner.py:79} INFO - Running: ['***', 'tasks', 'run', 'Demo', 'data_fetching', 'manual__2022-08-02T10:24:27.043355+00:00', '--job-id', '230', '--raw', '--subdir', 'DAGS_FOLDER/demo.py', '--cfg-path', '/tmp/tmp562g6gla', '--error-file', '/tmp/tmp9_uwpgoa']
[2022-08-02 10:24:39,074] {standard_task_runner.py:80} INFO - Job 230: Subtask data_fetching
[2022-08-02 10:24:39,146] {task_command.py:371} INFO - Running <TaskInstance: Demo.data_fetching manual__2022-08-02T10:24:27.043355+00:00 [running]> on host 31353b71d6cb
[2022-08-02 10:24:39,232] {taskinstance.py:1591} INFO - Exporting the following env vars:
AIRFLOW_CTX_DAG_OWNER=***
AIRFLOW_CTX_DAG_ID=Demo
AIRFLOW_CTX_TASK_ID=data_fetching
AIRFLOW_CTX_EXECUTION_DATE=2022-08-02T10:24:27.043355+00:00
AIRFLOW_CTX_TRY_NUMBER=1
AIRFLOW_CTX_DAG_RUN_ID=manual__2022-08-02T10:24:27.043355+00:00
[2022-08-02 10:24:39,234] {python.py:173} INFO - Done. Returned value was: 0
[2022-08-02 10:24:39,265] {taskinstance.py:1420} INFO - Marking task as SUCCESS. dag_id=Demo, task_id=data_fetching, execution_date=20220802T102427, start_date=20220802T102439, end_date=20220802T102439
[2022-08-02 10:24:39,326] {local_task_job.py:156} INFO - Task exited with return code 0
[2022-08-02 10:24:39,373] {local_task_job.py:273} INFO - 1 downstream tasks scheduled from follow-on schedule check
