[2022-07-28 12:47:56,584] {taskinstance.py:1179} INFO - Dependencies all met for <TaskInstance: Demo.container_creation manual__2022-07-28T12:47:55.642361+00:00 [queued]>
[2022-07-28 12:47:56,594] {taskinstance.py:1179} INFO - Dependencies all met for <TaskInstance: Demo.container_creation manual__2022-07-28T12:47:55.642361+00:00 [queued]>
[2022-07-28 12:47:56,594] {taskinstance.py:1376} INFO - 
--------------------------------------------------------------------------------
[2022-07-28 12:47:56,595] {taskinstance.py:1377} INFO - Starting attempt 1 of 1
[2022-07-28 12:47:56,595] {taskinstance.py:1378} INFO - 
--------------------------------------------------------------------------------
[2022-07-28 12:47:56,611] {taskinstance.py:1397} INFO - Executing <Task(PythonOperator): container_creation> on 2022-07-28 12:47:55.642361+00:00
[2022-07-28 12:47:56,615] {standard_task_runner.py:52} INFO - Started process 2134 to run task
[2022-07-28 12:47:56,618] {standard_task_runner.py:79} INFO - Running: ['***', 'tasks', 'run', 'Demo', 'container_creation', 'manual__2022-07-28T12:47:55.642361+00:00', '--job-id', '34', '--raw', '--subdir', 'DAGS_FOLDER/demo.py', '--cfg-path', '/tmp/tmpvz5e3k3s', '--error-file', '/tmp/tmp0vun2g93']
[2022-07-28 12:47:56,619] {standard_task_runner.py:80} INFO - Job 34: Subtask container_creation
[2022-07-28 12:47:56,684] {task_command.py:371} INFO - Running <TaskInstance: Demo.container_creation manual__2022-07-28T12:47:55.642361+00:00 [running]> on host 949e67af4713
[2022-07-28 12:47:56,802] {taskinstance.py:1591} INFO - Exporting the following env vars:
AIRFLOW_CTX_DAG_OWNER=***
AIRFLOW_CTX_DAG_ID=Demo
AIRFLOW_CTX_TASK_ID=container_creation
AIRFLOW_CTX_EXECUTION_DATE=2022-07-28T12:47:55.642361+00:00
AIRFLOW_CTX_TRY_NUMBER=1
AIRFLOW_CTX_DAG_RUN_ID=manual__2022-07-28T12:47:55.642361+00:00
[2022-07-28 12:47:56,803] {python.py:173} INFO - Done. Returned value was: 0
[2022-07-28 12:47:56,841] {taskinstance.py:1420} INFO - Marking task as SUCCESS. dag_id=Demo, task_id=container_creation, execution_date=20220728T124755, start_date=20220728T124756, end_date=20220728T124756
[2022-07-28 12:47:56,870] {local_task_job.py:156} INFO - Task exited with return code 0
[2022-07-28 12:47:56,932] {local_task_job.py:273} INFO - 1 downstream tasks scheduled from follow-on schedule check
