[2022-07-14 18:15:47,341] {taskinstance.py:1159} INFO - Dependencies all met for <TaskInstance: Demo.data_uploading_mongodb manual__2022-07-14T18:14:41.639879+00:00 [queued]>
[2022-07-14 18:15:47,373] {taskinstance.py:1159} INFO - Dependencies all met for <TaskInstance: Demo.data_uploading_mongodb manual__2022-07-14T18:14:41.639879+00:00 [queued]>
[2022-07-14 18:15:47,374] {taskinstance.py:1356} INFO - 
--------------------------------------------------------------------------------
[2022-07-14 18:15:47,374] {taskinstance.py:1357} INFO - Starting attempt 1 of 1
[2022-07-14 18:15:47,375] {taskinstance.py:1358} INFO - 
--------------------------------------------------------------------------------
[2022-07-14 18:15:48,470] {taskinstance.py:1377} INFO - Executing <Task(PythonOperator): data_uploading_mongodb> on 2022-07-14 18:14:41.639879+00:00
[2022-07-14 18:15:48,489] {standard_task_runner.py:52} INFO - Started process 341 to run task
[2022-07-14 18:15:48,494] {standard_task_runner.py:79} INFO - Running: ['***', 'tasks', 'run', 'Demo', 'data_uploading_mongodb', 'manual__2022-07-14T18:14:41.639879+00:00', '--job-id', '67', '--raw', '--subdir', 'DAGS_FOLDER/demo.py', '--cfg-path', '/tmp/tmph699659y', '--error-file', '/tmp/tmp7l73oplv']
[2022-07-14 18:15:48,495] {standard_task_runner.py:80} INFO - Job 67: Subtask data_uploading_mongodb
[2022-07-14 18:15:49,144] {task_command.py:370} INFO - Running <TaskInstance: Demo.data_uploading_mongodb manual__2022-07-14T18:14:41.639879+00:00 [running]> on host 824fcd1f751d
[2022-07-14 18:15:52,500] {taskinstance.py:1571} INFO - Exporting the following env vars:
AIRFLOW_CTX_DAG_OWNER=***
AIRFLOW_CTX_DAG_ID=Demo
AIRFLOW_CTX_TASK_ID=data_uploading_mongodb
AIRFLOW_CTX_EXECUTION_DATE=2022-07-14T18:14:41.639879+00:00
AIRFLOW_CTX_TRY_NUMBER=1
AIRFLOW_CTX_DAG_RUN_ID=manual__2022-07-14T18:14:41.639879+00:00
[2022-07-14 18:15:52,561] {base.py:68} INFO - Using connection ID 'mongodb_demo' for task execution.
[2022-07-14 18:15:55,774] {logging_mixin.py:115} INFO - file added to demo collection successfully
[2022-07-14 18:15:55,776] {python.py:173} INFO - Done. Returned value was: None
[2022-07-14 18:15:55,814] {taskinstance.py:1400} INFO - Marking task as SUCCESS. dag_id=Demo, task_id=data_uploading_mongodb, execution_date=20220714T181441, start_date=20220714T181547, end_date=20220714T181555
[2022-07-14 18:16:00,147] {local_task_job.py:156} INFO - Task exited with return code 0
[2022-07-14 18:16:00,431] {local_task_job.py:273} INFO - 0 downstream tasks scheduled from follow-on schedule check
