[2022-08-01 12:57:56,593] {taskinstance.py:1179} INFO - Dependencies all met for <TaskInstance: Demo.data_uploading_mongodb manual__2022-08-01T12:57:41.173737+00:00 [queued]>
[2022-08-01 12:57:56,605] {taskinstance.py:1179} INFO - Dependencies all met for <TaskInstance: Demo.data_uploading_mongodb manual__2022-08-01T12:57:41.173737+00:00 [queued]>
[2022-08-01 12:57:56,606] {taskinstance.py:1376} INFO - 
--------------------------------------------------------------------------------
[2022-08-01 12:57:56,606] {taskinstance.py:1377} INFO - Starting attempt 1 of 1
[2022-08-01 12:57:56,607] {taskinstance.py:1378} INFO - 
--------------------------------------------------------------------------------
[2022-08-01 12:57:56,628] {taskinstance.py:1397} INFO - Executing <Task(PythonOperator): data_uploading_mongodb> on 2022-08-01 12:57:41.173737+00:00
[2022-08-01 12:57:56,633] {standard_task_runner.py:52} INFO - Started process 5304 to run task
[2022-08-01 12:57:56,637] {standard_task_runner.py:79} INFO - Running: ['***', 'tasks', 'run', 'Demo', 'data_uploading_mongodb', 'manual__2022-08-01T12:57:41.173737+00:00', '--job-id', '93', '--raw', '--subdir', 'DAGS_FOLDER/demo.py', '--cfg-path', '/tmp/tmp_l81_eht', '--error-file', '/tmp/tmp_d75ao1l']
[2022-08-01 12:57:56,638] {standard_task_runner.py:80} INFO - Job 93: Subtask data_uploading_mongodb
[2022-08-01 12:57:56,726] {task_command.py:371} INFO - Running <TaskInstance: Demo.data_uploading_mongodb manual__2022-08-01T12:57:41.173737+00:00 [running]> on host 31353b71d6cb
[2022-08-01 12:57:56,912] {taskinstance.py:1591} INFO - Exporting the following env vars:
AIRFLOW_CTX_DAG_OWNER=***
AIRFLOW_CTX_DAG_ID=Demo
AIRFLOW_CTX_TASK_ID=data_uploading_mongodb
AIRFLOW_CTX_EXECUTION_DATE=2022-08-01T12:57:41.173737+00:00
AIRFLOW_CTX_TRY_NUMBER=1
AIRFLOW_CTX_DAG_RUN_ID=manual__2022-08-01T12:57:41.173737+00:00
[2022-08-01 12:57:56,914] {python.py:173} INFO - Done. Returned value was: 0
[2022-08-01 12:57:56,958] {taskinstance.py:1420} INFO - Marking task as SUCCESS. dag_id=Demo, task_id=data_uploading_mongodb, execution_date=20220801T125741, start_date=20220801T125756, end_date=20220801T125756
[2022-08-01 12:57:57,010] {local_task_job.py:156} INFO - Task exited with return code 0
[2022-08-01 12:57:57,049] {local_task_job.py:273} INFO - 0 downstream tasks scheduled from follow-on schedule check
