[2022-07-13 12:32:56,233] {taskinstance.py:1159} INFO - Dependencies all met for <TaskInstance: Demo.data_downloading manual__2022-07-13T12:30:04.810773+00:00 [queued]>
[2022-07-13 12:32:56,273] {taskinstance.py:1159} INFO - Dependencies all met for <TaskInstance: Demo.data_downloading manual__2022-07-13T12:30:04.810773+00:00 [queued]>
[2022-07-13 12:32:56,274] {taskinstance.py:1356} INFO - 
--------------------------------------------------------------------------------
[2022-07-13 12:32:56,275] {taskinstance.py:1357} INFO - Starting attempt 1 of 1
[2022-07-13 12:32:56,276] {taskinstance.py:1358} INFO - 
--------------------------------------------------------------------------------
[2022-07-13 12:32:56,850] {taskinstance.py:1377} INFO - Executing <Task(PythonOperator): data_downloading> on 2022-07-13 12:30:04.810773+00:00
[2022-07-13 12:32:56,881] {standard_task_runner.py:52} INFO - Started process 1031 to run task
[2022-07-13 12:32:56,908] {standard_task_runner.py:79} INFO - Running: ['***', 'tasks', 'run', 'Demo', 'data_downloading', 'manual__2022-07-13T12:30:04.810773+00:00', '--job-id', '41', '--raw', '--subdir', 'DAGS_FOLDER/demo.py', '--cfg-path', '/tmp/tmpdtyytndt', '--error-file', '/tmp/tmpy497duk7']
[2022-07-13 12:32:56,913] {standard_task_runner.py:80} INFO - Job 41: Subtask data_downloading
[2022-07-13 12:32:57,470] {task_command.py:370} INFO - Running <TaskInstance: Demo.data_downloading manual__2022-07-13T12:30:04.810773+00:00 [running]> on host dbd17cae98ec
[2022-07-13 12:32:59,051] {taskinstance.py:1571} INFO - Exporting the following env vars:
AIRFLOW_CTX_DAG_OWNER=***
AIRFLOW_CTX_DAG_ID=Demo
AIRFLOW_CTX_TASK_ID=data_downloading
AIRFLOW_CTX_EXECUTION_DATE=2022-07-13T12:30:04.810773+00:00
AIRFLOW_CTX_TRY_NUMBER=1
AIRFLOW_CTX_DAG_RUN_ID=manual__2022-07-13T12:30:04.810773+00:00
[2022-07-13 12:32:59,114] {base.py:68} INFO - Using connection ID 'demo' for task execution.
[2022-07-13 12:32:59,128] {_universal.py:476} INFO - Request URL: 'http://azurite:10000/devstoreaccount1/demo/example'
Request method: 'GET'
Request headers:
    'x-ms-range': 'REDACTED'
    'x-ms-version': 'REDACTED'
    'Accept': 'application/xml'
    'User-Agent': 'azsdk-python-storage-blob/12.8.1 Python/3.7.13 (Linux-5.10.16.3-microsoft-standard-WSL2-x86_64-with-debian-11.3)'
    'x-ms-date': 'REDACTED'
    'x-ms-client-request-id': 'edd46436-02a7-11ed-bd9a-0242ac120009'
    'Authorization': 'REDACTED'
No body was attached to the request
[2022-07-13 12:33:00,655] {_universal.py:504} INFO - Response status: 206
Response headers:
    'Server': 'Azurite-Blob/3.18.0'
    'last-modified': 'Wed, 13 Jul 2022 12:32:49 GMT'
    'x-ms-creation-time': 'REDACTED'
    'content-length': '947'
    'content-type': 'application/octet-stream'
    'content-range': 'REDACTED'
    'etag': '"0x24C77BCF4825D80"'
    'content-md5': 'REDACTED'
    'x-ms-blob-type': 'REDACTED'
    'x-ms-lease-state': 'REDACTED'
    'x-ms-lease-status': 'REDACTED'
    'x-ms-client-request-id': 'edd46436-02a7-11ed-bd9a-0242ac120009'
    'x-ms-request-id': 'c803cd79-0e45-4131-ba3b-c92dd550399b'
    'x-ms-version': 'REDACTED'
    'accept-ranges': 'REDACTED'
    'date': 'Wed, 13 Jul 2022 12:32:59 GMT'
    'x-ms-server-encrypted': 'REDACTED'
    'x-ms-blob-content-md5': 'REDACTED'
    'Connection': 'keep-alive'
    'Keep-Alive': 'REDACTED'
[2022-07-13 12:33:00,661] {logging_mixin.py:115} INFO - file downloaded successfully
[2022-07-13 12:33:00,666] {python.py:173} INFO - Done. Returned value was: 0
[2022-07-13 12:33:00,979] {taskinstance.py:1400} INFO - Marking task as SUCCESS. dag_id=Demo, task_id=data_downloading, execution_date=20220713T123004, start_date=20220713T123256, end_date=20220713T123300
[2022-07-13 12:33:01,390] {local_task_job.py:156} INFO - Task exited with return code 0
[2022-07-13 12:33:01,720] {local_task_job.py:273} INFO - 0 downstream tasks scheduled from follow-on schedule check
