[2022-08-02 10:27:31,790] {taskinstance.py:1179} INFO - Dependencies all met for <TaskInstance: Demo.data_downloading manual__2022-08-02T10:27:28.152315+00:00 [queued]>
[2022-08-02 10:27:31,801] {taskinstance.py:1179} INFO - Dependencies all met for <TaskInstance: Demo.data_downloading manual__2022-08-02T10:27:28.152315+00:00 [queued]>
[2022-08-02 10:27:31,801] {taskinstance.py:1376} INFO - 
--------------------------------------------------------------------------------
[2022-08-02 10:27:31,802] {taskinstance.py:1377} INFO - Starting attempt 1 of 1
[2022-08-02 10:27:31,802] {taskinstance.py:1378} INFO - 
--------------------------------------------------------------------------------
[2022-08-02 10:27:31,820] {taskinstance.py:1397} INFO - Executing <Task(PythonOperator): data_downloading> on 2022-08-02 10:27:28.152315+00:00
[2022-08-02 10:27:31,825] {standard_task_runner.py:52} INFO - Started process 5223 to run task
[2022-08-02 10:27:31,828] {standard_task_runner.py:79} INFO - Running: ['***', 'tasks', 'run', 'Demo', 'data_downloading', 'manual__2022-08-02T10:27:28.152315+00:00', '--job-id', '236', '--raw', '--subdir', 'DAGS_FOLDER/demo.py', '--cfg-path', '/tmp/tmp10s38ytx', '--error-file', '/tmp/tmpm_s5_np_']
[2022-08-02 10:27:31,829] {standard_task_runner.py:80} INFO - Job 236: Subtask data_downloading
[2022-08-02 10:27:31,906] {task_command.py:371} INFO - Running <TaskInstance: Demo.data_downloading manual__2022-08-02T10:27:28.152315+00:00 [running]> on host 31353b71d6cb
[2022-08-02 10:27:31,991] {taskinstance.py:1591} INFO - Exporting the following env vars:
AIRFLOW_CTX_DAG_OWNER=***
AIRFLOW_CTX_DAG_ID=Demo
AIRFLOW_CTX_TASK_ID=data_downloading
AIRFLOW_CTX_EXECUTION_DATE=2022-08-02T10:27:28.152315+00:00
AIRFLOW_CTX_TRY_NUMBER=1
AIRFLOW_CTX_DAG_RUN_ID=manual__2022-08-02T10:27:28.152315+00:00
[2022-08-02 10:27:31,997] {python.py:173} INFO - Done. Returned value was: 0
[2022-08-02 10:27:32,048] {taskinstance.py:1420} INFO - Marking task as SUCCESS. dag_id=Demo, task_id=data_downloading, execution_date=20220802T102728, start_date=20220802T102731, end_date=20220802T102732
[2022-08-02 10:27:32,121] {local_task_job.py:156} INFO - Task exited with return code 0
[2022-08-02 10:27:32,169] {local_task_job.py:273} INFO - 1 downstream tasks scheduled from follow-on schedule check
