[2022-08-02 13:03:24,928] {taskinstance.py:1179} INFO - Dependencies all met for <TaskInstance: Demo.records_saving manual__2022-08-02T13:03:08.564821+00:00 [queued]>
[2022-08-02 13:03:24,939] {taskinstance.py:1179} INFO - Dependencies all met for <TaskInstance: Demo.records_saving manual__2022-08-02T13:03:08.564821+00:00 [queued]>
[2022-08-02 13:03:24,940] {taskinstance.py:1376} INFO - 
--------------------------------------------------------------------------------
[2022-08-02 13:03:24,940] {taskinstance.py:1377} INFO - Starting attempt 1 of 1
[2022-08-02 13:03:24,941] {taskinstance.py:1378} INFO - 
--------------------------------------------------------------------------------
[2022-08-02 13:03:24,958] {taskinstance.py:1397} INFO - Executing <Task(PythonOperator): records_saving> on 2022-08-02 13:03:08.564821+00:00
[2022-08-02 13:03:24,963] {standard_task_runner.py:52} INFO - Started process 10585 to run task
[2022-08-02 13:03:24,966] {standard_task_runner.py:79} INFO - Running: ['***', 'tasks', 'run', 'Demo', 'records_saving', 'manual__2022-08-02T13:03:08.564821+00:00', '--job-id', '296', '--raw', '--subdir', 'DAGS_FOLDER/demo.py', '--cfg-path', '/tmp/tmpsyy5qncb', '--error-file', '/tmp/tmpgsq0u0ou']
[2022-08-02 13:03:24,967] {standard_task_runner.py:80} INFO - Job 296: Subtask records_saving
[2022-08-02 13:03:25,049] {task_command.py:371} INFO - Running <TaskInstance: Demo.records_saving manual__2022-08-02T13:03:08.564821+00:00 [running]> on host 31353b71d6cb
[2022-08-02 13:03:25,203] {taskinstance.py:1591} INFO - Exporting the following env vars:
AIRFLOW_CTX_DAG_OWNER=***
AIRFLOW_CTX_DAG_ID=Demo
AIRFLOW_CTX_TASK_ID=records_saving
AIRFLOW_CTX_EXECUTION_DATE=2022-08-02T13:03:08.564821+00:00
AIRFLOW_CTX_TRY_NUMBER=1
AIRFLOW_CTX_DAG_RUN_ID=manual__2022-08-02T13:03:08.564821+00:00
[2022-08-02 13:03:25,204] {python.py:173} INFO - Done. Returned value was: 0
[2022-08-02 13:03:25,240] {taskinstance.py:1420} INFO - Marking task as SUCCESS. dag_id=Demo, task_id=records_saving, execution_date=20220802T130308, start_date=20220802T130324, end_date=20220802T130325
[2022-08-02 13:03:25,298] {local_task_job.py:156} INFO - Task exited with return code 0
[2022-08-02 13:03:25,343] {local_task_job.py:273} INFO - 1 downstream tasks scheduled from follow-on schedule check
