[2022-08-01 13:39:12,018] {taskinstance.py:1179} INFO - Dependencies all met for <TaskInstance: Demo.data_fetching manual__2022-08-01T13:38:58.302970+00:00 [queued]>
[2022-08-01 13:39:12,029] {taskinstance.py:1179} INFO - Dependencies all met for <TaskInstance: Demo.data_fetching manual__2022-08-01T13:38:58.302970+00:00 [queued]>
[2022-08-01 13:39:12,029] {taskinstance.py:1376} INFO - 
--------------------------------------------------------------------------------
[2022-08-01 13:39:12,029] {taskinstance.py:1377} INFO - Starting attempt 1 of 1
[2022-08-01 13:39:12,030] {taskinstance.py:1378} INFO - 
--------------------------------------------------------------------------------
[2022-08-01 13:39:12,047] {taskinstance.py:1397} INFO - Executing <Task(PythonOperator): data_fetching> on 2022-08-01 13:38:58.302970+00:00
[2022-08-01 13:39:12,052] {standard_task_runner.py:52} INFO - Started process 7248 to run task
[2022-08-01 13:39:12,056] {standard_task_runner.py:79} INFO - Running: ['***', 'tasks', 'run', 'Demo', 'data_fetching', 'manual__2022-08-01T13:38:58.302970+00:00', '--job-id', '112', '--raw', '--subdir', 'DAGS_FOLDER/demo.py', '--cfg-path', '/tmp/tmpe2jthrtl', '--error-file', '/tmp/tmp4urjy1al']
[2022-08-01 13:39:12,056] {standard_task_runner.py:80} INFO - Job 112: Subtask data_fetching
[2022-08-01 13:39:12,184] {task_command.py:371} INFO - Running <TaskInstance: Demo.data_fetching manual__2022-08-01T13:38:58.302970+00:00 [running]> on host 31353b71d6cb
[2022-08-01 13:39:12,263] {taskinstance.py:1591} INFO - Exporting the following env vars:
AIRFLOW_CTX_DAG_OWNER=***
AIRFLOW_CTX_DAG_ID=Demo
AIRFLOW_CTX_TASK_ID=data_fetching
AIRFLOW_CTX_EXECUTION_DATE=2022-08-01T13:38:58.302970+00:00
AIRFLOW_CTX_TRY_NUMBER=1
AIRFLOW_CTX_DAG_RUN_ID=manual__2022-08-01T13:38:58.302970+00:00
[2022-08-01 13:39:12,273] {base.py:68} INFO - Using connection ID 'azure_demo' for task execution.
[2022-08-01 13:39:12,278] {_universal.py:476} INFO - Request URL: 'http://azurite:10000/devstoreaccount1/waves?restype=REDACTED&comp=REDACTED&delimiter=REDACTED'
Request method: 'GET'
Request headers:
    'x-ms-version': 'REDACTED'
    'Accept': 'application/xml'
    'User-Agent': 'azsdk-python-storage-blob/12.8.1 Python/3.7.13 (Linux-5.10.16.3-microsoft-standard-WSL2-x86_64-with-debian-11.4)'
    'x-ms-date': 'REDACTED'
    'x-ms-client-request-id': '53dc6e26-119f-11ed-99ad-0242ac120006'
    'Authorization': 'REDACTED'
No body was attached to the request
[2022-08-01 13:39:12,318] {_universal.py:504} INFO - Response status: 200
Response headers:
    'Server': 'Azurite-Blob/3.18.0'
    'content-type': 'application/xml'
    'x-ms-client-request-id': '53dc6e26-119f-11ed-99ad-0242ac120006'
    'x-ms-request-id': '7c9340f0-a902-4468-a84e-b2ce29a04b9e'
    'x-ms-version': 'REDACTED'
    'date': 'Mon, 01 Aug 2022 13:39:12 GMT'
    'Connection': 'keep-alive'
    'Keep-Alive': 'REDACTED'
    'Transfer-Encoding': 'chunked'
[2022-08-01 13:39:12,327] {_universal.py:476} INFO - Request URL: 'http://azurite:10000/devstoreaccount1/transcriptions?restype=REDACTED&comp=REDACTED&delimiter=REDACTED'
Request method: 'GET'
Request headers:
    'x-ms-version': 'REDACTED'
    'Accept': 'application/xml'
    'User-Agent': 'azsdk-python-storage-blob/12.8.1 Python/3.7.13 (Linux-5.10.16.3-microsoft-standard-WSL2-x86_64-with-debian-11.4)'
    'x-ms-date': 'REDACTED'
    'x-ms-client-request-id': '53e3fb46-119f-11ed-99ad-0242ac120006'
    'Authorization': 'REDACTED'
No body was attached to the request
[2022-08-01 13:39:12,334] {_universal.py:504} INFO - Response status: 200
Response headers:
    'Server': 'Azurite-Blob/3.18.0'
    'content-type': 'application/xml'
    'x-ms-client-request-id': '53e3fb46-119f-11ed-99ad-0242ac120006'
    'x-ms-request-id': '93ab63a5-ea4a-40a8-a35f-90df30e44451'
    'x-ms-version': 'REDACTED'
    'date': 'Mon, 01 Aug 2022 13:39:12 GMT'
    'Connection': 'keep-alive'
    'Keep-Alive': 'REDACTED'
    'Transfer-Encoding': 'chunked'
[2022-08-01 13:39:12,337] {logging_mixin.py:115} INFO - ['file_1', 'file_2', 'file_3']
[2022-08-01 13:39:12,338] {logging_mixin.py:115} INFO - ['file_1', 'file_2', 'file_3']
[2022-08-01 13:39:12,338] {python.py:173} INFO - Done. Returned value was: 0
[2022-08-01 13:39:12,367] {taskinstance.py:1420} INFO - Marking task as SUCCESS. dag_id=Demo, task_id=data_fetching, execution_date=20220801T133858, start_date=20220801T133912, end_date=20220801T133912
[2022-08-01 13:39:12,388] {local_task_job.py:156} INFO - Task exited with return code 0
[2022-08-01 13:39:12,425] {local_task_job.py:273} INFO - 0 downstream tasks scheduled from follow-on schedule check
