[2022-08-02 09:00:14,408] {taskinstance.py:1179} INFO - Dependencies all met for <TaskInstance: Demo.data_fetching scheduled__2022-08-01T09:00:00+00:00 [queued]>
[2022-08-02 09:00:14,421] {taskinstance.py:1179} INFO - Dependencies all met for <TaskInstance: Demo.data_fetching scheduled__2022-08-01T09:00:00+00:00 [queued]>
[2022-08-02 09:00:14,421] {taskinstance.py:1376} INFO - 
--------------------------------------------------------------------------------
[2022-08-02 09:00:14,422] {taskinstance.py:1377} INFO - Starting attempt 1 of 1
[2022-08-02 09:00:14,423] {taskinstance.py:1378} INFO - 
--------------------------------------------------------------------------------
[2022-08-02 09:00:14,442] {taskinstance.py:1397} INFO - Executing <Task(PythonOperator): data_fetching> on 2022-08-01 09:00:00+00:00
[2022-08-02 09:00:14,447] {standard_task_runner.py:52} INFO - Started process 1602 to run task
[2022-08-02 09:00:14,451] {standard_task_runner.py:79} INFO - Running: ['***', 'tasks', 'run', 'Demo', 'data_fetching', 'scheduled__2022-08-01T09:00:00+00:00', '--job-id', '165', '--raw', '--subdir', 'DAGS_FOLDER/demo.py', '--cfg-path', '/tmp/tmpmwemtnhv', '--error-file', '/tmp/tmp_h5qp16w']
[2022-08-02 09:00:14,451] {standard_task_runner.py:80} INFO - Job 165: Subtask data_fetching
[2022-08-02 09:00:14,529] {task_command.py:371} INFO - Running <TaskInstance: Demo.data_fetching scheduled__2022-08-01T09:00:00+00:00 [running]> on host 31353b71d6cb
[2022-08-02 09:00:14,619] {taskinstance.py:1591} INFO - Exporting the following env vars:
AIRFLOW_CTX_DAG_OWNER=***
AIRFLOW_CTX_DAG_ID=Demo
AIRFLOW_CTX_TASK_ID=data_fetching
AIRFLOW_CTX_EXECUTION_DATE=2022-08-01T09:00:00+00:00
AIRFLOW_CTX_TRY_NUMBER=1
AIRFLOW_CTX_DAG_RUN_ID=scheduled__2022-08-01T09:00:00+00:00
[2022-08-02 09:00:14,621] {python.py:173} INFO - Done. Returned value was: 0
[2022-08-02 09:00:14,654] {taskinstance.py:1420} INFO - Marking task as SUCCESS. dag_id=Demo, task_id=data_fetching, execution_date=20220801T090000, start_date=20220802T090014, end_date=20220802T090014
[2022-08-02 09:00:14,703] {local_task_job.py:156} INFO - Task exited with return code 0
[2022-08-02 09:00:14,754] {local_task_job.py:273} INFO - 1 downstream tasks scheduled from follow-on schedule check
