[2022-08-02 10:47:08,202] {taskinstance.py:1179} INFO - Dependencies all met for <TaskInstance: Demo.data_uploading_mongodb manual__2022-08-02T10:46:48.583417+00:00 [queued]>
[2022-08-02 10:47:08,214] {taskinstance.py:1179} INFO - Dependencies all met for <TaskInstance: Demo.data_uploading_mongodb manual__2022-08-02T10:46:48.583417+00:00 [queued]>
[2022-08-02 10:47:08,214] {taskinstance.py:1376} INFO - 
--------------------------------------------------------------------------------
[2022-08-02 10:47:08,215] {taskinstance.py:1377} INFO - Starting attempt 1 of 1
[2022-08-02 10:47:08,215] {taskinstance.py:1378} INFO - 
--------------------------------------------------------------------------------
[2022-08-02 10:47:08,235] {taskinstance.py:1397} INFO - Executing <Task(PythonOperator): data_uploading_mongodb> on 2022-08-02 10:46:48.583417+00:00
[2022-08-02 10:47:08,239] {standard_task_runner.py:52} INFO - Started process 6203 to run task
[2022-08-02 10:47:08,243] {standard_task_runner.py:79} INFO - Running: ['***', 'tasks', 'run', 'Demo', 'data_uploading_mongodb', 'manual__2022-08-02T10:46:48.583417+00:00', '--job-id', '273', '--raw', '--subdir', 'DAGS_FOLDER/demo.py', '--cfg-path', '/tmp/tmpv7dxpwqw', '--error-file', '/tmp/tmpfh8ayipx']
[2022-08-02 10:47:08,244] {standard_task_runner.py:80} INFO - Job 273: Subtask data_uploading_mongodb
[2022-08-02 10:47:08,320] {task_command.py:371} INFO - Running <TaskInstance: Demo.data_uploading_mongodb manual__2022-08-02T10:46:48.583417+00:00 [running]> on host 31353b71d6cb
[2022-08-02 10:47:08,408] {taskinstance.py:1591} INFO - Exporting the following env vars:
AIRFLOW_CTX_DAG_OWNER=***
AIRFLOW_CTX_DAG_ID=Demo
AIRFLOW_CTX_TASK_ID=data_uploading_mongodb
AIRFLOW_CTX_EXECUTION_DATE=2022-08-02T10:46:48.583417+00:00
AIRFLOW_CTX_TRY_NUMBER=1
AIRFLOW_CTX_DAG_RUN_ID=manual__2022-08-02T10:46:48.583417+00:00
[2022-08-02 10:47:08,410] {python.py:173} INFO - Done. Returned value was: 0
[2022-08-02 10:47:08,441] {taskinstance.py:1420} INFO - Marking task as SUCCESS. dag_id=Demo, task_id=data_uploading_mongodb, execution_date=20220802T104648, start_date=20220802T104708, end_date=20220802T104708
[2022-08-02 10:47:08,495] {local_task_job.py:156} INFO - Task exited with return code 0
[2022-08-02 10:47:08,575] {local_task_job.py:273} INFO - 0 downstream tasks scheduled from follow-on schedule check
