[2022-08-01 13:39:15,674] {taskinstance.py:1179} INFO - Dependencies all met for <TaskInstance: Demo.data_uploading_mongodb manual__2022-08-01T13:38:58.302970+00:00 [queued]>
[2022-08-01 13:39:15,685] {taskinstance.py:1179} INFO - Dependencies all met for <TaskInstance: Demo.data_uploading_mongodb manual__2022-08-01T13:38:58.302970+00:00 [queued]>
[2022-08-01 13:39:15,686] {taskinstance.py:1376} INFO - 
--------------------------------------------------------------------------------
[2022-08-01 13:39:15,687] {taskinstance.py:1377} INFO - Starting attempt 1 of 1
[2022-08-01 13:39:15,687] {taskinstance.py:1378} INFO - 
--------------------------------------------------------------------------------
[2022-08-01 13:39:15,705] {taskinstance.py:1397} INFO - Executing <Task(PythonOperator): data_uploading_mongodb> on 2022-08-01 13:38:58.302970+00:00
[2022-08-01 13:39:15,711] {standard_task_runner.py:52} INFO - Started process 7252 to run task
[2022-08-01 13:39:15,714] {standard_task_runner.py:79} INFO - Running: ['***', 'tasks', 'run', 'Demo', 'data_uploading_mongodb', 'manual__2022-08-01T13:38:58.302970+00:00', '--job-id', '113', '--raw', '--subdir', 'DAGS_FOLDER/demo.py', '--cfg-path', '/tmp/tmpqdnsq1ke', '--error-file', '/tmp/tmpi4k18s42']
[2022-08-01 13:39:15,715] {standard_task_runner.py:80} INFO - Job 113: Subtask data_uploading_mongodb
[2022-08-01 13:39:15,793] {task_command.py:371} INFO - Running <TaskInstance: Demo.data_uploading_mongodb manual__2022-08-01T13:38:58.302970+00:00 [running]> on host 31353b71d6cb
[2022-08-01 13:39:15,878] {taskinstance.py:1591} INFO - Exporting the following env vars:
AIRFLOW_CTX_DAG_OWNER=***
AIRFLOW_CTX_DAG_ID=Demo
AIRFLOW_CTX_TASK_ID=data_uploading_mongodb
AIRFLOW_CTX_EXECUTION_DATE=2022-08-01T13:38:58.302970+00:00
AIRFLOW_CTX_TRY_NUMBER=1
AIRFLOW_CTX_DAG_RUN_ID=manual__2022-08-01T13:38:58.302970+00:00
[2022-08-01 13:39:15,879] {python.py:173} INFO - Done. Returned value was: 0
[2022-08-01 13:39:15,912] {taskinstance.py:1420} INFO - Marking task as SUCCESS. dag_id=Demo, task_id=data_uploading_mongodb, execution_date=20220801T133858, start_date=20220801T133915, end_date=20220801T133915
[2022-08-01 13:39:15,967] {local_task_job.py:156} INFO - Task exited with return code 0
[2022-08-01 13:39:16,009] {local_task_job.py:273} INFO - 0 downstream tasks scheduled from follow-on schedule check
