[2022-08-02 09:38:38,553] {taskinstance.py:1179} INFO - Dependencies all met for <TaskInstance: Demo.data_uploading manual__2022-08-02T09:38:29.120125+00:00 [queued]>
[2022-08-02 09:38:38,569] {taskinstance.py:1179} INFO - Dependencies all met for <TaskInstance: Demo.data_uploading manual__2022-08-02T09:38:29.120125+00:00 [queued]>
[2022-08-02 09:38:38,570] {taskinstance.py:1376} INFO - 
--------------------------------------------------------------------------------
[2022-08-02 09:38:38,571] {taskinstance.py:1377} INFO - Starting attempt 1 of 1
[2022-08-02 09:38:38,572] {taskinstance.py:1378} INFO - 
--------------------------------------------------------------------------------
[2022-08-02 09:38:38,599] {taskinstance.py:1397} INFO - Executing <Task(PythonOperator): data_uploading> on 2022-08-02 09:38:29.120125+00:00
[2022-08-02 09:38:38,605] {standard_task_runner.py:52} INFO - Started process 3378 to run task
[2022-08-02 09:38:38,610] {standard_task_runner.py:79} INFO - Running: ['***', 'tasks', 'run', 'Demo', 'data_uploading', 'manual__2022-08-02T09:38:29.120125+00:00', '--job-id', '192', '--raw', '--subdir', 'DAGS_FOLDER/demo.py', '--cfg-path', '/tmp/tmpx1uwqa9a', '--error-file', '/tmp/tmpodso6c5v']
[2022-08-02 09:38:38,611] {standard_task_runner.py:80} INFO - Job 192: Subtask data_uploading
[2022-08-02 09:38:38,698] {task_command.py:371} INFO - Running <TaskInstance: Demo.data_uploading manual__2022-08-02T09:38:29.120125+00:00 [running]> on host 31353b71d6cb
[2022-08-02 09:38:38,810] {taskinstance.py:1591} INFO - Exporting the following env vars:
AIRFLOW_CTX_DAG_OWNER=***
AIRFLOW_CTX_DAG_ID=Demo
AIRFLOW_CTX_TASK_ID=data_uploading
AIRFLOW_CTX_EXECUTION_DATE=2022-08-02T09:38:29.120125+00:00
AIRFLOW_CTX_TRY_NUMBER=1
AIRFLOW_CTX_DAG_RUN_ID=manual__2022-08-02T09:38:29.120125+00:00
[2022-08-02 09:38:38,812] {python.py:173} INFO - Done. Returned value was: 0
[2022-08-02 09:38:38,846] {taskinstance.py:1420} INFO - Marking task as SUCCESS. dag_id=Demo, task_id=data_uploading, execution_date=20220802T093829, start_date=20220802T093838, end_date=20220802T093838
[2022-08-02 09:38:38,902] {local_task_job.py:156} INFO - Task exited with return code 0
[2022-08-02 09:38:39,009] {local_task_job.py:273} INFO - 1 downstream tasks scheduled from follow-on schedule check
