[2022-08-02 11:01:06,290] {taskinstance.py:1179} INFO - Dependencies all met for <TaskInstance: Demo.data_uploading_mongodb manual__2022-08-02T11:00:46.422124+00:00 [queued]>
[2022-08-02 11:01:06,303] {taskinstance.py:1179} INFO - Dependencies all met for <TaskInstance: Demo.data_uploading_mongodb manual__2022-08-02T11:00:46.422124+00:00 [queued]>
[2022-08-02 11:01:06,304] {taskinstance.py:1376} INFO - 
--------------------------------------------------------------------------------
[2022-08-02 11:01:06,305] {taskinstance.py:1377} INFO - Starting attempt 1 of 1
[2022-08-02 11:01:06,306] {taskinstance.py:1378} INFO - 
--------------------------------------------------------------------------------
[2022-08-02 11:01:06,325] {taskinstance.py:1397} INFO - Executing <Task(PythonOperator): data_uploading_mongodb> on 2022-08-02 11:00:46.422124+00:00
[2022-08-02 11:01:06,330] {standard_task_runner.py:52} INFO - Started process 6886 to run task
[2022-08-02 11:01:06,334] {standard_task_runner.py:79} INFO - Running: ['***', 'tasks', 'run', 'Demo', 'data_uploading_mongodb', 'manual__2022-08-02T11:00:46.422124+00:00', '--job-id', '292', '--raw', '--subdir', 'DAGS_FOLDER/demo.py', '--cfg-path', '/tmp/tmpl8bhg7m6', '--error-file', '/tmp/tmpf9j5xfrq']
[2022-08-02 11:01:06,334] {standard_task_runner.py:80} INFO - Job 292: Subtask data_uploading_mongodb
[2022-08-02 11:01:06,407] {task_command.py:371} INFO - Running <TaskInstance: Demo.data_uploading_mongodb manual__2022-08-02T11:00:46.422124+00:00 [running]> on host 31353b71d6cb
[2022-08-02 11:01:06,514] {taskinstance.py:1591} INFO - Exporting the following env vars:
AIRFLOW_CTX_DAG_OWNER=***
AIRFLOW_CTX_DAG_ID=Demo
AIRFLOW_CTX_TASK_ID=data_uploading_mongodb
AIRFLOW_CTX_EXECUTION_DATE=2022-08-02T11:00:46.422124+00:00
AIRFLOW_CTX_TRY_NUMBER=1
AIRFLOW_CTX_DAG_RUN_ID=manual__2022-08-02T11:00:46.422124+00:00
[2022-08-02 11:01:06,515] {python.py:173} INFO - Done. Returned value was: 0
[2022-08-02 11:01:06,551] {taskinstance.py:1420} INFO - Marking task as SUCCESS. dag_id=Demo, task_id=data_uploading_mongodb, execution_date=20220802T110046, start_date=20220802T110106, end_date=20220802T110106
[2022-08-02 11:01:06,587] {local_task_job.py:156} INFO - Task exited with return code 0
[2022-08-02 11:01:06,623] {local_task_job.py:273} INFO - 0 downstream tasks scheduled from follow-on schedule check
