[2022-07-29 09:02:38,389] {taskinstance.py:1179} INFO - Dependencies all met for <TaskInstance: Demo.container_creation scheduled__2022-07-28T09:00:00+00:00 [queued]>
[2022-07-29 09:02:38,406] {taskinstance.py:1179} INFO - Dependencies all met for <TaskInstance: Demo.container_creation scheduled__2022-07-28T09:00:00+00:00 [queued]>
[2022-07-29 09:02:38,406] {taskinstance.py:1376} INFO - 
--------------------------------------------------------------------------------
[2022-07-29 09:02:38,407] {taskinstance.py:1377} INFO - Starting attempt 1 of 1
[2022-07-29 09:02:38,407] {taskinstance.py:1378} INFO - 
--------------------------------------------------------------------------------
[2022-07-29 09:02:38,434] {taskinstance.py:1397} INFO - Executing <Task(PythonOperator): container_creation> on 2022-07-28 09:00:00+00:00
[2022-07-29 09:02:38,440] {standard_task_runner.py:52} INFO - Started process 2405 to run task
[2022-07-29 09:02:38,445] {standard_task_runner.py:79} INFO - Running: ['***', 'tasks', 'run', 'Demo', 'container_creation', 'scheduled__2022-07-28T09:00:00+00:00', '--job-id', '56', '--raw', '--subdir', 'DAGS_FOLDER/demo.py', '--cfg-path', '/tmp/tmp2ty036n4', '--error-file', '/tmp/tmp6a_hc99v']
[2022-07-29 09:02:38,446] {standard_task_runner.py:80} INFO - Job 56: Subtask container_creation
[2022-07-29 09:02:38,561] {task_command.py:371} INFO - Running <TaskInstance: Demo.container_creation scheduled__2022-07-28T09:00:00+00:00 [running]> on host 949e67af4713
[2022-07-29 09:02:38,708] {taskinstance.py:1591} INFO - Exporting the following env vars:
AIRFLOW_CTX_DAG_OWNER=***
AIRFLOW_CTX_DAG_ID=Demo
AIRFLOW_CTX_TASK_ID=container_creation
AIRFLOW_CTX_EXECUTION_DATE=2022-07-28T09:00:00+00:00
AIRFLOW_CTX_TRY_NUMBER=1
AIRFLOW_CTX_DAG_RUN_ID=scheduled__2022-07-28T09:00:00+00:00
[2022-07-29 09:02:38,710] {python.py:173} INFO - Done. Returned value was: 0
[2022-07-29 09:02:38,773] {taskinstance.py:1420} INFO - Marking task as SUCCESS. dag_id=Demo, task_id=container_creation, execution_date=20220728T090000, start_date=20220729T090238, end_date=20220729T090238
[2022-07-29 09:02:38,857] {local_task_job.py:156} INFO - Task exited with return code 0
[2022-07-29 09:02:38,936] {local_task_job.py:273} INFO - 1 downstream tasks scheduled from follow-on schedule check
