[2022-08-02 10:33:47,841] {taskinstance.py:1179} INFO - Dependencies all met for <TaskInstance: Demo.data_uploading manual__2022-08-02T10:33:41.446637+00:00 [queued]>
[2022-08-02 10:33:47,857] {taskinstance.py:1179} INFO - Dependencies all met for <TaskInstance: Demo.data_uploading manual__2022-08-02T10:33:41.446637+00:00 [queued]>
[2022-08-02 10:33:47,857] {taskinstance.py:1376} INFO - 
--------------------------------------------------------------------------------
[2022-08-02 10:33:47,858] {taskinstance.py:1377} INFO - Starting attempt 1 of 1
[2022-08-02 10:33:47,859] {taskinstance.py:1378} INFO - 
--------------------------------------------------------------------------------
[2022-08-02 10:33:47,882] {taskinstance.py:1397} INFO - Executing <Task(PythonOperator): data_uploading> on 2022-08-02 10:33:41.446637+00:00
[2022-08-02 10:33:47,887] {standard_task_runner.py:52} INFO - Started process 5538 to run task
[2022-08-02 10:33:47,892] {standard_task_runner.py:79} INFO - Running: ['***', 'tasks', 'run', 'Demo', 'data_uploading', 'manual__2022-08-02T10:33:41.446637+00:00', '--job-id', '249', '--raw', '--subdir', 'DAGS_FOLDER/demo.py', '--cfg-path', '/tmp/tmp0ja7id2o', '--error-file', '/tmp/tmpvwp85ee0']
[2022-08-02 10:33:47,893] {standard_task_runner.py:80} INFO - Job 249: Subtask data_uploading
[2022-08-02 10:33:47,974] {task_command.py:371} INFO - Running <TaskInstance: Demo.data_uploading manual__2022-08-02T10:33:41.446637+00:00 [running]> on host 31353b71d6cb
[2022-08-02 10:33:48,081] {taskinstance.py:1591} INFO - Exporting the following env vars:
AIRFLOW_CTX_DAG_OWNER=***
AIRFLOW_CTX_DAG_ID=Demo
AIRFLOW_CTX_TASK_ID=data_uploading
AIRFLOW_CTX_EXECUTION_DATE=2022-08-02T10:33:41.446637+00:00
AIRFLOW_CTX_TRY_NUMBER=1
AIRFLOW_CTX_DAG_RUN_ID=manual__2022-08-02T10:33:41.446637+00:00
[2022-08-02 10:33:48,083] {python.py:173} INFO - Done. Returned value was: 0
[2022-08-02 10:33:48,118] {taskinstance.py:1420} INFO - Marking task as SUCCESS. dag_id=Demo, task_id=data_uploading, execution_date=20220802T103341, start_date=20220802T103347, end_date=20220802T103348
[2022-08-02 10:33:48,183] {local_task_job.py:156} INFO - Task exited with return code 0
[2022-08-02 10:33:48,232] {local_task_job.py:273} INFO - 1 downstream tasks scheduled from follow-on schedule check
