[2022-08-02 07:51:19,410] {taskinstance.py:1179} INFO - Dependencies all met for <TaskInstance: Demo.data_uploading manual__2022-08-02T07:51:09.349142+00:00 [queued]>
[2022-08-02 07:51:19,422] {taskinstance.py:1179} INFO - Dependencies all met for <TaskInstance: Demo.data_uploading manual__2022-08-02T07:51:09.349142+00:00 [queued]>
[2022-08-02 07:51:19,423] {taskinstance.py:1376} INFO - 
--------------------------------------------------------------------------------
[2022-08-02 07:51:19,423] {taskinstance.py:1377} INFO - Starting attempt 1 of 1
[2022-08-02 07:51:19,424] {taskinstance.py:1378} INFO - 
--------------------------------------------------------------------------------
[2022-08-02 07:51:19,444] {taskinstance.py:1397} INFO - Executing <Task(PythonOperator): data_uploading> on 2022-08-02 07:51:09.349142+00:00
[2022-08-02 07:51:19,452] {standard_task_runner.py:52} INFO - Started process 268 to run task
[2022-08-02 07:51:19,461] {standard_task_runner.py:79} INFO - Running: ['***', 'tasks', 'run', 'Demo', 'data_uploading', 'manual__2022-08-02T07:51:09.349142+00:00', '--job-id', '139', '--raw', '--subdir', 'DAGS_FOLDER/demo.py', '--cfg-path', '/tmp/tmp90jl9rrv', '--error-file', '/tmp/tmpdnsneuxu']
[2022-08-02 07:51:19,463] {standard_task_runner.py:80} INFO - Job 139: Subtask data_uploading
[2022-08-02 07:51:19,635] {task_command.py:371} INFO - Running <TaskInstance: Demo.data_uploading manual__2022-08-02T07:51:09.349142+00:00 [running]> on host 31353b71d6cb
[2022-08-02 07:51:19,819] {taskinstance.py:1591} INFO - Exporting the following env vars:
AIRFLOW_CTX_DAG_OWNER=***
AIRFLOW_CTX_DAG_ID=Demo
AIRFLOW_CTX_TASK_ID=data_uploading
AIRFLOW_CTX_EXECUTION_DATE=2022-08-02T07:51:09.349142+00:00
AIRFLOW_CTX_TRY_NUMBER=1
AIRFLOW_CTX_DAG_RUN_ID=manual__2022-08-02T07:51:09.349142+00:00
[2022-08-02 07:51:19,832] {base.py:68} INFO - Using connection ID 'azure_demo' for task execution.
[2022-08-02 07:51:19,835] {logging_mixin.py:115} INFO - connection made successfully
[2022-08-02 07:51:19,838] {_universal.py:476} INFO - Request URL: 'http://localhost:10000/devstoreaccount1/waves?restype=REDACTED'
Request method: 'PUT'
Request headers:
    'x-ms-version': 'REDACTED'
    'Accept': 'application/xml'
    'User-Agent': 'azsdk-python-storage-blob/12.8.1 Python/3.7.13 (Linux-5.10.16.3-microsoft-standard-WSL2-x86_64-with-debian-11.4)'
    'x-ms-date': 'REDACTED'
    'x-ms-client-request-id': 'e5548710-1237-11ed-8c5f-0242ac120006'
    'Authorization': 'REDACTED'
No body was attached to the request
[2022-08-02 07:51:37,326] {_universal.py:476} INFO - Request URL: 'http://localhost:10000/devstoreaccount1/waves?restype=REDACTED'
Request method: 'PUT'
Request headers:
    'x-ms-version': 'REDACTED'
    'Accept': 'application/xml'
    'User-Agent': 'azsdk-python-storage-blob/12.8.1 Python/3.7.13 (Linux-5.10.16.3-microsoft-standard-WSL2-x86_64-with-debian-11.4)'
    'x-ms-date': 'REDACTED'
    'x-ms-client-request-id': 'efc0fd64-1237-11ed-8c5f-0242ac120006'
    'Authorization': 'REDACTED'
No body was attached to the request
[2022-08-02 07:51:59,006] {_universal.py:476} INFO - Request URL: 'http://localhost:10000/devstoreaccount1/waves?restype=REDACTED'
Request method: 'PUT'
Request headers:
    'x-ms-version': 'REDACTED'
    'Accept': 'application/xml'
    'User-Agent': 'azsdk-python-storage-blob/12.8.1 Python/3.7.13 (Linux-5.10.16.3-microsoft-standard-WSL2-x86_64-with-debian-11.4)'
    'x-ms-date': 'REDACTED'
    'x-ms-client-request-id': 'fcad200c-1237-11ed-8c5f-0242ac120006'
    'Authorization': 'REDACTED'
No body was attached to the request
[2022-08-02 07:52:41,506] {_universal.py:476} INFO - Request URL: 'http://localhost:10000/devstoreaccount1/waves?restype=REDACTED'
Request method: 'PUT'
Request headers:
    'x-ms-version': 'REDACTED'
    'Accept': 'application/xml'
    'User-Agent': 'azsdk-python-storage-blob/12.8.1 Python/3.7.13 (Linux-5.10.16.3-microsoft-standard-WSL2-x86_64-with-debian-11.4)'
    'x-ms-date': 'REDACTED'
    'x-ms-client-request-id': '16022e3a-1238-11ed-8c5f-0242ac120006'
    'Authorization': 'REDACTED'
No body was attached to the request
[2022-08-02 07:52:41,510] {wasb.py:386} INFO - Error while attempting to create container 'waves': <urllib3.connection.HTTPConnection object at 0x7f097ff91950>: Failed to establish a new connection: [Errno 111] Connection refused
[2022-08-02 07:52:41,510] {taskinstance.py:1909} ERROR - Task failed with exception
Traceback (most recent call last):
  File "/home/airflow/.local/lib/python3.7/site-packages/airflow/operators/python.py", line 171, in execute
    return_value = self.execute_callable()
  File "/home/airflow/.local/lib/python3.7/site-packages/airflow/operators/python.py", line 189, in execute_callable
    return self.python_callable(*self.op_args, **self.op_kwargs)
  File "/opt/airflow/dags/demo.py", line 25, in upload_data
    test.create_container(container_name="waves")
  File "/home/airflow/.local/lib/python3.7/site-packages/airflow/providers/microsoft/azure/hooks/wasb.py", line 367, in create_container
    container_client.create_container()
  File "/home/airflow/.local/lib/python3.7/site-packages/azure/core/tracing/decorator.py", line 78, in wrapper_use_tracer
    return func(*args, **kwargs)
  File "/home/airflow/.local/lib/python3.7/site-packages/azure/storage/blob/_container_client.py", line 298, in create_container
    **kwargs)
  File "/home/airflow/.local/lib/python3.7/site-packages/azure/storage/blob/_generated/operations/_container_operations.py", line 128, in create
    pipeline_response = self._client._pipeline.run(request, stream=False, **kwargs)
  File "/home/airflow/.local/lib/python3.7/site-packages/azure/core/pipeline/_base.py", line 211, in run
    return first_node.send(pipeline_request)  # type: ignore
  File "/home/airflow/.local/lib/python3.7/site-packages/azure/core/pipeline/_base.py", line 71, in send
    response = self.next.send(request)
  File "/home/airflow/.local/lib/python3.7/site-packages/azure/core/pipeline/_base.py", line 71, in send
    response = self.next.send(request)
  File "/home/airflow/.local/lib/python3.7/site-packages/azure/core/pipeline/_base.py", line 71, in send
    response = self.next.send(request)
  [Previous line repeated 2 more times]
  File "/home/airflow/.local/lib/python3.7/site-packages/azure/core/pipeline/policies/_redirect.py", line 158, in send
    response = self.next.send(request)
  File "/home/airflow/.local/lib/python3.7/site-packages/azure/core/pipeline/_base.py", line 71, in send
    response = self.next.send(request)
  File "/home/airflow/.local/lib/python3.7/site-packages/azure/storage/blob/_shared/policies.py", line 515, in send
    raise err
  File "/home/airflow/.local/lib/python3.7/site-packages/azure/storage/blob/_shared/policies.py", line 489, in send
    response = self.next.send(request)
  File "/home/airflow/.local/lib/python3.7/site-packages/azure/core/pipeline/_base.py", line 71, in send
    response = self.next.send(request)
  File "/home/airflow/.local/lib/python3.7/site-packages/azure/core/pipeline/_base.py", line 71, in send
    response = self.next.send(request)
  File "/home/airflow/.local/lib/python3.7/site-packages/azure/core/pipeline/_base.py", line 71, in send
    response = self.next.send(request)
  [Previous line repeated 1 more time]
  File "/home/airflow/.local/lib/python3.7/site-packages/azure/storage/blob/_shared/policies.py", line 290, in send
    response = self.next.send(request)
  File "/home/airflow/.local/lib/python3.7/site-packages/azure/core/pipeline/_base.py", line 71, in send
    response = self.next.send(request)
  File "/home/airflow/.local/lib/python3.7/site-packages/azure/core/pipeline/_base.py", line 71, in send
    response = self.next.send(request)
  File "/home/airflow/.local/lib/python3.7/site-packages/azure/core/pipeline/_base.py", line 103, in send
    self._sender.send(request.http_request, **request.context.options),
  File "/home/airflow/.local/lib/python3.7/site-packages/azure/storage/blob/_shared/base_client.py", line 333, in send
    return self._transport.send(request, **kwargs)
  File "/home/airflow/.local/lib/python3.7/site-packages/azure/core/pipeline/transport/_requests_basic.py", line 361, in send
    raise error
azure.core.exceptions.ServiceRequestError: <urllib3.connection.HTTPConnection object at 0x7f097ff91950>: Failed to establish a new connection: [Errno 111] Connection refused
[2022-08-02 07:52:41,584] {taskinstance.py:1420} INFO - Marking task as FAILED. dag_id=Demo, task_id=data_uploading, execution_date=20220802T075109, start_date=20220802T075119, end_date=20220802T075241
[2022-08-02 07:52:41,601] {standard_task_runner.py:97} ERROR - Failed to execute job 139 for task data_uploading (<urllib3.connection.HTTPConnection object at 0x7f097ff91950>: Failed to establish a new connection: [Errno 111] Connection refused; 268)
[2022-08-02 07:52:41,631] {local_task_job.py:156} INFO - Task exited with return code 1
[2022-08-02 07:52:41,690] {local_task_job.py:273} INFO - 0 downstream tasks scheduled from follow-on schedule check
