[2022-08-02 07:49:40,763] {taskinstance.py:1179} INFO - Dependencies all met for <TaskInstance: Demo.data_downloading manual__2022-08-02T07:49:36.467397+00:00 [queued]>
[2022-08-02 07:49:40,779] {taskinstance.py:1179} INFO - Dependencies all met for <TaskInstance: Demo.data_downloading manual__2022-08-02T07:49:36.467397+00:00 [queued]>
[2022-08-02 07:49:40,780] {taskinstance.py:1376} INFO - 
--------------------------------------------------------------------------------
[2022-08-02 07:49:40,780] {taskinstance.py:1377} INFO - Starting attempt 1 of 1
[2022-08-02 07:49:40,780] {taskinstance.py:1378} INFO - 
--------------------------------------------------------------------------------
[2022-08-02 07:49:40,806] {taskinstance.py:1397} INFO - Executing <Task(PythonOperator): data_downloading> on 2022-08-02 07:49:36.467397+00:00
[2022-08-02 07:49:40,812] {standard_task_runner.py:52} INFO - Started process 191 to run task
[2022-08-02 07:49:40,817] {standard_task_runner.py:79} INFO - Running: ['***', 'tasks', 'run', 'Demo', 'data_downloading', 'manual__2022-08-02T07:49:36.467397+00:00', '--job-id', '136', '--raw', '--subdir', 'DAGS_FOLDER/demo.py', '--cfg-path', '/tmp/tmpobxmg_qg', '--error-file', '/tmp/tmpdekekcxi']
[2022-08-02 07:49:40,817] {standard_task_runner.py:80} INFO - Job 136: Subtask data_downloading
[2022-08-02 07:49:40,927] {task_command.py:371} INFO - Running <TaskInstance: Demo.data_downloading manual__2022-08-02T07:49:36.467397+00:00 [running]> on host 31353b71d6cb
[2022-08-02 07:49:41,092] {taskinstance.py:1591} INFO - Exporting the following env vars:
AIRFLOW_CTX_DAG_OWNER=***
AIRFLOW_CTX_DAG_ID=Demo
AIRFLOW_CTX_TASK_ID=data_downloading
AIRFLOW_CTX_EXECUTION_DATE=2022-08-02T07:49:36.467397+00:00
AIRFLOW_CTX_TRY_NUMBER=1
AIRFLOW_CTX_DAG_RUN_ID=manual__2022-08-02T07:49:36.467397+00:00
[2022-08-02 07:49:41,093] {python.py:173} INFO - Done. Returned value was: 0
[2022-08-02 07:49:41,129] {taskinstance.py:1420} INFO - Marking task as SUCCESS. dag_id=Demo, task_id=data_downloading, execution_date=20220802T074936, start_date=20220802T074940, end_date=20220802T074941
[2022-08-02 07:49:41,188] {local_task_job.py:156} INFO - Task exited with return code 0
[2022-08-02 07:49:41,254] {local_task_job.py:273} INFO - 1 downstream tasks scheduled from follow-on schedule check
