[2022-08-02 10:52:31,914] {taskinstance.py:1179} INFO - Dependencies all met for <TaskInstance: Demo.data_uploading_mongodb manual__2022-08-02T10:52:12.156468+00:00 [queued]>
[2022-08-02 10:52:31,925] {taskinstance.py:1179} INFO - Dependencies all met for <TaskInstance: Demo.data_uploading_mongodb manual__2022-08-02T10:52:12.156468+00:00 [queued]>
[2022-08-02 10:52:31,925] {taskinstance.py:1376} INFO - 
--------------------------------------------------------------------------------
[2022-08-02 10:52:31,926] {taskinstance.py:1377} INFO - Starting attempt 1 of 1
[2022-08-02 10:52:31,926] {taskinstance.py:1378} INFO - 
--------------------------------------------------------------------------------
[2022-08-02 10:52:31,943] {taskinstance.py:1397} INFO - Executing <Task(PythonOperator): data_uploading_mongodb> on 2022-08-02 10:52:12.156468+00:00
[2022-08-02 10:52:31,947] {standard_task_runner.py:52} INFO - Started process 6466 to run task
[2022-08-02 10:52:31,950] {standard_task_runner.py:79} INFO - Running: ['***', 'tasks', 'run', 'Demo', 'data_uploading_mongodb', 'manual__2022-08-02T10:52:12.156468+00:00', '--job-id', '278', '--raw', '--subdir', 'DAGS_FOLDER/demo.py', '--cfg-path', '/tmp/tmpdk_zgiqj', '--error-file', '/tmp/tmp1_4zu1ha']
[2022-08-02 10:52:31,951] {standard_task_runner.py:80} INFO - Job 278: Subtask data_uploading_mongodb
[2022-08-02 10:52:32,023] {task_command.py:371} INFO - Running <TaskInstance: Demo.data_uploading_mongodb manual__2022-08-02T10:52:12.156468+00:00 [running]> on host 31353b71d6cb
[2022-08-02 10:52:32,105] {taskinstance.py:1591} INFO - Exporting the following env vars:
AIRFLOW_CTX_DAG_OWNER=***
AIRFLOW_CTX_DAG_ID=Demo
AIRFLOW_CTX_TASK_ID=data_uploading_mongodb
AIRFLOW_CTX_EXECUTION_DATE=2022-08-02T10:52:12.156468+00:00
AIRFLOW_CTX_TRY_NUMBER=1
AIRFLOW_CTX_DAG_RUN_ID=manual__2022-08-02T10:52:12.156468+00:00
[2022-08-02 10:52:32,106] {python.py:173} INFO - Done. Returned value was: 0
[2022-08-02 10:52:32,134] {taskinstance.py:1420} INFO - Marking task as SUCCESS. dag_id=Demo, task_id=data_uploading_mongodb, execution_date=20220802T105212, start_date=20220802T105231, end_date=20220802T105232
[2022-08-02 10:52:32,163] {local_task_job.py:156} INFO - Task exited with return code 0
[2022-08-02 10:52:32,197] {local_task_job.py:273} INFO - 0 downstream tasks scheduled from follow-on schedule check
