[2022-08-02 07:57:24,757] {taskinstance.py:1179} INFO - Dependencies all met for <TaskInstance: Demo.data_downloading manual__2022-08-02T07:57:21.054588+00:00 [queued]>
[2022-08-02 07:57:24,769] {taskinstance.py:1179} INFO - Dependencies all met for <TaskInstance: Demo.data_downloading manual__2022-08-02T07:57:21.054588+00:00 [queued]>
[2022-08-02 07:57:24,770] {taskinstance.py:1376} INFO - 
--------------------------------------------------------------------------------
[2022-08-02 07:57:24,770] {taskinstance.py:1377} INFO - Starting attempt 1 of 1
[2022-08-02 07:57:24,771] {taskinstance.py:1378} INFO - 
--------------------------------------------------------------------------------
[2022-08-02 07:57:24,789] {taskinstance.py:1397} INFO - Executing <Task(PythonOperator): data_downloading> on 2022-08-02 07:57:21.054588+00:00
[2022-08-02 07:57:24,794] {standard_task_runner.py:52} INFO - Started process 553 to run task
[2022-08-02 07:57:24,799] {standard_task_runner.py:79} INFO - Running: ['***', 'tasks', 'run', 'Demo', 'data_downloading', 'manual__2022-08-02T07:57:21.054588+00:00', '--job-id', '146', '--raw', '--subdir', 'DAGS_FOLDER/demo.py', '--cfg-path', '/tmp/tmp3twgii_u', '--error-file', '/tmp/tmp73fzny79']
[2022-08-02 07:57:24,800] {standard_task_runner.py:80} INFO - Job 146: Subtask data_downloading
[2022-08-02 07:57:24,894] {task_command.py:371} INFO - Running <TaskInstance: Demo.data_downloading manual__2022-08-02T07:57:21.054588+00:00 [running]> on host 31353b71d6cb
[2022-08-02 07:57:24,999] {taskinstance.py:1591} INFO - Exporting the following env vars:
AIRFLOW_CTX_DAG_OWNER=***
AIRFLOW_CTX_DAG_ID=Demo
AIRFLOW_CTX_TASK_ID=data_downloading
AIRFLOW_CTX_EXECUTION_DATE=2022-08-02T07:57:21.054588+00:00
AIRFLOW_CTX_TRY_NUMBER=1
AIRFLOW_CTX_DAG_RUN_ID=manual__2022-08-02T07:57:21.054588+00:00
[2022-08-02 07:57:25,001] {python.py:173} INFO - Done. Returned value was: 0
[2022-08-02 07:57:25,037] {taskinstance.py:1420} INFO - Marking task as SUCCESS. dag_id=Demo, task_id=data_downloading, execution_date=20220802T075721, start_date=20220802T075724, end_date=20220802T075725
[2022-08-02 07:57:25,091] {local_task_job.py:156} INFO - Task exited with return code 0
[2022-08-02 07:57:25,281] {local_task_job.py:273} INFO - 1 downstream tasks scheduled from follow-on schedule check
