[2022-08-02 10:31:31,314] {taskinstance.py:1179} INFO - Dependencies all met for <TaskInstance: Demo.records_saving manual__2022-08-02T10:31:16.596515+00:00 [queued]>
[2022-08-02 10:31:31,326] {taskinstance.py:1179} INFO - Dependencies all met for <TaskInstance: Demo.records_saving manual__2022-08-02T10:31:16.596515+00:00 [queued]>
[2022-08-02 10:31:31,326] {taskinstance.py:1376} INFO - 
--------------------------------------------------------------------------------
[2022-08-02 10:31:31,327] {taskinstance.py:1377} INFO - Starting attempt 1 of 1
[2022-08-02 10:31:31,328] {taskinstance.py:1378} INFO - 
--------------------------------------------------------------------------------
[2022-08-02 10:31:31,348] {taskinstance.py:1397} INFO - Executing <Task(PythonOperator): records_saving> on 2022-08-02 10:31:16.596515+00:00
[2022-08-02 10:31:31,352] {standard_task_runner.py:52} INFO - Started process 5426 to run task
[2022-08-02 10:31:31,356] {standard_task_runner.py:79} INFO - Running: ['***', 'tasks', 'run', 'Demo', 'records_saving', 'manual__2022-08-02T10:31:16.596515+00:00', '--job-id', '247', '--raw', '--subdir', 'DAGS_FOLDER/demo.py', '--cfg-path', '/tmp/tmpxfvm99_0', '--error-file', '/tmp/tmpaqghve92']
[2022-08-02 10:31:31,356] {standard_task_runner.py:80} INFO - Job 247: Subtask records_saving
[2022-08-02 10:31:31,430] {task_command.py:371} INFO - Running <TaskInstance: Demo.records_saving manual__2022-08-02T10:31:16.596515+00:00 [running]> on host 31353b71d6cb
[2022-08-02 10:31:31,515] {taskinstance.py:1591} INFO - Exporting the following env vars:
AIRFLOW_CTX_DAG_OWNER=***
AIRFLOW_CTX_DAG_ID=Demo
AIRFLOW_CTX_TASK_ID=records_saving
AIRFLOW_CTX_EXECUTION_DATE=2022-08-02T10:31:16.596515+00:00
AIRFLOW_CTX_TRY_NUMBER=1
AIRFLOW_CTX_DAG_RUN_ID=manual__2022-08-02T10:31:16.596515+00:00
[2022-08-02 10:31:31,526] {base.py:68} INFO - Using connection ID 'postgres_demo' for task execution.
[2022-08-02 10:31:31,530] {dbapi.py:231} INFO - Running statement: CREATE TABLE IF NOT EXISTS public."Files"
                            (
                                id integer NOT NULL,
                                name varchar(80) NOT NULL,
                                size bigint,
                                CONSTRAINT "Files_pkey" PRIMARY KEY (id)
                            ), parameters: None
[2022-08-02 10:31:31,550] {base.py:68} INFO - Using connection ID 'postgres_demo' for task execution.
[2022-08-02 10:31:31,554] {dbapi.py:231} INFO - Running statement: INSERT INTO public."Files"(
                                id, name, size)
                                VALUES (0,houssem,100);, parameters: None
[2022-08-02 10:31:31,556] {taskinstance.py:1909} ERROR - Task failed with exception
Traceback (most recent call last):
  File "/home/airflow/.local/lib/python3.7/site-packages/airflow/operators/python.py", line 171, in execute
    return_value = self.execute_callable()
  File "/home/airflow/.local/lib/python3.7/site-packages/airflow/operators/python.py", line 189, in execute_callable
    return self.python_callable(*self.op_args, **self.op_kwargs)
  File "/opt/airflow/dags/demo.py", line 64, in save_records
    postgres_hook.run(sql)
  File "/home/airflow/.local/lib/python3.7/site-packages/airflow/hooks/dbapi.py", line 211, in run
    self._run_command(cur, sql_statement, parameters)
  File "/home/airflow/.local/lib/python3.7/site-packages/airflow/hooks/dbapi.py", line 235, in _run_command
    cur.execute(sql_statement)
psycopg2.errors.UndefinedColumn: column "houssem" does not exist
LINE 3:                                 VALUES (0,houssem,100);
                                                  ^

[2022-08-02 10:31:31,569] {taskinstance.py:1420} INFO - Marking task as FAILED. dag_id=Demo, task_id=records_saving, execution_date=20220802T103116, start_date=20220802T103131, end_date=20220802T103131
[2022-08-02 10:31:31,584] {standard_task_runner.py:97} ERROR - Failed to execute job 247 for task records_saving (column "houssem" does not exist
LINE 3:                                 VALUES (0,houssem,100);
                                                  ^
; 5426)
[2022-08-02 10:31:31,608] {local_task_job.py:156} INFO - Task exited with return code 1
[2022-08-02 10:31:31,660] {local_task_job.py:273} INFO - 0 downstream tasks scheduled from follow-on schedule check
