[2022-07-28 12:37:54,046] {taskinstance.py:1179} INFO - Dependencies all met for <TaskInstance: Demo.data_uploading manual__2022-07-28T12:37:51.943194+00:00 [queued]>
[2022-07-28 12:37:54,058] {taskinstance.py:1179} INFO - Dependencies all met for <TaskInstance: Demo.data_uploading manual__2022-07-28T12:37:51.943194+00:00 [queued]>
[2022-07-28 12:37:54,058] {taskinstance.py:1376} INFO - 
--------------------------------------------------------------------------------
[2022-07-28 12:37:54,059] {taskinstance.py:1377} INFO - Starting attempt 1 of 1
[2022-07-28 12:37:54,059] {taskinstance.py:1378} INFO - 
--------------------------------------------------------------------------------
[2022-07-28 12:37:54,078] {taskinstance.py:1397} INFO - Executing <Task(PythonOperator): data_uploading> on 2022-07-28 12:37:51.943194+00:00
[2022-07-28 12:37:54,083] {standard_task_runner.py:52} INFO - Started process 1641 to run task
[2022-07-28 12:37:54,087] {standard_task_runner.py:79} INFO - Running: ['***', 'tasks', 'run', 'Demo', 'data_uploading', 'manual__2022-07-28T12:37:51.943194+00:00', '--job-id', '23', '--raw', '--subdir', 'DAGS_FOLDER/demo.py', '--cfg-path', '/tmp/tmp8n6x4k_i', '--error-file', '/tmp/tmpbkhjbs5e']
[2022-07-28 12:37:54,087] {standard_task_runner.py:80} INFO - Job 23: Subtask data_uploading
[2022-07-28 12:37:54,163] {task_command.py:371} INFO - Running <TaskInstance: Demo.data_uploading manual__2022-07-28T12:37:51.943194+00:00 [running]> on host 949e67af4713
[2022-07-28 12:37:54,253] {taskinstance.py:1591} INFO - Exporting the following env vars:
AIRFLOW_CTX_DAG_OWNER=***
AIRFLOW_CTX_DAG_ID=Demo
AIRFLOW_CTX_TASK_ID=data_uploading
AIRFLOW_CTX_EXECUTION_DATE=2022-07-28T12:37:51.943194+00:00
AIRFLOW_CTX_TRY_NUMBER=1
AIRFLOW_CTX_DAG_RUN_ID=manual__2022-07-28T12:37:51.943194+00:00
[2022-07-28 12:37:54,254] {python.py:173} INFO - Done. Returned value was: 0
[2022-07-28 12:37:54,282] {taskinstance.py:1420} INFO - Marking task as SUCCESS. dag_id=Demo, task_id=data_uploading, execution_date=20220728T123751, start_date=20220728T123754, end_date=20220728T123754
[2022-07-28 12:37:54,337] {local_task_job.py:156} INFO - Task exited with return code 0
[2022-07-28 12:37:54,396] {local_task_job.py:273} INFO - 1 downstream tasks scheduled from follow-on schedule check
