[2022-08-02 08:05:28,401] {taskinstance.py:1179} INFO - Dependencies all met for <TaskInstance: Demo.data_fetching manual__2022-08-02T08:05:14.704451+00:00 [queued]>
[2022-08-02 08:05:28,413] {taskinstance.py:1179} INFO - Dependencies all met for <TaskInstance: Demo.data_fetching manual__2022-08-02T08:05:14.704451+00:00 [queued]>
[2022-08-02 08:05:28,414] {taskinstance.py:1376} INFO - 
--------------------------------------------------------------------------------
[2022-08-02 08:05:28,414] {taskinstance.py:1377} INFO - Starting attempt 1 of 1
[2022-08-02 08:05:28,460] {taskinstance.py:1378} INFO - 
--------------------------------------------------------------------------------
[2022-08-02 08:05:28,499] {taskinstance.py:1397} INFO - Executing <Task(PythonOperator): data_fetching> on 2022-08-02 08:05:14.704451+00:00
[2022-08-02 08:05:28,508] {standard_task_runner.py:52} INFO - Started process 920 to run task
[2022-08-02 08:05:28,517] {standard_task_runner.py:79} INFO - Running: ['***', 'tasks', 'run', 'Demo', 'data_fetching', 'manual__2022-08-02T08:05:14.704451+00:00', '--job-id', '154', '--raw', '--subdir', 'DAGS_FOLDER/demo.py', '--cfg-path', '/tmp/tmpg37n3tv5', '--error-file', '/tmp/tmpru0gmag3']
[2022-08-02 08:05:28,518] {standard_task_runner.py:80} INFO - Job 154: Subtask data_fetching
[2022-08-02 08:05:28,628] {task_command.py:371} INFO - Running <TaskInstance: Demo.data_fetching manual__2022-08-02T08:05:14.704451+00:00 [running]> on host 31353b71d6cb
[2022-08-02 08:05:28,720] {taskinstance.py:1591} INFO - Exporting the following env vars:
AIRFLOW_CTX_DAG_OWNER=***
AIRFLOW_CTX_DAG_ID=Demo
AIRFLOW_CTX_TASK_ID=data_fetching
AIRFLOW_CTX_EXECUTION_DATE=2022-08-02T08:05:14.704451+00:00
AIRFLOW_CTX_TRY_NUMBER=1
AIRFLOW_CTX_DAG_RUN_ID=manual__2022-08-02T08:05:14.704451+00:00
[2022-08-02 08:05:28,732] {base.py:68} INFO - Using connection ID 'azure_demo' for task execution.
[2022-08-02 08:05:28,737] {_universal.py:476} INFO - Request URL: 'http://azurite:10000/devstoreaccount1/waves?restype=REDACTED&comp=REDACTED&delimiter=REDACTED'
Request method: 'GET'
Request headers:
    'x-ms-version': 'REDACTED'
    'Accept': 'application/xml'
    'User-Agent': 'azsdk-python-storage-blob/12.8.1 Python/3.7.13 (Linux-5.10.16.3-microsoft-standard-WSL2-x86_64-with-debian-11.4)'
    'x-ms-date': 'REDACTED'
    'x-ms-client-request-id': 'df503768-1239-11ed-80aa-0242ac120006'
    'Authorization': 'REDACTED'
No body was attached to the request
[2022-08-02 08:05:28,751] {_universal.py:504} INFO - Response status: 200
Response headers:
    'Server': 'Azurite-Blob/3.18.0'
    'content-type': 'application/xml'
    'x-ms-client-request-id': 'df503768-1239-11ed-80aa-0242ac120006'
    'x-ms-request-id': '500eea8b-3f96-4266-8506-b06408327f17'
    'x-ms-version': 'REDACTED'
    'date': 'Tue, 02 Aug 2022 08:05:28 GMT'
    'Connection': 'keep-alive'
    'Keep-Alive': 'REDACTED'
    'Transfer-Encoding': 'chunked'
[2022-08-02 08:05:28,757] {_universal.py:476} INFO - Request URL: 'http://azurite:10000/devstoreaccount1/transcriptions?restype=REDACTED&comp=REDACTED&delimiter=REDACTED'
Request method: 'GET'
Request headers:
    'x-ms-version': 'REDACTED'
    'Accept': 'application/xml'
    'User-Agent': 'azsdk-python-storage-blob/12.8.1 Python/3.7.13 (Linux-5.10.16.3-microsoft-standard-WSL2-x86_64-with-debian-11.4)'
    'x-ms-date': 'REDACTED'
    'x-ms-client-request-id': 'df536668-1239-11ed-80aa-0242ac120006'
    'Authorization': 'REDACTED'
No body was attached to the request
[2022-08-02 08:05:28,766] {_universal.py:504} INFO - Response status: 200
Response headers:
    'Server': 'Azurite-Blob/3.18.0'
    'content-type': 'application/xml'
    'x-ms-client-request-id': 'df536668-1239-11ed-80aa-0242ac120006'
    'x-ms-request-id': 'da6b6f0d-8feb-462c-acbf-659d7239a69a'
    'x-ms-version': 'REDACTED'
    'date': 'Tue, 02 Aug 2022 08:05:28 GMT'
    'Connection': 'keep-alive'
    'Keep-Alive': 'REDACTED'
    'Transfer-Encoding': 'chunked'
[2022-08-02 08:05:28,769] {logging_mixin.py:115} INFO - ['file_1', 'file_2', 'file_3']
[2022-08-02 08:05:28,770] {logging_mixin.py:115} INFO - ['file_1', 'file_2', 'file_3']
[2022-08-02 08:05:28,770] {python.py:173} INFO - Done. Returned value was: 0
[2022-08-02 08:05:28,804] {taskinstance.py:1420} INFO - Marking task as SUCCESS. dag_id=Demo, task_id=data_fetching, execution_date=20220802T080514, start_date=20220802T080528, end_date=20220802T080528
[2022-08-02 08:05:28,848] {local_task_job.py:156} INFO - Task exited with return code 0
[2022-08-02 08:05:28,900] {local_task_job.py:273} INFO - 0 downstream tasks scheduled from follow-on schedule check
