[2022-08-02 10:52:24,369] {taskinstance.py:1179} INFO - Dependencies all met for <TaskInstance: Demo.data_fetching manual__2022-08-02T10:52:12.156468+00:00 [queued]>
[2022-08-02 10:52:24,380] {taskinstance.py:1179} INFO - Dependencies all met for <TaskInstance: Demo.data_fetching manual__2022-08-02T10:52:12.156468+00:00 [queued]>
[2022-08-02 10:52:24,380] {taskinstance.py:1376} INFO - 
--------------------------------------------------------------------------------
[2022-08-02 10:52:24,381] {taskinstance.py:1377} INFO - Starting attempt 1 of 1
[2022-08-02 10:52:24,382] {taskinstance.py:1378} INFO - 
--------------------------------------------------------------------------------
[2022-08-02 10:52:24,401] {taskinstance.py:1397} INFO - Executing <Task(PythonOperator): data_fetching> on 2022-08-02 10:52:12.156468+00:00
[2022-08-02 10:52:24,407] {standard_task_runner.py:52} INFO - Started process 6453 to run task
[2022-08-02 10:52:24,410] {standard_task_runner.py:79} INFO - Running: ['***', 'tasks', 'run', 'Demo', 'data_fetching', 'manual__2022-08-02T10:52:12.156468+00:00', '--job-id', '276', '--raw', '--subdir', 'DAGS_FOLDER/demo.py', '--cfg-path', '/tmp/tmp320v99xo', '--error-file', '/tmp/tmpwo5_v69q']
[2022-08-02 10:52:24,411] {standard_task_runner.py:80} INFO - Job 276: Subtask data_fetching
[2022-08-02 10:52:24,487] {task_command.py:371} INFO - Running <TaskInstance: Demo.data_fetching manual__2022-08-02T10:52:12.156468+00:00 [running]> on host 31353b71d6cb
[2022-08-02 10:52:24,578] {taskinstance.py:1591} INFO - Exporting the following env vars:
AIRFLOW_CTX_DAG_OWNER=***
AIRFLOW_CTX_DAG_ID=Demo
AIRFLOW_CTX_TASK_ID=data_fetching
AIRFLOW_CTX_EXECUTION_DATE=2022-08-02T10:52:12.156468+00:00
AIRFLOW_CTX_TRY_NUMBER=1
AIRFLOW_CTX_DAG_RUN_ID=manual__2022-08-02T10:52:12.156468+00:00
[2022-08-02 10:52:24,588] {base.py:68} INFO - Using connection ID 'azure_demo' for task execution.
[2022-08-02 10:52:24,594] {_universal.py:476} INFO - Request URL: 'http://azurite:10000/devstoreaccount1/transcriptions?restype=REDACTED&comp=REDACTED&delimiter=REDACTED'
Request method: 'GET'
Request headers:
    'x-ms-version': 'REDACTED'
    'Accept': 'application/xml'
    'User-Agent': 'azsdk-python-storage-blob/12.8.1 Python/3.7.13 (Linux-5.10.16.3-microsoft-standard-WSL2-x86_64-with-debian-11.4)'
    'x-ms-date': 'REDACTED'
    'x-ms-client-request-id': '313aa3d0-1251-11ed-94f4-0242ac120007'
    'Authorization': 'REDACTED'
No body was attached to the request
[2022-08-02 10:52:24,608] {_universal.py:504} INFO - Response status: 200
Response headers:
    'Server': 'Azurite-Blob/3.18.0'
    'content-type': 'application/xml'
    'x-ms-client-request-id': '313aa3d0-1251-11ed-94f4-0242ac120007'
    'x-ms-request-id': '829ad40a-6b9e-435e-a630-16eb94f1922f'
    'x-ms-version': 'REDACTED'
    'date': 'Tue, 02 Aug 2022 10:52:24 GMT'
    'Connection': 'keep-alive'
    'Keep-Alive': 'REDACTED'
    'Transfer-Encoding': 'chunked'
[2022-08-02 10:52:24,614] {logging_mixin.py:115} INFO - ['file_1', 'file_2', 'file_3']
[2022-08-02 10:52:24,615] {python.py:173} INFO - Done. Returned value was: 0
[2022-08-02 10:52:24,650] {taskinstance.py:1420} INFO - Marking task as SUCCESS. dag_id=Demo, task_id=data_fetching, execution_date=20220802T105212, start_date=20220802T105224, end_date=20220802T105224
[2022-08-02 10:52:24,703] {local_task_job.py:156} INFO - Task exited with return code 0
[2022-08-02 10:52:24,757] {local_task_job.py:273} INFO - 0 downstream tasks scheduled from follow-on schedule check
