[2022-08-02 11:00:06,802] {taskinstance.py:1179} INFO - Dependencies all met for <TaskInstance: Demo.data_downloading manual__2022-08-02T11:00:02.892737+00:00 [queued]>
[2022-08-02 11:00:06,812] {taskinstance.py:1179} INFO - Dependencies all met for <TaskInstance: Demo.data_downloading manual__2022-08-02T11:00:02.892737+00:00 [queued]>
[2022-08-02 11:00:06,813] {taskinstance.py:1376} INFO - 
--------------------------------------------------------------------------------
[2022-08-02 11:00:06,813] {taskinstance.py:1377} INFO - Starting attempt 1 of 1
[2022-08-02 11:00:06,814] {taskinstance.py:1378} INFO - 
--------------------------------------------------------------------------------
[2022-08-02 11:00:06,836] {taskinstance.py:1397} INFO - Executing <Task(PythonOperator): data_downloading> on 2022-08-02 11:00:02.892737+00:00
[2022-08-02 11:00:06,841] {standard_task_runner.py:52} INFO - Started process 6824 to run task
[2022-08-02 11:00:06,844] {standard_task_runner.py:79} INFO - Running: ['***', 'tasks', 'run', 'Demo', 'data_downloading', 'manual__2022-08-02T11:00:02.892737+00:00', '--job-id', '284', '--raw', '--subdir', 'DAGS_FOLDER/demo.py', '--cfg-path', '/tmp/tmpbfp51s1h', '--error-file', '/tmp/tmpglo18m20']
[2022-08-02 11:00:06,845] {standard_task_runner.py:80} INFO - Job 284: Subtask data_downloading
[2022-08-02 11:00:06,929] {task_command.py:371} INFO - Running <TaskInstance: Demo.data_downloading manual__2022-08-02T11:00:02.892737+00:00 [running]> on host 31353b71d6cb
[2022-08-02 11:00:07,031] {taskinstance.py:1591} INFO - Exporting the following env vars:
AIRFLOW_CTX_DAG_OWNER=***
AIRFLOW_CTX_DAG_ID=Demo
AIRFLOW_CTX_TASK_ID=data_downloading
AIRFLOW_CTX_EXECUTION_DATE=2022-08-02T11:00:02.892737+00:00
AIRFLOW_CTX_TRY_NUMBER=1
AIRFLOW_CTX_DAG_RUN_ID=manual__2022-08-02T11:00:02.892737+00:00
[2022-08-02 11:00:07,033] {python.py:173} INFO - Done. Returned value was: 0
[2022-08-02 11:00:07,073] {taskinstance.py:1420} INFO - Marking task as SUCCESS. dag_id=Demo, task_id=data_downloading, execution_date=20220802T110002, start_date=20220802T110006, end_date=20220802T110007
[2022-08-02 11:00:07,096] {local_task_job.py:156} INFO - Task exited with return code 0
[2022-08-02 11:00:07,154] {local_task_job.py:273} INFO - 1 downstream tasks scheduled from follow-on schedule check
