[2022-08-02 10:15:43,289] {taskinstance.py:1179} INFO - Dependencies all met for <TaskInstance: Demo.data_fetching manual__2022-08-02T10:14:51.122048+00:00 [queued]>
[2022-08-02 10:15:43,503] {taskinstance.py:1179} INFO - Dependencies all met for <TaskInstance: Demo.data_fetching manual__2022-08-02T10:14:51.122048+00:00 [queued]>
[2022-08-02 10:15:43,510] {taskinstance.py:1376} INFO - 
--------------------------------------------------------------------------------
[2022-08-02 10:15:43,519] {taskinstance.py:1377} INFO - Starting attempt 1 of 1
[2022-08-02 10:15:43,522] {taskinstance.py:1378} INFO - 
--------------------------------------------------------------------------------
[2022-08-02 10:15:43,829] {taskinstance.py:1397} INFO - Executing <Task(PythonOperator): data_fetching> on 2022-08-02 10:14:51.122048+00:00
[2022-08-02 10:15:43,901] {standard_task_runner.py:52} INFO - Started process 4664 to run task
[2022-08-02 10:15:44,001] {standard_task_runner.py:79} INFO - Running: ['***', 'tasks', 'run', 'Demo', 'data_fetching', 'manual__2022-08-02T10:14:51.122048+00:00', '--job-id', '218', '--raw', '--subdir', 'DAGS_FOLDER/demo.py', '--cfg-path', '/tmp/tmpkndv69qo', '--error-file', '/tmp/tmpyzu57oa6']
[2022-08-02 10:15:44,031] {standard_task_runner.py:80} INFO - Job 218: Subtask data_fetching
[2022-08-02 10:15:45,301] {task_command.py:371} INFO - Running <TaskInstance: Demo.data_fetching manual__2022-08-02T10:14:51.122048+00:00 [running]> on host 31353b71d6cb
[2022-08-02 10:15:46,953] {taskinstance.py:1591} INFO - Exporting the following env vars:
AIRFLOW_CTX_DAG_OWNER=***
AIRFLOW_CTX_DAG_ID=Demo
AIRFLOW_CTX_TASK_ID=data_fetching
AIRFLOW_CTX_EXECUTION_DATE=2022-08-02T10:14:51.122048+00:00
AIRFLOW_CTX_TRY_NUMBER=1
AIRFLOW_CTX_DAG_RUN_ID=manual__2022-08-02T10:14:51.122048+00:00
[2022-08-02 10:15:47,008] {python.py:173} INFO - Done. Returned value was: 0
[2022-08-02 10:15:47,620] {taskinstance.py:1420} INFO - Marking task as SUCCESS. dag_id=Demo, task_id=data_fetching, execution_date=20220802T101451, start_date=20220802T101543, end_date=20220802T101547
[2022-08-02 10:15:48,055] {local_task_job.py:156} INFO - Task exited with return code 0
[2022-08-02 10:15:48,741] {local_task_job.py:273} INFO - 1 downstream tasks scheduled from follow-on schedule check
