[2022-08-02 14:04:48,324] {taskinstance.py:1179} INFO - Dependencies all met for <TaskInstance: Demo.records_saving manual__2022-08-02T14:04:16.718084+00:00 [queued]>
[2022-08-02 14:04:48,334] {taskinstance.py:1179} INFO - Dependencies all met for <TaskInstance: Demo.records_saving manual__2022-08-02T14:04:16.718084+00:00 [queued]>
[2022-08-02 14:04:48,335] {taskinstance.py:1376} INFO - 
--------------------------------------------------------------------------------
[2022-08-02 14:04:48,335] {taskinstance.py:1377} INFO - Starting attempt 1 of 1
[2022-08-02 14:04:48,336] {taskinstance.py:1378} INFO - 
--------------------------------------------------------------------------------
[2022-08-02 14:04:48,355] {taskinstance.py:1397} INFO - Executing <Task(PythonOperator): records_saving> on 2022-08-02 14:04:16.718084+00:00
[2022-08-02 14:04:48,359] {standard_task_runner.py:52} INFO - Started process 13459 to run task
[2022-08-02 14:04:48,363] {standard_task_runner.py:79} INFO - Running: ['***', 'tasks', 'run', 'Demo', 'records_saving', 'manual__2022-08-02T14:04:16.718084+00:00', '--job-id', '316', '--raw', '--subdir', 'DAGS_FOLDER/demo.py', '--cfg-path', '/tmp/tmpn44qgk52', '--error-file', '/tmp/tmpc3c1ce9j']
[2022-08-02 14:04:48,364] {standard_task_runner.py:80} INFO - Job 316: Subtask records_saving
[2022-08-02 14:04:48,442] {task_command.py:371} INFO - Running <TaskInstance: Demo.records_saving manual__2022-08-02T14:04:16.718084+00:00 [running]> on host 31353b71d6cb
[2022-08-02 14:04:48,532] {taskinstance.py:1591} INFO - Exporting the following env vars:
AIRFLOW_CTX_DAG_OWNER=***
AIRFLOW_CTX_DAG_ID=Demo
AIRFLOW_CTX_TASK_ID=records_saving
AIRFLOW_CTX_EXECUTION_DATE=2022-08-02T14:04:16.718084+00:00
AIRFLOW_CTX_TRY_NUMBER=1
AIRFLOW_CTX_DAG_RUN_ID=manual__2022-08-02T14:04:16.718084+00:00
[2022-08-02 14:04:48,546] {logging_mixin.py:115} INFO - ['file_1', 'file_2', 'file_3']
[2022-08-02 14:04:48,557] {base.py:68} INFO - Using connection ID 'postgres_demo' for task execution.
[2022-08-02 14:04:48,561] {dbapi.py:231} INFO - Running statement: CREATE TABLE IF NOT EXISTS public."Files"
                            (
                                id integer NOT NULL,
                                name varchar(50) NOT NULL,
                                CONSTRAINT "Files_pkey" PRIMARY KEY (id)
                            ), parameters: None
[2022-08-02 14:04:48,587] {base.py:68} INFO - Using connection ID 'postgres_demo' for task execution.
[2022-08-02 14:04:48,590] {dbapi.py:231} INFO - Running statement: INSERT INTO public."Files"(
                                id,name)
                                VALUES(1,'file_1');, parameters: None
[2022-08-02 14:04:48,592] {dbapi.py:239} INFO - Rows affected: 1
[2022-08-02 14:04:48,602] {base.py:68} INFO - Using connection ID 'postgres_demo' for task execution.
[2022-08-02 14:04:48,605] {dbapi.py:231} INFO - Running statement: INSERT INTO public."Files"(
                                id,name)
                                VALUES(2,'file_2');, parameters: None
[2022-08-02 14:04:48,607] {dbapi.py:239} INFO - Rows affected: 1
[2022-08-02 14:04:48,617] {base.py:68} INFO - Using connection ID 'postgres_demo' for task execution.
[2022-08-02 14:04:48,621] {dbapi.py:231} INFO - Running statement: INSERT INTO public."Files"(
                                id,name)
                                VALUES(3,'file_3');, parameters: None
[2022-08-02 14:04:48,622] {dbapi.py:239} INFO - Rows affected: 1
[2022-08-02 14:04:48,626] {python.py:173} INFO - Done. Returned value was: 0
[2022-08-02 14:04:48,661] {taskinstance.py:1420} INFO - Marking task as SUCCESS. dag_id=Demo, task_id=records_saving, execution_date=20220802T140416, start_date=20220802T140448, end_date=20220802T140448
[2022-08-02 14:04:48,856] {local_task_job.py:156} INFO - Task exited with return code 0
[2022-08-02 14:04:48,908] {local_task_job.py:273} INFO - 1 downstream tasks scheduled from follow-on schedule check
