[2022-08-02 10:11:35,533] {taskinstance.py:1179} INFO - Dependencies all met for <TaskInstance: Demo.data_downloading manual__2022-08-02T10:11:29.339839+00:00 [queued]>
[2022-08-02 10:11:35,561] {taskinstance.py:1179} INFO - Dependencies all met for <TaskInstance: Demo.data_downloading manual__2022-08-02T10:11:29.339839+00:00 [queued]>
[2022-08-02 10:11:35,562] {taskinstance.py:1376} INFO - 
--------------------------------------------------------------------------------
[2022-08-02 10:11:35,563] {taskinstance.py:1377} INFO - Starting attempt 1 of 1
[2022-08-02 10:11:35,563] {taskinstance.py:1378} INFO - 
--------------------------------------------------------------------------------
[2022-08-02 10:11:35,596] {taskinstance.py:1397} INFO - Executing <Task(PythonOperator): data_downloading> on 2022-08-02 10:11:29.339839+00:00
[2022-08-02 10:11:35,603] {standard_task_runner.py:52} INFO - Started process 4505 to run task
[2022-08-02 10:11:35,609] {standard_task_runner.py:79} INFO - Running: ['***', 'tasks', 'run', 'Demo', 'data_downloading', 'manual__2022-08-02T10:11:29.339839+00:00', '--job-id', '208', '--raw', '--subdir', 'DAGS_FOLDER/demo.py', '--cfg-path', '/tmp/tmp8mrhs4xb', '--error-file', '/tmp/tmpqrq4b_j3']
[2022-08-02 10:11:35,611] {standard_task_runner.py:80} INFO - Job 208: Subtask data_downloading
[2022-08-02 10:11:35,790] {task_command.py:371} INFO - Running <TaskInstance: Demo.data_downloading manual__2022-08-02T10:11:29.339839+00:00 [running]> on host 31353b71d6cb
[2022-08-02 10:11:36,182] {taskinstance.py:1591} INFO - Exporting the following env vars:
AIRFLOW_CTX_DAG_OWNER=***
AIRFLOW_CTX_DAG_ID=Demo
AIRFLOW_CTX_TASK_ID=data_downloading
AIRFLOW_CTX_EXECUTION_DATE=2022-08-02T10:11:29.339839+00:00
AIRFLOW_CTX_TRY_NUMBER=1
AIRFLOW_CTX_DAG_RUN_ID=manual__2022-08-02T10:11:29.339839+00:00
[2022-08-02 10:11:36,187] {python.py:173} INFO - Done. Returned value was: 0
[2022-08-02 10:11:36,451] {taskinstance.py:1420} INFO - Marking task as SUCCESS. dag_id=Demo, task_id=data_downloading, execution_date=20220802T101129, start_date=20220802T101135, end_date=20220802T101136
[2022-08-02 10:11:36,548] {local_task_job.py:156} INFO - Task exited with return code 0
[2022-08-02 10:11:36,695] {local_task_job.py:273} INFO - 1 downstream tasks scheduled from follow-on schedule check
