[2022-08-02 13:04:34,378] {taskinstance.py:1179} INFO - Dependencies all met for <TaskInstance: Demo.data_fetching manual__2022-08-02T13:04:23.156641+00:00 [queued]>
[2022-08-02 13:04:34,390] {taskinstance.py:1179} INFO - Dependencies all met for <TaskInstance: Demo.data_fetching manual__2022-08-02T13:04:23.156641+00:00 [queued]>
[2022-08-02 13:04:34,390] {taskinstance.py:1376} INFO - 
--------------------------------------------------------------------------------
[2022-08-02 13:04:34,391] {taskinstance.py:1377} INFO - Starting attempt 1 of 1
[2022-08-02 13:04:34,391] {taskinstance.py:1378} INFO - 
--------------------------------------------------------------------------------
[2022-08-02 13:04:34,410] {taskinstance.py:1397} INFO - Executing <Task(PythonOperator): data_fetching> on 2022-08-02 13:04:23.156641+00:00
[2022-08-02 13:04:34,414] {standard_task_runner.py:52} INFO - Started process 10647 to run task
[2022-08-02 13:04:34,418] {standard_task_runner.py:79} INFO - Running: ['***', 'tasks', 'run', 'Demo', 'data_fetching', 'manual__2022-08-02T13:04:23.156641+00:00', '--job-id', '300', '--raw', '--subdir', 'DAGS_FOLDER/demo.py', '--cfg-path', '/tmp/tmpcerb70ij', '--error-file', '/tmp/tmpag4fr0xv']
[2022-08-02 13:04:34,418] {standard_task_runner.py:80} INFO - Job 300: Subtask data_fetching
[2022-08-02 13:04:34,494] {task_command.py:371} INFO - Running <TaskInstance: Demo.data_fetching manual__2022-08-02T13:04:23.156641+00:00 [running]> on host 31353b71d6cb
[2022-08-02 13:04:34,586] {taskinstance.py:1591} INFO - Exporting the following env vars:
AIRFLOW_CTX_DAG_OWNER=***
AIRFLOW_CTX_DAG_ID=Demo
AIRFLOW_CTX_TASK_ID=data_fetching
AIRFLOW_CTX_EXECUTION_DATE=2022-08-02T13:04:23.156641+00:00
AIRFLOW_CTX_TRY_NUMBER=1
AIRFLOW_CTX_DAG_RUN_ID=manual__2022-08-02T13:04:23.156641+00:00
[2022-08-02 13:04:34,588] {python.py:173} INFO - Done. Returned value was: 0
[2022-08-02 13:04:34,620] {taskinstance.py:1420} INFO - Marking task as SUCCESS. dag_id=Demo, task_id=data_fetching, execution_date=20220802T130423, start_date=20220802T130434, end_date=20220802T130434
[2022-08-02 13:04:34,670] {local_task_job.py:156} INFO - Task exited with return code 0
[2022-08-02 13:04:34,722] {local_task_job.py:273} INFO - 1 downstream tasks scheduled from follow-on schedule check
