[2022-07-13 12:40:14,443] {taskinstance.py:1159} INFO - Dependencies all met for <TaskInstance: Demo.data_downloading manual__2022-07-13T12:39:09.060055+00:00 [queued]>
[2022-07-13 12:40:14,499] {taskinstance.py:1159} INFO - Dependencies all met for <TaskInstance: Demo.data_downloading manual__2022-07-13T12:39:09.060055+00:00 [queued]>
[2022-07-13 12:40:14,501] {taskinstance.py:1356} INFO - 
--------------------------------------------------------------------------------
[2022-07-13 12:40:14,501] {taskinstance.py:1357} INFO - Starting attempt 1 of 1
[2022-07-13 12:40:14,502] {taskinstance.py:1358} INFO - 
--------------------------------------------------------------------------------
[2022-07-13 12:40:14,713] {taskinstance.py:1377} INFO - Executing <Task(PythonOperator): data_downloading> on 2022-07-13 12:39:09.060055+00:00
[2022-07-13 12:40:14,727] {standard_task_runner.py:52} INFO - Started process 1273 to run task
[2022-07-13 12:40:14,740] {standard_task_runner.py:79} INFO - Running: ['***', 'tasks', 'run', 'Demo', 'data_downloading', 'manual__2022-07-13T12:39:09.060055+00:00', '--job-id', '44', '--raw', '--subdir', 'DAGS_FOLDER/demo.py', '--cfg-path', '/tmp/tmpa0l_679x', '--error-file', '/tmp/tmpxem8h30c']
[2022-07-13 12:40:14,742] {standard_task_runner.py:80} INFO - Job 44: Subtask data_downloading
[2022-07-13 12:40:15,393] {task_command.py:370} INFO - Running <TaskInstance: Demo.data_downloading manual__2022-07-13T12:39:09.060055+00:00 [running]> on host dbd17cae98ec
[2022-07-13 12:40:17,342] {taskinstance.py:1571} INFO - Exporting the following env vars:
AIRFLOW_CTX_DAG_OWNER=***
AIRFLOW_CTX_DAG_ID=Demo
AIRFLOW_CTX_TASK_ID=data_downloading
AIRFLOW_CTX_EXECUTION_DATE=2022-07-13T12:39:09.060055+00:00
AIRFLOW_CTX_TRY_NUMBER=1
AIRFLOW_CTX_DAG_RUN_ID=manual__2022-07-13T12:39:09.060055+00:00
[2022-07-13 12:40:17,639] {base.py:68} INFO - Using connection ID 'demo' for task execution.
[2022-07-13 12:40:17,801] {_universal.py:476} INFO - Request URL: 'http://azurite:10000/devstoreaccount1/demo?restype=REDACTED&comp=REDACTED&delimiter=REDACTED'
Request method: 'GET'
Request headers:
    'x-ms-version': 'REDACTED'
    'Accept': 'application/xml'
    'User-Agent': 'azsdk-python-storage-blob/12.8.1 Python/3.7.13 (Linux-5.10.16.3-microsoft-standard-WSL2-x86_64-with-debian-11.3)'
    'x-ms-date': 'REDACTED'
    'x-ms-client-request-id': 'f3452cd8-02a8-11ed-976f-0242ac120009'
    'Authorization': 'REDACTED'
No body was attached to the request
[2022-07-13 12:40:21,540] {_universal.py:504} INFO - Response status: 200
Response headers:
    'Server': 'Azurite-Blob/3.18.0'
    'content-type': 'application/xml'
    'x-ms-client-request-id': 'f3452cd8-02a8-11ed-976f-0242ac120009'
    'x-ms-request-id': '69454774-629e-4c6b-b4f9-e53f519a7910'
    'x-ms-version': 'REDACTED'
    'date': 'Wed, 13 Jul 2022 12:40:18 GMT'
    'Connection': 'keep-alive'
    'Keep-Alive': 'REDACTED'
    'Transfer-Encoding': 'chunked'
[2022-07-13 12:40:21,970] {logging_mixin.py:115} INFO - ['example']
[2022-07-13 12:40:21,970] {python.py:173} INFO - Done. Returned value was: None
[2022-07-13 12:40:22,140] {taskinstance.py:1400} INFO - Marking task as SUCCESS. dag_id=Demo, task_id=data_downloading, execution_date=20220713T123909, start_date=20220713T124014, end_date=20220713T124022
[2022-07-13 12:40:22,707] {local_task_job.py:156} INFO - Task exited with return code 0
[2022-07-13 12:40:22,914] {local_task_job.py:273} INFO - 0 downstream tasks scheduled from follow-on schedule check
