[2022-08-02 10:27:39,833] {taskinstance.py:1179} INFO - Dependencies all met for <TaskInstance: Demo.data_fetching manual__2022-08-02T10:27:28.152315+00:00 [queued]>
[2022-08-02 10:27:39,844] {taskinstance.py:1179} INFO - Dependencies all met for <TaskInstance: Demo.data_fetching manual__2022-08-02T10:27:28.152315+00:00 [queued]>
[2022-08-02 10:27:39,845] {taskinstance.py:1376} INFO - 
--------------------------------------------------------------------------------
[2022-08-02 10:27:39,845] {taskinstance.py:1377} INFO - Starting attempt 1 of 1
[2022-08-02 10:27:39,847] {taskinstance.py:1378} INFO - 
--------------------------------------------------------------------------------
[2022-08-02 10:27:39,865] {taskinstance.py:1397} INFO - Executing <Task(PythonOperator): data_fetching> on 2022-08-02 10:27:28.152315+00:00
[2022-08-02 10:27:39,870] {standard_task_runner.py:52} INFO - Started process 5236 to run task
[2022-08-02 10:27:39,873] {standard_task_runner.py:79} INFO - Running: ['***', 'tasks', 'run', 'Demo', 'data_fetching', 'manual__2022-08-02T10:27:28.152315+00:00', '--job-id', '238', '--raw', '--subdir', 'DAGS_FOLDER/demo.py', '--cfg-path', '/tmp/tmpni79c_vu', '--error-file', '/tmp/tmpn4_78r8_']
[2022-08-02 10:27:39,874] {standard_task_runner.py:80} INFO - Job 238: Subtask data_fetching
[2022-08-02 10:27:39,952] {task_command.py:371} INFO - Running <TaskInstance: Demo.data_fetching manual__2022-08-02T10:27:28.152315+00:00 [running]> on host 31353b71d6cb
[2022-08-02 10:27:40,042] {taskinstance.py:1591} INFO - Exporting the following env vars:
AIRFLOW_CTX_DAG_OWNER=***
AIRFLOW_CTX_DAG_ID=Demo
AIRFLOW_CTX_TASK_ID=data_fetching
AIRFLOW_CTX_EXECUTION_DATE=2022-08-02T10:27:28.152315+00:00
AIRFLOW_CTX_TRY_NUMBER=1
AIRFLOW_CTX_DAG_RUN_ID=manual__2022-08-02T10:27:28.152315+00:00
[2022-08-02 10:27:40,043] {python.py:173} INFO - Done. Returned value was: 0
[2022-08-02 10:27:40,076] {taskinstance.py:1420} INFO - Marking task as SUCCESS. dag_id=Demo, task_id=data_fetching, execution_date=20220802T102728, start_date=20220802T102739, end_date=20220802T102740
[2022-08-02 10:27:40,126] {local_task_job.py:156} INFO - Task exited with return code 0
[2022-08-02 10:27:40,184] {local_task_job.py:273} INFO - 1 downstream tasks scheduled from follow-on schedule check
