[2022-07-29 07:56:39,587] {taskinstance.py:1179} INFO - Dependencies all met for <TaskInstance: Demo.container_creation manual__2022-07-29T07:56:37.295336+00:00 [queued]>
[2022-07-29 07:56:39,600] {taskinstance.py:1179} INFO - Dependencies all met for <TaskInstance: Demo.container_creation manual__2022-07-29T07:56:37.295336+00:00 [queued]>
[2022-07-29 07:56:39,601] {taskinstance.py:1376} INFO - 
--------------------------------------------------------------------------------
[2022-07-29 07:56:39,601] {taskinstance.py:1377} INFO - Starting attempt 1 of 1
[2022-07-29 07:56:39,602] {taskinstance.py:1378} INFO - 
--------------------------------------------------------------------------------
[2022-07-29 07:56:39,623] {taskinstance.py:1397} INFO - Executing <Task(PythonOperator): container_creation> on 2022-07-29 07:56:37.295336+00:00
[2022-07-29 07:56:39,632] {standard_task_runner.py:52} INFO - Started process 75 to run task
[2022-07-29 07:56:39,641] {standard_task_runner.py:79} INFO - Running: ['***', 'tasks', 'run', 'Demo', 'container_creation', 'manual__2022-07-29T07:56:37.295336+00:00', '--job-id', '48', '--raw', '--subdir', 'DAGS_FOLDER/demo.py', '--cfg-path', '/tmp/tmpfcypuc09', '--error-file', '/tmp/tmpuqfztvw0']
[2022-07-29 07:56:39,642] {standard_task_runner.py:80} INFO - Job 48: Subtask container_creation
[2022-07-29 07:56:39,825] {task_command.py:371} INFO - Running <TaskInstance: Demo.container_creation manual__2022-07-29T07:56:37.295336+00:00 [running]> on host 949e67af4713
[2022-07-29 07:56:40,032] {taskinstance.py:1591} INFO - Exporting the following env vars:
AIRFLOW_CTX_DAG_OWNER=***
AIRFLOW_CTX_DAG_ID=Demo
AIRFLOW_CTX_TASK_ID=container_creation
AIRFLOW_CTX_EXECUTION_DATE=2022-07-29T07:56:37.295336+00:00
AIRFLOW_CTX_TRY_NUMBER=1
AIRFLOW_CTX_DAG_RUN_ID=manual__2022-07-29T07:56:37.295336+00:00
[2022-07-29 07:56:40,034] {python.py:173} INFO - Done. Returned value was: 0
[2022-07-29 07:56:40,148] {taskinstance.py:1420} INFO - Marking task as SUCCESS. dag_id=Demo, task_id=container_creation, execution_date=20220729T075637, start_date=20220729T075639, end_date=20220729T075640
[2022-07-29 07:56:40,214] {local_task_job.py:156} INFO - Task exited with return code 0
[2022-07-29 07:56:40,281] {local_task_job.py:273} INFO - 0 downstream tasks scheduled from follow-on schedule check
