[2022-08-02 10:19:13,176] {taskinstance.py:1179} INFO - Dependencies all met for <TaskInstance: Demo.data_downloading manual__2022-08-02T10:19:08.629039+00:00 [queued]>
[2022-08-02 10:19:13,186] {taskinstance.py:1179} INFO - Dependencies all met for <TaskInstance: Demo.data_downloading manual__2022-08-02T10:19:08.629039+00:00 [queued]>
[2022-08-02 10:19:13,186] {taskinstance.py:1376} INFO - 
--------------------------------------------------------------------------------
[2022-08-02 10:19:13,187] {taskinstance.py:1377} INFO - Starting attempt 1 of 1
[2022-08-02 10:19:13,188] {taskinstance.py:1378} INFO - 
--------------------------------------------------------------------------------
[2022-08-02 10:19:13,206] {taskinstance.py:1397} INFO - Executing <Task(PythonOperator): data_downloading> on 2022-08-02 10:19:08.629039+00:00
[2022-08-02 10:19:13,211] {standard_task_runner.py:52} INFO - Started process 4813 to run task
[2022-08-02 10:19:13,214] {standard_task_runner.py:79} INFO - Running: ['***', 'tasks', 'run', 'Demo', 'data_downloading', 'manual__2022-08-02T10:19:08.629039+00:00', '--job-id', '220', '--raw', '--subdir', 'DAGS_FOLDER/demo.py', '--cfg-path', '/tmp/tmp39_4t76c', '--error-file', '/tmp/tmpc6h4posr']
[2022-08-02 10:19:13,215] {standard_task_runner.py:80} INFO - Job 220: Subtask data_downloading
[2022-08-02 10:19:13,311] {task_command.py:371} INFO - Running <TaskInstance: Demo.data_downloading manual__2022-08-02T10:19:08.629039+00:00 [running]> on host 31353b71d6cb
[2022-08-02 10:19:13,402] {taskinstance.py:1591} INFO - Exporting the following env vars:
AIRFLOW_CTX_DAG_OWNER=***
AIRFLOW_CTX_DAG_ID=Demo
AIRFLOW_CTX_TASK_ID=data_downloading
AIRFLOW_CTX_EXECUTION_DATE=2022-08-02T10:19:08.629039+00:00
AIRFLOW_CTX_TRY_NUMBER=1
AIRFLOW_CTX_DAG_RUN_ID=manual__2022-08-02T10:19:08.629039+00:00
[2022-08-02 10:19:13,404] {python.py:173} INFO - Done. Returned value was: 0
[2022-08-02 10:19:13,434] {taskinstance.py:1420} INFO - Marking task as SUCCESS. dag_id=Demo, task_id=data_downloading, execution_date=20220802T101908, start_date=20220802T101913, end_date=20220802T101913
[2022-08-02 10:19:13,466] {local_task_job.py:156} INFO - Task exited with return code 0
[2022-08-02 10:19:13,520] {local_task_job.py:273} INFO - 0 downstream tasks scheduled from follow-on schedule check
