[2022-08-01 13:07:50,448] {taskinstance.py:1179} INFO - Dependencies all met for <TaskInstance: Demo.data_fetching manual__2022-08-01T13:07:37.930090+00:00 [queued]>
[2022-08-01 13:07:50,462] {taskinstance.py:1179} INFO - Dependencies all met for <TaskInstance: Demo.data_fetching manual__2022-08-01T13:07:37.930090+00:00 [queued]>
[2022-08-01 13:07:50,463] {taskinstance.py:1376} INFO - 
--------------------------------------------------------------------------------
[2022-08-01 13:07:50,463] {taskinstance.py:1377} INFO - Starting attempt 1 of 1
[2022-08-01 13:07:50,464] {taskinstance.py:1378} INFO - 
--------------------------------------------------------------------------------
[2022-08-01 13:07:50,485] {taskinstance.py:1397} INFO - Executing <Task(PythonOperator): data_fetching> on 2022-08-01 13:07:37.930090+00:00
[2022-08-01 13:07:50,491] {standard_task_runner.py:52} INFO - Started process 5777 to run task
[2022-08-01 13:07:50,494] {standard_task_runner.py:79} INFO - Running: ['***', 'tasks', 'run', 'Demo', 'data_fetching', 'manual__2022-08-01T13:07:37.930090+00:00', '--job-id', '104', '--raw', '--subdir', 'DAGS_FOLDER/demo.py', '--cfg-path', '/tmp/tmphklrw9vx', '--error-file', '/tmp/tmpwqoxe6j5']
[2022-08-01 13:07:50,495] {standard_task_runner.py:80} INFO - Job 104: Subtask data_fetching
[2022-08-01 13:07:50,604] {task_command.py:371} INFO - Running <TaskInstance: Demo.data_fetching manual__2022-08-01T13:07:37.930090+00:00 [running]> on host 31353b71d6cb
[2022-08-01 13:07:50,792] {taskinstance.py:1591} INFO - Exporting the following env vars:
AIRFLOW_CTX_DAG_OWNER=***
AIRFLOW_CTX_DAG_ID=Demo
AIRFLOW_CTX_TASK_ID=data_fetching
AIRFLOW_CTX_EXECUTION_DATE=2022-08-01T13:07:37.930090+00:00
AIRFLOW_CTX_TRY_NUMBER=1
AIRFLOW_CTX_DAG_RUN_ID=manual__2022-08-01T13:07:37.930090+00:00
[2022-08-01 13:07:50,794] {python.py:173} INFO - Done. Returned value was: 0
[2022-08-01 13:07:50,833] {taskinstance.py:1420} INFO - Marking task as SUCCESS. dag_id=Demo, task_id=data_fetching, execution_date=20220801T130737, start_date=20220801T130750, end_date=20220801T130750
[2022-08-01 13:07:50,870] {local_task_job.py:156} INFO - Task exited with return code 0
[2022-08-01 13:07:50,920] {local_task_job.py:273} INFO - 1 downstream tasks scheduled from follow-on schedule check
