[2022-07-28 12:03:00,587] {taskinstance.py:1179} INFO - Dependencies all met for <TaskInstance: Demo.container_creation manual__2022-07-28T12:02:59.770640+00:00 [queued]>
[2022-07-28 12:03:00,597] {taskinstance.py:1179} INFO - Dependencies all met for <TaskInstance: Demo.container_creation manual__2022-07-28T12:02:59.770640+00:00 [queued]>
[2022-07-28 12:03:00,598] {taskinstance.py:1376} INFO - 
--------------------------------------------------------------------------------
[2022-07-28 12:03:00,598] {taskinstance.py:1377} INFO - Starting attempt 1 of 1
[2022-07-28 12:03:00,599] {taskinstance.py:1378} INFO - 
--------------------------------------------------------------------------------
[2022-07-28 12:03:00,616] {taskinstance.py:1397} INFO - Executing <Task(PythonOperator): container_creation> on 2022-07-28 12:02:59.770640+00:00
[2022-07-28 12:03:00,620] {standard_task_runner.py:52} INFO - Started process 1093 to run task
[2022-07-28 12:03:00,624] {standard_task_runner.py:79} INFO - Running: ['***', 'tasks', 'run', 'Demo', 'container_creation', 'manual__2022-07-28T12:02:59.770640+00:00', '--job-id', '10', '--raw', '--subdir', 'DAGS_FOLDER/demo.py', '--cfg-path', '/tmp/tmpxad9sh7w', '--error-file', '/tmp/tmpafswnl5z']
[2022-07-28 12:03:00,624] {standard_task_runner.py:80} INFO - Job 10: Subtask container_creation
[2022-07-28 12:03:00,691] {task_command.py:371} INFO - Running <TaskInstance: Demo.container_creation manual__2022-07-28T12:02:59.770640+00:00 [running]> on host 949e67af4713
[2022-07-28 12:03:00,766] {taskinstance.py:1591} INFO - Exporting the following env vars:
AIRFLOW_CTX_DAG_OWNER=***
AIRFLOW_CTX_DAG_ID=Demo
AIRFLOW_CTX_TASK_ID=container_creation
AIRFLOW_CTX_EXECUTION_DATE=2022-07-28T12:02:59.770640+00:00
AIRFLOW_CTX_TRY_NUMBER=1
AIRFLOW_CTX_DAG_RUN_ID=manual__2022-07-28T12:02:59.770640+00:00
[2022-07-28 12:03:00,776] {base.py:68} INFO - Using connection ID 'azure_demo' for task execution.
[2022-07-28 12:03:00,778] {logging_mixin.py:115} INFO - <***.providers.microsoft.azure.hooks.wasb.WasbHook object at 0x7f7d9bb8ef90>
[2022-07-28 12:03:00,779] {logging_mixin.py:115} INFO - connection made successfully
[2022-07-28 12:03:00,781] {_universal.py:476} INFO - Request URL: 'http://azurite/devstoreaccount1/demo?restype=REDACTED'
Request method: 'PUT'
Request headers:
    'x-ms-version': 'REDACTED'
    'Accept': 'application/xml'
    'User-Agent': 'azsdk-python-storage-blob/12.8.1 Python/3.7.13 (Linux-5.10.16.3-microsoft-standard-WSL2-x86_64-with-debian-11.4)'
    'x-ms-date': 'REDACTED'
    'x-ms-client-request-id': '3a20d056-0e6d-11ed-85ba-0242ac120006'
    'Authorization': 'REDACTED'
No body was attached to the request
[2022-07-28 12:03:19,354] {_universal.py:476} INFO - Request URL: 'http://azurite/devstoreaccount1/demo?restype=REDACTED'
Request method: 'PUT'
Request headers:
    'x-ms-version': 'REDACTED'
    'Accept': 'application/xml'
    'User-Agent': 'azsdk-python-storage-blob/12.8.1 Python/3.7.13 (Linux-5.10.16.3-microsoft-standard-WSL2-x86_64-with-debian-11.4)'
    'x-ms-date': 'REDACTED'
    'x-ms-client-request-id': '4532e8c6-0e6d-11ed-85ba-0242ac120006'
    'Authorization': 'REDACTED'
No body was attached to the request
[2022-07-28 12:03:46,054] {_universal.py:476} INFO - Request URL: 'http://azurite/devstoreaccount1/demo?restype=REDACTED'
Request method: 'PUT'
Request headers:
    'x-ms-version': 'REDACTED'
    'Accept': 'application/xml'
    'User-Agent': 'azsdk-python-storage-blob/12.8.1 Python/3.7.13 (Linux-5.10.16.3-microsoft-standard-WSL2-x86_64-with-debian-11.4)'
    'x-ms-date': 'REDACTED'
    'x-ms-client-request-id': '551d02a8-0e6d-11ed-85ba-0242ac120006'
    'Authorization': 'REDACTED'
No body was attached to the request
[2022-07-28 12:04:30,893] {_universal.py:476} INFO - Request URL: 'http://azurite/devstoreaccount1/demo?restype=REDACTED'
Request method: 'PUT'
Request headers:
    'x-ms-version': 'REDACTED'
    'Accept': 'application/xml'
    'User-Agent': 'azsdk-python-storage-blob/12.8.1 Python/3.7.13 (Linux-5.10.16.3-microsoft-standard-WSL2-x86_64-with-debian-11.4)'
    'x-ms-date': 'REDACTED'
    'x-ms-client-request-id': '6fd6e10e-0e6d-11ed-85ba-0242ac120006'
    'Authorization': 'REDACTED'
No body was attached to the request
[2022-07-28 12:04:30,896] {wasb.py:386} INFO - Error while attempting to create container 'demo': <urllib3.connection.HTTPConnection object at 0x7f7d9bafb810>: Failed to establish a new connection: [Errno 111] Connection refused
[2022-07-28 12:04:30,896] {taskinstance.py:1909} ERROR - Task failed with exception
Traceback (most recent call last):
  File "/home/airflow/.local/lib/python3.7/site-packages/airflow/operators/python.py", line 171, in execute
    return_value = self.execute_callable()
  File "/home/airflow/.local/lib/python3.7/site-packages/airflow/operators/python.py", line 189, in execute_callable
    return self.python_callable(*self.op_args, **self.op_kwargs)
  File "/opt/airflow/dags/demo.py", line 14, in create_container
    test.create_container(container_name="demo")
  File "/home/airflow/.local/lib/python3.7/site-packages/airflow/providers/microsoft/azure/hooks/wasb.py", line 367, in create_container
    container_client.create_container()
  File "/home/airflow/.local/lib/python3.7/site-packages/azure/core/tracing/decorator.py", line 78, in wrapper_use_tracer
    return func(*args, **kwargs)
  File "/home/airflow/.local/lib/python3.7/site-packages/azure/storage/blob/_container_client.py", line 298, in create_container
    **kwargs)
  File "/home/airflow/.local/lib/python3.7/site-packages/azure/storage/blob/_generated/operations/_container_operations.py", line 128, in create
    pipeline_response = self._client._pipeline.run(request, stream=False, **kwargs)
  File "/home/airflow/.local/lib/python3.7/site-packages/azure/core/pipeline/_base.py", line 211, in run
    return first_node.send(pipeline_request)  # type: ignore
  File "/home/airflow/.local/lib/python3.7/site-packages/azure/core/pipeline/_base.py", line 71, in send
    response = self.next.send(request)
  File "/home/airflow/.local/lib/python3.7/site-packages/azure/core/pipeline/_base.py", line 71, in send
    response = self.next.send(request)
  File "/home/airflow/.local/lib/python3.7/site-packages/azure/core/pipeline/_base.py", line 71, in send
    response = self.next.send(request)
  [Previous line repeated 2 more times]
  File "/home/airflow/.local/lib/python3.7/site-packages/azure/core/pipeline/policies/_redirect.py", line 158, in send
    response = self.next.send(request)
  File "/home/airflow/.local/lib/python3.7/site-packages/azure/core/pipeline/_base.py", line 71, in send
    response = self.next.send(request)
  File "/home/airflow/.local/lib/python3.7/site-packages/azure/storage/blob/_shared/policies.py", line 515, in send
    raise err
  File "/home/airflow/.local/lib/python3.7/site-packages/azure/storage/blob/_shared/policies.py", line 489, in send
    response = self.next.send(request)
  File "/home/airflow/.local/lib/python3.7/site-packages/azure/core/pipeline/_base.py", line 71, in send
    response = self.next.send(request)
  File "/home/airflow/.local/lib/python3.7/site-packages/azure/core/pipeline/_base.py", line 71, in send
    response = self.next.send(request)
  File "/home/airflow/.local/lib/python3.7/site-packages/azure/core/pipeline/_base.py", line 71, in send
    response = self.next.send(request)
  [Previous line repeated 1 more time]
  File "/home/airflow/.local/lib/python3.7/site-packages/azure/storage/blob/_shared/policies.py", line 290, in send
    response = self.next.send(request)
  File "/home/airflow/.local/lib/python3.7/site-packages/azure/core/pipeline/_base.py", line 71, in send
    response = self.next.send(request)
  File "/home/airflow/.local/lib/python3.7/site-packages/azure/core/pipeline/_base.py", line 71, in send
    response = self.next.send(request)
  File "/home/airflow/.local/lib/python3.7/site-packages/azure/core/pipeline/_base.py", line 103, in send
    self._sender.send(request.http_request, **request.context.options),
  File "/home/airflow/.local/lib/python3.7/site-packages/azure/storage/blob/_shared/base_client.py", line 333, in send
    return self._transport.send(request, **kwargs)
  File "/home/airflow/.local/lib/python3.7/site-packages/azure/core/pipeline/transport/_requests_basic.py", line 361, in send
    raise error
azure.core.exceptions.ServiceRequestError: <urllib3.connection.HTTPConnection object at 0x7f7d9bafb810>: Failed to establish a new connection: [Errno 111] Connection refused
[2022-07-28 12:04:30,908] {taskinstance.py:1420} INFO - Marking task as FAILED. dag_id=Demo, task_id=container_creation, execution_date=20220728T120259, start_date=20220728T120300, end_date=20220728T120430
[2022-07-28 12:04:30,922] {standard_task_runner.py:97} ERROR - Failed to execute job 10 for task container_creation (<urllib3.connection.HTTPConnection object at 0x7f7d9bafb810>: Failed to establish a new connection: [Errno 111] Connection refused; 1093)
[2022-07-28 12:04:30,953] {local_task_job.py:156} INFO - Task exited with return code 1
[2022-07-28 12:04:30,990] {local_task_job.py:273} INFO - 0 downstream tasks scheduled from follow-on schedule check
