[2022-08-02 09:12:15,467] {taskinstance.py:1179} INFO - Dependencies all met for <TaskInstance: Demo.data_uploading manual__2022-08-02T09:12:05.695233+00:00 [queued]>
[2022-08-02 09:12:15,480] {taskinstance.py:1179} INFO - Dependencies all met for <TaskInstance: Demo.data_uploading manual__2022-08-02T09:12:05.695233+00:00 [queued]>
[2022-08-02 09:12:15,481] {taskinstance.py:1376} INFO - 
--------------------------------------------------------------------------------
[2022-08-02 09:12:15,481] {taskinstance.py:1377} INFO - Starting attempt 1 of 1
[2022-08-02 09:12:15,482] {taskinstance.py:1378} INFO - 
--------------------------------------------------------------------------------
[2022-08-02 09:12:15,509] {taskinstance.py:1397} INFO - Executing <Task(PythonOperator): data_uploading> on 2022-08-02 09:12:05.695233+00:00
[2022-08-02 09:12:15,516] {standard_task_runner.py:52} INFO - Started process 2184 to run task
[2022-08-02 09:12:15,521] {standard_task_runner.py:79} INFO - Running: ['***', 'tasks', 'run', 'Demo', 'data_uploading', 'manual__2022-08-02T09:12:05.695233+00:00', '--job-id', '187', '--raw', '--subdir', 'DAGS_FOLDER/demo.py', '--cfg-path', '/tmp/tmpxas8c736', '--error-file', '/tmp/tmpy_govpxm']
[2022-08-02 09:12:15,522] {standard_task_runner.py:80} INFO - Job 187: Subtask data_uploading
[2022-08-02 09:12:15,626] {task_command.py:371} INFO - Running <TaskInstance: Demo.data_uploading manual__2022-08-02T09:12:05.695233+00:00 [running]> on host 31353b71d6cb
[2022-08-02 09:12:15,715] {taskinstance.py:1591} INFO - Exporting the following env vars:
AIRFLOW_CTX_DAG_OWNER=***
AIRFLOW_CTX_DAG_ID=Demo
AIRFLOW_CTX_TASK_ID=data_uploading
AIRFLOW_CTX_EXECUTION_DATE=2022-08-02T09:12:05.695233+00:00
AIRFLOW_CTX_TRY_NUMBER=1
AIRFLOW_CTX_DAG_RUN_ID=manual__2022-08-02T09:12:05.695233+00:00
[2022-08-02 09:12:15,716] {python.py:173} INFO - Done. Returned value was: 0
[2022-08-02 09:12:15,748] {taskinstance.py:1420} INFO - Marking task as SUCCESS. dag_id=Demo, task_id=data_uploading, execution_date=20220802T091205, start_date=20220802T091215, end_date=20220802T091215
[2022-08-02 09:12:15,772] {local_task_job.py:156} INFO - Task exited with return code 0
[2022-08-02 09:12:15,824] {local_task_job.py:273} INFO - 0 downstream tasks scheduled from follow-on schedule check
