[2022-08-02 14:04:44,226] {taskinstance.py:1179} INFO - Dependencies all met for <TaskInstance: Demo.data_fetching manual__2022-08-02T14:04:16.718084+00:00 [queued]>
[2022-08-02 14:04:44,238] {taskinstance.py:1179} INFO - Dependencies all met for <TaskInstance: Demo.data_fetching manual__2022-08-02T14:04:16.718084+00:00 [queued]>
[2022-08-02 14:04:44,239] {taskinstance.py:1376} INFO - 
--------------------------------------------------------------------------------
[2022-08-02 14:04:44,239] {taskinstance.py:1377} INFO - Starting attempt 1 of 1
[2022-08-02 14:04:44,241] {taskinstance.py:1378} INFO - 
--------------------------------------------------------------------------------
[2022-08-02 14:04:44,261] {taskinstance.py:1397} INFO - Executing <Task(PythonOperator): data_fetching> on 2022-08-02 14:04:16.718084+00:00
[2022-08-02 14:04:44,266] {standard_task_runner.py:52} INFO - Started process 13457 to run task
[2022-08-02 14:04:44,269] {standard_task_runner.py:79} INFO - Running: ['***', 'tasks', 'run', 'Demo', 'data_fetching', 'manual__2022-08-02T14:04:16.718084+00:00', '--job-id', '315', '--raw', '--subdir', 'DAGS_FOLDER/demo.py', '--cfg-path', '/tmp/tmp41_osd_h', '--error-file', '/tmp/tmpltv8fu2v']
[2022-08-02 14:04:44,270] {standard_task_runner.py:80} INFO - Job 315: Subtask data_fetching
[2022-08-02 14:04:44,349] {task_command.py:371} INFO - Running <TaskInstance: Demo.data_fetching manual__2022-08-02T14:04:16.718084+00:00 [running]> on host 31353b71d6cb
[2022-08-02 14:04:44,442] {taskinstance.py:1591} INFO - Exporting the following env vars:
AIRFLOW_CTX_DAG_OWNER=***
AIRFLOW_CTX_DAG_ID=Demo
AIRFLOW_CTX_TASK_ID=data_fetching
AIRFLOW_CTX_EXECUTION_DATE=2022-08-02T14:04:16.718084+00:00
AIRFLOW_CTX_TRY_NUMBER=1
AIRFLOW_CTX_DAG_RUN_ID=manual__2022-08-02T14:04:16.718084+00:00
[2022-08-02 14:04:44,452] {base.py:68} INFO - Using connection ID 'azure_demo' for task execution.
[2022-08-02 14:04:44,458] {_universal.py:476} INFO - Request URL: 'http://azurite:10000/devstoreaccount1/transcriptions?restype=REDACTED&comp=REDACTED&delimiter=REDACTED'
Request method: 'GET'
Request headers:
    'x-ms-version': 'REDACTED'
    'Accept': 'application/xml'
    'User-Agent': 'azsdk-python-storage-blob/12.8.1 Python/3.7.13 (Linux-5.10.16.3-microsoft-standard-WSL2-x86_64-with-debian-11.4)'
    'x-ms-date': 'REDACTED'
    'x-ms-client-request-id': '0f862c6c-126c-11ed-aa97-0242ac120007'
    'Authorization': 'REDACTED'
No body was attached to the request
[2022-08-02 14:04:44,474] {_universal.py:504} INFO - Response status: 200
Response headers:
    'Server': 'Azurite-Blob/3.18.0'
    'content-type': 'application/xml'
    'x-ms-client-request-id': '0f862c6c-126c-11ed-aa97-0242ac120007'
    'x-ms-request-id': '7046fcfc-455d-4b1b-99a7-9997d45dbe99'
    'x-ms-version': 'REDACTED'
    'date': 'Tue, 02 Aug 2022 14:04:44 GMT'
    'Connection': 'keep-alive'
    'Keep-Alive': 'REDACTED'
    'Transfer-Encoding': 'chunked'
[2022-08-02 14:04:44,481] {_universal.py:476} INFO - Request URL: 'http://azurite:10000/devstoreaccount1/transcriptions/file_1'
Request method: 'GET'
Request headers:
    'x-ms-range': 'REDACTED'
    'x-ms-version': 'REDACTED'
    'Accept': 'application/xml'
    'User-Agent': 'azsdk-python-storage-blob/12.8.1 Python/3.7.13 (Linux-5.10.16.3-microsoft-standard-WSL2-x86_64-with-debian-11.4)'
    'x-ms-date': 'REDACTED'
    'x-ms-client-request-id': '0f89d718-126c-11ed-aa97-0242ac120007'
    'Authorization': 'REDACTED'
No body was attached to the request
[2022-08-02 14:04:44,488] {_universal.py:504} INFO - Response status: 206
Response headers:
    'Server': 'Azurite-Blob/3.18.0'
    'last-modified': 'Tue, 02 Aug 2022 14:04:40 GMT'
    'x-ms-creation-time': 'REDACTED'
    'content-length': '603'
    'content-type': 'application/octet-stream'
    'content-range': 'REDACTED'
    'etag': '"0x2117199233BA8A0"'
    'content-md5': 'REDACTED'
    'x-ms-blob-type': 'REDACTED'
    'x-ms-lease-state': 'REDACTED'
    'x-ms-lease-status': 'REDACTED'
    'x-ms-client-request-id': '0f89d718-126c-11ed-aa97-0242ac120007'
    'x-ms-request-id': 'f0bb88d4-5d47-4d93-bc5a-0291e0f5f43e'
    'x-ms-version': 'REDACTED'
    'accept-ranges': 'REDACTED'
    'date': 'Tue, 02 Aug 2022 14:04:44 GMT'
    'x-ms-server-encrypted': 'REDACTED'
    'x-ms-blob-content-md5': 'REDACTED'
    'Connection': 'keep-alive'
    'Keep-Alive': 'REDACTED'
[2022-08-02 14:04:44,491] {_universal.py:476} INFO - Request URL: 'http://azurite:10000/devstoreaccount1/transcriptions/file_2'
Request method: 'GET'
Request headers:
    'x-ms-range': 'REDACTED'
    'x-ms-version': 'REDACTED'
    'Accept': 'application/xml'
    'User-Agent': 'azsdk-python-storage-blob/12.8.1 Python/3.7.13 (Linux-5.10.16.3-microsoft-standard-WSL2-x86_64-with-debian-11.4)'
    'x-ms-date': 'REDACTED'
    'x-ms-client-request-id': '0f8b60ec-126c-11ed-aa97-0242ac120007'
    'Authorization': 'REDACTED'
No body was attached to the request
[2022-08-02 14:04:44,499] {_universal.py:504} INFO - Response status: 206
Response headers:
    'Server': 'Azurite-Blob/3.18.0'
    'last-modified': 'Tue, 02 Aug 2022 14:04:40 GMT'
    'x-ms-creation-time': 'REDACTED'
    'content-length': '603'
    'content-type': 'application/octet-stream'
    'content-range': 'REDACTED'
    'etag': '"0x1CCD7D8DD94E640"'
    'content-md5': 'REDACTED'
    'x-ms-blob-type': 'REDACTED'
    'x-ms-lease-state': 'REDACTED'
    'x-ms-lease-status': 'REDACTED'
    'x-ms-client-request-id': '0f8b60ec-126c-11ed-aa97-0242ac120007'
    'x-ms-request-id': '29580a2b-e83c-411a-b3be-4f250585d728'
    'x-ms-version': 'REDACTED'
    'accept-ranges': 'REDACTED'
    'date': 'Tue, 02 Aug 2022 14:04:44 GMT'
    'x-ms-server-encrypted': 'REDACTED'
    'x-ms-blob-content-md5': 'REDACTED'
    'Connection': 'keep-alive'
    'Keep-Alive': 'REDACTED'
[2022-08-02 14:04:44,502] {_universal.py:476} INFO - Request URL: 'http://azurite:10000/devstoreaccount1/transcriptions/file_3'
Request method: 'GET'
Request headers:
    'x-ms-range': 'REDACTED'
    'x-ms-version': 'REDACTED'
    'Accept': 'application/xml'
    'User-Agent': 'azsdk-python-storage-blob/12.8.1 Python/3.7.13 (Linux-5.10.16.3-microsoft-standard-WSL2-x86_64-with-debian-11.4)'
    'x-ms-date': 'REDACTED'
    'x-ms-client-request-id': '0f8cfcae-126c-11ed-aa97-0242ac120007'
    'Authorization': 'REDACTED'
No body was attached to the request
[2022-08-02 14:04:44,508] {_universal.py:504} INFO - Response status: 206
Response headers:
    'Server': 'Azurite-Blob/3.18.0'
    'last-modified': 'Tue, 02 Aug 2022 14:04:40 GMT'
    'x-ms-creation-time': 'REDACTED'
    'content-length': '603'
    'content-type': 'application/octet-stream'
    'content-range': 'REDACTED'
    'etag': '"0x2356FA1A2E81380"'
    'content-md5': 'REDACTED'
    'x-ms-blob-type': 'REDACTED'
    'x-ms-lease-state': 'REDACTED'
    'x-ms-lease-status': 'REDACTED'
    'x-ms-client-request-id': '0f8cfcae-126c-11ed-aa97-0242ac120007'
    'x-ms-request-id': '2bcfb3da-80d7-47b6-ab99-530d91c26c66'
    'x-ms-version': 'REDACTED'
    'accept-ranges': 'REDACTED'
    'date': 'Tue, 02 Aug 2022 14:04:44 GMT'
    'x-ms-server-encrypted': 'REDACTED'
    'x-ms-blob-content-md5': 'REDACTED'
    'Connection': 'keep-alive'
    'Keep-Alive': 'REDACTED'
[2022-08-02 14:04:44,541] {python.py:173} INFO - Done. Returned value was: 0
[2022-08-02 14:04:44,569] {taskinstance.py:1420} INFO - Marking task as SUCCESS. dag_id=Demo, task_id=data_fetching, execution_date=20220802T140416, start_date=20220802T140444, end_date=20220802T140444
[2022-08-02 14:04:44,602] {local_task_job.py:156} INFO - Task exited with return code 0
[2022-08-02 14:04:44,659] {local_task_job.py:273} INFO - 1 downstream tasks scheduled from follow-on schedule check
