[2022-07-13 12:48:49,090] {taskinstance.py:1159} INFO - Dependencies all met for <TaskInstance: Demo.Container_creation manual__2022-07-13T12:47:27.802145+00:00 [queued]>
[2022-07-13 12:48:49,137] {taskinstance.py:1159} INFO - Dependencies all met for <TaskInstance: Demo.Container_creation manual__2022-07-13T12:47:27.802145+00:00 [queued]>
[2022-07-13 12:48:49,138] {taskinstance.py:1356} INFO - 
--------------------------------------------------------------------------------
[2022-07-13 12:48:49,139] {taskinstance.py:1357} INFO - Starting attempt 1 of 1
[2022-07-13 12:48:49,140] {taskinstance.py:1358} INFO - 
--------------------------------------------------------------------------------
[2022-07-13 12:48:49,665] {taskinstance.py:1377} INFO - Executing <Task(PythonOperator): Container_creation> on 2022-07-13 12:47:27.802145+00:00
[2022-07-13 12:48:50,018] {standard_task_runner.py:52} INFO - Started process 1458 to run task
[2022-07-13 12:48:50,562] {standard_task_runner.py:79} INFO - Running: ['***', 'tasks', 'run', 'Demo', 'Container_creation', 'manual__2022-07-13T12:47:27.802145+00:00', '--job-id', '47', '--raw', '--subdir', 'DAGS_FOLDER/demo.py', '--cfg-path', '/tmp/tmpezz99pzb', '--error-file', '/tmp/tmpz3t2mimd']
[2022-07-13 12:48:50,565] {standard_task_runner.py:80} INFO - Job 47: Subtask Container_creation
[2022-07-13 12:48:57,375] {task_command.py:370} INFO - Running <TaskInstance: Demo.Container_creation manual__2022-07-13T12:47:27.802145+00:00 [running]> on host dbd17cae98ec
[2022-07-13 12:49:08,205] {taskinstance.py:1571} INFO - Exporting the following env vars:
AIRFLOW_CTX_DAG_OWNER=***
AIRFLOW_CTX_DAG_ID=Demo
AIRFLOW_CTX_TASK_ID=Container_creation
AIRFLOW_CTX_EXECUTION_DATE=2022-07-13T12:47:27.802145+00:00
AIRFLOW_CTX_TRY_NUMBER=1
AIRFLOW_CTX_DAG_RUN_ID=manual__2022-07-13T12:47:27.802145+00:00
[2022-07-13 12:49:08,228] {base.py:68} INFO - Using connection ID 'demo' for task execution.
[2022-07-13 12:49:08,234] {logging_mixin.py:115} INFO - <***.providers.microsoft.azure.hooks.wasb.WasbHook object at 0x7fbe7b0de490>
[2022-07-13 12:49:08,235] {logging_mixin.py:115} INFO - connection made successfully
[2022-07-13 12:49:08,387] {_universal.py:476} INFO - Request URL: 'http://azurite:10000/devstoreaccount1/demo?restype=REDACTED'
Request method: 'PUT'
Request headers:
    'x-ms-version': 'REDACTED'
    'Accept': 'application/xml'
    'User-Agent': 'azsdk-python-storage-blob/12.8.1 Python/3.7.13 (Linux-5.10.16.3-microsoft-standard-WSL2-x86_64-with-debian-11.3)'
    'x-ms-date': 'REDACTED'
    'x-ms-client-request-id': '2f771c4c-02aa-11ed-8f32-0242ac120009'
    'Authorization': 'REDACTED'
No body was attached to the request
[2022-07-13 12:49:13,924] {_universal.py:504} INFO - Response status: 409
Response headers:
    'Server': 'Azurite-Blob/3.18.0'
    'x-ms-error-code': 'REDACTED'
    'x-ms-request-id': 'b790da4f-ec0c-4a89-88d2-404baca83f5f'
    'content-type': 'application/xml'
    'Date': 'Wed, 13 Jul 2022 12:49:13 GMT'
    'Connection': 'keep-alive'
    'Keep-Alive': 'REDACTED'
    'Transfer-Encoding': 'chunked'
[2022-07-13 12:49:13,933] {wasb.py:371} INFO - Attempted to create container 'demo' but it already exists. If it is expected that this container will always exist, consider setting create_container to False.
[2022-07-13 12:49:13,933] {logging_mixin.py:115} INFO - container created successfully
[2022-07-13 12:49:13,934] {python.py:173} INFO - Done. Returned value was: 0
[2022-07-13 12:49:14,747] {taskinstance.py:1400} INFO - Marking task as SUCCESS. dag_id=Demo, task_id=Container_creation, execution_date=20220713T124727, start_date=20220713T124849, end_date=20220713T124914
[2022-07-13 12:49:15,217] {local_task_job.py:156} INFO - Task exited with return code 0
[2022-07-13 12:49:15,857] {local_task_job.py:273} INFO - 0 downstream tasks scheduled from follow-on schedule check
