[2022-08-01 15:41:23,185] {taskinstance.py:1179} INFO - Dependencies all met for <TaskInstance: Demo.data_uploading manual__2022-08-01T15:41:15.111552+00:00 [queued]>
[2022-08-01 15:41:23,196] {taskinstance.py:1179} INFO - Dependencies all met for <TaskInstance: Demo.data_uploading manual__2022-08-01T15:41:15.111552+00:00 [queued]>
[2022-08-01 15:41:23,197] {taskinstance.py:1376} INFO - 
--------------------------------------------------------------------------------
[2022-08-01 15:41:23,197] {taskinstance.py:1377} INFO - Starting attempt 1 of 1
[2022-08-01 15:41:23,198] {taskinstance.py:1378} INFO - 
--------------------------------------------------------------------------------
[2022-08-01 15:41:23,216] {taskinstance.py:1397} INFO - Executing <Task(PythonOperator): data_uploading> on 2022-08-01 15:41:15.111552+00:00
[2022-08-01 15:41:23,220] {standard_task_runner.py:52} INFO - Started process 223 to run task
[2022-08-01 15:41:23,223] {standard_task_runner.py:79} INFO - Running: ['***', 'tasks', 'run', 'Demo', 'data_uploading', 'manual__2022-08-01T15:41:15.111552+00:00', '--job-id', '127', '--raw', '--subdir', 'DAGS_FOLDER/demo.py', '--cfg-path', '/tmp/tmpu1dcyi70', '--error-file', '/tmp/tmphs0gvfj6']
[2022-08-01 15:41:23,224] {standard_task_runner.py:80} INFO - Job 127: Subtask data_uploading
[2022-08-01 15:41:23,300] {task_command.py:371} INFO - Running <TaskInstance: Demo.data_uploading manual__2022-08-01T15:41:15.111552+00:00 [running]> on host 31353b71d6cb
[2022-08-01 15:41:23,383] {taskinstance.py:1591} INFO - Exporting the following env vars:
AIRFLOW_CTX_DAG_OWNER=***
AIRFLOW_CTX_DAG_ID=Demo
AIRFLOW_CTX_TASK_ID=data_uploading
AIRFLOW_CTX_EXECUTION_DATE=2022-08-01T15:41:15.111552+00:00
AIRFLOW_CTX_TRY_NUMBER=1
AIRFLOW_CTX_DAG_RUN_ID=manual__2022-08-01T15:41:15.111552+00:00
[2022-08-01 15:41:23,393] {base.py:68} INFO - Using connection ID 'azure_demo' for task execution.
[2022-08-01 15:41:23,396] {logging_mixin.py:115} INFO - connection made successfully
[2022-08-01 15:41:23,398] {_universal.py:476} INFO - Request URL: 'http://azurite:10000/devstoreaccount1/waves?restype=REDACTED'
Request method: 'PUT'
Request headers:
    'x-ms-version': 'REDACTED'
    'Accept': 'application/xml'
    'User-Agent': 'azsdk-python-storage-blob/12.8.1 Python/3.7.13 (Linux-5.10.16.3-microsoft-standard-WSL2-x86_64-with-debian-11.4)'
    'x-ms-date': 'REDACTED'
    'x-ms-client-request-id': '658c8d48-11b0-11ed-8979-0242ac120008'
    'Authorization': 'REDACTED'
No body was attached to the request
[2022-08-01 15:41:23,409] {_universal.py:504} INFO - Response status: 201
Response headers:
    'Server': 'Azurite-Blob/3.18.0'
    'etag': '"0x21CDC58D4DA9B80"'
    'last-modified': 'Mon, 01 Aug 2022 15:41:23 GMT'
    'x-ms-client-request-id': '658c8d48-11b0-11ed-8979-0242ac120008'
    'x-ms-request-id': 'a5e33b01-af12-4e25-969d-36b3d085d3dc'
    'x-ms-version': 'REDACTED'
    'Date': 'Mon, 01 Aug 2022 15:41:23 GMT'
    'Connection': 'keep-alive'
    'Keep-Alive': 'REDACTED'
    'Content-Length': '0'
[2022-08-01 15:41:23,410] {wasb.py:368} INFO - Created container: waves
[2022-08-01 15:41:23,411] {_universal.py:476} INFO - Request URL: 'http://azurite:10000/devstoreaccount1/transcriptions?restype=REDACTED'
Request method: 'PUT'
Request headers:
    'x-ms-version': 'REDACTED'
    'Accept': 'application/xml'
    'User-Agent': 'azsdk-python-storage-blob/12.8.1 Python/3.7.13 (Linux-5.10.16.3-microsoft-standard-WSL2-x86_64-with-debian-11.4)'
    'x-ms-date': 'REDACTED'
    'x-ms-client-request-id': '658e9764-11b0-11ed-8979-0242ac120008'
    'Authorization': 'REDACTED'
No body was attached to the request
[2022-08-01 15:41:23,419] {_universal.py:504} INFO - Response status: 201
Response headers:
    'Server': 'Azurite-Blob/3.18.0'
    'etag': '"0x1E1FD9B6FD31E00"'
    'last-modified': 'Mon, 01 Aug 2022 15:41:23 GMT'
    'x-ms-client-request-id': '658e9764-11b0-11ed-8979-0242ac120008'
    'x-ms-request-id': 'eac72950-0cb1-489e-a92b-e935c21c5990'
    'x-ms-version': 'REDACTED'
    'Date': 'Mon, 01 Aug 2022 15:41:23 GMT'
    'Connection': 'keep-alive'
    'Keep-Alive': 'REDACTED'
    'Content-Length': '0'
[2022-08-01 15:41:23,420] {wasb.py:368} INFO - Created container: transcriptions
[2022-08-01 15:41:23,420] {logging_mixin.py:115} INFO - containers created successfully
[2022-08-01 15:41:23,423] {logging_mixin.py:115} INFO - ['file_1.wav', 'file_2.wav', 'file_3.wav']
[2022-08-01 15:41:23,483] {_universal.py:473} INFO - Request URL: 'http://azurite:10000/devstoreaccount1/waves/file_1'
Request method: 'PUT'
Request headers:
    'x-ms-blob-type': 'REDACTED'
    'Content-Length': '5226766'
    'If-None-Match': '*'
    'x-ms-version': 'REDACTED'
    'Content-Type': 'application/octet-stream'
    'Accept': 'application/xml'
    'User-Agent': 'azsdk-python-storage-blob/12.8.1 Python/3.7.13 (Linux-5.10.16.3-microsoft-standard-WSL2-x86_64-with-debian-11.4)'
    'x-ms-date': 'REDACTED'
    'x-ms-client-request-id': '65998430-11b0-11ed-8979-0242ac120008'
    'Authorization': 'REDACTED'
A body is sent with the request
[2022-08-01 15:41:23,572] {_universal.py:504} INFO - Response status: 201
Response headers:
    'Server': 'Azurite-Blob/3.18.0'
    'etag': '"0x1E352AEF3C31260"'
    'last-modified': 'Mon, 01 Aug 2022 15:41:23 GMT'
    'content-md5': 'REDACTED'
    'x-ms-client-request-id': '65998430-11b0-11ed-8979-0242ac120008'
    'x-ms-request-id': 'd947345a-8a45-499a-b832-4f73d6ac27d7'
    'x-ms-version': 'REDACTED'
    'date': 'Mon, 01 Aug 2022 15:41:23 GMT'
    'x-ms-request-server-encrypted': 'REDACTED'
    'Connection': 'keep-alive'
    'Keep-Alive': 'REDACTED'
    'Content-Length': '0'
[2022-08-01 15:41:23,606] {_universal.py:473} INFO - Request URL: 'http://azurite:10000/devstoreaccount1/waves/file_2'
Request method: 'PUT'
Request headers:
    'x-ms-blob-type': 'REDACTED'
    'Content-Length': '2146166'
    'If-None-Match': '*'
    'x-ms-version': 'REDACTED'
    'Content-Type': 'application/octet-stream'
    'Accept': 'application/xml'
    'User-Agent': 'azsdk-python-storage-blob/12.8.1 Python/3.7.13 (Linux-5.10.16.3-microsoft-standard-WSL2-x86_64-with-debian-11.4)'
    'x-ms-date': 'REDACTED'
    'x-ms-client-request-id': '65ac608c-11b0-11ed-8979-0242ac120008'
    'Authorization': 'REDACTED'
A body is sent with the request
[2022-08-01 15:41:23,641] {_universal.py:504} INFO - Response status: 201
Response headers:
    'Server': 'Azurite-Blob/3.18.0'
    'etag': '"0x19DC3C9B00A0AA0"'
    'last-modified': 'Mon, 01 Aug 2022 15:41:23 GMT'
    'content-md5': 'REDACTED'
    'x-ms-client-request-id': '65ac608c-11b0-11ed-8979-0242ac120008'
    'x-ms-request-id': 'ffb7aa23-3d92-4a8b-aae4-13bbb2b86d37'
    'x-ms-version': 'REDACTED'
    'date': 'Mon, 01 Aug 2022 15:41:23 GMT'
    'x-ms-request-server-encrypted': 'REDACTED'
    'Connection': 'keep-alive'
    'Keep-Alive': 'REDACTED'
    'Content-Length': '0'
[2022-08-01 15:41:23,663] {_universal.py:473} INFO - Request URL: 'http://azurite:10000/devstoreaccount1/waves/file_3'
Request method: 'PUT'
Request headers:
    'x-ms-blob-type': 'REDACTED'
    'Content-Length': '1073218'
    'If-None-Match': '*'
    'x-ms-version': 'REDACTED'
    'Content-Type': 'application/octet-stream'
    'Accept': 'application/xml'
    'User-Agent': 'azsdk-python-storage-blob/12.8.1 Python/3.7.13 (Linux-5.10.16.3-microsoft-standard-WSL2-x86_64-with-debian-11.4)'
    'x-ms-date': 'REDACTED'
    'x-ms-client-request-id': '65b4ff94-11b0-11ed-8979-0242ac120008'
    'Authorization': 'REDACTED'
A body is sent with the request
[2022-08-01 15:41:23,686] {_universal.py:504} INFO - Response status: 201
Response headers:
    'Server': 'Azurite-Blob/3.18.0'
    'etag': '"0x2246FA6F0F8F420"'
    'last-modified': 'Mon, 01 Aug 2022 15:41:23 GMT'
    'content-md5': 'REDACTED'
    'x-ms-client-request-id': '65b4ff94-11b0-11ed-8979-0242ac120008'
    'x-ms-request-id': 'ee2fac14-98c8-429c-882e-ef8689be5ddb'
    'x-ms-version': 'REDACTED'
    'date': 'Mon, 01 Aug 2022 15:41:23 GMT'
    'x-ms-request-server-encrypted': 'REDACTED'
    'Connection': 'keep-alive'
    'Keep-Alive': 'REDACTED'
    'Content-Length': '0'
[2022-08-01 15:41:23,690] {logging_mixin.py:115} INFO - ['file_1.trs', 'file_2.trs', 'file_3.trs']
[2022-08-01 15:41:23,694] {_universal.py:473} INFO - Request URL: 'http://azurite:10000/devstoreaccount1/transcriptions/file_1'
Request method: 'PUT'
Request headers:
    'x-ms-blob-type': 'REDACTED'
    'Content-Length': '121'
    'If-None-Match': '*'
    'x-ms-version': 'REDACTED'
    'Content-Type': 'application/octet-stream'
    'Accept': 'application/xml'
    'User-Agent': 'azsdk-python-storage-blob/12.8.1 Python/3.7.13 (Linux-5.10.16.3-microsoft-standard-WSL2-x86_64-with-debian-11.4)'
    'x-ms-date': 'REDACTED'
    'x-ms-client-request-id': '65b9b3fe-11b0-11ed-8979-0242ac120008'
    'Authorization': 'REDACTED'
A body is sent with the request
[2022-08-01 15:41:23,708] {_universal.py:504} INFO - Response status: 201
Response headers:
    'Server': 'Azurite-Blob/3.18.0'
    'etag': '"0x1C67736BCF02960"'
    'last-modified': 'Mon, 01 Aug 2022 15:41:23 GMT'
    'content-md5': 'REDACTED'
    'x-ms-client-request-id': '65b9b3fe-11b0-11ed-8979-0242ac120008'
    'x-ms-request-id': '2cb33217-e9eb-4e3c-8335-c6d7d6dad206'
    'x-ms-version': 'REDACTED'
    'date': 'Mon, 01 Aug 2022 15:41:23 GMT'
    'x-ms-request-server-encrypted': 'REDACTED'
    'Connection': 'keep-alive'
    'Keep-Alive': 'REDACTED'
    'Content-Length': '0'
[2022-08-01 15:41:23,714] {_universal.py:473} INFO - Request URL: 'http://azurite:10000/devstoreaccount1/transcriptions/file_2'
Request method: 'PUT'
Request headers:
    'x-ms-blob-type': 'REDACTED'
    'Content-Length': '121'
    'If-None-Match': '*'
    'x-ms-version': 'REDACTED'
    'Content-Type': 'application/octet-stream'
    'Accept': 'application/xml'
    'User-Agent': 'azsdk-python-storage-blob/12.8.1 Python/3.7.13 (Linux-5.10.16.3-microsoft-standard-WSL2-x86_64-with-debian-11.4)'
    'x-ms-date': 'REDACTED'
    'x-ms-client-request-id': '65bcc120-11b0-11ed-8979-0242ac120008'
    'Authorization': 'REDACTED'
A body is sent with the request
[2022-08-01 15:41:23,726] {_universal.py:504} INFO - Response status: 201
Response headers:
    'Server': 'Azurite-Blob/3.18.0'
    'etag': '"0x23F3DECB91AE680"'
    'last-modified': 'Mon, 01 Aug 2022 15:41:23 GMT'
    'content-md5': 'REDACTED'
    'x-ms-client-request-id': '65bcc120-11b0-11ed-8979-0242ac120008'
    'x-ms-request-id': 'f61fe5f1-4312-4773-8a3a-f463921d3392'
    'x-ms-version': 'REDACTED'
    'date': 'Mon, 01 Aug 2022 15:41:23 GMT'
    'x-ms-request-server-encrypted': 'REDACTED'
    'Connection': 'keep-alive'
    'Keep-Alive': 'REDACTED'
    'Content-Length': '0'
[2022-08-01 15:41:23,731] {_universal.py:473} INFO - Request URL: 'http://azurite:10000/devstoreaccount1/transcriptions/file_3'
Request method: 'PUT'
Request headers:
    'x-ms-blob-type': 'REDACTED'
    'Content-Length': '121'
    'If-None-Match': '*'
    'x-ms-version': 'REDACTED'
    'Content-Type': 'application/octet-stream'
    'Accept': 'application/xml'
    'User-Agent': 'azsdk-python-storage-blob/12.8.1 Python/3.7.13 (Linux-5.10.16.3-microsoft-standard-WSL2-x86_64-with-debian-11.4)'
    'x-ms-date': 'REDACTED'
    'x-ms-client-request-id': '65bf7974-11b0-11ed-8979-0242ac120008'
    'Authorization': 'REDACTED'
A body is sent with the request
[2022-08-01 15:41:23,744] {_universal.py:504} INFO - Response status: 201
Response headers:
    'Server': 'Azurite-Blob/3.18.0'
    'etag': '"0x22CFD7B73827D20"'
    'last-modified': 'Mon, 01 Aug 2022 15:41:23 GMT'
    'content-md5': 'REDACTED'
    'x-ms-client-request-id': '65bf7974-11b0-11ed-8979-0242ac120008'
    'x-ms-request-id': '599cb464-b3f6-4ae3-a843-e10f4110227d'
    'x-ms-version': 'REDACTED'
    'date': 'Mon, 01 Aug 2022 15:41:23 GMT'
    'x-ms-request-server-encrypted': 'REDACTED'
    'Connection': 'keep-alive'
    'Keep-Alive': 'REDACTED'
    'Content-Length': '0'
[2022-08-01 15:41:23,746] {logging_mixin.py:115} INFO - files loaded successfully
[2022-08-01 15:41:23,747] {python.py:173} INFO - Done. Returned value was: 0
[2022-08-01 15:41:23,782] {taskinstance.py:1420} INFO - Marking task as SUCCESS. dag_id=Demo, task_id=data_uploading, execution_date=20220801T154115, start_date=20220801T154123, end_date=20220801T154123
[2022-08-01 15:41:23,837] {local_task_job.py:156} INFO - Task exited with return code 0
[2022-08-01 15:41:23,898] {local_task_job.py:273} INFO - 0 downstream tasks scheduled from follow-on schedule check
