[2022-08-01 15:39:13,391] {taskinstance.py:1179} INFO - Dependencies all met for <TaskInstance: Demo.data_uploading manual__2022-08-01T15:39:04.311360+00:00 [queued]>
[2022-08-01 15:39:13,402] {taskinstance.py:1179} INFO - Dependencies all met for <TaskInstance: Demo.data_uploading manual__2022-08-01T15:39:04.311360+00:00 [queued]>
[2022-08-01 15:39:13,403] {taskinstance.py:1376} INFO - 
--------------------------------------------------------------------------------
[2022-08-01 15:39:13,403] {taskinstance.py:1377} INFO - Starting attempt 1 of 1
[2022-08-01 15:39:13,404] {taskinstance.py:1378} INFO - 
--------------------------------------------------------------------------------
[2022-08-01 15:39:13,420] {taskinstance.py:1397} INFO - Executing <Task(PythonOperator): data_uploading> on 2022-08-01 15:39:04.311360+00:00
[2022-08-01 15:39:13,425] {standard_task_runner.py:52} INFO - Started process 112 to run task
[2022-08-01 15:39:13,428] {standard_task_runner.py:79} INFO - Running: ['***', 'tasks', 'run', 'Demo', 'data_uploading', 'manual__2022-08-01T15:39:04.311360+00:00', '--job-id', '121', '--raw', '--subdir', 'DAGS_FOLDER/demo.py', '--cfg-path', '/tmp/tmpf10q2wau', '--error-file', '/tmp/tmpb1ul8od8']
[2022-08-01 15:39:13,428] {standard_task_runner.py:80} INFO - Job 121: Subtask data_uploading
[2022-08-01 15:39:13,505] {task_command.py:371} INFO - Running <TaskInstance: Demo.data_uploading manual__2022-08-01T15:39:04.311360+00:00 [running]> on host 31353b71d6cb
[2022-08-01 15:39:13,602] {taskinstance.py:1591} INFO - Exporting the following env vars:
AIRFLOW_CTX_DAG_OWNER=***
AIRFLOW_CTX_DAG_ID=Demo
AIRFLOW_CTX_TASK_ID=data_uploading
AIRFLOW_CTX_EXECUTION_DATE=2022-08-01T15:39:04.311360+00:00
AIRFLOW_CTX_TRY_NUMBER=1
AIRFLOW_CTX_DAG_RUN_ID=manual__2022-08-01T15:39:04.311360+00:00
[2022-08-01 15:39:13,604] {python.py:173} INFO - Done. Returned value was: 0
[2022-08-01 15:39:13,637] {taskinstance.py:1420} INFO - Marking task as SUCCESS. dag_id=Demo, task_id=data_uploading, execution_date=20220801T153904, start_date=20220801T153913, end_date=20220801T153913
[2022-08-01 15:39:13,680] {local_task_job.py:156} INFO - Task exited with return code 0
[2022-08-01 15:39:13,728] {local_task_job.py:273} INFO - 1 downstream tasks scheduled from follow-on schedule check
