[2022-07-29 08:31:00,260] {taskinstance.py:1179} INFO - Dependencies all met for <TaskInstance: Demo.data_uploading manual__2022-07-29T08:30:54.561609+00:00 [queued]>
[2022-07-29 08:31:00,291] {taskinstance.py:1179} INFO - Dependencies all met for <TaskInstance: Demo.data_uploading manual__2022-07-29T08:30:54.561609+00:00 [queued]>
[2022-07-29 08:31:00,292] {taskinstance.py:1376} INFO - 
--------------------------------------------------------------------------------
[2022-07-29 08:31:00,293] {taskinstance.py:1377} INFO - Starting attempt 1 of 1
[2022-07-29 08:31:00,306] {taskinstance.py:1378} INFO - 
--------------------------------------------------------------------------------
[2022-07-29 08:31:00,365] {taskinstance.py:1397} INFO - Executing <Task(PythonOperator): data_uploading> on 2022-07-29 08:30:54.561609+00:00
[2022-07-29 08:31:00,374] {standard_task_runner.py:52} INFO - Started process 1602 to run task
[2022-07-29 08:31:00,384] {standard_task_runner.py:79} INFO - Running: ['***', 'tasks', 'run', 'Demo', 'data_uploading', 'manual__2022-07-29T08:30:54.561609+00:00', '--job-id', '53', '--raw', '--subdir', 'DAGS_FOLDER/demo.py', '--cfg-path', '/tmp/tmp5ouhnjz9', '--error-file', '/tmp/tmp92uh7y0c']
[2022-07-29 08:31:00,385] {standard_task_runner.py:80} INFO - Job 53: Subtask data_uploading
[2022-07-29 08:31:00,628] {task_command.py:371} INFO - Running <TaskInstance: Demo.data_uploading manual__2022-07-29T08:30:54.561609+00:00 [running]> on host 949e67af4713
[2022-07-29 08:31:00,889] {taskinstance.py:1591} INFO - Exporting the following env vars:
AIRFLOW_CTX_DAG_OWNER=***
AIRFLOW_CTX_DAG_ID=Demo
AIRFLOW_CTX_TASK_ID=data_uploading
AIRFLOW_CTX_EXECUTION_DATE=2022-07-29T08:30:54.561609+00:00
AIRFLOW_CTX_TRY_NUMBER=1
AIRFLOW_CTX_DAG_RUN_ID=manual__2022-07-29T08:30:54.561609+00:00
[2022-07-29 08:31:00,892] {python.py:173} INFO - Done. Returned value was: 0
[2022-07-29 08:31:00,970] {taskinstance.py:1420} INFO - Marking task as SUCCESS. dag_id=Demo, task_id=data_uploading, execution_date=20220729T083054, start_date=20220729T083100, end_date=20220729T083100
[2022-07-29 08:31:01,041] {local_task_job.py:156} INFO - Task exited with return code 0
[2022-07-29 08:31:01,271] {local_task_job.py:273} INFO - 0 downstream tasks scheduled from follow-on schedule check
