[2022-08-01 12:36:32,484] {taskinstance.py:1179} INFO - Dependencies all met for <TaskInstance: Demo.container_creation manual__2022-08-01T12:36:28.767825+00:00 [queued]>
[2022-08-01 12:36:32,497] {taskinstance.py:1179} INFO - Dependencies all met for <TaskInstance: Demo.container_creation manual__2022-08-01T12:36:28.767825+00:00 [queued]>
[2022-08-01 12:36:32,498] {taskinstance.py:1376} INFO - 
--------------------------------------------------------------------------------
[2022-08-01 12:36:32,498] {taskinstance.py:1377} INFO - Starting attempt 1 of 1
[2022-08-01 12:36:32,498] {taskinstance.py:1378} INFO - 
--------------------------------------------------------------------------------
[2022-08-01 12:36:32,519] {taskinstance.py:1397} INFO - Executing <Task(PythonOperator): container_creation> on 2022-08-01 12:36:28.767825+00:00
[2022-08-01 12:36:32,524] {standard_task_runner.py:52} INFO - Started process 4296 to run task
[2022-08-01 12:36:32,528] {standard_task_runner.py:79} INFO - Running: ['***', 'tasks', 'run', 'Demo', 'container_creation', 'manual__2022-08-01T12:36:28.767825+00:00', '--job-id', '86', '--raw', '--subdir', 'DAGS_FOLDER/demo.py', '--cfg-path', '/tmp/tmpx477fokv', '--error-file', '/tmp/tmp89gzrd5y']
[2022-08-01 12:36:32,529] {standard_task_runner.py:80} INFO - Job 86: Subtask container_creation
[2022-08-01 12:36:32,609] {task_command.py:371} INFO - Running <TaskInstance: Demo.container_creation manual__2022-08-01T12:36:28.767825+00:00 [running]> on host 31353b71d6cb
[2022-08-01 12:36:32,691] {taskinstance.py:1591} INFO - Exporting the following env vars:
AIRFLOW_CTX_DAG_OWNER=***
AIRFLOW_CTX_DAG_ID=Demo
AIRFLOW_CTX_TASK_ID=container_creation
AIRFLOW_CTX_EXECUTION_DATE=2022-08-01T12:36:28.767825+00:00
AIRFLOW_CTX_TRY_NUMBER=1
AIRFLOW_CTX_DAG_RUN_ID=manual__2022-08-01T12:36:28.767825+00:00
[2022-08-01 12:36:32,692] {logging_mixin.py:115} INFO - {'authority': 'https://login.microsoftonline.com/e0cf9a78-c695-404d-a358-126ac5781e34', 'client_id': 'bb84889f-9595-4aa8-8dc3-a3926f8ecf66', 'scope': ['https://graph.microsoft.com/.default'], 'secret': 'zYB8Q~0HoouTCRwlJR_hsRNQTHVOscyawKpWdbT~', 'endpoint': 'https://graph.microsoft.com/v1.0/users/houssem@yq1ws.onmicrosoft.com/', 'endpoint_waves': 'https://graph.microsoft.com/v1.0/users/houssem@yq1ws.onmicrosoft.com/drive/root/children/waves/children', 'endpoint_transcriptions': 'https://graph.microsoft.com/v1.0/users/houssem@yq1ws.onmicrosoft.com/drive/root/children/transcriptions/children'}
[2022-08-01 12:36:32,692] {logging_mixin.py:115} INFO - {'file_1.wav': '01ZFL7NILY2XVSFGQVPFBJYF2277XVMUGP', 'file_2.wav': '01ZFL7NINKIE4JTJPAWVCJOG622NMMBUU7', 'file_3.wav': '01ZFL7NIPVR6BB3RPH6BBZXSGQLD2XEJ6G'}
[2022-08-01 12:36:32,693] {logging_mixin.py:115} INFO - {'file_1.trs': '01ZFL7NIJEICQWZ3XXEVEYTWGVUUPJWEM6', 'file_2.trs': '01ZFL7NIKMI7CYAER7H5E3AHDGFIBUKYW3', 'file_3.trs': '01ZFL7NIL2H56XMTRE4ZALXXYLSBUHUXHB', 'file_4.trs': '01ZFL7NIMXWUSAWFNAMJFLJOXBMUUJWYVH'}
[2022-08-01 12:36:40,596] {logging_mixin.py:115} INFO - ['file_1', 'file_2', 'file_3']
[2022-08-01 12:36:42,541] {logging_mixin.py:115} INFO - file_1
[2022-08-01 12:36:44,424] {logging_mixin.py:115} INFO - file_2
[2022-08-01 12:36:46,361] {logging_mixin.py:115} INFO - file_3
[2022-08-01 12:36:47,104] {python.py:173} INFO - Done. Returned value was: 0
[2022-08-01 12:36:47,138] {taskinstance.py:1420} INFO - Marking task as SUCCESS. dag_id=Demo, task_id=container_creation, execution_date=20220801T123628, start_date=20220801T123632, end_date=20220801T123647
[2022-08-01 12:36:47,197] {local_task_job.py:156} INFO - Task exited with return code 0
[2022-08-01 12:36:47,239] {local_task_job.py:273} INFO - 1 downstream tasks scheduled from follow-on schedule check
