[2022-08-01 13:06:38,480] {taskinstance.py:1179} INFO - Dependencies all met for <TaskInstance: Demo.data_fetching manual__2022-08-01T13:06:27.207673+00:00 [queued]>
[2022-08-01 13:06:38,493] {taskinstance.py:1179} INFO - Dependencies all met for <TaskInstance: Demo.data_fetching manual__2022-08-01T13:06:27.207673+00:00 [queued]>
[2022-08-01 13:06:38,494] {taskinstance.py:1376} INFO - 
--------------------------------------------------------------------------------
[2022-08-01 13:06:38,494] {taskinstance.py:1377} INFO - Starting attempt 1 of 1
[2022-08-01 13:06:38,494] {taskinstance.py:1378} INFO - 
--------------------------------------------------------------------------------
[2022-08-01 13:06:38,516] {taskinstance.py:1397} INFO - Executing <Task(PythonOperator): data_fetching> on 2022-08-01 13:06:27.207673+00:00
[2022-08-01 13:06:38,520] {standard_task_runner.py:52} INFO - Started process 5715 to run task
[2022-08-01 13:06:38,523] {standard_task_runner.py:79} INFO - Running: ['***', 'tasks', 'run', 'Demo', 'data_fetching', 'manual__2022-08-01T13:06:27.207673+00:00', '--job-id', '100', '--raw', '--subdir', 'DAGS_FOLDER/demo.py', '--cfg-path', '/tmp/tmpri9qhuli', '--error-file', '/tmp/tmp3nk9bet3']
[2022-08-01 13:06:38,524] {standard_task_runner.py:80} INFO - Job 100: Subtask data_fetching
[2022-08-01 13:06:38,601] {task_command.py:371} INFO - Running <TaskInstance: Demo.data_fetching manual__2022-08-01T13:06:27.207673+00:00 [running]> on host 31353b71d6cb
[2022-08-01 13:06:38,683] {taskinstance.py:1591} INFO - Exporting the following env vars:
AIRFLOW_CTX_DAG_OWNER=***
AIRFLOW_CTX_DAG_ID=Demo
AIRFLOW_CTX_TASK_ID=data_fetching
AIRFLOW_CTX_EXECUTION_DATE=2022-08-01T13:06:27.207673+00:00
AIRFLOW_CTX_TRY_NUMBER=1
AIRFLOW_CTX_DAG_RUN_ID=manual__2022-08-01T13:06:27.207673+00:00
[2022-08-01 13:06:38,684] {python.py:173} INFO - Done. Returned value was: 0
[2022-08-01 13:06:38,716] {taskinstance.py:1420} INFO - Marking task as SUCCESS. dag_id=Demo, task_id=data_fetching, execution_date=20220801T130627, start_date=20220801T130638, end_date=20220801T130638
[2022-08-01 13:06:38,735] {local_task_job.py:156} INFO - Task exited with return code 0
[2022-08-01 13:06:38,780] {local_task_job.py:273} INFO - 1 downstream tasks scheduled from follow-on schedule check
