[2022-08-01 12:57:49,306] {taskinstance.py:1179} INFO - Dependencies all met for <TaskInstance: Demo.data_uploading manual__2022-08-01T12:57:41.173737+00:00 [queued]>
[2022-08-01 12:57:49,316] {taskinstance.py:1179} INFO - Dependencies all met for <TaskInstance: Demo.data_uploading manual__2022-08-01T12:57:41.173737+00:00 [queued]>
[2022-08-01 12:57:49,317] {taskinstance.py:1376} INFO - 
--------------------------------------------------------------------------------
[2022-08-01 12:57:49,317] {taskinstance.py:1377} INFO - Starting attempt 1 of 1
[2022-08-01 12:57:49,318] {taskinstance.py:1378} INFO - 
--------------------------------------------------------------------------------
[2022-08-01 12:57:49,334] {taskinstance.py:1397} INFO - Executing <Task(PythonOperator): data_uploading> on 2022-08-01 12:57:41.173737+00:00
[2022-08-01 12:57:49,338] {standard_task_runner.py:52} INFO - Started process 5291 to run task
[2022-08-01 12:57:49,341] {standard_task_runner.py:79} INFO - Running: ['***', 'tasks', 'run', 'Demo', 'data_uploading', 'manual__2022-08-01T12:57:41.173737+00:00', '--job-id', '91', '--raw', '--subdir', 'DAGS_FOLDER/demo.py', '--cfg-path', '/tmp/tmpbzajnrsw', '--error-file', '/tmp/tmpuk4hmh6i']
[2022-08-01 12:57:49,342] {standard_task_runner.py:80} INFO - Job 91: Subtask data_uploading
[2022-08-01 12:57:49,417] {task_command.py:371} INFO - Running <TaskInstance: Demo.data_uploading manual__2022-08-01T12:57:41.173737+00:00 [running]> on host 31353b71d6cb
[2022-08-01 12:57:49,508] {taskinstance.py:1591} INFO - Exporting the following env vars:
AIRFLOW_CTX_DAG_OWNER=***
AIRFLOW_CTX_DAG_ID=Demo
AIRFLOW_CTX_TASK_ID=data_uploading
AIRFLOW_CTX_EXECUTION_DATE=2022-08-01T12:57:41.173737+00:00
AIRFLOW_CTX_TRY_NUMBER=1
AIRFLOW_CTX_DAG_RUN_ID=manual__2022-08-01T12:57:41.173737+00:00
[2022-08-01 12:57:49,523] {base.py:68} INFO - Using connection ID 'azure_demo' for task execution.
[2022-08-01 12:57:49,529] {logging_mixin.py:115} INFO - ['file_1.wav', 'file_2.wav', 'file_3.wav']
[2022-08-01 12:57:49,530] {python.py:173} INFO - Done. Returned value was: 0
[2022-08-01 12:57:49,572] {taskinstance.py:1420} INFO - Marking task as SUCCESS. dag_id=Demo, task_id=data_uploading, execution_date=20220801T125741, start_date=20220801T125749, end_date=20220801T125749
[2022-08-01 12:57:49,596] {local_task_job.py:156} INFO - Task exited with return code 0
[2022-08-01 12:57:49,644] {local_task_job.py:273} INFO - 1 downstream tasks scheduled from follow-on schedule check
