[2022-08-02 08:00:01,403] {taskinstance.py:1179} INFO - Dependencies all met for <TaskInstance: Demo.data_uploading manual__2022-08-02T07:59:51.996762+00:00 [queued]>
[2022-08-02 08:00:01,415] {taskinstance.py:1179} INFO - Dependencies all met for <TaskInstance: Demo.data_uploading manual__2022-08-02T07:59:51.996762+00:00 [queued]>
[2022-08-02 08:00:01,416] {taskinstance.py:1376} INFO - 
--------------------------------------------------------------------------------
[2022-08-02 08:00:01,416] {taskinstance.py:1377} INFO - Starting attempt 1 of 1
[2022-08-02 08:00:01,417] {taskinstance.py:1378} INFO - 
--------------------------------------------------------------------------------
[2022-08-02 08:00:01,436] {taskinstance.py:1397} INFO - Executing <Task(PythonOperator): data_uploading> on 2022-08-02 07:59:51.996762+00:00
[2022-08-02 08:00:01,441] {standard_task_runner.py:52} INFO - Started process 676 to run task
[2022-08-02 08:00:01,446] {standard_task_runner.py:79} INFO - Running: ['***', 'tasks', 'run', 'Demo', 'data_uploading', 'manual__2022-08-02T07:59:51.996762+00:00', '--job-id', '149', '--raw', '--subdir', 'DAGS_FOLDER/demo.py', '--cfg-path', '/tmp/tmpa1ttilni', '--error-file', '/tmp/tmpbiwqjab9']
[2022-08-02 08:00:01,446] {standard_task_runner.py:80} INFO - Job 149: Subtask data_uploading
[2022-08-02 08:00:01,532] {task_command.py:371} INFO - Running <TaskInstance: Demo.data_uploading manual__2022-08-02T07:59:51.996762+00:00 [running]> on host 31353b71d6cb
[2022-08-02 08:00:01,649] {taskinstance.py:1591} INFO - Exporting the following env vars:
AIRFLOW_CTX_DAG_OWNER=***
AIRFLOW_CTX_DAG_ID=Demo
AIRFLOW_CTX_TASK_ID=data_uploading
AIRFLOW_CTX_EXECUTION_DATE=2022-08-02T07:59:51.996762+00:00
AIRFLOW_CTX_TRY_NUMBER=1
AIRFLOW_CTX_DAG_RUN_ID=manual__2022-08-02T07:59:51.996762+00:00
[2022-08-02 08:00:01,663] {base.py:68} INFO - Using connection ID 'azure_demo' for task execution.
[2022-08-02 08:00:01,666] {logging_mixin.py:115} INFO - connection made successfully
[2022-08-02 08:00:01,669] {_universal.py:476} INFO - Request URL: 'http://azurite:10000/devstoreaccount1/waves?restype=REDACTED'
Request method: 'PUT'
Request headers:
    'x-ms-version': 'REDACTED'
    'Accept': 'application/xml'
    'User-Agent': 'azsdk-python-storage-blob/12.8.1 Python/3.7.13 (Linux-5.10.16.3-microsoft-standard-WSL2-x86_64-with-debian-11.4)'
    'x-ms-date': 'REDACTED'
    'x-ms-client-request-id': '1c5d9a2a-1239-11ed-a714-0242ac120006'
    'Authorization': 'REDACTED'
No body was attached to the request
[2022-08-02 08:00:01,735] {_universal.py:504} INFO - Response status: 201
Response headers:
    'Server': 'Azurite-Blob/3.18.0'
    'etag': '"0x2044A3499EB2420"'
    'last-modified': 'Tue, 02 Aug 2022 08:00:01 GMT'
    'x-ms-client-request-id': '1c5d9a2a-1239-11ed-a714-0242ac120006'
    'x-ms-request-id': 'f292ac1f-9160-468f-875b-2bdcdab10ec0'
    'x-ms-version': 'REDACTED'
    'Date': 'Tue, 02 Aug 2022 08:00:01 GMT'
    'Connection': 'keep-alive'
    'Keep-Alive': 'REDACTED'
    'Content-Length': '0'
[2022-08-02 08:00:01,736] {wasb.py:368} INFO - Created container: waves
[2022-08-02 08:00:01,739] {_universal.py:476} INFO - Request URL: 'http://azurite:10000/devstoreaccount1/transcriptions?restype=REDACTED'
Request method: 'PUT'
Request headers:
    'x-ms-version': 'REDACTED'
    'Accept': 'application/xml'
    'User-Agent': 'azsdk-python-storage-blob/12.8.1 Python/3.7.13 (Linux-5.10.16.3-microsoft-standard-WSL2-x86_64-with-debian-11.4)'
    'x-ms-date': 'REDACTED'
    'x-ms-client-request-id': '1c68486c-1239-11ed-a714-0242ac120006'
    'Authorization': 'REDACTED'
No body was attached to the request
[2022-08-02 08:00:01,751] {_universal.py:504} INFO - Response status: 201
Response headers:
    'Server': 'Azurite-Blob/3.18.0'
    'etag': '"0x23C5388B659D780"'
    'last-modified': 'Tue, 02 Aug 2022 08:00:01 GMT'
    'x-ms-client-request-id': '1c68486c-1239-11ed-a714-0242ac120006'
    'x-ms-request-id': 'eb05cd25-ad16-4c0a-93ed-78c4e5dc5ee2'
    'x-ms-version': 'REDACTED'
    'Date': 'Tue, 02 Aug 2022 08:00:01 GMT'
    'Connection': 'keep-alive'
    'Keep-Alive': 'REDACTED'
    'Content-Length': '0'
[2022-08-02 08:00:01,752] {wasb.py:368} INFO - Created container: transcriptions
[2022-08-02 08:00:01,753] {logging_mixin.py:115} INFO - containers created successfully
[2022-08-02 08:00:01,754] {python.py:173} INFO - Done. Returned value was: 0
[2022-08-02 08:00:01,804] {taskinstance.py:1420} INFO - Marking task as SUCCESS. dag_id=Demo, task_id=data_uploading, execution_date=20220802T075951, start_date=20220802T080001, end_date=20220802T080001
[2022-08-02 08:00:01,858] {local_task_job.py:156} INFO - Task exited with return code 0
[2022-08-02 08:00:01,958] {local_task_job.py:273} INFO - 1 downstream tasks scheduled from follow-on schedule check
