[2022-08-01 13:11:17,614] {taskinstance.py:1179} INFO - Dependencies all met for <TaskInstance: Demo.data_uploading manual__2022-08-01T13:11:09.384312+00:00 [queued]>
[2022-08-01 13:11:17,625] {taskinstance.py:1179} INFO - Dependencies all met for <TaskInstance: Demo.data_uploading manual__2022-08-01T13:11:09.384312+00:00 [queued]>
[2022-08-01 13:11:17,626] {taskinstance.py:1376} INFO - 
--------------------------------------------------------------------------------
[2022-08-01 13:11:17,626] {taskinstance.py:1377} INFO - Starting attempt 1 of 1
[2022-08-01 13:11:17,627] {taskinstance.py:1378} INFO - 
--------------------------------------------------------------------------------
[2022-08-01 13:11:17,644] {taskinstance.py:1397} INFO - Executing <Task(PythonOperator): data_uploading> on 2022-08-01 13:11:09.384312+00:00
[2022-08-01 13:11:17,649] {standard_task_runner.py:52} INFO - Started process 5945 to run task
[2022-08-01 13:11:17,652] {standard_task_runner.py:79} INFO - Running: ['***', 'tasks', 'run', 'Demo', 'data_uploading', 'manual__2022-08-01T13:11:09.384312+00:00', '--job-id', '107', '--raw', '--subdir', 'DAGS_FOLDER/demo.py', '--cfg-path', '/tmp/tmpsonv1na2', '--error-file', '/tmp/tmplrm8b3k9']
[2022-08-01 13:11:17,653] {standard_task_runner.py:80} INFO - Job 107: Subtask data_uploading
[2022-08-01 13:11:17,730] {task_command.py:371} INFO - Running <TaskInstance: Demo.data_uploading manual__2022-08-01T13:11:09.384312+00:00 [running]> on host 31353b71d6cb
[2022-08-01 13:11:17,814] {taskinstance.py:1591} INFO - Exporting the following env vars:
AIRFLOW_CTX_DAG_OWNER=***
AIRFLOW_CTX_DAG_ID=Demo
AIRFLOW_CTX_TASK_ID=data_uploading
AIRFLOW_CTX_EXECUTION_DATE=2022-08-01T13:11:09.384312+00:00
AIRFLOW_CTX_TRY_NUMBER=1
AIRFLOW_CTX_DAG_RUN_ID=manual__2022-08-01T13:11:09.384312+00:00
[2022-08-01 13:11:17,825] {base.py:68} INFO - Using connection ID 'azure_demo' for task execution.
[2022-08-01 13:11:17,828] {logging_mixin.py:115} INFO - connection made successfully
[2022-08-01 13:11:17,830] {_universal.py:476} INFO - Request URL: 'http://azurite:10000/devstoreaccount1/waves?restype=REDACTED'
Request method: 'PUT'
Request headers:
    'x-ms-version': 'REDACTED'
    'Accept': 'application/xml'
    'User-Agent': 'azsdk-python-storage-blob/12.8.1 Python/3.7.13 (Linux-5.10.16.3-microsoft-standard-WSL2-x86_64-with-debian-11.4)'
    'x-ms-date': 'REDACTED'
    'x-ms-client-request-id': '6dcfea14-119b-11ed-9328-0242ac120006'
    'Authorization': 'REDACTED'
No body was attached to the request
[2022-08-01 13:11:17,940] {_universal.py:504} INFO - Response status: 201
Response headers:
    'Server': 'Azurite-Blob/3.18.0'
    'etag': '"0x228FEFE91EA0880"'
    'last-modified': 'Mon, 01 Aug 2022 13:11:17 GMT'
    'x-ms-client-request-id': '6dcfea14-119b-11ed-9328-0242ac120006'
    'x-ms-request-id': 'a0869b51-8473-4bd0-a9a2-f7cd4b90fc77'
    'x-ms-version': 'REDACTED'
    'Date': 'Mon, 01 Aug 2022 13:11:17 GMT'
    'Connection': 'keep-alive'
    'Keep-Alive': 'REDACTED'
    'Content-Length': '0'
[2022-08-01 13:11:17,941] {wasb.py:368} INFO - Created container: waves
[2022-08-01 13:11:17,943] {_universal.py:476} INFO - Request URL: 'http://azurite:10000/devstoreaccount1/transcriptions?restype=REDACTED'
Request method: 'PUT'
Request headers:
    'x-ms-version': 'REDACTED'
    'Accept': 'application/xml'
    'User-Agent': 'azsdk-python-storage-blob/12.8.1 Python/3.7.13 (Linux-5.10.16.3-microsoft-standard-WSL2-x86_64-with-debian-11.4)'
    'x-ms-date': 'REDACTED'
    'x-ms-client-request-id': '6de12720-119b-11ed-9328-0242ac120006'
    'Authorization': 'REDACTED'
No body was attached to the request
[2022-08-01 13:11:17,949] {_universal.py:504} INFO - Response status: 201
Response headers:
    'Server': 'Azurite-Blob/3.18.0'
    'etag': '"0x20D168AEC6B02C0"'
    'last-modified': 'Mon, 01 Aug 2022 13:11:17 GMT'
    'x-ms-client-request-id': '6de12720-119b-11ed-9328-0242ac120006'
    'x-ms-request-id': '038844bf-22d7-4093-a620-7b6ef0ce6c52'
    'x-ms-version': 'REDACTED'
    'Date': 'Mon, 01 Aug 2022 13:11:17 GMT'
    'Connection': 'keep-alive'
    'Keep-Alive': 'REDACTED'
    'Content-Length': '0'
[2022-08-01 13:11:17,950] {wasb.py:368} INFO - Created container: transcriptions
[2022-08-01 13:11:17,951] {logging_mixin.py:115} INFO - containers created successfully
[2022-08-01 13:11:17,953] {logging_mixin.py:115} INFO - ['file_1.wav', 'file_2.wav', 'file_3.wav']
[2022-08-01 13:11:17,978] {_universal.py:473} INFO - Request URL: 'http://azurite:10000/devstoreaccount1/waves/file_1'
Request method: 'PUT'
Request headers:
    'x-ms-blob-type': 'REDACTED'
    'Content-Length': '5226766'
    'If-None-Match': '*'
    'x-ms-version': 'REDACTED'
    'Content-Type': 'application/octet-stream'
    'Accept': 'application/xml'
    'User-Agent': 'azsdk-python-storage-blob/12.8.1 Python/3.7.13 (Linux-5.10.16.3-microsoft-standard-WSL2-x86_64-with-debian-11.4)'
    'x-ms-date': 'REDACTED'
    'x-ms-client-request-id': '6de699bc-119b-11ed-9328-0242ac120006'
    'Authorization': 'REDACTED'
A body is sent with the request
[2022-08-01 13:11:18,053] {_universal.py:504} INFO - Response status: 201
Response headers:
    'Server': 'Azurite-Blob/3.18.0'
    'etag': '"0x1C61177A9B70320"'
    'last-modified': 'Mon, 01 Aug 2022 13:11:17 GMT'
    'content-md5': 'REDACTED'
    'x-ms-client-request-id': '6de699bc-119b-11ed-9328-0242ac120006'
    'x-ms-request-id': '6f5c17a4-f9f3-4c2d-9380-081ee6d83fbc'
    'x-ms-version': 'REDACTED'
    'date': 'Mon, 01 Aug 2022 13:11:17 GMT'
    'x-ms-request-server-encrypted': 'REDACTED'
    'Connection': 'keep-alive'
    'Keep-Alive': 'REDACTED'
    'Content-Length': '0'
[2022-08-01 13:11:18,071] {_universal.py:473} INFO - Request URL: 'http://azurite:10000/devstoreaccount1/waves/file_2'
Request method: 'PUT'
Request headers:
    'x-ms-blob-type': 'REDACTED'
    'Content-Length': '2146166'
    'If-None-Match': '*'
    'x-ms-version': 'REDACTED'
    'Content-Type': 'application/octet-stream'
    'Accept': 'application/xml'
    'User-Agent': 'azsdk-python-storage-blob/12.8.1 Python/3.7.13 (Linux-5.10.16.3-microsoft-standard-WSL2-x86_64-with-debian-11.4)'
    'x-ms-date': 'REDACTED'
    'x-ms-client-request-id': '6df4cf78-119b-11ed-9328-0242ac120006'
    'Authorization': 'REDACTED'
A body is sent with the request
[2022-08-01 13:11:18,113] {_universal.py:504} INFO - Response status: 201
Response headers:
    'Server': 'Azurite-Blob/3.18.0'
    'etag': '"0x2224E139FA61440"'
    'last-modified': 'Mon, 01 Aug 2022 13:11:18 GMT'
    'content-md5': 'REDACTED'
    'x-ms-client-request-id': '6df4cf78-119b-11ed-9328-0242ac120006'
    'x-ms-request-id': '7f32377a-1acb-4cbb-9f80-c62cfe59ac6c'
    'x-ms-version': 'REDACTED'
    'date': 'Mon, 01 Aug 2022 13:11:18 GMT'
    'x-ms-request-server-encrypted': 'REDACTED'
    'Connection': 'keep-alive'
    'Keep-Alive': 'REDACTED'
    'Content-Length': '0'
[2022-08-01 13:11:18,123] {_universal.py:473} INFO - Request URL: 'http://azurite:10000/devstoreaccount1/waves/file_3'
Request method: 'PUT'
Request headers:
    'x-ms-blob-type': 'REDACTED'
    'Content-Length': '1073218'
    'If-None-Match': '*'
    'x-ms-version': 'REDACTED'
    'Content-Type': 'application/octet-stream'
    'Accept': 'application/xml'
    'User-Agent': 'azsdk-python-storage-blob/12.8.1 Python/3.7.13 (Linux-5.10.16.3-microsoft-standard-WSL2-x86_64-with-debian-11.4)'
    'x-ms-date': 'REDACTED'
    'x-ms-client-request-id': '6dfcaca2-119b-11ed-9328-0242ac120006'
    'Authorization': 'REDACTED'
A body is sent with the request
[2022-08-01 13:11:18,156] {_universal.py:504} INFO - Response status: 201
Response headers:
    'Server': 'Azurite-Blob/3.18.0'
    'etag': '"0x1DAC736492A3A80"'
    'last-modified': 'Mon, 01 Aug 2022 13:11:18 GMT'
    'content-md5': 'REDACTED'
    'x-ms-client-request-id': '6dfcaca2-119b-11ed-9328-0242ac120006'
    'x-ms-request-id': '426ef21e-d19f-4f9e-914e-903469c18cd5'
    'x-ms-version': 'REDACTED'
    'date': 'Mon, 01 Aug 2022 13:11:18 GMT'
    'x-ms-request-server-encrypted': 'REDACTED'
    'Connection': 'keep-alive'
    'Keep-Alive': 'REDACTED'
    'Content-Length': '0'
[2022-08-01 13:11:18,160] {logging_mixin.py:115} INFO - ['file_1.trs', 'file_2.trs', 'file_3.trs']
[2022-08-01 13:11:18,163] {_universal.py:473} INFO - Request URL: 'http://azurite:10000/devstoreaccount1/transcriptions/file_1'
Request method: 'PUT'
Request headers:
    'x-ms-blob-type': 'REDACTED'
    'Content-Length': '121'
    'If-None-Match': '*'
    'x-ms-version': 'REDACTED'
    'Content-Type': 'application/octet-stream'
    'Accept': 'application/xml'
    'User-Agent': 'azsdk-python-storage-blob/12.8.1 Python/3.7.13 (Linux-5.10.16.3-microsoft-standard-WSL2-x86_64-with-debian-11.4)'
    'x-ms-date': 'REDACTED'
    'x-ms-client-request-id': '6e02d5dc-119b-11ed-9328-0242ac120006'
    'Authorization': 'REDACTED'
A body is sent with the request
[2022-08-01 13:11:18,179] {_universal.py:504} INFO - Response status: 201
Response headers:
    'Server': 'Azurite-Blob/3.18.0'
    'etag': '"0x1A0EF26AEE94C60"'
    'last-modified': 'Mon, 01 Aug 2022 13:11:18 GMT'
    'content-md5': 'REDACTED'
    'x-ms-client-request-id': '6e02d5dc-119b-11ed-9328-0242ac120006'
    'x-ms-request-id': '966bb583-2a8f-473f-bef8-c8d1fcb601ad'
    'x-ms-version': 'REDACTED'
    'date': 'Mon, 01 Aug 2022 13:11:18 GMT'
    'x-ms-request-server-encrypted': 'REDACTED'
    'Connection': 'keep-alive'
    'Keep-Alive': 'REDACTED'
    'Content-Length': '0'
[2022-08-01 13:11:18,184] {_universal.py:473} INFO - Request URL: 'http://azurite:10000/devstoreaccount1/transcriptions/file_2'
Request method: 'PUT'
Request headers:
    'x-ms-blob-type': 'REDACTED'
    'Content-Length': '121'
    'If-None-Match': '*'
    'x-ms-version': 'REDACTED'
    'Content-Type': 'application/octet-stream'
    'Accept': 'application/xml'
    'User-Agent': 'azsdk-python-storage-blob/12.8.1 Python/3.7.13 (Linux-5.10.16.3-microsoft-standard-WSL2-x86_64-with-debian-11.4)'
    'x-ms-date': 'REDACTED'
    'x-ms-client-request-id': '6e05f384-119b-11ed-9328-0242ac120006'
    'Authorization': 'REDACTED'
A body is sent with the request
[2022-08-01 13:11:18,199] {_universal.py:504} INFO - Response status: 201
Response headers:
    'Server': 'Azurite-Blob/3.18.0'
    'etag': '"0x232BF2D09B7E9E0"'
    'last-modified': 'Mon, 01 Aug 2022 13:11:18 GMT'
    'content-md5': 'REDACTED'
    'x-ms-client-request-id': '6e05f384-119b-11ed-9328-0242ac120006'
    'x-ms-request-id': '4c7c1b25-957a-4ae8-bdb6-f670bac59745'
    'x-ms-version': 'REDACTED'
    'date': 'Mon, 01 Aug 2022 13:11:18 GMT'
    'x-ms-request-server-encrypted': 'REDACTED'
    'Connection': 'keep-alive'
    'Keep-Alive': 'REDACTED'
    'Content-Length': '0'
[2022-08-01 13:11:18,204] {_universal.py:473} INFO - Request URL: 'http://azurite:10000/devstoreaccount1/transcriptions/file_3'
Request method: 'PUT'
Request headers:
    'x-ms-blob-type': 'REDACTED'
    'Content-Length': '121'
    'If-None-Match': '*'
    'x-ms-version': 'REDACTED'
    'Content-Type': 'application/octet-stream'
    'Accept': 'application/xml'
    'User-Agent': 'azsdk-python-storage-blob/12.8.1 Python/3.7.13 (Linux-5.10.16.3-microsoft-standard-WSL2-x86_64-with-debian-11.4)'
    'x-ms-date': 'REDACTED'
    'x-ms-client-request-id': '6e090308-119b-11ed-9328-0242ac120006'
    'Authorization': 'REDACTED'
A body is sent with the request
[2022-08-01 13:11:18,218] {_universal.py:504} INFO - Response status: 201
Response headers:
    'Server': 'Azurite-Blob/3.18.0'
    'etag': '"0x21F3ED01D24D680"'
    'last-modified': 'Mon, 01 Aug 2022 13:11:18 GMT'
    'content-md5': 'REDACTED'
    'x-ms-client-request-id': '6e090308-119b-11ed-9328-0242ac120006'
    'x-ms-request-id': 'a4c3a4c6-b9d2-4e12-b04e-cc74b08115ea'
    'x-ms-version': 'REDACTED'
    'date': 'Mon, 01 Aug 2022 13:11:18 GMT'
    'x-ms-request-server-encrypted': 'REDACTED'
    'Connection': 'keep-alive'
    'Keep-Alive': 'REDACTED'
    'Content-Length': '0'
[2022-08-01 13:11:18,220] {logging_mixin.py:115} INFO - files loaded successfully
[2022-08-01 13:11:18,220] {python.py:173} INFO - Done. Returned value was: 0
[2022-08-01 13:11:18,254] {taskinstance.py:1420} INFO - Marking task as SUCCESS. dag_id=Demo, task_id=data_uploading, execution_date=20220801T131109, start_date=20220801T131117, end_date=20220801T131118
[2022-08-01 13:11:18,307] {local_task_job.py:156} INFO - Task exited with return code 0
[2022-08-01 13:11:18,356] {local_task_job.py:273} INFO - 1 downstream tasks scheduled from follow-on schedule check
