[2022-08-01 11:17:43,489] {taskinstance.py:1179} INFO - Dependencies all met for <TaskInstance: Demo.data_uploading manual__2022-08-01T11:17:20.666291+00:00 [queued]>
[2022-08-01 11:17:43,518] {taskinstance.py:1179} INFO - Dependencies all met for <TaskInstance: Demo.data_uploading manual__2022-08-01T11:17:20.666291+00:00 [queued]>
[2022-08-01 11:17:43,519] {taskinstance.py:1376} INFO - 
--------------------------------------------------------------------------------
[2022-08-01 11:17:43,520] {taskinstance.py:1377} INFO - Starting attempt 1 of 1
[2022-08-01 11:17:43,521] {taskinstance.py:1378} INFO - 
--------------------------------------------------------------------------------
[2022-08-01 11:17:43,565] {taskinstance.py:1397} INFO - Executing <Task(PythonOperator): data_uploading> on 2022-08-01 11:17:20.666291+00:00
[2022-08-01 11:17:43,575] {standard_task_runner.py:52} INFO - Started process 2823 to run task
[2022-08-01 11:17:43,586] {standard_task_runner.py:79} INFO - Running: ['***', 'tasks', 'run', 'Demo', 'data_uploading', 'manual__2022-08-01T11:17:20.666291+00:00', '--job-id', '79', '--raw', '--subdir', 'DAGS_FOLDER/demo.py', '--cfg-path', '/tmp/tmphr_lwpzw', '--error-file', '/tmp/tmpdcpafe4s']
[2022-08-01 11:17:43,587] {standard_task_runner.py:80} INFO - Job 79: Subtask data_uploading
[2022-08-01 11:17:43,772] {task_command.py:371} INFO - Running <TaskInstance: Demo.data_uploading manual__2022-08-01T11:17:20.666291+00:00 [running]> on host 31353b71d6cb
[2022-08-01 11:17:44,025] {taskinstance.py:1591} INFO - Exporting the following env vars:
AIRFLOW_CTX_DAG_OWNER=***
AIRFLOW_CTX_DAG_ID=Demo
AIRFLOW_CTX_TASK_ID=data_uploading
AIRFLOW_CTX_EXECUTION_DATE=2022-08-01T11:17:20.666291+00:00
AIRFLOW_CTX_TRY_NUMBER=1
AIRFLOW_CTX_DAG_RUN_ID=manual__2022-08-01T11:17:20.666291+00:00
[2022-08-01 11:17:44,027] {python.py:173} INFO - Done. Returned value was: 0
[2022-08-01 11:17:44,121] {taskinstance.py:1420} INFO - Marking task as SUCCESS. dag_id=Demo, task_id=data_uploading, execution_date=20220801T111720, start_date=20220801T111743, end_date=20220801T111744
[2022-08-01 11:17:44,205] {local_task_job.py:156} INFO - Task exited with return code 0
[2022-08-01 11:17:44,389] {local_task_job.py:273} INFO - 1 downstream tasks scheduled from follow-on schedule check
