[2022-08-02 10:36:45,447] {taskinstance.py:1179} INFO - Dependencies all met for <TaskInstance: Demo.data_uploading manual__2022-08-02T10:36:37.553293+00:00 [queued]>
[2022-08-02 10:36:45,458] {taskinstance.py:1179} INFO - Dependencies all met for <TaskInstance: Demo.data_uploading manual__2022-08-02T10:36:37.553293+00:00 [queued]>
[2022-08-02 10:36:45,459] {taskinstance.py:1376} INFO - 
--------------------------------------------------------------------------------
[2022-08-02 10:36:45,459] {taskinstance.py:1377} INFO - Starting attempt 1 of 1
[2022-08-02 10:36:45,460] {taskinstance.py:1378} INFO - 
--------------------------------------------------------------------------------
[2022-08-02 10:36:45,481] {taskinstance.py:1397} INFO - Executing <Task(PythonOperator): data_uploading> on 2022-08-02 10:36:37.553293+00:00
[2022-08-02 10:36:45,486] {standard_task_runner.py:52} INFO - Started process 5682 to run task
[2022-08-02 10:36:45,489] {standard_task_runner.py:79} INFO - Running: ['***', 'tasks', 'run', 'Demo', 'data_uploading', 'manual__2022-08-02T10:36:37.553293+00:00', '--job-id', '253', '--raw', '--subdir', 'DAGS_FOLDER/demo.py', '--cfg-path', '/tmp/tmpxxvgcys4', '--error-file', '/tmp/tmp69jb_e5i']
[2022-08-02 10:36:45,490] {standard_task_runner.py:80} INFO - Job 253: Subtask data_uploading
[2022-08-02 10:36:45,580] {task_command.py:371} INFO - Running <TaskInstance: Demo.data_uploading manual__2022-08-02T10:36:37.553293+00:00 [running]> on host 31353b71d6cb
[2022-08-02 10:36:45,680] {taskinstance.py:1591} INFO - Exporting the following env vars:
AIRFLOW_CTX_DAG_OWNER=***
AIRFLOW_CTX_DAG_ID=Demo
AIRFLOW_CTX_TASK_ID=data_uploading
AIRFLOW_CTX_EXECUTION_DATE=2022-08-02T10:36:37.553293+00:00
AIRFLOW_CTX_TRY_NUMBER=1
AIRFLOW_CTX_DAG_RUN_ID=manual__2022-08-02T10:36:37.553293+00:00
[2022-08-02 10:36:45,682] {python.py:173} INFO - Done. Returned value was: 0
[2022-08-02 10:36:45,714] {taskinstance.py:1420} INFO - Marking task as SUCCESS. dag_id=Demo, task_id=data_uploading, execution_date=20220802T103637, start_date=20220802T103645, end_date=20220802T103645
[2022-08-02 10:36:45,742] {local_task_job.py:156} INFO - Task exited with return code 0
[2022-08-02 10:36:45,796] {local_task_job.py:273} INFO - 1 downstream tasks scheduled from follow-on schedule check
