[2022-07-28 15:16:42,785] {taskinstance.py:1179} INFO - Dependencies all met for <TaskInstance: Demo.data_uploading manual__2022-07-28T15:16:38.918482+00:00 [queued]>
[2022-07-28 15:16:42,802] {taskinstance.py:1179} INFO - Dependencies all met for <TaskInstance: Demo.data_uploading manual__2022-07-28T15:16:38.918482+00:00 [queued]>
[2022-07-28 15:16:42,802] {taskinstance.py:1376} INFO - 
--------------------------------------------------------------------------------
[2022-07-28 15:16:42,803] {taskinstance.py:1377} INFO - Starting attempt 1 of 1
[2022-07-28 15:16:42,849] {taskinstance.py:1378} INFO - 
--------------------------------------------------------------------------------
[2022-07-28 15:16:42,884] {taskinstance.py:1397} INFO - Executing <Task(PythonOperator): data_uploading> on 2022-07-28 15:16:38.918482+00:00
[2022-07-28 15:16:42,890] {standard_task_runner.py:52} INFO - Started process 6467 to run task
[2022-07-28 15:16:42,894] {standard_task_runner.py:79} INFO - Running: ['***', 'tasks', 'run', 'Demo', 'data_uploading', 'manual__2022-07-28T15:16:38.918482+00:00', '--job-id', '43', '--raw', '--subdir', 'DAGS_FOLDER/demo.py', '--cfg-path', '/tmp/tmp4dp61b28', '--error-file', '/tmp/tmp__pigeci']
[2022-07-28 15:16:42,894] {standard_task_runner.py:80} INFO - Job 43: Subtask data_uploading
[2022-07-28 15:16:42,989] {task_command.py:371} INFO - Running <TaskInstance: Demo.data_uploading manual__2022-07-28T15:16:38.918482+00:00 [running]> on host 949e67af4713
[2022-07-28 15:16:43,157] {taskinstance.py:1591} INFO - Exporting the following env vars:
AIRFLOW_CTX_DAG_OWNER=***
AIRFLOW_CTX_DAG_ID=Demo
AIRFLOW_CTX_TASK_ID=data_uploading
AIRFLOW_CTX_EXECUTION_DATE=2022-07-28T15:16:38.918482+00:00
AIRFLOW_CTX_TRY_NUMBER=1
AIRFLOW_CTX_DAG_RUN_ID=manual__2022-07-28T15:16:38.918482+00:00
[2022-07-28 15:16:43,158] {python.py:173} INFO - Done. Returned value was: 0
[2022-07-28 15:16:43,199] {taskinstance.py:1420} INFO - Marking task as SUCCESS. dag_id=Demo, task_id=data_uploading, execution_date=20220728T151638, start_date=20220728T151642, end_date=20220728T151643
[2022-07-28 15:16:43,225] {local_task_job.py:156} INFO - Task exited with return code 0
[2022-07-28 15:16:43,294] {local_task_job.py:273} INFO - 1 downstream tasks scheduled from follow-on schedule check
