[2022-08-02 09:12:23,761] {taskinstance.py:1179} INFO - Dependencies all met for <TaskInstance: Demo.records_saving manual__2022-08-02T09:12:05.695233+00:00 [queued]>
[2022-08-02 09:12:23,781] {taskinstance.py:1179} INFO - Dependencies all met for <TaskInstance: Demo.records_saving manual__2022-08-02T09:12:05.695233+00:00 [queued]>
[2022-08-02 09:12:23,782] {taskinstance.py:1376} INFO - 
--------------------------------------------------------------------------------
[2022-08-02 09:12:23,783] {taskinstance.py:1377} INFO - Starting attempt 1 of 1
[2022-08-02 09:12:23,829] {taskinstance.py:1378} INFO - 
--------------------------------------------------------------------------------
[2022-08-02 09:12:23,866] {taskinstance.py:1397} INFO - Executing <Task(PostgresOperator): records_saving> on 2022-08-02 09:12:05.695233+00:00
[2022-08-02 09:12:23,871] {standard_task_runner.py:52} INFO - Started process 2188 to run task
[2022-08-02 09:12:23,875] {standard_task_runner.py:79} INFO - Running: ['***', 'tasks', 'run', 'Demo', 'records_saving', 'manual__2022-08-02T09:12:05.695233+00:00', '--job-id', '189', '--raw', '--subdir', 'DAGS_FOLDER/demo.py', '--cfg-path', '/tmp/tmp8y46b8cz', '--error-file', '/tmp/tmp8ffpjks8']
[2022-08-02 09:12:23,876] {standard_task_runner.py:80} INFO - Job 189: Subtask records_saving
[2022-08-02 09:12:23,963] {task_command.py:371} INFO - Running <TaskInstance: Demo.records_saving manual__2022-08-02T09:12:05.695233+00:00 [running]> on host 31353b71d6cb
[2022-08-02 09:12:24,064] {taskinstance.py:1591} INFO - Exporting the following env vars:
AIRFLOW_CTX_DAG_OWNER=***
AIRFLOW_CTX_DAG_ID=Demo
AIRFLOW_CTX_TASK_ID=records_saving
AIRFLOW_CTX_EXECUTION_DATE=2022-08-02T09:12:05.695233+00:00
AIRFLOW_CTX_TRY_NUMBER=1
AIRFLOW_CTX_DAG_RUN_ID=manual__2022-08-02T09:12:05.695233+00:00
[2022-08-02 09:12:24,078] {base.py:68} INFO - Using connection ID 'postgres_demo' for task execution.
[2022-08-02 09:12:24,081] {dbapi.py:231} INFO - Running statement: CREATE TABLE IF NOT EXISTS public."Files"
(
    id integer NOT NULL,
    name character(80)[] COLLATE pg_catalog."default" NOT NULL,
    size bigint,
    CONSTRAINT "Files_pkey" PRIMARY KEY (id)
), parameters: None
[2022-08-02 09:12:24,113] {taskinstance.py:1420} INFO - Marking task as SUCCESS. dag_id=Demo, task_id=records_saving, execution_date=20220802T091205, start_date=20220802T091223, end_date=20220802T091224
[2022-08-02 09:12:24,167] {local_task_job.py:156} INFO - Task exited with return code 0
[2022-08-02 09:12:24,218] {local_task_job.py:273} INFO - 1 downstream tasks scheduled from follow-on schedule check
