[2022-07-13 12:39:20,240] {taskinstance.py:1159} INFO - Dependencies all met for <TaskInstance: Demo.Container_creation manual__2022-07-13T12:39:09.060055+00:00 [queued]>
[2022-07-13 12:39:20,273] {taskinstance.py:1159} INFO - Dependencies all met for <TaskInstance: Demo.Container_creation manual__2022-07-13T12:39:09.060055+00:00 [queued]>
[2022-07-13 12:39:20,274] {taskinstance.py:1356} INFO - 
--------------------------------------------------------------------------------
[2022-07-13 12:39:20,275] {taskinstance.py:1357} INFO - Starting attempt 1 of 1
[2022-07-13 12:39:20,276] {taskinstance.py:1358} INFO - 
--------------------------------------------------------------------------------
[2022-07-13 12:39:20,914] {taskinstance.py:1377} INFO - Executing <Task(PythonOperator): Container_creation> on 2022-07-13 12:39:09.060055+00:00
[2022-07-13 12:39:20,925] {standard_task_runner.py:52} INFO - Started process 1243 to run task
[2022-07-13 12:39:20,935] {standard_task_runner.py:79} INFO - Running: ['***', 'tasks', 'run', 'Demo', 'Container_creation', 'manual__2022-07-13T12:39:09.060055+00:00', '--job-id', '43', '--raw', '--subdir', 'DAGS_FOLDER/demo.py', '--cfg-path', '/tmp/tmpa_g0ejw8', '--error-file', '/tmp/tmpm5q11em0']
[2022-07-13 12:39:20,937] {standard_task_runner.py:80} INFO - Job 43: Subtask Container_creation
[2022-07-13 12:39:21,594] {task_command.py:370} INFO - Running <TaskInstance: Demo.Container_creation manual__2022-07-13T12:39:09.060055+00:00 [running]> on host dbd17cae98ec
[2022-07-13 12:39:22,585] {taskinstance.py:1571} INFO - Exporting the following env vars:
AIRFLOW_CTX_DAG_OWNER=***
AIRFLOW_CTX_DAG_ID=Demo
AIRFLOW_CTX_TASK_ID=Container_creation
AIRFLOW_CTX_EXECUTION_DATE=2022-07-13T12:39:09.060055+00:00
AIRFLOW_CTX_TRY_NUMBER=1
AIRFLOW_CTX_DAG_RUN_ID=manual__2022-07-13T12:39:09.060055+00:00
[2022-07-13 12:39:22,622] {base.py:68} INFO - Using connection ID 'demo' for task execution.
[2022-07-13 12:39:22,629] {logging_mixin.py:115} INFO - <***.providers.microsoft.azure.hooks.wasb.WasbHook object at 0x7fbe7aa52f50>
[2022-07-13 12:39:22,630] {logging_mixin.py:115} INFO - connection made successfully
[2022-07-13 12:39:22,637] {_universal.py:476} INFO - Request URL: 'http://azurite:10000/devstoreaccount1/demo?restype=REDACTED'
Request method: 'PUT'
Request headers:
    'x-ms-version': 'REDACTED'
    'Accept': 'application/xml'
    'User-Agent': 'azsdk-python-storage-blob/12.8.1 Python/3.7.13 (Linux-5.10.16.3-microsoft-standard-WSL2-x86_64-with-debian-11.3)'
    'x-ms-date': 'REDACTED'
    'x-ms-client-request-id': 'd26b2abc-02a8-11ed-b524-0242ac120009'
    'Authorization': 'REDACTED'
No body was attached to the request
[2022-07-13 12:39:22,811] {_universal.py:504} INFO - Response status: 409
Response headers:
    'Server': 'Azurite-Blob/3.18.0'
    'x-ms-error-code': 'REDACTED'
    'x-ms-request-id': '1ffca3c1-74ea-4ca3-9784-8bf5b1a35069'
    'content-type': 'application/xml'
    'Date': 'Wed, 13 Jul 2022 12:39:22 GMT'
    'Connection': 'keep-alive'
    'Keep-Alive': 'REDACTED'
    'Transfer-Encoding': 'chunked'
[2022-07-13 12:39:22,821] {wasb.py:371} INFO - Attempted to create container 'demo' but it already exists. If it is expected that this container will always exist, consider setting create_container to False.
[2022-07-13 12:39:22,822] {logging_mixin.py:115} INFO - container created successfully
[2022-07-13 12:39:22,824] {python.py:173} INFO - Done. Returned value was: 0
[2022-07-13 12:39:23,031] {taskinstance.py:1400} INFO - Marking task as SUCCESS. dag_id=Demo, task_id=Container_creation, execution_date=20220713T123909, start_date=20220713T123920, end_date=20220713T123923
[2022-07-13 12:39:23,486] {local_task_job.py:156} INFO - Task exited with return code 0
[2022-07-13 12:39:23,720] {local_task_job.py:273} INFO - 0 downstream tasks scheduled from follow-on schedule check
