[2022-08-02 09:00:04,471] {taskinstance.py:1179} INFO - Dependencies all met for <TaskInstance: Demo.data_downloading scheduled__2022-08-01T09:00:00+00:00 [queued]>
[2022-08-02 09:00:04,483] {taskinstance.py:1179} INFO - Dependencies all met for <TaskInstance: Demo.data_downloading scheduled__2022-08-01T09:00:00+00:00 [queued]>
[2022-08-02 09:00:04,483] {taskinstance.py:1376} INFO - 
--------------------------------------------------------------------------------
[2022-08-02 09:00:04,483] {taskinstance.py:1377} INFO - Starting attempt 1 of 1
[2022-08-02 09:00:04,484] {taskinstance.py:1378} INFO - 
--------------------------------------------------------------------------------
[2022-08-02 09:00:04,503] {taskinstance.py:1397} INFO - Executing <Task(PythonOperator): data_downloading> on 2022-08-01 09:00:00+00:00
[2022-08-02 09:00:04,507] {standard_task_runner.py:52} INFO - Started process 1589 to run task
[2022-08-02 09:00:04,510] {standard_task_runner.py:79} INFO - Running: ['***', 'tasks', 'run', 'Demo', 'data_downloading', 'scheduled__2022-08-01T09:00:00+00:00', '--job-id', '163', '--raw', '--subdir', 'DAGS_FOLDER/demo.py', '--cfg-path', '/tmp/tmp7m_d7nhh', '--error-file', '/tmp/tmp77lh5j7j']
[2022-08-02 09:00:04,511] {standard_task_runner.py:80} INFO - Job 163: Subtask data_downloading
[2022-08-02 09:00:04,600] {task_command.py:371} INFO - Running <TaskInstance: Demo.data_downloading scheduled__2022-08-01T09:00:00+00:00 [running]> on host 31353b71d6cb
[2022-08-02 09:00:04,783] {taskinstance.py:1591} INFO - Exporting the following env vars:
AIRFLOW_CTX_DAG_OWNER=***
AIRFLOW_CTX_DAG_ID=Demo
AIRFLOW_CTX_TASK_ID=data_downloading
AIRFLOW_CTX_EXECUTION_DATE=2022-08-01T09:00:00+00:00
AIRFLOW_CTX_TRY_NUMBER=1
AIRFLOW_CTX_DAG_RUN_ID=scheduled__2022-08-01T09:00:00+00:00
[2022-08-02 09:00:04,785] {python.py:173} INFO - Done. Returned value was: 0
[2022-08-02 09:00:04,824] {taskinstance.py:1420} INFO - Marking task as SUCCESS. dag_id=Demo, task_id=data_downloading, execution_date=20220801T090000, start_date=20220802T090004, end_date=20220802T090004
[2022-08-02 09:00:04,883] {local_task_job.py:156} INFO - Task exited with return code 0
[2022-08-02 09:00:05,024] {local_task_job.py:273} INFO - 1 downstream tasks scheduled from follow-on schedule check
