[2022-07-28 12:41:36,014] {taskinstance.py:1179} INFO - Dependencies all met for <TaskInstance: Demo.container_creation manual__2022-07-28T12:41:35.152578+00:00 [queued]>
[2022-07-28 12:41:36,024] {taskinstance.py:1179} INFO - Dependencies all met for <TaskInstance: Demo.container_creation manual__2022-07-28T12:41:35.152578+00:00 [queued]>
[2022-07-28 12:41:36,024] {taskinstance.py:1376} INFO - 
--------------------------------------------------------------------------------
[2022-07-28 12:41:36,025] {taskinstance.py:1377} INFO - Starting attempt 1 of 1
[2022-07-28 12:41:36,025] {taskinstance.py:1378} INFO - 
--------------------------------------------------------------------------------
[2022-07-28 12:41:36,041] {taskinstance.py:1397} INFO - Executing <Task(PythonOperator): container_creation> on 2022-07-28 12:41:35.152578+00:00
[2022-07-28 12:41:36,045] {standard_task_runner.py:52} INFO - Started process 1821 to run task
[2022-07-28 12:41:36,048] {standard_task_runner.py:79} INFO - Running: ['***', 'tasks', 'run', 'Demo', 'container_creation', 'manual__2022-07-28T12:41:35.152578+00:00', '--job-id', '26', '--raw', '--subdir', 'DAGS_FOLDER/demo.py', '--cfg-path', '/tmp/tmpvs1b_xqh', '--error-file', '/tmp/tmpg1ze_nk7']
[2022-07-28 12:41:36,049] {standard_task_runner.py:80} INFO - Job 26: Subtask container_creation
[2022-07-28 12:41:36,110] {task_command.py:371} INFO - Running <TaskInstance: Demo.container_creation manual__2022-07-28T12:41:35.152578+00:00 [running]> on host 949e67af4713
[2022-07-28 12:41:36,183] {taskinstance.py:1591} INFO - Exporting the following env vars:
AIRFLOW_CTX_DAG_OWNER=***
AIRFLOW_CTX_DAG_ID=Demo
AIRFLOW_CTX_TASK_ID=container_creation
AIRFLOW_CTX_EXECUTION_DATE=2022-07-28T12:41:35.152578+00:00
AIRFLOW_CTX_TRY_NUMBER=1
AIRFLOW_CTX_DAG_RUN_ID=manual__2022-07-28T12:41:35.152578+00:00
[2022-07-28 12:41:36,184] {python.py:173} INFO - Done. Returned value was: 0
[2022-07-28 12:41:36,266] {taskinstance.py:1420} INFO - Marking task as SUCCESS. dag_id=Demo, task_id=container_creation, execution_date=20220728T124135, start_date=20220728T124136, end_date=20220728T124136
[2022-07-28 12:41:36,300] {local_task_job.py:156} INFO - Task exited with return code 0
[2022-07-28 12:41:36,347] {local_task_job.py:273} INFO - 1 downstream tasks scheduled from follow-on schedule check
