[2022-08-02 10:26:01,594] {taskinstance.py:1179} INFO - Dependencies all met for <TaskInstance: Demo.data_uploading manual__2022-08-02T10:25:53.652769+00:00 [queued]>
[2022-08-02 10:26:01,605] {taskinstance.py:1179} INFO - Dependencies all met for <TaskInstance: Demo.data_uploading manual__2022-08-02T10:25:53.652769+00:00 [queued]>
[2022-08-02 10:26:01,605] {taskinstance.py:1376} INFO - 
--------------------------------------------------------------------------------
[2022-08-02 10:26:01,606] {taskinstance.py:1377} INFO - Starting attempt 1 of 1
[2022-08-02 10:26:01,606] {taskinstance.py:1378} INFO - 
--------------------------------------------------------------------------------
[2022-08-02 10:26:01,624] {taskinstance.py:1397} INFO - Executing <Task(PythonOperator): data_uploading> on 2022-08-02 10:25:53.652769+00:00
[2022-08-02 10:26:01,628] {standard_task_runner.py:52} INFO - Started process 5154 to run task
[2022-08-02 10:26:01,632] {standard_task_runner.py:79} INFO - Running: ['***', 'tasks', 'run', 'Demo', 'data_uploading', 'manual__2022-08-02T10:25:53.652769+00:00', '--job-id', '233', '--raw', '--subdir', 'DAGS_FOLDER/demo.py', '--cfg-path', '/tmp/tmpy7e3v5n7', '--error-file', '/tmp/tmpawne8226']
[2022-08-02 10:26:01,632] {standard_task_runner.py:80} INFO - Job 233: Subtask data_uploading
[2022-08-02 10:26:01,712] {task_command.py:371} INFO - Running <TaskInstance: Demo.data_uploading manual__2022-08-02T10:25:53.652769+00:00 [running]> on host 31353b71d6cb
[2022-08-02 10:26:01,849] {taskinstance.py:1591} INFO - Exporting the following env vars:
AIRFLOW_CTX_DAG_OWNER=***
AIRFLOW_CTX_DAG_ID=Demo
AIRFLOW_CTX_TASK_ID=data_uploading
AIRFLOW_CTX_EXECUTION_DATE=2022-08-02T10:25:53.652769+00:00
AIRFLOW_CTX_TRY_NUMBER=1
AIRFLOW_CTX_DAG_RUN_ID=manual__2022-08-02T10:25:53.652769+00:00
[2022-08-02 10:26:01,850] {python.py:173} INFO - Done. Returned value was: 0
[2022-08-02 10:26:01,901] {taskinstance.py:1420} INFO - Marking task as SUCCESS. dag_id=Demo, task_id=data_uploading, execution_date=20220802T102553, start_date=20220802T102601, end_date=20220802T102601
[2022-08-02 10:26:01,964] {local_task_job.py:156} INFO - Task exited with return code 0
[2022-08-02 10:26:02,021] {local_task_job.py:273} INFO - 1 downstream tasks scheduled from follow-on schedule check
