[2022-08-01 12:36:55,258] {taskinstance.py:1179} INFO - Dependencies all met for <TaskInstance: Demo.data_fetching manual__2022-08-01T12:36:28.767825+00:00 [queued]>
[2022-08-01 12:36:55,270] {taskinstance.py:1179} INFO - Dependencies all met for <TaskInstance: Demo.data_fetching manual__2022-08-01T12:36:28.767825+00:00 [queued]>
[2022-08-01 12:36:55,271] {taskinstance.py:1376} INFO - 
--------------------------------------------------------------------------------
[2022-08-01 12:36:55,271] {taskinstance.py:1377} INFO - Starting attempt 1 of 1
[2022-08-01 12:36:55,271] {taskinstance.py:1378} INFO - 
--------------------------------------------------------------------------------
[2022-08-01 12:36:55,289] {taskinstance.py:1397} INFO - Executing <Task(PythonOperator): data_fetching> on 2022-08-01 12:36:28.767825+00:00
[2022-08-01 12:36:55,293] {standard_task_runner.py:52} INFO - Started process 4318 to run task
[2022-08-01 12:36:55,298] {standard_task_runner.py:79} INFO - Running: ['***', 'tasks', 'run', 'Demo', 'data_fetching', 'manual__2022-08-01T12:36:28.767825+00:00', '--job-id', '88', '--raw', '--subdir', 'DAGS_FOLDER/demo.py', '--cfg-path', '/tmp/tmp82ct957o', '--error-file', '/tmp/tmpxoevq2kz']
[2022-08-01 12:36:55,299] {standard_task_runner.py:80} INFO - Job 88: Subtask data_fetching
[2022-08-01 12:36:55,374] {task_command.py:371} INFO - Running <TaskInstance: Demo.data_fetching manual__2022-08-01T12:36:28.767825+00:00 [running]> on host 31353b71d6cb
[2022-08-01 12:36:55,464] {taskinstance.py:1591} INFO - Exporting the following env vars:
AIRFLOW_CTX_DAG_OWNER=***
AIRFLOW_CTX_DAG_ID=Demo
AIRFLOW_CTX_TASK_ID=data_fetching
AIRFLOW_CTX_EXECUTION_DATE=2022-08-01T12:36:28.767825+00:00
AIRFLOW_CTX_TRY_NUMBER=1
AIRFLOW_CTX_DAG_RUN_ID=manual__2022-08-01T12:36:28.767825+00:00
[2022-08-01 12:36:55,465] {python.py:173} INFO - Done. Returned value was: 0
[2022-08-01 12:36:55,493] {taskinstance.py:1420} INFO - Marking task as SUCCESS. dag_id=Demo, task_id=data_fetching, execution_date=20220801T123628, start_date=20220801T123655, end_date=20220801T123655
[2022-08-01 12:36:55,549] {local_task_job.py:156} INFO - Task exited with return code 0
[2022-08-01 12:36:55,594] {local_task_job.py:273} INFO - 0 downstream tasks scheduled from follow-on schedule check
