[2022-08-01 13:06:31,304] {taskinstance.py:1179} INFO - Dependencies all met for <TaskInstance: Demo.data_downloading manual__2022-08-01T13:06:27.207673+00:00 [queued]>
[2022-08-01 13:06:31,315] {taskinstance.py:1179} INFO - Dependencies all met for <TaskInstance: Demo.data_downloading manual__2022-08-01T13:06:27.207673+00:00 [queued]>
[2022-08-01 13:06:31,316] {taskinstance.py:1376} INFO - 
--------------------------------------------------------------------------------
[2022-08-01 13:06:31,316] {taskinstance.py:1377} INFO - Starting attempt 1 of 1
[2022-08-01 13:06:31,317] {taskinstance.py:1378} INFO - 
--------------------------------------------------------------------------------
[2022-08-01 13:06:31,333] {taskinstance.py:1397} INFO - Executing <Task(PythonOperator): data_downloading> on 2022-08-01 13:06:27.207673+00:00
[2022-08-01 13:06:31,337] {standard_task_runner.py:52} INFO - Started process 5702 to run task
[2022-08-01 13:06:31,341] {standard_task_runner.py:79} INFO - Running: ['***', 'tasks', 'run', 'Demo', 'data_downloading', 'manual__2022-08-01T13:06:27.207673+00:00', '--job-id', '98', '--raw', '--subdir', 'DAGS_FOLDER/demo.py', '--cfg-path', '/tmp/tmp_vblz504', '--error-file', '/tmp/tmpvdo_a3sr']
[2022-08-01 13:06:31,341] {standard_task_runner.py:80} INFO - Job 98: Subtask data_downloading
[2022-08-01 13:06:31,463] {task_command.py:371} INFO - Running <TaskInstance: Demo.data_downloading manual__2022-08-01T13:06:27.207673+00:00 [running]> on host 31353b71d6cb
[2022-08-01 13:06:31,545] {taskinstance.py:1591} INFO - Exporting the following env vars:
AIRFLOW_CTX_DAG_OWNER=***
AIRFLOW_CTX_DAG_ID=Demo
AIRFLOW_CTX_TASK_ID=data_downloading
AIRFLOW_CTX_EXECUTION_DATE=2022-08-01T13:06:27.207673+00:00
AIRFLOW_CTX_TRY_NUMBER=1
AIRFLOW_CTX_DAG_RUN_ID=manual__2022-08-01T13:06:27.207673+00:00
[2022-08-01 13:06:31,546] {python.py:173} INFO - Done. Returned value was: 0
[2022-08-01 13:06:31,576] {taskinstance.py:1420} INFO - Marking task as SUCCESS. dag_id=Demo, task_id=data_downloading, execution_date=20220801T130627, start_date=20220801T130631, end_date=20220801T130631
[2022-08-01 13:06:31,633] {local_task_job.py:156} INFO - Task exited with return code 0
[2022-08-01 13:06:31,679] {local_task_job.py:273} INFO - 1 downstream tasks scheduled from follow-on schedule check
