[2022-07-29 08:30:57,162] {taskinstance.py:1179} INFO - Dependencies all met for <TaskInstance: Demo.container_creation manual__2022-07-29T08:30:54.561609+00:00 [queued]>
[2022-07-29 08:30:57,196] {taskinstance.py:1179} INFO - Dependencies all met for <TaskInstance: Demo.container_creation manual__2022-07-29T08:30:54.561609+00:00 [queued]>
[2022-07-29 08:30:57,197] {taskinstance.py:1376} INFO - 
--------------------------------------------------------------------------------
[2022-07-29 08:30:57,198] {taskinstance.py:1377} INFO - Starting attempt 1 of 1
[2022-07-29 08:30:57,244] {taskinstance.py:1378} INFO - 
--------------------------------------------------------------------------------
[2022-07-29 08:30:57,289] {taskinstance.py:1397} INFO - Executing <Task(PythonOperator): container_creation> on 2022-07-29 08:30:54.561609+00:00
[2022-07-29 08:30:57,298] {standard_task_runner.py:52} INFO - Started process 1600 to run task
[2022-07-29 08:30:57,308] {standard_task_runner.py:79} INFO - Running: ['***', 'tasks', 'run', 'Demo', 'container_creation', 'manual__2022-07-29T08:30:54.561609+00:00', '--job-id', '52', '--raw', '--subdir', 'DAGS_FOLDER/demo.py', '--cfg-path', '/tmp/tmpy2xqq36j', '--error-file', '/tmp/tmp4720100n']
[2022-07-29 08:30:57,310] {standard_task_runner.py:80} INFO - Job 52: Subtask container_creation
[2022-07-29 08:30:57,505] {task_command.py:371} INFO - Running <TaskInstance: Demo.container_creation manual__2022-07-29T08:30:54.561609+00:00 [running]> on host 949e67af4713
[2022-07-29 08:30:57,721] {taskinstance.py:1591} INFO - Exporting the following env vars:
AIRFLOW_CTX_DAG_OWNER=***
AIRFLOW_CTX_DAG_ID=Demo
AIRFLOW_CTX_TASK_ID=container_creation
AIRFLOW_CTX_EXECUTION_DATE=2022-07-29T08:30:54.561609+00:00
AIRFLOW_CTX_TRY_NUMBER=1
AIRFLOW_CTX_DAG_RUN_ID=manual__2022-07-29T08:30:54.561609+00:00
[2022-07-29 08:30:57,724] {python.py:173} INFO - Done. Returned value was: 0
[2022-07-29 08:30:57,785] {taskinstance.py:1420} INFO - Marking task as SUCCESS. dag_id=Demo, task_id=container_creation, execution_date=20220729T083054, start_date=20220729T083057, end_date=20220729T083057
[2022-07-29 08:30:57,841] {local_task_job.py:156} INFO - Task exited with return code 0
[2022-07-29 08:30:57,991] {local_task_job.py:273} INFO - 1 downstream tasks scheduled from follow-on schedule check
