[2022-08-01 13:39:02,330] {taskinstance.py:1179} INFO - Dependencies all met for <TaskInstance: Demo.data_downloading manual__2022-08-01T13:38:58.302970+00:00 [queued]>
[2022-08-01 13:39:02,340] {taskinstance.py:1179} INFO - Dependencies all met for <TaskInstance: Demo.data_downloading manual__2022-08-01T13:38:58.302970+00:00 [queued]>
[2022-08-01 13:39:02,341] {taskinstance.py:1376} INFO - 
--------------------------------------------------------------------------------
[2022-08-01 13:39:02,341] {taskinstance.py:1377} INFO - Starting attempt 1 of 1
[2022-08-01 13:39:02,341] {taskinstance.py:1378} INFO - 
--------------------------------------------------------------------------------
[2022-08-01 13:39:02,358] {taskinstance.py:1397} INFO - Executing <Task(PythonOperator): data_downloading> on 2022-08-01 13:38:58.302970+00:00
[2022-08-01 13:39:02,365] {standard_task_runner.py:52} INFO - Started process 7236 to run task
[2022-08-01 13:39:02,368] {standard_task_runner.py:79} INFO - Running: ['***', 'tasks', 'run', 'Demo', 'data_downloading', 'manual__2022-08-01T13:38:58.302970+00:00', '--job-id', '110', '--raw', '--subdir', 'DAGS_FOLDER/demo.py', '--cfg-path', '/tmp/tmpxihkawk8', '--error-file', '/tmp/tmpxhk0tuwy']
[2022-08-01 13:39:02,369] {standard_task_runner.py:80} INFO - Job 110: Subtask data_downloading
[2022-08-01 13:39:02,464] {task_command.py:371} INFO - Running <TaskInstance: Demo.data_downloading manual__2022-08-01T13:38:58.302970+00:00 [running]> on host 31353b71d6cb
[2022-08-01 13:39:02,546] {taskinstance.py:1591} INFO - Exporting the following env vars:
AIRFLOW_CTX_DAG_OWNER=***
AIRFLOW_CTX_DAG_ID=Demo
AIRFLOW_CTX_TASK_ID=data_downloading
AIRFLOW_CTX_EXECUTION_DATE=2022-08-01T13:38:58.302970+00:00
AIRFLOW_CTX_TRY_NUMBER=1
AIRFLOW_CTX_DAG_RUN_ID=manual__2022-08-01T13:38:58.302970+00:00
[2022-08-01 13:39:02,547] {python.py:173} INFO - Done. Returned value was: 0
[2022-08-01 13:39:02,581] {taskinstance.py:1420} INFO - Marking task as SUCCESS. dag_id=Demo, task_id=data_downloading, execution_date=20220801T133858, start_date=20220801T133902, end_date=20220801T133902
[2022-08-01 13:39:02,620] {local_task_job.py:156} INFO - Task exited with return code 0
[2022-08-01 13:39:02,682] {local_task_job.py:273} INFO - 1 downstream tasks scheduled from follow-on schedule check
