[2022-08-02 07:48:30,276] {taskinstance.py:1179} INFO - Dependencies all met for <TaskInstance: Demo.data_uploading manual__2022-08-02T07:48:21.676586+00:00 [queued]>
[2022-08-02 07:48:30,288] {taskinstance.py:1179} INFO - Dependencies all met for <TaskInstance: Demo.data_uploading manual__2022-08-02T07:48:21.676586+00:00 [queued]>
[2022-08-02 07:48:30,288] {taskinstance.py:1376} INFO - 
--------------------------------------------------------------------------------
[2022-08-02 07:48:30,289] {taskinstance.py:1377} INFO - Starting attempt 1 of 1
[2022-08-02 07:48:30,290] {taskinstance.py:1378} INFO - 
--------------------------------------------------------------------------------
[2022-08-02 07:48:30,308] {taskinstance.py:1397} INFO - Executing <Task(PythonOperator): data_uploading> on 2022-08-02 07:48:21.676586+00:00
[2022-08-02 07:48:30,312] {standard_task_runner.py:52} INFO - Started process 131 to run task
[2022-08-02 07:48:30,316] {standard_task_runner.py:79} INFO - Running: ['***', 'tasks', 'run', 'Demo', 'data_uploading', 'manual__2022-08-02T07:48:21.676586+00:00', '--job-id', '133', '--raw', '--subdir', 'DAGS_FOLDER/demo.py', '--cfg-path', '/tmp/tmpvv5cex4e', '--error-file', '/tmp/tmphsl3y9d0']
[2022-08-02 07:48:30,317] {standard_task_runner.py:80} INFO - Job 133: Subtask data_uploading
[2022-08-02 07:48:30,398] {task_command.py:371} INFO - Running <TaskInstance: Demo.data_uploading manual__2022-08-02T07:48:21.676586+00:00 [running]> on host 31353b71d6cb
[2022-08-02 07:48:30,487] {taskinstance.py:1591} INFO - Exporting the following env vars:
AIRFLOW_CTX_DAG_OWNER=***
AIRFLOW_CTX_DAG_ID=Demo
AIRFLOW_CTX_TASK_ID=data_uploading
AIRFLOW_CTX_EXECUTION_DATE=2022-08-02T07:48:21.676586+00:00
AIRFLOW_CTX_TRY_NUMBER=1
AIRFLOW_CTX_DAG_RUN_ID=manual__2022-08-02T07:48:21.676586+00:00
[2022-08-02 07:48:30,498] {base.py:68} INFO - Using connection ID 'azure_demo' for task execution.
[2022-08-02 07:48:30,501] {logging_mixin.py:115} INFO - connection made successfully
[2022-08-02 07:48:30,502] {python.py:173} INFO - Done. Returned value was: 0
[2022-08-02 07:48:30,538] {taskinstance.py:1420} INFO - Marking task as SUCCESS. dag_id=Demo, task_id=data_uploading, execution_date=20220802T074821, start_date=20220802T074830, end_date=20220802T074830
[2022-08-02 07:48:30,568] {local_task_job.py:156} INFO - Task exited with return code 0
[2022-08-02 07:48:30,630] {local_task_job.py:273} INFO - 1 downstream tasks scheduled from follow-on schedule check
