[2022-07-28 12:54:56,128] {taskinstance.py:1179} INFO - Dependencies all met for <TaskInstance: Demo.data_uploading_mongodb manual__2022-07-28T12:54:50.934391+00:00 [queued]>
[2022-07-28 12:54:56,140] {taskinstance.py:1179} INFO - Dependencies all met for <TaskInstance: Demo.data_uploading_mongodb manual__2022-07-28T12:54:50.934391+00:00 [queued]>
[2022-07-28 12:54:56,141] {taskinstance.py:1376} INFO - 
--------------------------------------------------------------------------------
[2022-07-28 12:54:56,141] {taskinstance.py:1377} INFO - Starting attempt 1 of 1
[2022-07-28 12:54:56,141] {taskinstance.py:1378} INFO - 
--------------------------------------------------------------------------------
[2022-07-28 12:54:56,159] {taskinstance.py:1397} INFO - Executing <Task(PythonOperator): data_uploading_mongodb> on 2022-07-28 12:54:50.934391+00:00
[2022-07-28 12:54:56,163] {standard_task_runner.py:52} INFO - Started process 2477 to run task
[2022-07-28 12:54:56,165] {standard_task_runner.py:79} INFO - Running: ['***', 'tasks', 'run', 'Demo', 'data_uploading_mongodb', 'manual__2022-07-28T12:54:50.934391+00:00', '--job-id', '41', '--raw', '--subdir', 'DAGS_FOLDER/demo.py', '--cfg-path', '/tmp/tmpbqid3f9o', '--error-file', '/tmp/tmpq13qvqea']
[2022-07-28 12:54:56,166] {standard_task_runner.py:80} INFO - Job 41: Subtask data_uploading_mongodb
[2022-07-28 12:54:56,234] {task_command.py:371} INFO - Running <TaskInstance: Demo.data_uploading_mongodb manual__2022-07-28T12:54:50.934391+00:00 [running]> on host 949e67af4713
[2022-07-28 12:54:56,325] {taskinstance.py:1591} INFO - Exporting the following env vars:
AIRFLOW_CTX_DAG_OWNER=***
AIRFLOW_CTX_DAG_ID=Demo
AIRFLOW_CTX_TASK_ID=data_uploading_mongodb
AIRFLOW_CTX_EXECUTION_DATE=2022-07-28T12:54:50.934391+00:00
AIRFLOW_CTX_TRY_NUMBER=1
AIRFLOW_CTX_DAG_RUN_ID=manual__2022-07-28T12:54:50.934391+00:00
[2022-07-28 12:54:56,346] {base.py:68} INFO - Using connection ID 'mongodb_demo' for task execution.
[2022-07-28 12:54:56,347] {logging_mixin.py:115} INFO - fdgsfgqgertrtzrththtey
[2022-07-28 12:54:56,410] {logging_mixin.py:115} INFO - file added to demo collection successfully
[2022-07-28 12:54:56,410] {python.py:173} INFO - Done. Returned value was: None
[2022-07-28 12:54:56,425] {taskinstance.py:1420} INFO - Marking task as SUCCESS. dag_id=Demo, task_id=data_uploading_mongodb, execution_date=20220728T125450, start_date=20220728T125456, end_date=20220728T125456
[2022-07-28 12:54:56,458] {local_task_job.py:156} INFO - Task exited with return code 0
[2022-07-28 12:54:56,494] {local_task_job.py:273} INFO - 0 downstream tasks scheduled from follow-on schedule check
