[2022-07-28 12:41:53,113] {taskinstance.py:1179} INFO - Dependencies all met for <TaskInstance: Demo.container_creation manual__2022-07-28T12:41:51.981311+00:00 [queued]>
[2022-07-28 12:41:53,125] {taskinstance.py:1179} INFO - Dependencies all met for <TaskInstance: Demo.container_creation manual__2022-07-28T12:41:51.981311+00:00 [queued]>
[2022-07-28 12:41:53,126] {taskinstance.py:1376} INFO - 
--------------------------------------------------------------------------------
[2022-07-28 12:41:53,126] {taskinstance.py:1377} INFO - Starting attempt 1 of 1
[2022-07-28 12:41:53,126] {taskinstance.py:1378} INFO - 
--------------------------------------------------------------------------------
[2022-07-28 12:41:53,144] {taskinstance.py:1397} INFO - Executing <Task(PythonOperator): container_creation> on 2022-07-28 12:41:51.981311+00:00
[2022-07-28 12:41:53,148] {standard_task_runner.py:52} INFO - Started process 1842 to run task
[2022-07-28 12:41:53,150] {standard_task_runner.py:79} INFO - Running: ['***', 'tasks', 'run', 'Demo', 'container_creation', 'manual__2022-07-28T12:41:51.981311+00:00', '--job-id', '30', '--raw', '--subdir', 'DAGS_FOLDER/demo.py', '--cfg-path', '/tmp/tmp3gii3dgc', '--error-file', '/tmp/tmpz5nbjqx0']
[2022-07-28 12:41:53,151] {standard_task_runner.py:80} INFO - Job 30: Subtask container_creation
[2022-07-28 12:41:53,218] {task_command.py:371} INFO - Running <TaskInstance: Demo.container_creation manual__2022-07-28T12:41:51.981311+00:00 [running]> on host 949e67af4713
[2022-07-28 12:41:53,334] {taskinstance.py:1591} INFO - Exporting the following env vars:
AIRFLOW_CTX_DAG_OWNER=***
AIRFLOW_CTX_DAG_ID=Demo
AIRFLOW_CTX_TASK_ID=container_creation
AIRFLOW_CTX_EXECUTION_DATE=2022-07-28T12:41:51.981311+00:00
AIRFLOW_CTX_TRY_NUMBER=1
AIRFLOW_CTX_DAG_RUN_ID=manual__2022-07-28T12:41:51.981311+00:00
[2022-07-28 12:41:53,336] {python.py:173} INFO - Done. Returned value was: 0
[2022-07-28 12:41:53,378] {taskinstance.py:1420} INFO - Marking task as SUCCESS. dag_id=Demo, task_id=container_creation, execution_date=20220728T124151, start_date=20220728T124153, end_date=20220728T124153
[2022-07-28 12:41:53,403] {local_task_job.py:156} INFO - Task exited with return code 0
[2022-07-28 12:41:53,463] {local_task_job.py:273} INFO - 1 downstream tasks scheduled from follow-on schedule check
