[2022-08-02 09:59:50,853] {taskinstance.py:1179} INFO - Dependencies all met for <TaskInstance: Demo.data_downloading manual__2022-08-02T09:59:45.179821+00:00 [queued]>
[2022-08-02 09:59:50,950] {taskinstance.py:1179} INFO - Dependencies all met for <TaskInstance: Demo.data_downloading manual__2022-08-02T09:59:45.179821+00:00 [queued]>
[2022-08-02 09:59:50,956] {taskinstance.py:1376} INFO - 
--------------------------------------------------------------------------------
[2022-08-02 09:59:50,959] {taskinstance.py:1377} INFO - Starting attempt 1 of 1
[2022-08-02 09:59:50,962] {taskinstance.py:1378} INFO - 
--------------------------------------------------------------------------------
[2022-08-02 09:59:51,027] {taskinstance.py:1397} INFO - Executing <Task(PythonOperator): data_downloading> on 2022-08-02 09:59:45.179821+00:00
[2022-08-02 09:59:51,037] {standard_task_runner.py:52} INFO - Started process 4031 to run task
[2022-08-02 09:59:51,044] {standard_task_runner.py:79} INFO - Running: ['***', 'tasks', 'run', 'Demo', 'data_downloading', 'manual__2022-08-02T09:59:45.179821+00:00', '--job-id', '200', '--raw', '--subdir', 'DAGS_FOLDER/demo.py', '--cfg-path', '/tmp/tmps917cn52', '--error-file', '/tmp/tmpyky9t070']
[2022-08-02 09:59:51,046] {standard_task_runner.py:80} INFO - Job 200: Subtask data_downloading
[2022-08-02 09:59:51,210] {task_command.py:371} INFO - Running <TaskInstance: Demo.data_downloading manual__2022-08-02T09:59:45.179821+00:00 [running]> on host 31353b71d6cb
[2022-08-02 09:59:51,465] {taskinstance.py:1591} INFO - Exporting the following env vars:
AIRFLOW_CTX_DAG_OWNER=***
AIRFLOW_CTX_DAG_ID=Demo
AIRFLOW_CTX_TASK_ID=data_downloading
AIRFLOW_CTX_EXECUTION_DATE=2022-08-02T09:59:45.179821+00:00
AIRFLOW_CTX_TRY_NUMBER=1
AIRFLOW_CTX_DAG_RUN_ID=manual__2022-08-02T09:59:45.179821+00:00
[2022-08-02 09:59:51,468] {python.py:173} INFO - Done. Returned value was: 0
[2022-08-02 09:59:51,522] {taskinstance.py:1420} INFO - Marking task as SUCCESS. dag_id=Demo, task_id=data_downloading, execution_date=20220802T095945, start_date=20220802T095950, end_date=20220802T095951
[2022-08-02 09:59:51,576] {local_task_job.py:156} INFO - Task exited with return code 0
[2022-08-02 09:59:51,716] {local_task_job.py:273} INFO - 1 downstream tasks scheduled from follow-on schedule check
