[2022-08-01 13:06:34,738] {taskinstance.py:1179} INFO - Dependencies all met for <TaskInstance: Demo.data_uploading manual__2022-08-01T13:06:27.207673+00:00 [queued]>
[2022-08-01 13:06:34,750] {taskinstance.py:1179} INFO - Dependencies all met for <TaskInstance: Demo.data_uploading manual__2022-08-01T13:06:27.207673+00:00 [queued]>
[2022-08-01 13:06:34,750] {taskinstance.py:1376} INFO - 
--------------------------------------------------------------------------------
[2022-08-01 13:06:34,751] {taskinstance.py:1377} INFO - Starting attempt 1 of 1
[2022-08-01 13:06:34,751] {taskinstance.py:1378} INFO - 
--------------------------------------------------------------------------------
[2022-08-01 13:06:34,769] {taskinstance.py:1397} INFO - Executing <Task(PythonOperator): data_uploading> on 2022-08-01 13:06:27.207673+00:00
[2022-08-01 13:06:34,774] {standard_task_runner.py:52} INFO - Started process 5713 to run task
[2022-08-01 13:06:34,777] {standard_task_runner.py:79} INFO - Running: ['***', 'tasks', 'run', 'Demo', 'data_uploading', 'manual__2022-08-01T13:06:27.207673+00:00', '--job-id', '99', '--raw', '--subdir', 'DAGS_FOLDER/demo.py', '--cfg-path', '/tmp/tmpln64hrn8', '--error-file', '/tmp/tmp52p9d20o']
[2022-08-01 13:06:34,778] {standard_task_runner.py:80} INFO - Job 99: Subtask data_uploading
[2022-08-01 13:06:34,852] {task_command.py:371} INFO - Running <TaskInstance: Demo.data_uploading manual__2022-08-01T13:06:27.207673+00:00 [running]> on host 31353b71d6cb
[2022-08-01 13:06:34,933] {taskinstance.py:1591} INFO - Exporting the following env vars:
AIRFLOW_CTX_DAG_OWNER=***
AIRFLOW_CTX_DAG_ID=Demo
AIRFLOW_CTX_TASK_ID=data_uploading
AIRFLOW_CTX_EXECUTION_DATE=2022-08-01T13:06:27.207673+00:00
AIRFLOW_CTX_TRY_NUMBER=1
AIRFLOW_CTX_DAG_RUN_ID=manual__2022-08-01T13:06:27.207673+00:00
[2022-08-01 13:06:34,943] {base.py:68} INFO - Using connection ID 'azure_demo' for task execution.
[2022-08-01 13:06:34,948] {logging_mixin.py:115} INFO - ['file_1.wav', 'file_2.wav', 'file_3.wav']
[2022-08-01 13:06:34,949] {logging_mixin.py:115} INFO - file_1.wav
[2022-08-01 13:06:34,949] {logging_mixin.py:115} INFO - file_2.wav
[2022-08-01 13:06:34,949] {logging_mixin.py:115} INFO - file_3.wav
[2022-08-01 13:06:34,950] {python.py:173} INFO - Done. Returned value was: 0
[2022-08-01 13:06:34,977] {taskinstance.py:1420} INFO - Marking task as SUCCESS. dag_id=Demo, task_id=data_uploading, execution_date=20220801T130627, start_date=20220801T130634, end_date=20220801T130634
[2022-08-01 13:06:35,030] {local_task_job.py:156} INFO - Task exited with return code 0
[2022-08-01 13:06:35,083] {local_task_job.py:273} INFO - 1 downstream tasks scheduled from follow-on schedule check
