[2022-07-29 08:31:05,140] {taskinstance.py:1179} INFO - Dependencies all met for <TaskInstance: Demo.data_uploading_mongodb manual__2022-07-29T08:30:54.561609+00:00 [queued]>
[2022-07-29 08:31:05,171] {taskinstance.py:1179} INFO - Dependencies all met for <TaskInstance: Demo.data_uploading_mongodb manual__2022-07-29T08:30:54.561609+00:00 [queued]>
[2022-07-29 08:31:05,172] {taskinstance.py:1376} INFO - 
--------------------------------------------------------------------------------
[2022-07-29 08:31:05,173] {taskinstance.py:1377} INFO - Starting attempt 1 of 1
[2022-07-29 08:31:05,174] {taskinstance.py:1378} INFO - 
--------------------------------------------------------------------------------
[2022-07-29 08:31:05,220] {taskinstance.py:1397} INFO - Executing <Task(PythonOperator): data_uploading_mongodb> on 2022-07-29 08:30:54.561609+00:00
[2022-07-29 08:31:05,229] {standard_task_runner.py:52} INFO - Started process 1606 to run task
[2022-07-29 08:31:05,237] {standard_task_runner.py:79} INFO - Running: ['***', 'tasks', 'run', 'Demo', 'data_uploading_mongodb', 'manual__2022-07-29T08:30:54.561609+00:00', '--job-id', '55', '--raw', '--subdir', 'DAGS_FOLDER/demo.py', '--cfg-path', '/tmp/tmpv1w432cw', '--error-file', '/tmp/tmpqqaov_9a']
[2022-07-29 08:31:05,239] {standard_task_runner.py:80} INFO - Job 55: Subtask data_uploading_mongodb
[2022-07-29 08:31:05,387] {task_command.py:371} INFO - Running <TaskInstance: Demo.data_uploading_mongodb manual__2022-07-29T08:30:54.561609+00:00 [running]> on host 949e67af4713
[2022-07-29 08:31:05,603] {taskinstance.py:1591} INFO - Exporting the following env vars:
AIRFLOW_CTX_DAG_OWNER=***
AIRFLOW_CTX_DAG_ID=Demo
AIRFLOW_CTX_TASK_ID=data_uploading_mongodb
AIRFLOW_CTX_EXECUTION_DATE=2022-07-29T08:30:54.561609+00:00
AIRFLOW_CTX_TRY_NUMBER=1
AIRFLOW_CTX_DAG_RUN_ID=manual__2022-07-29T08:30:54.561609+00:00
[2022-07-29 08:31:05,657] {base.py:68} INFO - Using connection ID 'mongodb_demo' for task execution.
[2022-07-29 08:31:05,658] {logging_mixin.py:115} INFO - fdgsfgqgertrtzrththtey
[2022-07-29 08:31:05,765] {logging_mixin.py:115} INFO - file added to demo collection successfully
[2022-07-29 08:31:05,766] {python.py:173} INFO - Done. Returned value was: None
[2022-07-29 08:31:05,812] {taskinstance.py:1420} INFO - Marking task as SUCCESS. dag_id=Demo, task_id=data_uploading_mongodb, execution_date=20220729T083054, start_date=20220729T083105, end_date=20220729T083105
[2022-07-29 08:31:05,892] {local_task_job.py:156} INFO - Task exited with return code 0
[2022-07-29 08:31:05,961] {local_task_job.py:273} INFO - 0 downstream tasks scheduled from follow-on schedule check
