[2022-08-02 09:00:09,177] {taskinstance.py:1179} INFO - Dependencies all met for <TaskInstance: Demo.data_uploading scheduled__2022-08-01T09:00:00+00:00 [queued]>
[2022-08-02 09:00:09,207] {taskinstance.py:1179} INFO - Dependencies all met for <TaskInstance: Demo.data_uploading scheduled__2022-08-01T09:00:00+00:00 [queued]>
[2022-08-02 09:00:09,208] {taskinstance.py:1376} INFO - 
--------------------------------------------------------------------------------
[2022-08-02 09:00:09,209] {taskinstance.py:1377} INFO - Starting attempt 1 of 1
[2022-08-02 09:00:09,242] {taskinstance.py:1378} INFO - 
--------------------------------------------------------------------------------
[2022-08-02 09:00:09,283] {taskinstance.py:1397} INFO - Executing <Task(PythonOperator): data_uploading> on 2022-08-01 09:00:00+00:00
[2022-08-02 09:00:09,289] {standard_task_runner.py:52} INFO - Started process 1591 to run task
[2022-08-02 09:00:09,294] {standard_task_runner.py:79} INFO - Running: ['***', 'tasks', 'run', 'Demo', 'data_uploading', 'scheduled__2022-08-01T09:00:00+00:00', '--job-id', '164', '--raw', '--subdir', 'DAGS_FOLDER/demo.py', '--cfg-path', '/tmp/tmpw_l47lha', '--error-file', '/tmp/tmpe1b2m5vd']
[2022-08-02 09:00:09,295] {standard_task_runner.py:80} INFO - Job 164: Subtask data_uploading
[2022-08-02 09:00:09,392] {task_command.py:371} INFO - Running <TaskInstance: Demo.data_uploading scheduled__2022-08-01T09:00:00+00:00 [running]> on host 31353b71d6cb
[2022-08-02 09:00:09,518] {taskinstance.py:1591} INFO - Exporting the following env vars:
AIRFLOW_CTX_DAG_OWNER=***
AIRFLOW_CTX_DAG_ID=Demo
AIRFLOW_CTX_TASK_ID=data_uploading
AIRFLOW_CTX_EXECUTION_DATE=2022-08-01T09:00:00+00:00
AIRFLOW_CTX_TRY_NUMBER=1
AIRFLOW_CTX_DAG_RUN_ID=scheduled__2022-08-01T09:00:00+00:00
[2022-08-02 09:00:09,519] {python.py:173} INFO - Done. Returned value was: 0
[2022-08-02 09:00:09,564] {taskinstance.py:1420} INFO - Marking task as SUCCESS. dag_id=Demo, task_id=data_uploading, execution_date=20220801T090000, start_date=20220802T090009, end_date=20220802T090009
[2022-08-02 09:00:09,625] {local_task_job.py:156} INFO - Task exited with return code 0
[2022-08-02 09:00:09,689] {local_task_job.py:273} INFO - 1 downstream tasks scheduled from follow-on schedule check
