[2022-07-13 12:48:31,219] {taskinstance.py:1159} INFO - Dependencies all met for <TaskInstance: Demo.data_fetching manual__2022-07-13T12:47:27.802145+00:00 [queued]>
[2022-07-13 12:48:38,089] {taskinstance.py:1159} INFO - Dependencies all met for <TaskInstance: Demo.data_fetching manual__2022-07-13T12:47:27.802145+00:00 [queued]>
[2022-07-13 12:48:38,145] {taskinstance.py:1356} INFO - 
--------------------------------------------------------------------------------
[2022-07-13 12:48:38,259] {taskinstance.py:1357} INFO - Starting attempt 1 of 1
[2022-07-13 12:48:38,402] {taskinstance.py:1358} INFO - 
--------------------------------------------------------------------------------
[2022-07-13 12:48:45,951] {taskinstance.py:1377} INFO - Executing <Task(PythonOperator): data_fetching> on 2022-07-13 12:47:27.802145+00:00
[2022-07-13 12:48:48,493] {standard_task_runner.py:52} INFO - Started process 1456 to run task
[2022-07-13 12:48:49,079] {standard_task_runner.py:79} INFO - Running: ['***', 'tasks', 'run', 'Demo', 'data_fetching', 'manual__2022-07-13T12:47:27.802145+00:00', '--job-id', '45', '--raw', '--subdir', 'DAGS_FOLDER/demo.py', '--cfg-path', '/tmp/tmpenbpf5xy', '--error-file', '/tmp/tmpc22pu5z5']
[2022-07-13 12:48:49,103] {standard_task_runner.py:80} INFO - Job 45: Subtask data_fetching
[2022-07-13 12:48:53,276] {task_command.py:370} INFO - Running <TaskInstance: Demo.data_fetching manual__2022-07-13T12:47:27.802145+00:00 [running]> on host dbd17cae98ec
[2022-07-13 12:49:04,856] {taskinstance.py:1571} INFO - Exporting the following env vars:
AIRFLOW_CTX_DAG_OWNER=***
AIRFLOW_CTX_DAG_ID=Demo
AIRFLOW_CTX_TASK_ID=data_fetching
AIRFLOW_CTX_EXECUTION_DATE=2022-07-13T12:47:27.802145+00:00
AIRFLOW_CTX_TRY_NUMBER=1
AIRFLOW_CTX_DAG_RUN_ID=manual__2022-07-13T12:47:27.802145+00:00
[2022-07-13 12:49:06,508] {base.py:68} INFO - Using connection ID 'demo' for task execution.
[2022-07-13 12:49:06,803] {_universal.py:476} INFO - Request URL: 'http://azurite:10000/devstoreaccount1/demo?restype=REDACTED&comp=REDACTED&delimiter=REDACTED'
Request method: 'GET'
Request headers:
    'x-ms-version': 'REDACTED'
    'Accept': 'application/xml'
    'User-Agent': 'azsdk-python-storage-blob/12.8.1 Python/3.7.13 (Linux-5.10.16.3-microsoft-standard-WSL2-x86_64-with-debian-11.3)'
    'x-ms-date': 'REDACTED'
    'x-ms-client-request-id': '2e9baeb4-02aa-11ed-ad3d-0242ac120009'
    'Authorization': 'REDACTED'
No body was attached to the request
[2022-07-13 12:49:08,143] {_universal.py:504} INFO - Response status: 200
Response headers:
    'Server': 'Azurite-Blob/3.18.0'
    'content-type': 'application/xml'
    'x-ms-client-request-id': '2e9baeb4-02aa-11ed-ad3d-0242ac120009'
    'x-ms-request-id': 'a838d396-fc68-4a16-ab23-e061839b87f1'
    'x-ms-version': 'REDACTED'
    'date': 'Wed, 13 Jul 2022 12:49:07 GMT'
    'Connection': 'keep-alive'
    'Keep-Alive': 'REDACTED'
    'Transfer-Encoding': 'chunked'
[2022-07-13 12:49:08,707] {logging_mixin.py:115} INFO - ['example']
[2022-07-13 12:49:08,712] {_universal.py:476} INFO - Request URL: 'http://azurite:10000/devstoreaccount1/demo/example'
Request method: 'GET'
Request headers:
    'x-ms-range': 'REDACTED'
    'x-ms-version': 'REDACTED'
    'Accept': 'application/xml'
    'User-Agent': 'azsdk-python-storage-blob/12.8.1 Python/3.7.13 (Linux-5.10.16.3-microsoft-standard-WSL2-x86_64-with-debian-11.3)'
    'x-ms-date': 'REDACTED'
    'x-ms-client-request-id': '2fbf3c0c-02aa-11ed-ad3d-0242ac120009'
    'Authorization': 'REDACTED'
No body was attached to the request
[2022-07-13 12:49:30,606] {_universal.py:476} INFO - Request URL: 'http://azurite:10000/devstoreaccount1/demo/example'
Request method: 'GET'
Request headers:
    'x-ms-range': 'REDACTED'
    'x-ms-version': 'REDACTED'
    'Accept': 'application/xml'
    'User-Agent': 'azsdk-python-storage-blob/12.8.1 Python/3.7.13 (Linux-5.10.16.3-microsoft-standard-WSL2-x86_64-with-debian-11.3)'
    'x-ms-date': 'REDACTED'
    'x-ms-client-request-id': '3ccc19ec-02aa-11ed-ad3d-0242ac120009'
    'Authorization': 'REDACTED'
No body was attached to the request
[2022-07-13 12:49:30,621] {_universal.py:504} INFO - Response status: 206
Response headers:
    'Server': 'Azurite-Blob/3.18.0'
    'last-modified': 'Wed, 13 Jul 2022 12:32:49 GMT'
    'x-ms-creation-time': 'REDACTED'
    'content-length': '947'
    'content-type': 'application/octet-stream'
    'content-range': 'REDACTED'
    'etag': '"0x24C77BCF4825D80"'
    'content-md5': 'REDACTED'
    'x-ms-blob-type': 'REDACTED'
    'x-ms-lease-state': 'REDACTED'
    'x-ms-lease-status': 'REDACTED'
    'x-ms-client-request-id': '3ccc19ec-02aa-11ed-ad3d-0242ac120009'
    'x-ms-request-id': '40fc6d86-bdd7-4666-a79c-51afd572da59'
    'x-ms-version': 'REDACTED'
    'accept-ranges': 'REDACTED'
    'date': 'Wed, 13 Jul 2022 12:49:30 GMT'
    'x-ms-server-encrypted': 'REDACTED'
    'x-ms-blob-content-md5': 'REDACTED'
    'Connection': 'keep-alive'
    'Keep-Alive': 'REDACTED'
[2022-07-13 12:49:30,624] {logging_mixin.py:115} INFO - {
    "quiz": {
        "sport": {
            "q1": {
                "question": "Which one is correct team name in NBA?",
                "options": [
                    "New York Bulls",
                    "Los Angeles Kings",
                    "Golden State Warriros",
                    "Huston Rocket"
                ],
                "answer": "Huston Rocket"
            }
        },
        "maths": {
            "q1": {
                "question": "5 + 7 = ?",
                "options": [
                    "10",
                    "11",
                    "12",
                    "13"
                ],
                "answer": "12"
            },
            "q2": {
                "question": "12 - 8 = ?",
                "options": [
                    "1",
                    "2",
                    "3",
                    "4"
                ],
                "answer": "4"
            }
        }
    }
}
[2022-07-13 12:49:30,625] {python.py:173} INFO - Done. Returned value was: 0
[2022-07-13 12:49:31,081] {taskinstance.py:1400} INFO - Marking task as SUCCESS. dag_id=Demo, task_id=data_fetching, execution_date=20220713T124727, start_date=20220713T124832, end_date=20220713T124931
[2022-07-13 12:49:31,590] {local_task_job.py:156} INFO - Task exited with return code 0
[2022-07-13 12:49:32,066] {local_task_job.py:273} INFO - 0 downstream tasks scheduled from follow-on schedule check
