[2022-07-13 11:28:44,968] {taskinstance.py:1159} INFO - Dependencies all met for <TaskInstance: Demo.Container_creation manual__2022-07-13T11:28:08.648637+00:00 [queued]>
[2022-07-13 11:28:44,985] {taskinstance.py:1159} INFO - Dependencies all met for <TaskInstance: Demo.Container_creation manual__2022-07-13T11:28:08.648637+00:00 [queued]>
[2022-07-13 11:28:44,986] {taskinstance.py:1356} INFO - 
--------------------------------------------------------------------------------
[2022-07-13 11:28:44,986] {taskinstance.py:1357} INFO - Starting attempt 1 of 1
[2022-07-13 11:28:44,986] {taskinstance.py:1358} INFO - 
--------------------------------------------------------------------------------
[2022-07-13 11:28:45,431] {taskinstance.py:1377} INFO - Executing <Task(PythonOperator): Container_creation> on 2022-07-13 11:28:08.648637+00:00
[2022-07-13 11:28:45,442] {standard_task_runner.py:52} INFO - Started process 1103 to run task
[2022-07-13 11:28:45,452] {standard_task_runner.py:79} INFO - Running: ['***', 'tasks', 'run', 'Demo', 'Container_creation', 'manual__2022-07-13T11:28:08.648637+00:00', '--job-id', '29', '--raw', '--subdir', 'DAGS_FOLDER/demo.py', '--cfg-path', '/tmp/tmpnbsrdu6t', '--error-file', '/tmp/tmpgi778aay']
[2022-07-13 11:28:45,462] {standard_task_runner.py:80} INFO - Job 29: Subtask Container_creation
[2022-07-13 11:28:45,770] {task_command.py:370} INFO - Running <TaskInstance: Demo.Container_creation manual__2022-07-13T11:28:08.648637+00:00 [running]> on host 939e047cba2c
[2022-07-13 11:28:49,461] {taskinstance.py:1571} INFO - Exporting the following env vars:
AIRFLOW_CTX_DAG_OWNER=***
AIRFLOW_CTX_DAG_ID=Demo
AIRFLOW_CTX_TASK_ID=Container_creation
AIRFLOW_CTX_EXECUTION_DATE=2022-07-13T11:28:08.648637+00:00
AIRFLOW_CTX_TRY_NUMBER=1
AIRFLOW_CTX_DAG_RUN_ID=manual__2022-07-13T11:28:08.648637+00:00
[2022-07-13 11:28:49,495] {base.py:68} INFO - Using connection ID 'demo' for task execution.
[2022-07-13 11:28:49,514] {logging_mixin.py:115} INFO - <***.providers.microsoft.azure.hooks.wasb.WasbHook object at 0x7f556b983550>
[2022-07-13 11:28:49,515] {logging_mixin.py:115} INFO - connection made successfully
[2022-07-13 11:28:49,880] {_universal.py:476} INFO - Request URL: 'http://azurite:10000/devstoreaccount1/demo?restype=REDACTED'
Request method: 'PUT'
Request headers:
    'x-ms-version': 'REDACTED'
    'Accept': 'application/xml'
    'User-Agent': 'azsdk-python-storage-blob/12.8.1 Python/3.7.13 (Linux-5.10.16.3-microsoft-standard-WSL2-x86_64-with-debian-11.3)'
    'x-ms-date': 'REDACTED'
    'x-ms-client-request-id': 'f74a44d0-029e-11ed-8700-0242ac120006'
    'Authorization': 'REDACTED'
No body was attached to the request
[2022-07-13 11:28:58,489] {_universal.py:504} INFO - Response status: 201
Response headers:
    'Server': 'Azurite-Blob/3.18.0'
    'etag': '"0x2207A871264EAC0"'
    'last-modified': 'Wed, 13 Jul 2022 11:28:53 GMT'
    'x-ms-client-request-id': 'f74a44d0-029e-11ed-8700-0242ac120006'
    'x-ms-request-id': '53b96fc9-e739-450b-a939-546bcdce7ca5'
    'x-ms-version': 'REDACTED'
    'Date': 'Wed, 13 Jul 2022 11:28:57 GMT'
    'Connection': 'keep-alive'
    'Keep-Alive': 'REDACTED'
    'Content-Length': '0'
[2022-07-13 11:28:58,490] {wasb.py:366} INFO - Created container: demo
[2022-07-13 11:28:58,491] {logging_mixin.py:115} INFO - container created successfully
[2022-07-13 11:28:58,492] {python.py:173} INFO - Done. Returned value was: 0
[2022-07-13 11:28:59,088] {taskinstance.py:1400} INFO - Marking task as SUCCESS. dag_id=Demo, task_id=Container_creation, execution_date=20220713T112808, start_date=20220713T112844, end_date=20220713T112859
[2022-07-13 11:29:00,399] {local_task_job.py:156} INFO - Task exited with return code 0
[2022-07-13 11:29:00,731] {dagrun.py:648} WARNING - Failed to get task '<TaskInstance: Demo.data_loading manual__2022-07-13T11:28:08.648637+00:00 [removed]>' for dag 'Demo'. Marking it as removed.
[2022-07-13 11:29:01,274] {local_task_job.py:273} INFO - 1 downstream tasks scheduled from follow-on schedule check
