[2022-07-28 07:41:00,757] {processor.py:153} INFO - Started process (PID=2228) to work on /home/airflow/.local/lib/python3.7/site-packages/airflow/example_dags/example_branch_labels.py
[2022-07-28 07:41:00,958] {processor.py:641} INFO - Processing file /home/airflow/.local/lib/python3.7/site-packages/airflow/example_dags/example_branch_labels.py for tasks to queue
[2022-07-28 07:41:01,200] {logging_mixin.py:115} INFO - [2022-07-28 07:41:01,200] {dagbag.py:508} INFO - Filling up the DagBag from /home/airflow/.local/lib/python3.7/site-packages/airflow/example_dags/example_branch_labels.py
[2022-07-28 07:41:02,005] {processor.py:651} INFO - DAG(s) dict_keys(['example_branch_labels']) retrieved from /home/airflow/.local/lib/python3.7/site-packages/airflow/example_dags/example_branch_labels.py
[2022-07-28 07:41:02,697] {logging_mixin.py:115} INFO - [2022-07-28 07:41:02,696] {dag.py:2420} INFO - Sync 1 DAGs
[2022-07-28 07:41:02,733] {logging_mixin.py:115} INFO - [2022-07-28 07:41:02,732] {dag.py:2972} INFO - Setting next_dagrun for example_branch_labels to 2022-07-27T00:00:00+00:00, run_after=2022-07-28T00:00:00+00:00
[2022-07-28 07:41:03,732] {processor.py:161} INFO - Processing /home/airflow/.local/lib/python3.7/site-packages/airflow/example_dags/example_branch_labels.py took 3.621 seconds
[2022-07-28 07:41:53,902] {processor.py:153} INFO - Started process (PID=2283) to work on /home/airflow/.local/lib/python3.7/site-packages/airflow/example_dags/example_branch_labels.py
[2022-07-28 07:41:53,924] {processor.py:641} INFO - Processing file /home/airflow/.local/lib/python3.7/site-packages/airflow/example_dags/example_branch_labels.py for tasks to queue
[2022-07-28 07:41:53,925] {logging_mixin.py:115} INFO - [2022-07-28 07:41:53,925] {dagbag.py:508} INFO - Filling up the DagBag from /home/airflow/.local/lib/python3.7/site-packages/airflow/example_dags/example_branch_labels.py
[2022-07-28 07:41:53,933] {processor.py:651} INFO - DAG(s) dict_keys(['example_branch_labels']) retrieved from /home/airflow/.local/lib/python3.7/site-packages/airflow/example_dags/example_branch_labels.py
[2022-07-28 07:41:53,977] {logging_mixin.py:115} INFO - [2022-07-28 07:41:53,977] {dag.py:2420} INFO - Sync 1 DAGs
[2022-07-28 07:41:54,005] {logging_mixin.py:115} INFO - [2022-07-28 07:41:54,005] {dag.py:2972} INFO - Setting next_dagrun for example_branch_labels to 2022-07-27T00:00:00+00:00, run_after=2022-07-28T00:00:00+00:00
[2022-07-28 07:41:57,862] {processor.py:161} INFO - Processing /home/airflow/.local/lib/python3.7/site-packages/airflow/example_dags/example_branch_labels.py took 3.964 seconds
[2022-07-28 07:42:28,026] {processor.py:153} INFO - Started process (PID=2327) to work on /home/airflow/.local/lib/python3.7/site-packages/airflow/example_dags/example_branch_labels.py
[2022-07-28 07:42:28,027] {processor.py:641} INFO - Processing file /home/airflow/.local/lib/python3.7/site-packages/airflow/example_dags/example_branch_labels.py for tasks to queue
[2022-07-28 07:42:28,028] {logging_mixin.py:115} INFO - [2022-07-28 07:42:28,028] {dagbag.py:508} INFO - Filling up the DagBag from /home/airflow/.local/lib/python3.7/site-packages/airflow/example_dags/example_branch_labels.py
[2022-07-28 07:42:28,040] {processor.py:651} INFO - DAG(s) dict_keys(['example_branch_labels']) retrieved from /home/airflow/.local/lib/python3.7/site-packages/airflow/example_dags/example_branch_labels.py
[2022-07-28 07:42:28,073] {logging_mixin.py:115} INFO - [2022-07-28 07:42:28,073] {dag.py:2420} INFO - Sync 1 DAGs
[2022-07-28 07:42:28,103] {logging_mixin.py:115} INFO - [2022-07-28 07:42:28,103] {dag.py:2972} INFO - Setting next_dagrun for example_branch_labels to 2022-07-27T00:00:00+00:00, run_after=2022-07-28T00:00:00+00:00
[2022-07-28 07:42:28,194] {processor.py:161} INFO - Processing /home/airflow/.local/lib/python3.7/site-packages/airflow/example_dags/example_branch_labels.py took 0.175 seconds
[2022-07-28 07:42:58,592] {processor.py:153} INFO - Started process (PID=2387) to work on /home/airflow/.local/lib/python3.7/site-packages/airflow/example_dags/example_branch_labels.py
[2022-07-28 07:42:58,593] {processor.py:641} INFO - Processing file /home/airflow/.local/lib/python3.7/site-packages/airflow/example_dags/example_branch_labels.py for tasks to queue
[2022-07-28 07:42:58,594] {logging_mixin.py:115} INFO - [2022-07-28 07:42:58,594] {dagbag.py:508} INFO - Filling up the DagBag from /home/airflow/.local/lib/python3.7/site-packages/airflow/example_dags/example_branch_labels.py
[2022-07-28 07:42:58,604] {processor.py:651} INFO - DAG(s) dict_keys(['example_branch_labels']) retrieved from /home/airflow/.local/lib/python3.7/site-packages/airflow/example_dags/example_branch_labels.py
[2022-07-28 07:42:58,640] {logging_mixin.py:115} INFO - [2022-07-28 07:42:58,640] {dag.py:2420} INFO - Sync 1 DAGs
[2022-07-28 07:42:58,676] {logging_mixin.py:115} INFO - [2022-07-28 07:42:58,675] {dag.py:2972} INFO - Setting next_dagrun for example_branch_labels to 2022-07-27T00:00:00+00:00, run_after=2022-07-28T00:00:00+00:00
[2022-07-28 07:42:58,871] {processor.py:161} INFO - Processing /home/airflow/.local/lib/python3.7/site-packages/airflow/example_dags/example_branch_labels.py took 0.284 seconds
[2022-07-28 07:43:28,935] {processor.py:153} INFO - Started process (PID=2442) to work on /home/airflow/.local/lib/python3.7/site-packages/airflow/example_dags/example_branch_labels.py
[2022-07-28 07:43:28,936] {processor.py:641} INFO - Processing file /home/airflow/.local/lib/python3.7/site-packages/airflow/example_dags/example_branch_labels.py for tasks to queue
[2022-07-28 07:43:28,937] {logging_mixin.py:115} INFO - [2022-07-28 07:43:28,937] {dagbag.py:508} INFO - Filling up the DagBag from /home/airflow/.local/lib/python3.7/site-packages/airflow/example_dags/example_branch_labels.py
[2022-07-28 07:43:28,947] {processor.py:651} INFO - DAG(s) dict_keys(['example_branch_labels']) retrieved from /home/airflow/.local/lib/python3.7/site-packages/airflow/example_dags/example_branch_labels.py
[2022-07-28 07:43:29,016] {logging_mixin.py:115} INFO - [2022-07-28 07:43:29,016] {dag.py:2420} INFO - Sync 1 DAGs
[2022-07-28 07:43:29,077] {logging_mixin.py:115} INFO - [2022-07-28 07:43:29,076] {dag.py:2972} INFO - Setting next_dagrun for example_branch_labels to 2022-07-27T00:00:00+00:00, run_after=2022-07-28T00:00:00+00:00
[2022-07-28 07:43:29,357] {processor.py:161} INFO - Processing /home/airflow/.local/lib/python3.7/site-packages/airflow/example_dags/example_branch_labels.py took 0.426 seconds
[2022-07-28 07:44:02,831] {processor.py:153} INFO - Started process (PID=2487) to work on /home/airflow/.local/lib/python3.7/site-packages/airflow/example_dags/example_branch_labels.py
[2022-07-28 07:44:02,832] {processor.py:641} INFO - Processing file /home/airflow/.local/lib/python3.7/site-packages/airflow/example_dags/example_branch_labels.py for tasks to queue
[2022-07-28 07:44:02,834] {logging_mixin.py:115} INFO - [2022-07-28 07:44:02,833] {dagbag.py:508} INFO - Filling up the DagBag from /home/airflow/.local/lib/python3.7/site-packages/airflow/example_dags/example_branch_labels.py
[2022-07-28 07:44:02,845] {processor.py:651} INFO - DAG(s) dict_keys(['example_branch_labels']) retrieved from /home/airflow/.local/lib/python3.7/site-packages/airflow/example_dags/example_branch_labels.py
[2022-07-28 07:44:02,880] {logging_mixin.py:115} INFO - [2022-07-28 07:44:02,880] {dag.py:2420} INFO - Sync 1 DAGs
[2022-07-28 07:44:02,912] {logging_mixin.py:115} INFO - [2022-07-28 07:44:02,912] {dag.py:2972} INFO - Setting next_dagrun for example_branch_labels to 2022-07-27T00:00:00+00:00, run_after=2022-07-28T00:00:00+00:00
[2022-07-28 07:44:03,195] {processor.py:161} INFO - Processing /home/airflow/.local/lib/python3.7/site-packages/airflow/example_dags/example_branch_labels.py took 0.369 seconds
[2022-07-28 07:44:33,651] {processor.py:153} INFO - Started process (PID=2540) to work on /home/airflow/.local/lib/python3.7/site-packages/airflow/example_dags/example_branch_labels.py
[2022-07-28 07:44:33,652] {processor.py:641} INFO - Processing file /home/airflow/.local/lib/python3.7/site-packages/airflow/example_dags/example_branch_labels.py for tasks to queue
[2022-07-28 07:44:33,653] {logging_mixin.py:115} INFO - [2022-07-28 07:44:33,653] {dagbag.py:508} INFO - Filling up the DagBag from /home/airflow/.local/lib/python3.7/site-packages/airflow/example_dags/example_branch_labels.py
[2022-07-28 07:44:33,669] {processor.py:651} INFO - DAG(s) dict_keys(['example_branch_labels']) retrieved from /home/airflow/.local/lib/python3.7/site-packages/airflow/example_dags/example_branch_labels.py
[2022-07-28 07:44:33,716] {logging_mixin.py:115} INFO - [2022-07-28 07:44:33,716] {dag.py:2420} INFO - Sync 1 DAGs
[2022-07-28 07:44:33,758] {logging_mixin.py:115} INFO - [2022-07-28 07:44:33,758] {dag.py:2972} INFO - Setting next_dagrun for example_branch_labels to 2022-07-27T00:00:00+00:00, run_after=2022-07-28T00:00:00+00:00
[2022-07-28 07:44:34,065] {processor.py:161} INFO - Processing /home/airflow/.local/lib/python3.7/site-packages/airflow/example_dags/example_branch_labels.py took 0.421 seconds
[2022-07-28 07:45:04,611] {processor.py:153} INFO - Started process (PID=2593) to work on /home/airflow/.local/lib/python3.7/site-packages/airflow/example_dags/example_branch_labels.py
[2022-07-28 07:45:04,613] {processor.py:641} INFO - Processing file /home/airflow/.local/lib/python3.7/site-packages/airflow/example_dags/example_branch_labels.py for tasks to queue
[2022-07-28 07:45:04,615] {logging_mixin.py:115} INFO - [2022-07-28 07:45:04,615] {dagbag.py:508} INFO - Filling up the DagBag from /home/airflow/.local/lib/python3.7/site-packages/airflow/example_dags/example_branch_labels.py
[2022-07-28 07:45:04,638] {processor.py:651} INFO - DAG(s) dict_keys(['example_branch_labels']) retrieved from /home/airflow/.local/lib/python3.7/site-packages/airflow/example_dags/example_branch_labels.py
[2022-07-28 07:45:04,702] {logging_mixin.py:115} INFO - [2022-07-28 07:45:04,702] {dag.py:2420} INFO - Sync 1 DAGs
[2022-07-28 07:45:04,778] {logging_mixin.py:115} INFO - [2022-07-28 07:45:04,778] {dag.py:2972} INFO - Setting next_dagrun for example_branch_labels to 2022-07-27T00:00:00+00:00, run_after=2022-07-28T00:00:00+00:00
[2022-07-28 07:45:04,936] {processor.py:161} INFO - Processing /home/airflow/.local/lib/python3.7/site-packages/airflow/example_dags/example_branch_labels.py took 0.335 seconds
[2022-07-28 07:45:37,052] {processor.py:153} INFO - Started process (PID=2650) to work on /home/airflow/.local/lib/python3.7/site-packages/airflow/example_dags/example_branch_labels.py
[2022-07-28 07:45:37,053] {processor.py:641} INFO - Processing file /home/airflow/.local/lib/python3.7/site-packages/airflow/example_dags/example_branch_labels.py for tasks to queue
[2022-07-28 07:45:37,054] {logging_mixin.py:115} INFO - [2022-07-28 07:45:37,054] {dagbag.py:508} INFO - Filling up the DagBag from /home/airflow/.local/lib/python3.7/site-packages/airflow/example_dags/example_branch_labels.py
[2022-07-28 07:45:37,062] {processor.py:651} INFO - DAG(s) dict_keys(['example_branch_labels']) retrieved from /home/airflow/.local/lib/python3.7/site-packages/airflow/example_dags/example_branch_labels.py
[2022-07-28 07:45:37,125] {logging_mixin.py:115} INFO - [2022-07-28 07:45:37,125] {dag.py:2420} INFO - Sync 1 DAGs
[2022-07-28 07:45:37,200] {logging_mixin.py:115} INFO - [2022-07-28 07:45:37,200] {dag.py:2972} INFO - Setting next_dagrun for example_branch_labels to 2022-07-27T00:00:00+00:00, run_after=2022-07-28T00:00:00+00:00
[2022-07-28 07:45:37,342] {processor.py:161} INFO - Processing /home/airflow/.local/lib/python3.7/site-packages/airflow/example_dags/example_branch_labels.py took 0.294 seconds
[2022-07-28 07:46:14,940] {processor.py:153} INFO - Started process (PID=2703) to work on /home/airflow/.local/lib/python3.7/site-packages/airflow/example_dags/example_branch_labels.py
[2022-07-28 07:46:14,941] {processor.py:641} INFO - Processing file /home/airflow/.local/lib/python3.7/site-packages/airflow/example_dags/example_branch_labels.py for tasks to queue
[2022-07-28 07:46:14,942] {logging_mixin.py:115} INFO - [2022-07-28 07:46:14,942] {dagbag.py:508} INFO - Filling up the DagBag from /home/airflow/.local/lib/python3.7/site-packages/airflow/example_dags/example_branch_labels.py
[2022-07-28 07:46:14,953] {processor.py:651} INFO - DAG(s) dict_keys(['example_branch_labels']) retrieved from /home/airflow/.local/lib/python3.7/site-packages/airflow/example_dags/example_branch_labels.py
[2022-07-28 07:46:14,986] {logging_mixin.py:115} INFO - [2022-07-28 07:46:14,986] {dag.py:2420} INFO - Sync 1 DAGs
[2022-07-28 07:46:15,021] {logging_mixin.py:115} INFO - [2022-07-28 07:46:15,021] {dag.py:2972} INFO - Setting next_dagrun for example_branch_labels to 2022-07-27T00:00:00+00:00, run_after=2022-07-28T00:00:00+00:00
[2022-07-28 07:46:15,460] {processor.py:161} INFO - Processing /home/airflow/.local/lib/python3.7/site-packages/airflow/example_dags/example_branch_labels.py took 0.523 seconds
[2022-07-28 07:46:48,616] {processor.py:153} INFO - Started process (PID=2756) to work on /home/airflow/.local/lib/python3.7/site-packages/airflow/example_dags/example_branch_labels.py
[2022-07-28 07:46:48,616] {processor.py:641} INFO - Processing file /home/airflow/.local/lib/python3.7/site-packages/airflow/example_dags/example_branch_labels.py for tasks to queue
[2022-07-28 07:46:48,617] {logging_mixin.py:115} INFO - [2022-07-28 07:46:48,617] {dagbag.py:508} INFO - Filling up the DagBag from /home/airflow/.local/lib/python3.7/site-packages/airflow/example_dags/example_branch_labels.py
[2022-07-28 07:46:48,627] {processor.py:651} INFO - DAG(s) dict_keys(['example_branch_labels']) retrieved from /home/airflow/.local/lib/python3.7/site-packages/airflow/example_dags/example_branch_labels.py
[2022-07-28 07:46:48,667] {logging_mixin.py:115} INFO - [2022-07-28 07:46:48,667] {dag.py:2420} INFO - Sync 1 DAGs
[2022-07-28 07:46:48,699] {logging_mixin.py:115} INFO - [2022-07-28 07:46:48,699] {dag.py:2972} INFO - Setting next_dagrun for example_branch_labels to 2022-07-27T00:00:00+00:00, run_after=2022-07-28T00:00:00+00:00
[2022-07-28 07:46:49,441] {processor.py:161} INFO - Processing /home/airflow/.local/lib/python3.7/site-packages/airflow/example_dags/example_branch_labels.py took 0.830 seconds
[2022-07-28 07:47:19,949] {processor.py:153} INFO - Started process (PID=2807) to work on /home/airflow/.local/lib/python3.7/site-packages/airflow/example_dags/example_branch_labels.py
[2022-07-28 07:47:19,950] {processor.py:641} INFO - Processing file /home/airflow/.local/lib/python3.7/site-packages/airflow/example_dags/example_branch_labels.py for tasks to queue
[2022-07-28 07:47:19,954] {logging_mixin.py:115} INFO - [2022-07-28 07:47:19,954] {dagbag.py:508} INFO - Filling up the DagBag from /home/airflow/.local/lib/python3.7/site-packages/airflow/example_dags/example_branch_labels.py
[2022-07-28 07:47:20,002] {processor.py:651} INFO - DAG(s) dict_keys(['example_branch_labels']) retrieved from /home/airflow/.local/lib/python3.7/site-packages/airflow/example_dags/example_branch_labels.py
[2022-07-28 07:47:20,179] {logging_mixin.py:115} INFO - [2022-07-28 07:47:20,178] {dag.py:2420} INFO - Sync 1 DAGs
[2022-07-28 07:47:20,340] {logging_mixin.py:115} INFO - [2022-07-28 07:47:20,339] {dag.py:2972} INFO - Setting next_dagrun for example_branch_labels to 2022-07-27T00:00:00+00:00, run_after=2022-07-28T00:00:00+00:00
[2022-07-28 07:47:20,499] {processor.py:161} INFO - Processing /home/airflow/.local/lib/python3.7/site-packages/airflow/example_dags/example_branch_labels.py took 0.564 seconds
[2022-07-28 07:47:50,882] {processor.py:153} INFO - Started process (PID=2860) to work on /home/airflow/.local/lib/python3.7/site-packages/airflow/example_dags/example_branch_labels.py
[2022-07-28 07:47:50,884] {processor.py:641} INFO - Processing file /home/airflow/.local/lib/python3.7/site-packages/airflow/example_dags/example_branch_labels.py for tasks to queue
[2022-07-28 07:47:50,885] {logging_mixin.py:115} INFO - [2022-07-28 07:47:50,885] {dagbag.py:508} INFO - Filling up the DagBag from /home/airflow/.local/lib/python3.7/site-packages/airflow/example_dags/example_branch_labels.py
[2022-07-28 07:47:50,904] {processor.py:651} INFO - DAG(s) dict_keys(['example_branch_labels']) retrieved from /home/airflow/.local/lib/python3.7/site-packages/airflow/example_dags/example_branch_labels.py
[2022-07-28 07:47:50,964] {logging_mixin.py:115} INFO - [2022-07-28 07:47:50,964] {dag.py:2420} INFO - Sync 1 DAGs
[2022-07-28 07:47:51,023] {logging_mixin.py:115} INFO - [2022-07-28 07:47:51,023] {dag.py:2972} INFO - Setting next_dagrun for example_branch_labels to 2022-07-27T00:00:00+00:00, run_after=2022-07-28T00:00:00+00:00
[2022-07-28 07:47:58,729] {processor.py:161} INFO - Processing /home/airflow/.local/lib/python3.7/site-packages/airflow/example_dags/example_branch_labels.py took 7.854 seconds
[2022-07-28 07:48:29,604] {processor.py:153} INFO - Started process (PID=2904) to work on /home/airflow/.local/lib/python3.7/site-packages/airflow/example_dags/example_branch_labels.py
[2022-07-28 07:48:29,605] {processor.py:641} INFO - Processing file /home/airflow/.local/lib/python3.7/site-packages/airflow/example_dags/example_branch_labels.py for tasks to queue
[2022-07-28 07:48:29,607] {logging_mixin.py:115} INFO - [2022-07-28 07:48:29,607] {dagbag.py:508} INFO - Filling up the DagBag from /home/airflow/.local/lib/python3.7/site-packages/airflow/example_dags/example_branch_labels.py
[2022-07-28 07:48:29,623] {processor.py:651} INFO - DAG(s) dict_keys(['example_branch_labels']) retrieved from /home/airflow/.local/lib/python3.7/site-packages/airflow/example_dags/example_branch_labels.py
[2022-07-28 07:48:29,683] {logging_mixin.py:115} INFO - [2022-07-28 07:48:29,682] {dag.py:2420} INFO - Sync 1 DAGs
[2022-07-28 07:48:29,740] {logging_mixin.py:115} INFO - [2022-07-28 07:48:29,740] {dag.py:2972} INFO - Setting next_dagrun for example_branch_labels to 2022-07-27T00:00:00+00:00, run_after=2022-07-28T00:00:00+00:00
[2022-07-28 07:48:32,984] {processor.py:161} INFO - Processing /home/airflow/.local/lib/python3.7/site-packages/airflow/example_dags/example_branch_labels.py took 3.388 seconds
[2022-07-28 07:49:03,132] {processor.py:153} INFO - Started process (PID=2966) to work on /home/airflow/.local/lib/python3.7/site-packages/airflow/example_dags/example_branch_labels.py
[2022-07-28 07:49:03,133] {processor.py:641} INFO - Processing file /home/airflow/.local/lib/python3.7/site-packages/airflow/example_dags/example_branch_labels.py for tasks to queue
[2022-07-28 07:49:03,135] {logging_mixin.py:115} INFO - [2022-07-28 07:49:03,135] {dagbag.py:508} INFO - Filling up the DagBag from /home/airflow/.local/lib/python3.7/site-packages/airflow/example_dags/example_branch_labels.py
[2022-07-28 07:49:03,155] {processor.py:651} INFO - DAG(s) dict_keys(['example_branch_labels']) retrieved from /home/airflow/.local/lib/python3.7/site-packages/airflow/example_dags/example_branch_labels.py
[2022-07-28 07:49:03,236] {logging_mixin.py:115} INFO - [2022-07-28 07:49:03,236] {dag.py:2420} INFO - Sync 1 DAGs
[2022-07-28 07:49:03,301] {logging_mixin.py:115} INFO - [2022-07-28 07:49:03,301] {dag.py:2972} INFO - Setting next_dagrun for example_branch_labels to 2022-07-27T00:00:00+00:00, run_after=2022-07-28T00:00:00+00:00
[2022-07-28 07:49:03,430] {processor.py:161} INFO - Processing /home/airflow/.local/lib/python3.7/site-packages/airflow/example_dags/example_branch_labels.py took 0.306 seconds
[2022-07-28 07:49:34,150] {processor.py:153} INFO - Started process (PID=3019) to work on /home/airflow/.local/lib/python3.7/site-packages/airflow/example_dags/example_branch_labels.py
[2022-07-28 07:49:34,152] {processor.py:641} INFO - Processing file /home/airflow/.local/lib/python3.7/site-packages/airflow/example_dags/example_branch_labels.py for tasks to queue
[2022-07-28 07:49:34,153] {logging_mixin.py:115} INFO - [2022-07-28 07:49:34,153] {dagbag.py:508} INFO - Filling up the DagBag from /home/airflow/.local/lib/python3.7/site-packages/airflow/example_dags/example_branch_labels.py
[2022-07-28 07:49:34,178] {processor.py:651} INFO - DAG(s) dict_keys(['example_branch_labels']) retrieved from /home/airflow/.local/lib/python3.7/site-packages/airflow/example_dags/example_branch_labels.py
[2022-07-28 07:49:34,261] {logging_mixin.py:115} INFO - [2022-07-28 07:49:34,261] {dag.py:2420} INFO - Sync 1 DAGs
[2022-07-28 07:49:34,349] {logging_mixin.py:115} INFO - [2022-07-28 07:49:34,348] {dag.py:2972} INFO - Setting next_dagrun for example_branch_labels to 2022-07-27T00:00:00+00:00, run_after=2022-07-28T00:00:00+00:00
[2022-07-28 07:49:34,447] {processor.py:161} INFO - Processing /home/airflow/.local/lib/python3.7/site-packages/airflow/example_dags/example_branch_labels.py took 0.305 seconds
[2022-07-28 07:50:24,317] {processor.py:153} INFO - Started process (PID=3059) to work on /home/airflow/.local/lib/python3.7/site-packages/airflow/example_dags/example_branch_labels.py
[2022-07-28 07:50:24,319] {processor.py:641} INFO - Processing file /home/airflow/.local/lib/python3.7/site-packages/airflow/example_dags/example_branch_labels.py for tasks to queue
[2022-07-28 07:50:24,320] {logging_mixin.py:115} INFO - [2022-07-28 07:50:24,320] {dagbag.py:508} INFO - Filling up the DagBag from /home/airflow/.local/lib/python3.7/site-packages/airflow/example_dags/example_branch_labels.py
[2022-07-28 07:50:24,337] {processor.py:651} INFO - DAG(s) dict_keys(['example_branch_labels']) retrieved from /home/airflow/.local/lib/python3.7/site-packages/airflow/example_dags/example_branch_labels.py
[2022-07-28 07:50:24,401] {logging_mixin.py:115} INFO - [2022-07-28 07:50:24,401] {dag.py:2420} INFO - Sync 1 DAGs
[2022-07-28 07:50:24,473] {logging_mixin.py:115} INFO - [2022-07-28 07:50:24,473] {dag.py:2972} INFO - Setting next_dagrun for example_branch_labels to 2022-07-27T00:00:00+00:00, run_after=2022-07-28T00:00:00+00:00
[2022-07-28 07:50:24,796] {processor.py:161} INFO - Processing /home/airflow/.local/lib/python3.7/site-packages/airflow/example_dags/example_branch_labels.py took 0.487 seconds
