[2022-07-28 07:40:55,045] {processor.py:153} INFO - Started process (PID=2226) to work on /home/airflow/.local/lib/python3.7/site-packages/airflow/example_dags/example_kubernetes_executor.py
[2022-07-28 07:40:55,046] {processor.py:641} INFO - Processing file /home/airflow/.local/lib/python3.7/site-packages/airflow/example_dags/example_kubernetes_executor.py for tasks to queue
[2022-07-28 07:40:55,046] {logging_mixin.py:115} INFO - [2022-07-28 07:40:55,046] {dagbag.py:508} INFO - Filling up the DagBag from /home/airflow/.local/lib/python3.7/site-packages/airflow/example_dags/example_kubernetes_executor.py
[2022-07-28 07:40:55,678] {processor.py:651} INFO - DAG(s) dict_keys(['example_kubernetes_executor']) retrieved from /home/airflow/.local/lib/python3.7/site-packages/airflow/example_dags/example_kubernetes_executor.py
[2022-07-28 07:40:57,758] {logging_mixin.py:115} INFO - [2022-07-28 07:40:57,757] {dag.py:2420} INFO - Sync 1 DAGs
[2022-07-28 07:40:57,782] {logging_mixin.py:115} INFO - [2022-07-28 07:40:57,782] {dag.py:2972} INFO - Setting next_dagrun for example_kubernetes_executor to None, run_after=None
[2022-07-28 07:41:02,025] {processor.py:161} INFO - Processing /home/airflow/.local/lib/python3.7/site-packages/airflow/example_dags/example_kubernetes_executor.py took 6.973 seconds
[2022-07-28 07:41:53,870] {processor.py:153} INFO - Started process (PID=2282) to work on /home/airflow/.local/lib/python3.7/site-packages/airflow/example_dags/example_kubernetes_executor.py
[2022-07-28 07:41:53,871] {processor.py:641} INFO - Processing file /home/airflow/.local/lib/python3.7/site-packages/airflow/example_dags/example_kubernetes_executor.py for tasks to queue
[2022-07-28 07:41:53,872] {logging_mixin.py:115} INFO - [2022-07-28 07:41:53,872] {dagbag.py:508} INFO - Filling up the DagBag from /home/airflow/.local/lib/python3.7/site-packages/airflow/example_dags/example_kubernetes_executor.py
[2022-07-28 07:41:53,900] {processor.py:651} INFO - DAG(s) dict_keys(['example_kubernetes_executor']) retrieved from /home/airflow/.local/lib/python3.7/site-packages/airflow/example_dags/example_kubernetes_executor.py
[2022-07-28 07:41:56,659] {logging_mixin.py:115} INFO - [2022-07-28 07:41:56,658] {dag.py:2420} INFO - Sync 1 DAGs
[2022-07-28 07:41:57,230] {logging_mixin.py:115} INFO - [2022-07-28 07:41:57,230] {dag.py:2972} INFO - Setting next_dagrun for example_kubernetes_executor to None, run_after=None
[2022-07-28 07:41:58,039] {processor.py:161} INFO - Processing /home/airflow/.local/lib/python3.7/site-packages/airflow/example_dags/example_kubernetes_executor.py took 4.172 seconds
[2022-07-28 07:42:28,226] {processor.py:153} INFO - Started process (PID=2328) to work on /home/airflow/.local/lib/python3.7/site-packages/airflow/example_dags/example_kubernetes_executor.py
[2022-07-28 07:42:28,227] {processor.py:641} INFO - Processing file /home/airflow/.local/lib/python3.7/site-packages/airflow/example_dags/example_kubernetes_executor.py for tasks to queue
[2022-07-28 07:42:28,228] {logging_mixin.py:115} INFO - [2022-07-28 07:42:28,228] {dagbag.py:508} INFO - Filling up the DagBag from /home/airflow/.local/lib/python3.7/site-packages/airflow/example_dags/example_kubernetes_executor.py
[2022-07-28 07:42:28,257] {processor.py:651} INFO - DAG(s) dict_keys(['example_kubernetes_executor']) retrieved from /home/airflow/.local/lib/python3.7/site-packages/airflow/example_dags/example_kubernetes_executor.py
[2022-07-28 07:42:28,293] {logging_mixin.py:115} INFO - [2022-07-28 07:42:28,293] {dag.py:2420} INFO - Sync 1 DAGs
[2022-07-28 07:42:28,355] {logging_mixin.py:115} INFO - [2022-07-28 07:42:28,355] {dag.py:2972} INFO - Setting next_dagrun for example_kubernetes_executor to None, run_after=None
[2022-07-28 07:42:28,489] {processor.py:161} INFO - Processing /home/airflow/.local/lib/python3.7/site-packages/airflow/example_dags/example_kubernetes_executor.py took 0.267 seconds
[2022-07-28 07:42:58,902] {processor.py:153} INFO - Started process (PID=2390) to work on /home/airflow/.local/lib/python3.7/site-packages/airflow/example_dags/example_kubernetes_executor.py
[2022-07-28 07:42:58,903] {processor.py:641} INFO - Processing file /home/airflow/.local/lib/python3.7/site-packages/airflow/example_dags/example_kubernetes_executor.py for tasks to queue
[2022-07-28 07:42:58,904] {logging_mixin.py:115} INFO - [2022-07-28 07:42:58,904] {dagbag.py:508} INFO - Filling up the DagBag from /home/airflow/.local/lib/python3.7/site-packages/airflow/example_dags/example_kubernetes_executor.py
[2022-07-28 07:42:58,934] {processor.py:651} INFO - DAG(s) dict_keys(['example_kubernetes_executor']) retrieved from /home/airflow/.local/lib/python3.7/site-packages/airflow/example_dags/example_kubernetes_executor.py
[2022-07-28 07:42:58,970] {logging_mixin.py:115} INFO - [2022-07-28 07:42:58,970] {dag.py:2420} INFO - Sync 1 DAGs
[2022-07-28 07:42:58,997] {logging_mixin.py:115} INFO - [2022-07-28 07:42:58,997] {dag.py:2972} INFO - Setting next_dagrun for example_kubernetes_executor to None, run_after=None
[2022-07-28 07:43:00,009] {processor.py:161} INFO - Processing /home/airflow/.local/lib/python3.7/site-packages/airflow/example_dags/example_kubernetes_executor.py took 1.111 seconds
[2022-07-28 07:43:30,431] {processor.py:153} INFO - Started process (PID=2443) to work on /home/airflow/.local/lib/python3.7/site-packages/airflow/example_dags/example_kubernetes_executor.py
[2022-07-28 07:43:30,433] {processor.py:641} INFO - Processing file /home/airflow/.local/lib/python3.7/site-packages/airflow/example_dags/example_kubernetes_executor.py for tasks to queue
[2022-07-28 07:43:30,435] {logging_mixin.py:115} INFO - [2022-07-28 07:43:30,435] {dagbag.py:508} INFO - Filling up the DagBag from /home/airflow/.local/lib/python3.7/site-packages/airflow/example_dags/example_kubernetes_executor.py
[2022-07-28 07:43:30,516] {processor.py:651} INFO - DAG(s) dict_keys(['example_kubernetes_executor']) retrieved from /home/airflow/.local/lib/python3.7/site-packages/airflow/example_dags/example_kubernetes_executor.py
[2022-07-28 07:43:30,601] {logging_mixin.py:115} INFO - [2022-07-28 07:43:30,601] {dag.py:2420} INFO - Sync 1 DAGs
[2022-07-28 07:43:30,680] {logging_mixin.py:115} INFO - [2022-07-28 07:43:30,680] {dag.py:2972} INFO - Setting next_dagrun for example_kubernetes_executor to None, run_after=None
[2022-07-28 07:43:30,857] {processor.py:161} INFO - Processing /home/airflow/.local/lib/python3.7/site-packages/airflow/example_dags/example_kubernetes_executor.py took 0.437 seconds
[2022-07-28 07:44:02,441] {processor.py:153} INFO - Started process (PID=2486) to work on /home/airflow/.local/lib/python3.7/site-packages/airflow/example_dags/example_kubernetes_executor.py
[2022-07-28 07:44:02,443] {processor.py:641} INFO - Processing file /home/airflow/.local/lib/python3.7/site-packages/airflow/example_dags/example_kubernetes_executor.py for tasks to queue
[2022-07-28 07:44:02,444] {logging_mixin.py:115} INFO - [2022-07-28 07:44:02,444] {dagbag.py:508} INFO - Filling up the DagBag from /home/airflow/.local/lib/python3.7/site-packages/airflow/example_dags/example_kubernetes_executor.py
[2022-07-28 07:44:02,481] {processor.py:651} INFO - DAG(s) dict_keys(['example_kubernetes_executor']) retrieved from /home/airflow/.local/lib/python3.7/site-packages/airflow/example_dags/example_kubernetes_executor.py
[2022-07-28 07:44:02,516] {logging_mixin.py:115} INFO - [2022-07-28 07:44:02,516] {dag.py:2420} INFO - Sync 1 DAGs
[2022-07-28 07:44:02,543] {logging_mixin.py:115} INFO - [2022-07-28 07:44:02,543] {dag.py:2972} INFO - Setting next_dagrun for example_kubernetes_executor to None, run_after=None
[2022-07-28 07:44:02,997] {processor.py:161} INFO - Processing /home/airflow/.local/lib/python3.7/site-packages/airflow/example_dags/example_kubernetes_executor.py took 0.561 seconds
[2022-07-28 07:44:33,627] {processor.py:153} INFO - Started process (PID=2539) to work on /home/airflow/.local/lib/python3.7/site-packages/airflow/example_dags/example_kubernetes_executor.py
[2022-07-28 07:44:33,627] {processor.py:641} INFO - Processing file /home/airflow/.local/lib/python3.7/site-packages/airflow/example_dags/example_kubernetes_executor.py for tasks to queue
[2022-07-28 07:44:33,629] {logging_mixin.py:115} INFO - [2022-07-28 07:44:33,629] {dagbag.py:508} INFO - Filling up the DagBag from /home/airflow/.local/lib/python3.7/site-packages/airflow/example_dags/example_kubernetes_executor.py
[2022-07-28 07:44:33,683] {processor.py:651} INFO - DAG(s) dict_keys(['example_kubernetes_executor']) retrieved from /home/airflow/.local/lib/python3.7/site-packages/airflow/example_dags/example_kubernetes_executor.py
[2022-07-28 07:44:33,738] {logging_mixin.py:115} INFO - [2022-07-28 07:44:33,737] {dag.py:2420} INFO - Sync 1 DAGs
[2022-07-28 07:44:33,773] {logging_mixin.py:115} INFO - [2022-07-28 07:44:33,773] {dag.py:2972} INFO - Setting next_dagrun for example_kubernetes_executor to None, run_after=None
[2022-07-28 07:44:34,193] {processor.py:161} INFO - Processing /home/airflow/.local/lib/python3.7/site-packages/airflow/example_dags/example_kubernetes_executor.py took 0.574 seconds
[2022-07-28 07:45:04,405] {processor.py:153} INFO - Started process (PID=2592) to work on /home/airflow/.local/lib/python3.7/site-packages/airflow/example_dags/example_kubernetes_executor.py
[2022-07-28 07:45:04,406] {processor.py:641} INFO - Processing file /home/airflow/.local/lib/python3.7/site-packages/airflow/example_dags/example_kubernetes_executor.py for tasks to queue
[2022-07-28 07:45:04,408] {logging_mixin.py:115} INFO - [2022-07-28 07:45:04,408] {dagbag.py:508} INFO - Filling up the DagBag from /home/airflow/.local/lib/python3.7/site-packages/airflow/example_dags/example_kubernetes_executor.py
[2022-07-28 07:45:04,475] {processor.py:651} INFO - DAG(s) dict_keys(['example_kubernetes_executor']) retrieved from /home/airflow/.local/lib/python3.7/site-packages/airflow/example_dags/example_kubernetes_executor.py
[2022-07-28 07:45:04,543] {logging_mixin.py:115} INFO - [2022-07-28 07:45:04,543] {dag.py:2420} INFO - Sync 1 DAGs
[2022-07-28 07:45:04,609] {logging_mixin.py:115} INFO - [2022-07-28 07:45:04,608] {dag.py:2972} INFO - Setting next_dagrun for example_kubernetes_executor to None, run_after=None
[2022-07-28 07:45:04,709] {processor.py:161} INFO - Processing /home/airflow/.local/lib/python3.7/site-packages/airflow/example_dags/example_kubernetes_executor.py took 0.312 seconds
[2022-07-28 07:45:36,840] {processor.py:153} INFO - Started process (PID=2649) to work on /home/airflow/.local/lib/python3.7/site-packages/airflow/example_dags/example_kubernetes_executor.py
[2022-07-28 07:45:36,841] {processor.py:641} INFO - Processing file /home/airflow/.local/lib/python3.7/site-packages/airflow/example_dags/example_kubernetes_executor.py for tasks to queue
[2022-07-28 07:45:36,842] {logging_mixin.py:115} INFO - [2022-07-28 07:45:36,841] {dagbag.py:508} INFO - Filling up the DagBag from /home/airflow/.local/lib/python3.7/site-packages/airflow/example_dags/example_kubernetes_executor.py
[2022-07-28 07:45:36,872] {processor.py:651} INFO - DAG(s) dict_keys(['example_kubernetes_executor']) retrieved from /home/airflow/.local/lib/python3.7/site-packages/airflow/example_dags/example_kubernetes_executor.py
[2022-07-28 07:45:36,907] {logging_mixin.py:115} INFO - [2022-07-28 07:45:36,907] {dag.py:2420} INFO - Sync 1 DAGs
[2022-07-28 07:45:36,936] {logging_mixin.py:115} INFO - [2022-07-28 07:45:36,936] {dag.py:2972} INFO - Setting next_dagrun for example_kubernetes_executor to None, run_after=None
[2022-07-28 07:45:37,027] {processor.py:161} INFO - Processing /home/airflow/.local/lib/python3.7/site-packages/airflow/example_dags/example_kubernetes_executor.py took 0.191 seconds
[2022-07-28 07:46:14,658] {processor.py:153} INFO - Started process (PID=2702) to work on /home/airflow/.local/lib/python3.7/site-packages/airflow/example_dags/example_kubernetes_executor.py
[2022-07-28 07:46:14,659] {processor.py:641} INFO - Processing file /home/airflow/.local/lib/python3.7/site-packages/airflow/example_dags/example_kubernetes_executor.py for tasks to queue
[2022-07-28 07:46:14,659] {logging_mixin.py:115} INFO - [2022-07-28 07:46:14,659] {dagbag.py:508} INFO - Filling up the DagBag from /home/airflow/.local/lib/python3.7/site-packages/airflow/example_dags/example_kubernetes_executor.py
[2022-07-28 07:46:14,690] {processor.py:651} INFO - DAG(s) dict_keys(['example_kubernetes_executor']) retrieved from /home/airflow/.local/lib/python3.7/site-packages/airflow/example_dags/example_kubernetes_executor.py
[2022-07-28 07:46:14,730] {logging_mixin.py:115} INFO - [2022-07-28 07:46:14,730] {dag.py:2420} INFO - Sync 1 DAGs
[2022-07-28 07:46:14,757] {logging_mixin.py:115} INFO - [2022-07-28 07:46:14,757] {dag.py:2972} INFO - Setting next_dagrun for example_kubernetes_executor to None, run_after=None
[2022-07-28 07:46:15,169] {processor.py:161} INFO - Processing /home/airflow/.local/lib/python3.7/site-packages/airflow/example_dags/example_kubernetes_executor.py took 0.516 seconds
[2022-07-28 07:46:47,945] {processor.py:153} INFO - Started process (PID=2755) to work on /home/airflow/.local/lib/python3.7/site-packages/airflow/example_dags/example_kubernetes_executor.py
[2022-07-28 07:46:47,946] {processor.py:641} INFO - Processing file /home/airflow/.local/lib/python3.7/site-packages/airflow/example_dags/example_kubernetes_executor.py for tasks to queue
[2022-07-28 07:46:47,947] {logging_mixin.py:115} INFO - [2022-07-28 07:46:47,947] {dagbag.py:508} INFO - Filling up the DagBag from /home/airflow/.local/lib/python3.7/site-packages/airflow/example_dags/example_kubernetes_executor.py
[2022-07-28 07:46:47,979] {processor.py:651} INFO - DAG(s) dict_keys(['example_kubernetes_executor']) retrieved from /home/airflow/.local/lib/python3.7/site-packages/airflow/example_dags/example_kubernetes_executor.py
[2022-07-28 07:46:48,013] {logging_mixin.py:115} INFO - [2022-07-28 07:46:48,013] {dag.py:2420} INFO - Sync 1 DAGs
[2022-07-28 07:46:48,038] {logging_mixin.py:115} INFO - [2022-07-28 07:46:48,038] {dag.py:2972} INFO - Setting next_dagrun for example_kubernetes_executor to None, run_after=None
[2022-07-28 07:46:49,153] {processor.py:161} INFO - Processing /home/airflow/.local/lib/python3.7/site-packages/airflow/example_dags/example_kubernetes_executor.py took 1.213 seconds
[2022-07-28 07:47:19,391] {processor.py:153} INFO - Started process (PID=2806) to work on /home/airflow/.local/lib/python3.7/site-packages/airflow/example_dags/example_kubernetes_executor.py
[2022-07-28 07:47:19,393] {processor.py:641} INFO - Processing file /home/airflow/.local/lib/python3.7/site-packages/airflow/example_dags/example_kubernetes_executor.py for tasks to queue
[2022-07-28 07:47:19,395] {logging_mixin.py:115} INFO - [2022-07-28 07:47:19,395] {dagbag.py:508} INFO - Filling up the DagBag from /home/airflow/.local/lib/python3.7/site-packages/airflow/example_dags/example_kubernetes_executor.py
[2022-07-28 07:47:19,472] {processor.py:651} INFO - DAG(s) dict_keys(['example_kubernetes_executor']) retrieved from /home/airflow/.local/lib/python3.7/site-packages/airflow/example_dags/example_kubernetes_executor.py
[2022-07-28 07:47:19,613] {logging_mixin.py:115} INFO - [2022-07-28 07:47:19,612] {dag.py:2420} INFO - Sync 1 DAGs
[2022-07-28 07:47:19,694] {logging_mixin.py:115} INFO - [2022-07-28 07:47:19,693] {dag.py:2972} INFO - Setting next_dagrun for example_kubernetes_executor to None, run_after=None
[2022-07-28 07:47:19,850] {processor.py:161} INFO - Processing /home/airflow/.local/lib/python3.7/site-packages/airflow/example_dags/example_kubernetes_executor.py took 0.468 seconds
[2022-07-28 07:47:50,258] {processor.py:153} INFO - Started process (PID=2856) to work on /home/airflow/.local/lib/python3.7/site-packages/airflow/example_dags/example_kubernetes_executor.py
[2022-07-28 07:47:50,260] {processor.py:641} INFO - Processing file /home/airflow/.local/lib/python3.7/site-packages/airflow/example_dags/example_kubernetes_executor.py for tasks to queue
[2022-07-28 07:47:50,262] {logging_mixin.py:115} INFO - [2022-07-28 07:47:50,262] {dagbag.py:508} INFO - Filling up the DagBag from /home/airflow/.local/lib/python3.7/site-packages/airflow/example_dags/example_kubernetes_executor.py
[2022-07-28 07:47:50,323] {processor.py:651} INFO - DAG(s) dict_keys(['example_kubernetes_executor']) retrieved from /home/airflow/.local/lib/python3.7/site-packages/airflow/example_dags/example_kubernetes_executor.py
[2022-07-28 07:47:50,393] {logging_mixin.py:115} INFO - [2022-07-28 07:47:50,393] {dag.py:2420} INFO - Sync 1 DAGs
[2022-07-28 07:47:50,451] {logging_mixin.py:115} INFO - [2022-07-28 07:47:50,450] {dag.py:2972} INFO - Setting next_dagrun for example_kubernetes_executor to None, run_after=None
[2022-07-28 07:47:52,673] {processor.py:161} INFO - Processing /home/airflow/.local/lib/python3.7/site-packages/airflow/example_dags/example_kubernetes_executor.py took 2.425 seconds
[2022-07-28 07:48:23,541] {processor.py:153} INFO - Started process (PID=2903) to work on /home/airflow/.local/lib/python3.7/site-packages/airflow/example_dags/example_kubernetes_executor.py
[2022-07-28 07:48:23,542] {processor.py:641} INFO - Processing file /home/airflow/.local/lib/python3.7/site-packages/airflow/example_dags/example_kubernetes_executor.py for tasks to queue
[2022-07-28 07:48:23,544] {logging_mixin.py:115} INFO - [2022-07-28 07:48:23,544] {dagbag.py:508} INFO - Filling up the DagBag from /home/airflow/.local/lib/python3.7/site-packages/airflow/example_dags/example_kubernetes_executor.py
[2022-07-28 07:48:23,621] {processor.py:651} INFO - DAG(s) dict_keys(['example_kubernetes_executor']) retrieved from /home/airflow/.local/lib/python3.7/site-packages/airflow/example_dags/example_kubernetes_executor.py
[2022-07-28 07:48:23,688] {logging_mixin.py:115} INFO - [2022-07-28 07:48:23,687] {dag.py:2420} INFO - Sync 1 DAGs
[2022-07-28 07:48:23,747] {logging_mixin.py:115} INFO - [2022-07-28 07:48:23,746] {dag.py:2972} INFO - Setting next_dagrun for example_kubernetes_executor to None, run_after=None
[2022-07-28 07:48:23,845] {processor.py:161} INFO - Processing /home/airflow/.local/lib/python3.7/site-packages/airflow/example_dags/example_kubernetes_executor.py took 0.313 seconds
[2022-07-28 07:48:54,734] {processor.py:153} INFO - Started process (PID=2956) to work on /home/airflow/.local/lib/python3.7/site-packages/airflow/example_dags/example_kubernetes_executor.py
[2022-07-28 07:48:54,736] {processor.py:641} INFO - Processing file /home/airflow/.local/lib/python3.7/site-packages/airflow/example_dags/example_kubernetes_executor.py for tasks to queue
[2022-07-28 07:48:54,738] {logging_mixin.py:115} INFO - [2022-07-28 07:48:54,738] {dagbag.py:508} INFO - Filling up the DagBag from /home/airflow/.local/lib/python3.7/site-packages/airflow/example_dags/example_kubernetes_executor.py
[2022-07-28 07:48:54,804] {processor.py:651} INFO - DAG(s) dict_keys(['example_kubernetes_executor']) retrieved from /home/airflow/.local/lib/python3.7/site-packages/airflow/example_dags/example_kubernetes_executor.py
[2022-07-28 07:48:54,891] {logging_mixin.py:115} INFO - [2022-07-28 07:48:54,891] {dag.py:2420} INFO - Sync 1 DAGs
[2022-07-28 07:48:54,959] {logging_mixin.py:115} INFO - [2022-07-28 07:48:54,958] {dag.py:2972} INFO - Setting next_dagrun for example_kubernetes_executor to None, run_after=None
[2022-07-28 07:48:55,029] {processor.py:161} INFO - Processing /home/airflow/.local/lib/python3.7/site-packages/airflow/example_dags/example_kubernetes_executor.py took 0.307 seconds
[2022-07-28 07:49:25,460] {processor.py:153} INFO - Started process (PID=3008) to work on /home/airflow/.local/lib/python3.7/site-packages/airflow/example_dags/example_kubernetes_executor.py
[2022-07-28 07:49:25,462] {processor.py:641} INFO - Processing file /home/airflow/.local/lib/python3.7/site-packages/airflow/example_dags/example_kubernetes_executor.py for tasks to queue
[2022-07-28 07:49:25,465] {logging_mixin.py:115} INFO - [2022-07-28 07:49:25,464] {dagbag.py:508} INFO - Filling up the DagBag from /home/airflow/.local/lib/python3.7/site-packages/airflow/example_dags/example_kubernetes_executor.py
[2022-07-28 07:49:25,537] {processor.py:651} INFO - DAG(s) dict_keys(['example_kubernetes_executor']) retrieved from /home/airflow/.local/lib/python3.7/site-packages/airflow/example_dags/example_kubernetes_executor.py
[2022-07-28 07:49:25,616] {logging_mixin.py:115} INFO - [2022-07-28 07:49:25,616] {dag.py:2420} INFO - Sync 1 DAGs
[2022-07-28 07:49:25,774] {logging_mixin.py:115} INFO - [2022-07-28 07:49:25,774] {dag.py:2972} INFO - Setting next_dagrun for example_kubernetes_executor to None, run_after=None
[2022-07-28 07:49:26,033] {processor.py:161} INFO - Processing /home/airflow/.local/lib/python3.7/site-packages/airflow/example_dags/example_kubernetes_executor.py took 0.581 seconds
[2022-07-28 07:50:23,862] {processor.py:153} INFO - Started process (PID=3058) to work on /home/airflow/.local/lib/python3.7/site-packages/airflow/example_dags/example_kubernetes_executor.py
[2022-07-28 07:50:23,864] {processor.py:641} INFO - Processing file /home/airflow/.local/lib/python3.7/site-packages/airflow/example_dags/example_kubernetes_executor.py for tasks to queue
[2022-07-28 07:50:23,865] {logging_mixin.py:115} INFO - [2022-07-28 07:50:23,865] {dagbag.py:508} INFO - Filling up the DagBag from /home/airflow/.local/lib/python3.7/site-packages/airflow/example_dags/example_kubernetes_executor.py
[2022-07-28 07:50:23,925] {processor.py:651} INFO - DAG(s) dict_keys(['example_kubernetes_executor']) retrieved from /home/airflow/.local/lib/python3.7/site-packages/airflow/example_dags/example_kubernetes_executor.py
[2022-07-28 07:50:23,989] {logging_mixin.py:115} INFO - [2022-07-28 07:50:23,989] {dag.py:2420} INFO - Sync 1 DAGs
[2022-07-28 07:50:24,041] {logging_mixin.py:115} INFO - [2022-07-28 07:50:24,040] {dag.py:2972} INFO - Setting next_dagrun for example_kubernetes_executor to None, run_after=None
[2022-07-28 07:50:24,500] {processor.py:161} INFO - Processing /home/airflow/.local/lib/python3.7/site-packages/airflow/example_dags/example_kubernetes_executor.py took 0.646 seconds
