[2022-07-28 07:41:11,312] {processor.py:153} INFO - Started process (PID=2234) to work on /home/airflow/.local/lib/python3.7/site-packages/airflow/example_dags/example_complex.py
[2022-07-28 07:41:11,314] {processor.py:641} INFO - Processing file /home/airflow/.local/lib/python3.7/site-packages/airflow/example_dags/example_complex.py for tasks to queue
[2022-07-28 07:41:11,318] {logging_mixin.py:115} INFO - [2022-07-28 07:41:11,317] {dagbag.py:508} INFO - Filling up the DagBag from /home/airflow/.local/lib/python3.7/site-packages/airflow/example_dags/example_complex.py
[2022-07-28 07:41:11,373] {processor.py:651} INFO - DAG(s) dict_keys(['example_complex']) retrieved from /home/airflow/.local/lib/python3.7/site-packages/airflow/example_dags/example_complex.py
[2022-07-28 07:41:12,080] {logging_mixin.py:115} INFO - [2022-07-28 07:41:12,080] {dag.py:2420} INFO - Sync 1 DAGs
[2022-07-28 07:41:12,897] {logging_mixin.py:115} INFO - [2022-07-28 07:41:12,897] {dag.py:2972} INFO - Setting next_dagrun for example_complex to None, run_after=None
[2022-07-28 07:41:14,918] {processor.py:161} INFO - Processing /home/airflow/.local/lib/python3.7/site-packages/airflow/example_dags/example_complex.py took 3.614 seconds
[2022-07-28 07:41:58,801] {processor.py:153} INFO - Started process (PID=2287) to work on /home/airflow/.local/lib/python3.7/site-packages/airflow/example_dags/example_complex.py
[2022-07-28 07:41:58,803] {processor.py:641} INFO - Processing file /home/airflow/.local/lib/python3.7/site-packages/airflow/example_dags/example_complex.py for tasks to queue
[2022-07-28 07:41:58,805] {logging_mixin.py:115} INFO - [2022-07-28 07:41:58,805] {dagbag.py:508} INFO - Filling up the DagBag from /home/airflow/.local/lib/python3.7/site-packages/airflow/example_dags/example_complex.py
[2022-07-28 07:41:58,848] {processor.py:651} INFO - DAG(s) dict_keys(['example_complex']) retrieved from /home/airflow/.local/lib/python3.7/site-packages/airflow/example_dags/example_complex.py
[2022-07-28 07:41:58,929] {logging_mixin.py:115} INFO - [2022-07-28 07:41:58,928] {dag.py:2420} INFO - Sync 1 DAGs
[2022-07-28 07:41:58,988] {logging_mixin.py:115} INFO - [2022-07-28 07:41:58,988] {dag.py:2972} INFO - Setting next_dagrun for example_complex to None, run_after=None
[2022-07-28 07:41:59,326] {processor.py:161} INFO - Processing /home/airflow/.local/lib/python3.7/site-packages/airflow/example_dags/example_complex.py took 0.535 seconds
[2022-07-28 07:42:29,851] {processor.py:153} INFO - Started process (PID=2341) to work on /home/airflow/.local/lib/python3.7/site-packages/airflow/example_dags/example_complex.py
[2022-07-28 07:42:29,852] {processor.py:641} INFO - Processing file /home/airflow/.local/lib/python3.7/site-packages/airflow/example_dags/example_complex.py for tasks to queue
[2022-07-28 07:42:29,854] {logging_mixin.py:115} INFO - [2022-07-28 07:42:29,854] {dagbag.py:508} INFO - Filling up the DagBag from /home/airflow/.local/lib/python3.7/site-packages/airflow/example_dags/example_complex.py
[2022-07-28 07:42:29,895] {processor.py:651} INFO - DAG(s) dict_keys(['example_complex']) retrieved from /home/airflow/.local/lib/python3.7/site-packages/airflow/example_dags/example_complex.py
[2022-07-28 07:42:30,013] {logging_mixin.py:115} INFO - [2022-07-28 07:42:30,013] {dag.py:2420} INFO - Sync 1 DAGs
[2022-07-28 07:42:30,095] {logging_mixin.py:115} INFO - [2022-07-28 07:42:30,095] {dag.py:2972} INFO - Setting next_dagrun for example_complex to None, run_after=None
[2022-07-28 07:42:30,287] {processor.py:161} INFO - Processing /home/airflow/.local/lib/python3.7/site-packages/airflow/example_dags/example_complex.py took 0.446 seconds
[2022-07-28 07:43:01,591] {processor.py:153} INFO - Started process (PID=2394) to work on /home/airflow/.local/lib/python3.7/site-packages/airflow/example_dags/example_complex.py
[2022-07-28 07:43:01,592] {processor.py:641} INFO - Processing file /home/airflow/.local/lib/python3.7/site-packages/airflow/example_dags/example_complex.py for tasks to queue
[2022-07-28 07:43:01,595] {logging_mixin.py:115} INFO - [2022-07-28 07:43:01,594] {dagbag.py:508} INFO - Filling up the DagBag from /home/airflow/.local/lib/python3.7/site-packages/airflow/example_dags/example_complex.py
[2022-07-28 07:43:01,644] {processor.py:651} INFO - DAG(s) dict_keys(['example_complex']) retrieved from /home/airflow/.local/lib/python3.7/site-packages/airflow/example_dags/example_complex.py
[2022-07-28 07:43:01,749] {logging_mixin.py:115} INFO - [2022-07-28 07:43:01,749] {dag.py:2420} INFO - Sync 1 DAGs
[2022-07-28 07:43:01,850] {logging_mixin.py:115} INFO - [2022-07-28 07:43:01,850] {dag.py:2972} INFO - Setting next_dagrun for example_complex to None, run_after=None
[2022-07-28 07:43:02,350] {processor.py:161} INFO - Processing /home/airflow/.local/lib/python3.7/site-packages/airflow/example_dags/example_complex.py took 0.770 seconds
[2022-07-28 07:43:32,521] {processor.py:153} INFO - Started process (PID=2448) to work on /home/airflow/.local/lib/python3.7/site-packages/airflow/example_dags/example_complex.py
[2022-07-28 07:43:32,523] {processor.py:641} INFO - Processing file /home/airflow/.local/lib/python3.7/site-packages/airflow/example_dags/example_complex.py for tasks to queue
[2022-07-28 07:43:32,525] {logging_mixin.py:115} INFO - [2022-07-28 07:43:32,524] {dagbag.py:508} INFO - Filling up the DagBag from /home/airflow/.local/lib/python3.7/site-packages/airflow/example_dags/example_complex.py
[2022-07-28 07:43:32,584] {processor.py:651} INFO - DAG(s) dict_keys(['example_complex']) retrieved from /home/airflow/.local/lib/python3.7/site-packages/airflow/example_dags/example_complex.py
[2022-07-28 07:43:32,709] {logging_mixin.py:115} INFO - [2022-07-28 07:43:32,709] {dag.py:2420} INFO - Sync 1 DAGs
[2022-07-28 07:43:32,785] {logging_mixin.py:115} INFO - [2022-07-28 07:43:32,784] {dag.py:2972} INFO - Setting next_dagrun for example_complex to None, run_after=None
[2022-07-28 07:43:32,861] {processor.py:161} INFO - Processing /home/airflow/.local/lib/python3.7/site-packages/airflow/example_dags/example_complex.py took 0.347 seconds
[2022-07-28 07:44:03,832] {processor.py:153} INFO - Started process (PID=2491) to work on /home/airflow/.local/lib/python3.7/site-packages/airflow/example_dags/example_complex.py
[2022-07-28 07:44:03,833] {processor.py:641} INFO - Processing file /home/airflow/.local/lib/python3.7/site-packages/airflow/example_dags/example_complex.py for tasks to queue
[2022-07-28 07:44:03,834] {logging_mixin.py:115} INFO - [2022-07-28 07:44:03,834] {dagbag.py:508} INFO - Filling up the DagBag from /home/airflow/.local/lib/python3.7/site-packages/airflow/example_dags/example_complex.py
[2022-07-28 07:44:03,855] {processor.py:651} INFO - DAG(s) dict_keys(['example_complex']) retrieved from /home/airflow/.local/lib/python3.7/site-packages/airflow/example_dags/example_complex.py
[2022-07-28 07:44:03,897] {logging_mixin.py:115} INFO - [2022-07-28 07:44:03,896] {dag.py:2420} INFO - Sync 1 DAGs
[2022-07-28 07:44:03,925] {logging_mixin.py:115} INFO - [2022-07-28 07:44:03,925] {dag.py:2972} INFO - Setting next_dagrun for example_complex to None, run_after=None
[2022-07-28 07:44:04,530] {processor.py:161} INFO - Processing /home/airflow/.local/lib/python3.7/site-packages/airflow/example_dags/example_complex.py took 0.704 seconds
[2022-07-28 07:44:34,954] {processor.py:153} INFO - Started process (PID=2544) to work on /home/airflow/.local/lib/python3.7/site-packages/airflow/example_dags/example_complex.py
[2022-07-28 07:44:34,956] {processor.py:641} INFO - Processing file /home/airflow/.local/lib/python3.7/site-packages/airflow/example_dags/example_complex.py for tasks to queue
[2022-07-28 07:44:34,960] {logging_mixin.py:115} INFO - [2022-07-28 07:44:34,959] {dagbag.py:508} INFO - Filling up the DagBag from /home/airflow/.local/lib/python3.7/site-packages/airflow/example_dags/example_complex.py
[2022-07-28 07:44:34,999] {processor.py:651} INFO - DAG(s) dict_keys(['example_complex']) retrieved from /home/airflow/.local/lib/python3.7/site-packages/airflow/example_dags/example_complex.py
[2022-07-28 07:44:35,078] {logging_mixin.py:115} INFO - [2022-07-28 07:44:35,078] {dag.py:2420} INFO - Sync 1 DAGs
[2022-07-28 07:44:35,134] {logging_mixin.py:115} INFO - [2022-07-28 07:44:35,134] {dag.py:2972} INFO - Setting next_dagrun for example_complex to None, run_after=None
[2022-07-28 07:44:35,324] {processor.py:161} INFO - Processing /home/airflow/.local/lib/python3.7/site-packages/airflow/example_dags/example_complex.py took 0.390 seconds
[2022-07-28 07:45:05,419] {processor.py:153} INFO - Started process (PID=2597) to work on /home/airflow/.local/lib/python3.7/site-packages/airflow/example_dags/example_complex.py
[2022-07-28 07:45:05,420] {processor.py:641} INFO - Processing file /home/airflow/.local/lib/python3.7/site-packages/airflow/example_dags/example_complex.py for tasks to queue
[2022-07-28 07:45:05,422] {logging_mixin.py:115} INFO - [2022-07-28 07:45:05,421] {dagbag.py:508} INFO - Filling up the DagBag from /home/airflow/.local/lib/python3.7/site-packages/airflow/example_dags/example_complex.py
[2022-07-28 07:45:05,440] {processor.py:651} INFO - DAG(s) dict_keys(['example_complex']) retrieved from /home/airflow/.local/lib/python3.7/site-packages/airflow/example_dags/example_complex.py
[2022-07-28 07:45:05,481] {logging_mixin.py:115} INFO - [2022-07-28 07:45:05,481] {dag.py:2420} INFO - Sync 1 DAGs
[2022-07-28 07:45:05,509] {logging_mixin.py:115} INFO - [2022-07-28 07:45:05,509] {dag.py:2972} INFO - Setting next_dagrun for example_complex to None, run_after=None
[2022-07-28 07:45:05,642] {processor.py:161} INFO - Processing /home/airflow/.local/lib/python3.7/site-packages/airflow/example_dags/example_complex.py took 0.227 seconds
[2022-07-28 07:45:37,744] {processor.py:153} INFO - Started process (PID=2654) to work on /home/airflow/.local/lib/python3.7/site-packages/airflow/example_dags/example_complex.py
[2022-07-28 07:45:37,746] {processor.py:641} INFO - Processing file /home/airflow/.local/lib/python3.7/site-packages/airflow/example_dags/example_complex.py for tasks to queue
[2022-07-28 07:45:37,748] {logging_mixin.py:115} INFO - [2022-07-28 07:45:37,748] {dagbag.py:508} INFO - Filling up the DagBag from /home/airflow/.local/lib/python3.7/site-packages/airflow/example_dags/example_complex.py
[2022-07-28 07:45:37,795] {processor.py:651} INFO - DAG(s) dict_keys(['example_complex']) retrieved from /home/airflow/.local/lib/python3.7/site-packages/airflow/example_dags/example_complex.py
[2022-07-28 07:45:37,896] {logging_mixin.py:115} INFO - [2022-07-28 07:45:37,895] {dag.py:2420} INFO - Sync 1 DAGs
[2022-07-28 07:45:37,967] {logging_mixin.py:115} INFO - [2022-07-28 07:45:37,967] {dag.py:2972} INFO - Setting next_dagrun for example_complex to None, run_after=None
[2022-07-28 07:45:38,112] {processor.py:161} INFO - Processing /home/airflow/.local/lib/python3.7/site-packages/airflow/example_dags/example_complex.py took 0.377 seconds
[2022-07-28 07:46:15,955] {processor.py:153} INFO - Started process (PID=2707) to work on /home/airflow/.local/lib/python3.7/site-packages/airflow/example_dags/example_complex.py
[2022-07-28 07:46:15,957] {processor.py:641} INFO - Processing file /home/airflow/.local/lib/python3.7/site-packages/airflow/example_dags/example_complex.py for tasks to queue
[2022-07-28 07:46:15,959] {logging_mixin.py:115} INFO - [2022-07-28 07:46:15,959] {dagbag.py:508} INFO - Filling up the DagBag from /home/airflow/.local/lib/python3.7/site-packages/airflow/example_dags/example_complex.py
[2022-07-28 07:46:15,996] {processor.py:651} INFO - DAG(s) dict_keys(['example_complex']) retrieved from /home/airflow/.local/lib/python3.7/site-packages/airflow/example_dags/example_complex.py
[2022-07-28 07:46:16,075] {logging_mixin.py:115} INFO - [2022-07-28 07:46:16,075] {dag.py:2420} INFO - Sync 1 DAGs
[2022-07-28 07:46:16,126] {logging_mixin.py:115} INFO - [2022-07-28 07:46:16,126] {dag.py:2972} INFO - Setting next_dagrun for example_complex to None, run_after=None
[2022-07-28 07:46:16,573] {processor.py:161} INFO - Processing /home/airflow/.local/lib/python3.7/site-packages/airflow/example_dags/example_complex.py took 0.628 seconds
[2022-07-28 07:46:50,183] {processor.py:153} INFO - Started process (PID=2760) to work on /home/airflow/.local/lib/python3.7/site-packages/airflow/example_dags/example_complex.py
[2022-07-28 07:46:50,185] {processor.py:641} INFO - Processing file /home/airflow/.local/lib/python3.7/site-packages/airflow/example_dags/example_complex.py for tasks to queue
[2022-07-28 07:46:50,186] {logging_mixin.py:115} INFO - [2022-07-28 07:46:50,186] {dagbag.py:508} INFO - Filling up the DagBag from /home/airflow/.local/lib/python3.7/site-packages/airflow/example_dags/example_complex.py
[2022-07-28 07:46:50,221] {processor.py:651} INFO - DAG(s) dict_keys(['example_complex']) retrieved from /home/airflow/.local/lib/python3.7/site-packages/airflow/example_dags/example_complex.py
[2022-07-28 07:46:50,300] {logging_mixin.py:115} INFO - [2022-07-28 07:46:50,300] {dag.py:2420} INFO - Sync 1 DAGs
[2022-07-28 07:46:50,353] {logging_mixin.py:115} INFO - [2022-07-28 07:46:50,353] {dag.py:2972} INFO - Setting next_dagrun for example_complex to None, run_after=None
[2022-07-28 07:46:51,093] {processor.py:161} INFO - Processing /home/airflow/.local/lib/python3.7/site-packages/airflow/example_dags/example_complex.py took 0.918 seconds
[2022-07-28 07:47:21,994] {processor.py:153} INFO - Started process (PID=2811) to work on /home/airflow/.local/lib/python3.7/site-packages/airflow/example_dags/example_complex.py
[2022-07-28 07:47:21,996] {processor.py:641} INFO - Processing file /home/airflow/.local/lib/python3.7/site-packages/airflow/example_dags/example_complex.py for tasks to queue
[2022-07-28 07:47:21,998] {logging_mixin.py:115} INFO - [2022-07-28 07:47:21,998] {dagbag.py:508} INFO - Filling up the DagBag from /home/airflow/.local/lib/python3.7/site-packages/airflow/example_dags/example_complex.py
[2022-07-28 07:47:22,048] {processor.py:651} INFO - DAG(s) dict_keys(['example_complex']) retrieved from /home/airflow/.local/lib/python3.7/site-packages/airflow/example_dags/example_complex.py
[2022-07-28 07:47:22,145] {logging_mixin.py:115} INFO - [2022-07-28 07:47:22,145] {dag.py:2420} INFO - Sync 1 DAGs
[2022-07-28 07:47:22,217] {logging_mixin.py:115} INFO - [2022-07-28 07:47:22,217] {dag.py:2972} INFO - Setting next_dagrun for example_complex to None, run_after=None
[2022-07-28 07:47:22,420] {processor.py:161} INFO - Processing /home/airflow/.local/lib/python3.7/site-packages/airflow/example_dags/example_complex.py took 0.437 seconds
[2022-07-28 07:48:01,965] {processor.py:153} INFO - Started process (PID=2864) to work on /home/airflow/.local/lib/python3.7/site-packages/airflow/example_dags/example_complex.py
[2022-07-28 07:48:01,966] {processor.py:641} INFO - Processing file /home/airflow/.local/lib/python3.7/site-packages/airflow/example_dags/example_complex.py for tasks to queue
[2022-07-28 07:48:01,967] {logging_mixin.py:115} INFO - [2022-07-28 07:48:01,967] {dagbag.py:508} INFO - Filling up the DagBag from /home/airflow/.local/lib/python3.7/site-packages/airflow/example_dags/example_complex.py
[2022-07-28 07:48:01,983] {processor.py:651} INFO - DAG(s) dict_keys(['example_complex']) retrieved from /home/airflow/.local/lib/python3.7/site-packages/airflow/example_dags/example_complex.py
[2022-07-28 07:48:02,022] {logging_mixin.py:115} INFO - [2022-07-28 07:48:02,022] {dag.py:2420} INFO - Sync 1 DAGs
[2022-07-28 07:48:02,047] {logging_mixin.py:115} INFO - [2022-07-28 07:48:02,047] {dag.py:2972} INFO - Setting next_dagrun for example_complex to None, run_after=None
[2022-07-28 07:48:02,162] {processor.py:161} INFO - Processing /home/airflow/.local/lib/python3.7/site-packages/airflow/example_dags/example_complex.py took 0.201 seconds
[2022-07-28 07:48:33,292] {processor.py:153} INFO - Started process (PID=2915) to work on /home/airflow/.local/lib/python3.7/site-packages/airflow/example_dags/example_complex.py
[2022-07-28 07:48:33,292] {processor.py:641} INFO - Processing file /home/airflow/.local/lib/python3.7/site-packages/airflow/example_dags/example_complex.py for tasks to queue
[2022-07-28 07:48:33,293] {logging_mixin.py:115} INFO - [2022-07-28 07:48:33,293] {dagbag.py:508} INFO - Filling up the DagBag from /home/airflow/.local/lib/python3.7/site-packages/airflow/example_dags/example_complex.py
[2022-07-28 07:48:33,310] {processor.py:651} INFO - DAG(s) dict_keys(['example_complex']) retrieved from /home/airflow/.local/lib/python3.7/site-packages/airflow/example_dags/example_complex.py
[2022-07-28 07:48:33,353] {logging_mixin.py:115} INFO - [2022-07-28 07:48:33,352] {dag.py:2420} INFO - Sync 1 DAGs
[2022-07-28 07:48:33,383] {logging_mixin.py:115} INFO - [2022-07-28 07:48:33,383] {dag.py:2972} INFO - Setting next_dagrun for example_complex to None, run_after=None
[2022-07-28 07:48:33,541] {processor.py:161} INFO - Processing /home/airflow/.local/lib/python3.7/site-packages/airflow/example_dags/example_complex.py took 0.253 seconds
[2022-07-28 07:49:04,379] {processor.py:153} INFO - Started process (PID=2970) to work on /home/airflow/.local/lib/python3.7/site-packages/airflow/example_dags/example_complex.py
[2022-07-28 07:49:04,381] {processor.py:641} INFO - Processing file /home/airflow/.local/lib/python3.7/site-packages/airflow/example_dags/example_complex.py for tasks to queue
[2022-07-28 07:49:04,383] {logging_mixin.py:115} INFO - [2022-07-28 07:49:04,383] {dagbag.py:508} INFO - Filling up the DagBag from /home/airflow/.local/lib/python3.7/site-packages/airflow/example_dags/example_complex.py
[2022-07-28 07:49:04,421] {processor.py:651} INFO - DAG(s) dict_keys(['example_complex']) retrieved from /home/airflow/.local/lib/python3.7/site-packages/airflow/example_dags/example_complex.py
[2022-07-28 07:49:04,545] {logging_mixin.py:115} INFO - [2022-07-28 07:49:04,545] {dag.py:2420} INFO - Sync 1 DAGs
[2022-07-28 07:49:04,660] {logging_mixin.py:115} INFO - [2022-07-28 07:49:04,660] {dag.py:2972} INFO - Setting next_dagrun for example_complex to None, run_after=None
[2022-07-28 07:49:04,772] {processor.py:161} INFO - Processing /home/airflow/.local/lib/python3.7/site-packages/airflow/example_dags/example_complex.py took 0.402 seconds
[2022-07-28 07:49:34,878] {processor.py:153} INFO - Started process (PID=3023) to work on /home/airflow/.local/lib/python3.7/site-packages/airflow/example_dags/example_complex.py
[2022-07-28 07:49:34,880] {processor.py:641} INFO - Processing file /home/airflow/.local/lib/python3.7/site-packages/airflow/example_dags/example_complex.py for tasks to queue
[2022-07-28 07:49:34,883] {logging_mixin.py:115} INFO - [2022-07-28 07:49:34,883] {dagbag.py:508} INFO - Filling up the DagBag from /home/airflow/.local/lib/python3.7/site-packages/airflow/example_dags/example_complex.py
[2022-07-28 07:49:34,930] {processor.py:651} INFO - DAG(s) dict_keys(['example_complex']) retrieved from /home/airflow/.local/lib/python3.7/site-packages/airflow/example_dags/example_complex.py
[2022-07-28 07:49:35,047] {logging_mixin.py:115} INFO - [2022-07-28 07:49:35,046] {dag.py:2420} INFO - Sync 1 DAGs
[2022-07-28 07:49:35,112] {logging_mixin.py:115} INFO - [2022-07-28 07:49:35,112] {dag.py:2972} INFO - Setting next_dagrun for example_complex to None, run_after=None
[2022-07-28 07:49:35,261] {processor.py:161} INFO - Processing /home/airflow/.local/lib/python3.7/site-packages/airflow/example_dags/example_complex.py took 0.399 seconds
