[2022-07-28 07:41:38,378] {processor.py:153} INFO - Started process (PID=2257) to work on /home/airflow/.local/lib/python3.7/site-packages/airflow/example_dags/example_branch_datetime_operator.py
[2022-07-28 07:41:38,379] {processor.py:641} INFO - Processing file /home/airflow/.local/lib/python3.7/site-packages/airflow/example_dags/example_branch_datetime_operator.py for tasks to queue
[2022-07-28 07:41:38,380] {logging_mixin.py:115} INFO - [2022-07-28 07:41:38,380] {dagbag.py:508} INFO - Filling up the DagBag from /home/airflow/.local/lib/python3.7/site-packages/airflow/example_dags/example_branch_datetime_operator.py
[2022-07-28 07:41:38,557] {processor.py:651} INFO - DAG(s) dict_keys(['example_branch_datetime_operator', 'example_branch_datetime_operator_2']) retrieved from /home/airflow/.local/lib/python3.7/site-packages/airflow/example_dags/example_branch_datetime_operator.py
[2022-07-28 07:41:38,645] {logging_mixin.py:115} INFO - [2022-07-28 07:41:38,645] {dag.py:2420} INFO - Sync 2 DAGs
[2022-07-28 07:41:38,783] {logging_mixin.py:115} INFO - [2022-07-28 07:41:38,783] {dag.py:2972} INFO - Setting next_dagrun for example_branch_datetime_operator to 2022-07-27T00:00:00+00:00, run_after=2022-07-28T00:00:00+00:00
[2022-07-28 07:41:38,891] {logging_mixin.py:115} INFO - [2022-07-28 07:41:38,891] {dag.py:2972} INFO - Setting next_dagrun for example_branch_datetime_operator_2 to 2022-07-27T00:00:00+00:00, run_after=2022-07-28T00:00:00+00:00
[2022-07-28 07:41:40,310] {processor.py:161} INFO - Processing /home/airflow/.local/lib/python3.7/site-packages/airflow/example_dags/example_branch_datetime_operator.py took 1.936 seconds
[2022-07-28 07:42:10,877] {processor.py:153} INFO - Started process (PID=2310) to work on /home/airflow/.local/lib/python3.7/site-packages/airflow/example_dags/example_branch_datetime_operator.py
[2022-07-28 07:42:10,879] {processor.py:641} INFO - Processing file /home/airflow/.local/lib/python3.7/site-packages/airflow/example_dags/example_branch_datetime_operator.py for tasks to queue
[2022-07-28 07:42:10,951] {logging_mixin.py:115} INFO - [2022-07-28 07:42:10,951] {dagbag.py:508} INFO - Filling up the DagBag from /home/airflow/.local/lib/python3.7/site-packages/airflow/example_dags/example_branch_datetime_operator.py
[2022-07-28 07:42:11,093] {processor.py:651} INFO - DAG(s) dict_keys(['example_branch_datetime_operator', 'example_branch_datetime_operator_2']) retrieved from /home/airflow/.local/lib/python3.7/site-packages/airflow/example_dags/example_branch_datetime_operator.py
[2022-07-28 07:42:11,240] {logging_mixin.py:115} INFO - [2022-07-28 07:42:11,239] {dag.py:2420} INFO - Sync 2 DAGs
[2022-07-28 07:42:11,374] {logging_mixin.py:115} INFO - [2022-07-28 07:42:11,373] {dag.py:2972} INFO - Setting next_dagrun for example_branch_datetime_operator to 2022-07-27T00:00:00+00:00, run_after=2022-07-28T00:00:00+00:00
[2022-07-28 07:42:11,382] {logging_mixin.py:115} INFO - [2022-07-28 07:42:11,382] {dag.py:2972} INFO - Setting next_dagrun for example_branch_datetime_operator_2 to 2022-07-27T00:00:00+00:00, run_after=2022-07-28T00:00:00+00:00
[2022-07-28 07:42:11,919] {processor.py:161} INFO - Processing /home/airflow/.local/lib/python3.7/site-packages/airflow/example_dags/example_branch_datetime_operator.py took 1.056 seconds
[2022-07-28 07:42:42,826] {processor.py:153} INFO - Started process (PID=2355) to work on /home/airflow/.local/lib/python3.7/site-packages/airflow/example_dags/example_branch_datetime_operator.py
[2022-07-28 07:42:42,827] {processor.py:641} INFO - Processing file /home/airflow/.local/lib/python3.7/site-packages/airflow/example_dags/example_branch_datetime_operator.py for tasks to queue
[2022-07-28 07:42:42,829] {logging_mixin.py:115} INFO - [2022-07-28 07:42:42,829] {dagbag.py:508} INFO - Filling up the DagBag from /home/airflow/.local/lib/python3.7/site-packages/airflow/example_dags/example_branch_datetime_operator.py
[2022-07-28 07:42:42,855] {processor.py:651} INFO - DAG(s) dict_keys(['example_branch_datetime_operator', 'example_branch_datetime_operator_2']) retrieved from /home/airflow/.local/lib/python3.7/site-packages/airflow/example_dags/example_branch_datetime_operator.py
[2022-07-28 07:42:42,930] {logging_mixin.py:115} INFO - [2022-07-28 07:42:42,930] {dag.py:2420} INFO - Sync 2 DAGs
[2022-07-28 07:42:42,993] {logging_mixin.py:115} INFO - [2022-07-28 07:42:42,993] {dag.py:2972} INFO - Setting next_dagrun for example_branch_datetime_operator to 2022-07-27T00:00:00+00:00, run_after=2022-07-28T00:00:00+00:00
[2022-07-28 07:42:42,998] {logging_mixin.py:115} INFO - [2022-07-28 07:42:42,998] {dag.py:2972} INFO - Setting next_dagrun for example_branch_datetime_operator_2 to 2022-07-27T00:00:00+00:00, run_after=2022-07-28T00:00:00+00:00
[2022-07-28 07:42:43,054] {processor.py:161} INFO - Processing /home/airflow/.local/lib/python3.7/site-packages/airflow/example_dags/example_branch_datetime_operator.py took 0.235 seconds
[2022-07-28 07:43:13,783] {processor.py:153} INFO - Started process (PID=2408) to work on /home/airflow/.local/lib/python3.7/site-packages/airflow/example_dags/example_branch_datetime_operator.py
[2022-07-28 07:43:13,784] {processor.py:641} INFO - Processing file /home/airflow/.local/lib/python3.7/site-packages/airflow/example_dags/example_branch_datetime_operator.py for tasks to queue
[2022-07-28 07:43:13,785] {logging_mixin.py:115} INFO - [2022-07-28 07:43:13,785] {dagbag.py:508} INFO - Filling up the DagBag from /home/airflow/.local/lib/python3.7/site-packages/airflow/example_dags/example_branch_datetime_operator.py
[2022-07-28 07:43:13,797] {processor.py:651} INFO - DAG(s) dict_keys(['example_branch_datetime_operator', 'example_branch_datetime_operator_2']) retrieved from /home/airflow/.local/lib/python3.7/site-packages/airflow/example_dags/example_branch_datetime_operator.py
[2022-07-28 07:43:13,832] {logging_mixin.py:115} INFO - [2022-07-28 07:43:13,832] {dag.py:2420} INFO - Sync 2 DAGs
[2022-07-28 07:43:13,864] {logging_mixin.py:115} INFO - [2022-07-28 07:43:13,864] {dag.py:2972} INFO - Setting next_dagrun for example_branch_datetime_operator to 2022-07-27T00:00:00+00:00, run_after=2022-07-28T00:00:00+00:00
[2022-07-28 07:43:13,867] {logging_mixin.py:115} INFO - [2022-07-28 07:43:13,867] {dag.py:2972} INFO - Setting next_dagrun for example_branch_datetime_operator_2 to 2022-07-27T00:00:00+00:00, run_after=2022-07-28T00:00:00+00:00
[2022-07-28 07:43:14,033] {processor.py:161} INFO - Processing /home/airflow/.local/lib/python3.7/site-packages/airflow/example_dags/example_branch_datetime_operator.py took 0.254 seconds
[2022-07-28 07:43:44,597] {processor.py:153} INFO - Started process (PID=2470) to work on /home/airflow/.local/lib/python3.7/site-packages/airflow/example_dags/example_branch_datetime_operator.py
[2022-07-28 07:43:44,599] {processor.py:641} INFO - Processing file /home/airflow/.local/lib/python3.7/site-packages/airflow/example_dags/example_branch_datetime_operator.py for tasks to queue
[2022-07-28 07:43:44,601] {logging_mixin.py:115} INFO - [2022-07-28 07:43:44,601] {dagbag.py:508} INFO - Filling up the DagBag from /home/airflow/.local/lib/python3.7/site-packages/airflow/example_dags/example_branch_datetime_operator.py
[2022-07-28 07:43:44,625] {processor.py:651} INFO - DAG(s) dict_keys(['example_branch_datetime_operator', 'example_branch_datetime_operator_2']) retrieved from /home/airflow/.local/lib/python3.7/site-packages/airflow/example_dags/example_branch_datetime_operator.py
[2022-07-28 07:43:44,703] {logging_mixin.py:115} INFO - [2022-07-28 07:43:44,703] {dag.py:2420} INFO - Sync 2 DAGs
[2022-07-28 07:43:44,786] {logging_mixin.py:115} INFO - [2022-07-28 07:43:44,786] {dag.py:2972} INFO - Setting next_dagrun for example_branch_datetime_operator to 2022-07-27T00:00:00+00:00, run_after=2022-07-28T00:00:00+00:00
[2022-07-28 07:43:44,792] {logging_mixin.py:115} INFO - [2022-07-28 07:43:44,792] {dag.py:2972} INFO - Setting next_dagrun for example_branch_datetime_operator_2 to 2022-07-27T00:00:00+00:00, run_after=2022-07-28T00:00:00+00:00
[2022-07-28 07:43:46,565] {processor.py:161} INFO - Processing /home/airflow/.local/lib/python3.7/site-packages/airflow/example_dags/example_branch_datetime_operator.py took 1.978 seconds
[2022-07-28 07:44:18,409] {processor.py:153} INFO - Started process (PID=2515) to work on /home/airflow/.local/lib/python3.7/site-packages/airflow/example_dags/example_branch_datetime_operator.py
[2022-07-28 07:44:18,410] {processor.py:641} INFO - Processing file /home/airflow/.local/lib/python3.7/site-packages/airflow/example_dags/example_branch_datetime_operator.py for tasks to queue
[2022-07-28 07:44:18,411] {logging_mixin.py:115} INFO - [2022-07-28 07:44:18,411] {dagbag.py:508} INFO - Filling up the DagBag from /home/airflow/.local/lib/python3.7/site-packages/airflow/example_dags/example_branch_datetime_operator.py
[2022-07-28 07:44:18,422] {processor.py:651} INFO - DAG(s) dict_keys(['example_branch_datetime_operator', 'example_branch_datetime_operator_2']) retrieved from /home/airflow/.local/lib/python3.7/site-packages/airflow/example_dags/example_branch_datetime_operator.py
[2022-07-28 07:44:18,457] {logging_mixin.py:115} INFO - [2022-07-28 07:44:18,457] {dag.py:2420} INFO - Sync 2 DAGs
[2022-07-28 07:44:18,488] {logging_mixin.py:115} INFO - [2022-07-28 07:44:18,487] {dag.py:2972} INFO - Setting next_dagrun for example_branch_datetime_operator to 2022-07-27T00:00:00+00:00, run_after=2022-07-28T00:00:00+00:00
[2022-07-28 07:44:18,491] {logging_mixin.py:115} INFO - [2022-07-28 07:44:18,490] {dag.py:2972} INFO - Setting next_dagrun for example_branch_datetime_operator_2 to 2022-07-27T00:00:00+00:00, run_after=2022-07-28T00:00:00+00:00
[2022-07-28 07:44:19,058] {processor.py:161} INFO - Processing /home/airflow/.local/lib/python3.7/site-packages/airflow/example_dags/example_branch_datetime_operator.py took 0.653 seconds
[2022-07-28 07:44:49,442] {processor.py:153} INFO - Started process (PID=2568) to work on /home/airflow/.local/lib/python3.7/site-packages/airflow/example_dags/example_branch_datetime_operator.py
[2022-07-28 07:44:49,444] {processor.py:641} INFO - Processing file /home/airflow/.local/lib/python3.7/site-packages/airflow/example_dags/example_branch_datetime_operator.py for tasks to queue
[2022-07-28 07:44:49,446] {logging_mixin.py:115} INFO - [2022-07-28 07:44:49,446] {dagbag.py:508} INFO - Filling up the DagBag from /home/airflow/.local/lib/python3.7/site-packages/airflow/example_dags/example_branch_datetime_operator.py
[2022-07-28 07:44:49,469] {processor.py:651} INFO - DAG(s) dict_keys(['example_branch_datetime_operator', 'example_branch_datetime_operator_2']) retrieved from /home/airflow/.local/lib/python3.7/site-packages/airflow/example_dags/example_branch_datetime_operator.py
[2022-07-28 07:44:49,536] {logging_mixin.py:115} INFO - [2022-07-28 07:44:49,535] {dag.py:2420} INFO - Sync 2 DAGs
[2022-07-28 07:44:49,597] {logging_mixin.py:115} INFO - [2022-07-28 07:44:49,597] {dag.py:2972} INFO - Setting next_dagrun for example_branch_datetime_operator to 2022-07-27T00:00:00+00:00, run_after=2022-07-28T00:00:00+00:00
[2022-07-28 07:44:49,602] {logging_mixin.py:115} INFO - [2022-07-28 07:44:49,602] {dag.py:2972} INFO - Setting next_dagrun for example_branch_datetime_operator_2 to 2022-07-27T00:00:00+00:00, run_after=2022-07-28T00:00:00+00:00
[2022-07-28 07:44:49,661] {processor.py:161} INFO - Processing /home/airflow/.local/lib/python3.7/site-packages/airflow/example_dags/example_branch_datetime_operator.py took 0.226 seconds
[2022-07-28 07:45:19,761] {processor.py:153} INFO - Started process (PID=2627) to work on /home/airflow/.local/lib/python3.7/site-packages/airflow/example_dags/example_branch_datetime_operator.py
[2022-07-28 07:45:19,762] {processor.py:641} INFO - Processing file /home/airflow/.local/lib/python3.7/site-packages/airflow/example_dags/example_branch_datetime_operator.py for tasks to queue
[2022-07-28 07:45:19,763] {logging_mixin.py:115} INFO - [2022-07-28 07:45:19,763] {dagbag.py:508} INFO - Filling up the DagBag from /home/airflow/.local/lib/python3.7/site-packages/airflow/example_dags/example_branch_datetime_operator.py
[2022-07-28 07:45:19,779] {processor.py:651} INFO - DAG(s) dict_keys(['example_branch_datetime_operator', 'example_branch_datetime_operator_2']) retrieved from /home/airflow/.local/lib/python3.7/site-packages/airflow/example_dags/example_branch_datetime_operator.py
[2022-07-28 07:45:19,814] {logging_mixin.py:115} INFO - [2022-07-28 07:45:19,814] {dag.py:2420} INFO - Sync 2 DAGs
[2022-07-28 07:45:19,847] {logging_mixin.py:115} INFO - [2022-07-28 07:45:19,847] {dag.py:2972} INFO - Setting next_dagrun for example_branch_datetime_operator to 2022-07-27T00:00:00+00:00, run_after=2022-07-28T00:00:00+00:00
[2022-07-28 07:45:19,850] {logging_mixin.py:115} INFO - [2022-07-28 07:45:19,850] {dag.py:2972} INFO - Setting next_dagrun for example_branch_datetime_operator_2 to 2022-07-27T00:00:00+00:00, run_after=2022-07-28T00:00:00+00:00
[2022-07-28 07:45:20,102] {processor.py:161} INFO - Processing /home/airflow/.local/lib/python3.7/site-packages/airflow/example_dags/example_branch_datetime_operator.py took 0.345 seconds
[2022-07-28 07:45:50,191] {processor.py:153} INFO - Started process (PID=2684) to work on /home/airflow/.local/lib/python3.7/site-packages/airflow/example_dags/example_branch_datetime_operator.py
[2022-07-28 07:45:50,193] {processor.py:641} INFO - Processing file /home/airflow/.local/lib/python3.7/site-packages/airflow/example_dags/example_branch_datetime_operator.py for tasks to queue
[2022-07-28 07:45:50,196] {logging_mixin.py:115} INFO - [2022-07-28 07:45:50,195] {dagbag.py:508} INFO - Filling up the DagBag from /home/airflow/.local/lib/python3.7/site-packages/airflow/example_dags/example_branch_datetime_operator.py
[2022-07-28 07:45:50,225] {processor.py:651} INFO - DAG(s) dict_keys(['example_branch_datetime_operator', 'example_branch_datetime_operator_2']) retrieved from /home/airflow/.local/lib/python3.7/site-packages/airflow/example_dags/example_branch_datetime_operator.py
[2022-07-28 07:45:50,360] {logging_mixin.py:115} INFO - [2022-07-28 07:45:50,360] {dag.py:2420} INFO - Sync 2 DAGs
[2022-07-28 07:45:50,456] {logging_mixin.py:115} INFO - [2022-07-28 07:45:50,455] {dag.py:2972} INFO - Setting next_dagrun for example_branch_datetime_operator to 2022-07-27T00:00:00+00:00, run_after=2022-07-28T00:00:00+00:00
[2022-07-28 07:45:50,466] {logging_mixin.py:115} INFO - [2022-07-28 07:45:50,466] {dag.py:2972} INFO - Setting next_dagrun for example_branch_datetime_operator_2 to 2022-07-27T00:00:00+00:00, run_after=2022-07-28T00:00:00+00:00
[2022-07-28 07:45:50,610] {processor.py:161} INFO - Processing /home/airflow/.local/lib/python3.7/site-packages/airflow/example_dags/example_branch_datetime_operator.py took 0.430 seconds
[2022-07-28 07:46:29,274] {processor.py:153} INFO - Started process (PID=2736) to work on /home/airflow/.local/lib/python3.7/site-packages/airflow/example_dags/example_branch_datetime_operator.py
[2022-07-28 07:46:29,276] {processor.py:641} INFO - Processing file /home/airflow/.local/lib/python3.7/site-packages/airflow/example_dags/example_branch_datetime_operator.py for tasks to queue
[2022-07-28 07:46:29,278] {logging_mixin.py:115} INFO - [2022-07-28 07:46:29,278] {dagbag.py:508} INFO - Filling up the DagBag from /home/airflow/.local/lib/python3.7/site-packages/airflow/example_dags/example_branch_datetime_operator.py
[2022-07-28 07:46:29,303] {processor.py:651} INFO - DAG(s) dict_keys(['example_branch_datetime_operator', 'example_branch_datetime_operator_2']) retrieved from /home/airflow/.local/lib/python3.7/site-packages/airflow/example_dags/example_branch_datetime_operator.py
[2022-07-28 07:46:29,374] {logging_mixin.py:115} INFO - [2022-07-28 07:46:29,374] {dag.py:2420} INFO - Sync 2 DAGs
[2022-07-28 07:46:29,443] {logging_mixin.py:115} INFO - [2022-07-28 07:46:29,442] {dag.py:2972} INFO - Setting next_dagrun for example_branch_datetime_operator to 2022-07-27T00:00:00+00:00, run_after=2022-07-28T00:00:00+00:00
[2022-07-28 07:46:29,450] {logging_mixin.py:115} INFO - [2022-07-28 07:46:29,450] {dag.py:2972} INFO - Setting next_dagrun for example_branch_datetime_operator_2 to 2022-07-27T00:00:00+00:00, run_after=2022-07-28T00:00:00+00:00
[2022-07-28 07:46:29,829] {processor.py:161} INFO - Processing /home/airflow/.local/lib/python3.7/site-packages/airflow/example_dags/example_branch_datetime_operator.py took 0.564 seconds
[2022-07-28 07:47:10,244] {processor.py:153} INFO - Started process (PID=2788) to work on /home/airflow/.local/lib/python3.7/site-packages/airflow/example_dags/example_branch_datetime_operator.py
[2022-07-28 07:47:10,246] {processor.py:641} INFO - Processing file /home/airflow/.local/lib/python3.7/site-packages/airflow/example_dags/example_branch_datetime_operator.py for tasks to queue
[2022-07-28 07:47:10,247] {logging_mixin.py:115} INFO - [2022-07-28 07:47:10,247] {dagbag.py:508} INFO - Filling up the DagBag from /home/airflow/.local/lib/python3.7/site-packages/airflow/example_dags/example_branch_datetime_operator.py
[2022-07-28 07:47:10,271] {processor.py:651} INFO - DAG(s) dict_keys(['example_branch_datetime_operator', 'example_branch_datetime_operator_2']) retrieved from /home/airflow/.local/lib/python3.7/site-packages/airflow/example_dags/example_branch_datetime_operator.py
[2022-07-28 07:47:10,337] {logging_mixin.py:115} INFO - [2022-07-28 07:47:10,337] {dag.py:2420} INFO - Sync 2 DAGs
[2022-07-28 07:47:10,395] {logging_mixin.py:115} INFO - [2022-07-28 07:47:10,395] {dag.py:2972} INFO - Setting next_dagrun for example_branch_datetime_operator to 2022-07-27T00:00:00+00:00, run_after=2022-07-28T00:00:00+00:00
[2022-07-28 07:47:10,401] {logging_mixin.py:115} INFO - [2022-07-28 07:47:10,401] {dag.py:2972} INFO - Setting next_dagrun for example_branch_datetime_operator_2 to 2022-07-27T00:00:00+00:00, run_after=2022-07-28T00:00:00+00:00
[2022-07-28 07:47:10,509] {processor.py:161} INFO - Processing /home/airflow/.local/lib/python3.7/site-packages/airflow/example_dags/example_branch_datetime_operator.py took 0.273 seconds
[2022-07-28 07:47:41,110] {processor.py:153} INFO - Started process (PID=2840) to work on /home/airflow/.local/lib/python3.7/site-packages/airflow/example_dags/example_branch_datetime_operator.py
[2022-07-28 07:47:41,112] {processor.py:641} INFO - Processing file /home/airflow/.local/lib/python3.7/site-packages/airflow/example_dags/example_branch_datetime_operator.py for tasks to queue
[2022-07-28 07:47:41,113] {logging_mixin.py:115} INFO - [2022-07-28 07:47:41,113] {dagbag.py:508} INFO - Filling up the DagBag from /home/airflow/.local/lib/python3.7/site-packages/airflow/example_dags/example_branch_datetime_operator.py
[2022-07-28 07:47:41,136] {processor.py:651} INFO - DAG(s) dict_keys(['example_branch_datetime_operator', 'example_branch_datetime_operator_2']) retrieved from /home/airflow/.local/lib/python3.7/site-packages/airflow/example_dags/example_branch_datetime_operator.py
[2022-07-28 07:47:41,206] {logging_mixin.py:115} INFO - [2022-07-28 07:47:41,206] {dag.py:2420} INFO - Sync 2 DAGs
[2022-07-28 07:47:41,275] {logging_mixin.py:115} INFO - [2022-07-28 07:47:41,275] {dag.py:2972} INFO - Setting next_dagrun for example_branch_datetime_operator to 2022-07-27T00:00:00+00:00, run_after=2022-07-28T00:00:00+00:00
[2022-07-28 07:47:41,281] {logging_mixin.py:115} INFO - [2022-07-28 07:47:41,281] {dag.py:2972} INFO - Setting next_dagrun for example_branch_datetime_operator_2 to 2022-07-27T00:00:00+00:00, run_after=2022-07-28T00:00:00+00:00
[2022-07-28 07:47:41,429] {processor.py:161} INFO - Processing /home/airflow/.local/lib/python3.7/site-packages/airflow/example_dags/example_branch_datetime_operator.py took 0.326 seconds
[2022-07-28 07:48:11,579] {processor.py:153} INFO - Started process (PID=2884) to work on /home/airflow/.local/lib/python3.7/site-packages/airflow/example_dags/example_branch_datetime_operator.py
[2022-07-28 07:48:11,580] {processor.py:641} INFO - Processing file /home/airflow/.local/lib/python3.7/site-packages/airflow/example_dags/example_branch_datetime_operator.py for tasks to queue
[2022-07-28 07:48:11,582] {logging_mixin.py:115} INFO - [2022-07-28 07:48:11,582] {dagbag.py:508} INFO - Filling up the DagBag from /home/airflow/.local/lib/python3.7/site-packages/airflow/example_dags/example_branch_datetime_operator.py
[2022-07-28 07:48:11,615] {processor.py:651} INFO - DAG(s) dict_keys(['example_branch_datetime_operator', 'example_branch_datetime_operator_2']) retrieved from /home/airflow/.local/lib/python3.7/site-packages/airflow/example_dags/example_branch_datetime_operator.py
[2022-07-28 07:48:11,685] {logging_mixin.py:115} INFO - [2022-07-28 07:48:11,685] {dag.py:2420} INFO - Sync 2 DAGs
[2022-07-28 07:48:11,744] {logging_mixin.py:115} INFO - [2022-07-28 07:48:11,743] {dag.py:2972} INFO - Setting next_dagrun for example_branch_datetime_operator to 2022-07-27T00:00:00+00:00, run_after=2022-07-28T00:00:00+00:00
[2022-07-28 07:48:11,749] {logging_mixin.py:115} INFO - [2022-07-28 07:48:11,748] {dag.py:2972} INFO - Setting next_dagrun for example_branch_datetime_operator_2 to 2022-07-27T00:00:00+00:00, run_after=2022-07-28T00:00:00+00:00
[2022-07-28 07:48:15,070] {processor.py:161} INFO - Processing /home/airflow/.local/lib/python3.7/site-packages/airflow/example_dags/example_branch_datetime_operator.py took 3.499 seconds
[2022-07-28 07:48:47,218] {processor.py:153} INFO - Started process (PID=2942) to work on /home/airflow/.local/lib/python3.7/site-packages/airflow/example_dags/example_branch_datetime_operator.py
[2022-07-28 07:48:47,220] {processor.py:641} INFO - Processing file /home/airflow/.local/lib/python3.7/site-packages/airflow/example_dags/example_branch_datetime_operator.py for tasks to queue
[2022-07-28 07:48:47,222] {logging_mixin.py:115} INFO - [2022-07-28 07:48:47,222] {dagbag.py:508} INFO - Filling up the DagBag from /home/airflow/.local/lib/python3.7/site-packages/airflow/example_dags/example_branch_datetime_operator.py
[2022-07-28 07:48:47,251] {processor.py:651} INFO - DAG(s) dict_keys(['example_branch_datetime_operator', 'example_branch_datetime_operator_2']) retrieved from /home/airflow/.local/lib/python3.7/site-packages/airflow/example_dags/example_branch_datetime_operator.py
[2022-07-28 07:48:47,334] {logging_mixin.py:115} INFO - [2022-07-28 07:48:47,333] {dag.py:2420} INFO - Sync 2 DAGs
[2022-07-28 07:48:47,416] {logging_mixin.py:115} INFO - [2022-07-28 07:48:47,416] {dag.py:2972} INFO - Setting next_dagrun for example_branch_datetime_operator to 2022-07-27T00:00:00+00:00, run_after=2022-07-28T00:00:00+00:00
[2022-07-28 07:48:47,426] {logging_mixin.py:115} INFO - [2022-07-28 07:48:47,426] {dag.py:2972} INFO - Setting next_dagrun for example_branch_datetime_operator_2 to 2022-07-27T00:00:00+00:00, run_after=2022-07-28T00:00:00+00:00
[2022-07-28 07:48:47,516] {processor.py:161} INFO - Processing /home/airflow/.local/lib/python3.7/site-packages/airflow/example_dags/example_branch_datetime_operator.py took 0.310 seconds
[2022-07-28 07:49:18,008] {processor.py:153} INFO - Started process (PID=2996) to work on /home/airflow/.local/lib/python3.7/site-packages/airflow/example_dags/example_branch_datetime_operator.py
[2022-07-28 07:49:18,009] {processor.py:641} INFO - Processing file /home/airflow/.local/lib/python3.7/site-packages/airflow/example_dags/example_branch_datetime_operator.py for tasks to queue
[2022-07-28 07:49:18,011] {logging_mixin.py:115} INFO - [2022-07-28 07:49:18,011] {dagbag.py:508} INFO - Filling up the DagBag from /home/airflow/.local/lib/python3.7/site-packages/airflow/example_dags/example_branch_datetime_operator.py
[2022-07-28 07:49:18,056] {processor.py:651} INFO - DAG(s) dict_keys(['example_branch_datetime_operator', 'example_branch_datetime_operator_2']) retrieved from /home/airflow/.local/lib/python3.7/site-packages/airflow/example_dags/example_branch_datetime_operator.py
[2022-07-28 07:49:18,157] {logging_mixin.py:115} INFO - [2022-07-28 07:49:18,157] {dag.py:2420} INFO - Sync 2 DAGs
[2022-07-28 07:49:18,226] {logging_mixin.py:115} INFO - [2022-07-28 07:49:18,226] {dag.py:2972} INFO - Setting next_dagrun for example_branch_datetime_operator to 2022-07-27T00:00:00+00:00, run_after=2022-07-28T00:00:00+00:00
[2022-07-28 07:49:18,234] {logging_mixin.py:115} INFO - [2022-07-28 07:49:18,234] {dag.py:2972} INFO - Setting next_dagrun for example_branch_datetime_operator_2 to 2022-07-27T00:00:00+00:00, run_after=2022-07-28T00:00:00+00:00
[2022-07-28 07:49:18,345] {processor.py:161} INFO - Processing /home/airflow/.local/lib/python3.7/site-packages/airflow/example_dags/example_branch_datetime_operator.py took 0.346 seconds
[2022-07-28 07:49:48,890] {processor.py:153} INFO - Started process (PID=3051) to work on /home/airflow/.local/lib/python3.7/site-packages/airflow/example_dags/example_branch_datetime_operator.py
[2022-07-28 07:49:48,892] {processor.py:641} INFO - Processing file /home/airflow/.local/lib/python3.7/site-packages/airflow/example_dags/example_branch_datetime_operator.py for tasks to queue
[2022-07-28 07:49:48,893] {logging_mixin.py:115} INFO - [2022-07-28 07:49:48,893] {dagbag.py:508} INFO - Filling up the DagBag from /home/airflow/.local/lib/python3.7/site-packages/airflow/example_dags/example_branch_datetime_operator.py
[2022-07-28 07:49:48,923] {processor.py:651} INFO - DAG(s) dict_keys(['example_branch_datetime_operator', 'example_branch_datetime_operator_2']) retrieved from /home/airflow/.local/lib/python3.7/site-packages/airflow/example_dags/example_branch_datetime_operator.py
[2022-07-28 07:49:49,006] {logging_mixin.py:115} INFO - [2022-07-28 07:49:49,006] {dag.py:2420} INFO - Sync 2 DAGs
[2022-07-28 07:49:49,067] {logging_mixin.py:115} INFO - [2022-07-28 07:49:49,066] {dag.py:2972} INFO - Setting next_dagrun for example_branch_datetime_operator to 2022-07-27T00:00:00+00:00, run_after=2022-07-28T00:00:00+00:00
[2022-07-28 07:49:49,072] {logging_mixin.py:115} INFO - [2022-07-28 07:49:49,072] {dag.py:2972} INFO - Setting next_dagrun for example_branch_datetime_operator_2 to 2022-07-27T00:00:00+00:00, run_after=2022-07-28T00:00:00+00:00
[2022-07-28 07:49:57,072] {processor.py:161} INFO - Processing /home/airflow/.local/lib/python3.7/site-packages/airflow/example_dags/example_branch_datetime_operator.py took 8.190 seconds
