[2022-07-28 07:41:03,895] {processor.py:153} INFO - Started process (PID=2232) to work on /home/airflow/.local/lib/python3.7/site-packages/airflow/example_dags/example_dag_decorator.py
[2022-07-28 07:41:03,896] {processor.py:641} INFO - Processing file /home/airflow/.local/lib/python3.7/site-packages/airflow/example_dags/example_dag_decorator.py for tasks to queue
[2022-07-28 07:41:03,897] {logging_mixin.py:115} INFO - [2022-07-28 07:41:03,897] {dagbag.py:508} INFO - Filling up the DagBag from /home/airflow/.local/lib/python3.7/site-packages/airflow/example_dags/example_dag_decorator.py
[2022-07-28 07:41:04,200] {processor.py:651} INFO - DAG(s) dict_keys(['example_dag_decorator']) retrieved from /home/airflow/.local/lib/python3.7/site-packages/airflow/example_dags/example_dag_decorator.py
[2022-07-28 07:41:04,290] {logging_mixin.py:115} INFO - [2022-07-28 07:41:04,290] {dag.py:2420} INFO - Sync 1 DAGs
[2022-07-28 07:41:04,313] {logging_mixin.py:115} INFO - [2022-07-28 07:41:04,313] {dag.py:2972} INFO - Setting next_dagrun for example_dag_decorator to None, run_after=None
[2022-07-28 07:41:07,428] {processor.py:161} INFO - Processing /home/airflow/.local/lib/python3.7/site-packages/airflow/example_dags/example_dag_decorator.py took 3.541 seconds
[2022-07-28 07:41:58,097] {processor.py:153} INFO - Started process (PID=2285) to work on /home/airflow/.local/lib/python3.7/site-packages/airflow/example_dags/example_dag_decorator.py
[2022-07-28 07:41:58,098] {processor.py:641} INFO - Processing file /home/airflow/.local/lib/python3.7/site-packages/airflow/example_dags/example_dag_decorator.py for tasks to queue
[2022-07-28 07:41:58,100] {logging_mixin.py:115} INFO - [2022-07-28 07:41:58,100] {dagbag.py:508} INFO - Filling up the DagBag from /home/airflow/.local/lib/python3.7/site-packages/airflow/example_dags/example_dag_decorator.py
[2022-07-28 07:41:58,168] {processor.py:651} INFO - DAG(s) dict_keys(['example_dag_decorator']) retrieved from /home/airflow/.local/lib/python3.7/site-packages/airflow/example_dags/example_dag_decorator.py
[2022-07-28 07:41:58,423] {logging_mixin.py:115} INFO - [2022-07-28 07:41:58,422] {dag.py:2420} INFO - Sync 1 DAGs
[2022-07-28 07:41:58,501] {logging_mixin.py:115} INFO - [2022-07-28 07:41:58,501] {dag.py:2972} INFO - Setting next_dagrun for example_dag_decorator to None, run_after=None
[2022-07-28 07:41:58,748] {processor.py:161} INFO - Processing /home/airflow/.local/lib/python3.7/site-packages/airflow/example_dags/example_dag_decorator.py took 0.660 seconds
[2022-07-28 07:42:29,407] {processor.py:153} INFO - Started process (PID=2339) to work on /home/airflow/.local/lib/python3.7/site-packages/airflow/example_dags/example_dag_decorator.py
[2022-07-28 07:42:29,408] {processor.py:641} INFO - Processing file /home/airflow/.local/lib/python3.7/site-packages/airflow/example_dags/example_dag_decorator.py for tasks to queue
[2022-07-28 07:42:29,410] {logging_mixin.py:115} INFO - [2022-07-28 07:42:29,410] {dagbag.py:508} INFO - Filling up the DagBag from /home/airflow/.local/lib/python3.7/site-packages/airflow/example_dags/example_dag_decorator.py
[2022-07-28 07:42:29,490] {processor.py:651} INFO - DAG(s) dict_keys(['example_dag_decorator']) retrieved from /home/airflow/.local/lib/python3.7/site-packages/airflow/example_dags/example_dag_decorator.py
[2022-07-28 07:42:29,566] {logging_mixin.py:115} INFO - [2022-07-28 07:42:29,566] {dag.py:2420} INFO - Sync 1 DAGs
[2022-07-28 07:42:29,662] {logging_mixin.py:115} INFO - [2022-07-28 07:42:29,662] {dag.py:2972} INFO - Setting next_dagrun for example_dag_decorator to None, run_after=None
[2022-07-28 07:42:29,933] {processor.py:161} INFO - Processing /home/airflow/.local/lib/python3.7/site-packages/airflow/example_dags/example_dag_decorator.py took 0.538 seconds
[2022-07-28 07:43:00,513] {processor.py:153} INFO - Started process (PID=2393) to work on /home/airflow/.local/lib/python3.7/site-packages/airflow/example_dags/example_dag_decorator.py
[2022-07-28 07:43:00,515] {processor.py:641} INFO - Processing file /home/airflow/.local/lib/python3.7/site-packages/airflow/example_dags/example_dag_decorator.py for tasks to queue
[2022-07-28 07:43:00,519] {logging_mixin.py:115} INFO - [2022-07-28 07:43:00,519] {dagbag.py:508} INFO - Filling up the DagBag from /home/airflow/.local/lib/python3.7/site-packages/airflow/example_dags/example_dag_decorator.py
[2022-07-28 07:43:00,597] {processor.py:651} INFO - DAG(s) dict_keys(['example_dag_decorator']) retrieved from /home/airflow/.local/lib/python3.7/site-packages/airflow/example_dags/example_dag_decorator.py
[2022-07-28 07:43:00,817] {logging_mixin.py:115} INFO - [2022-07-28 07:43:00,817] {dag.py:2420} INFO - Sync 1 DAGs
[2022-07-28 07:43:00,867] {logging_mixin.py:115} INFO - [2022-07-28 07:43:00,866] {dag.py:2972} INFO - Setting next_dagrun for example_dag_decorator to None, run_after=None
[2022-07-28 07:43:01,334] {processor.py:161} INFO - Processing /home/airflow/.local/lib/python3.7/site-packages/airflow/example_dags/example_dag_decorator.py took 0.829 seconds
[2022-07-28 07:43:31,871] {processor.py:153} INFO - Started process (PID=2445) to work on /home/airflow/.local/lib/python3.7/site-packages/airflow/example_dags/example_dag_decorator.py
[2022-07-28 07:43:31,872] {processor.py:641} INFO - Processing file /home/airflow/.local/lib/python3.7/site-packages/airflow/example_dags/example_dag_decorator.py for tasks to queue
[2022-07-28 07:43:31,874] {logging_mixin.py:115} INFO - [2022-07-28 07:43:31,874] {dagbag.py:508} INFO - Filling up the DagBag from /home/airflow/.local/lib/python3.7/site-packages/airflow/example_dags/example_dag_decorator.py
[2022-07-28 07:43:31,949] {processor.py:651} INFO - DAG(s) dict_keys(['example_dag_decorator']) retrieved from /home/airflow/.local/lib/python3.7/site-packages/airflow/example_dags/example_dag_decorator.py
[2022-07-28 07:43:32,175] {logging_mixin.py:115} INFO - [2022-07-28 07:43:32,175] {dag.py:2420} INFO - Sync 1 DAGs
[2022-07-28 07:43:32,249] {logging_mixin.py:115} INFO - [2022-07-28 07:43:32,248] {dag.py:2972} INFO - Setting next_dagrun for example_dag_decorator to None, run_after=None
[2022-07-28 07:43:32,433] {processor.py:161} INFO - Processing /home/airflow/.local/lib/python3.7/site-packages/airflow/example_dags/example_dag_decorator.py took 0.571 seconds
[2022-07-28 07:44:03,237] {processor.py:153} INFO - Started process (PID=2489) to work on /home/airflow/.local/lib/python3.7/site-packages/airflow/example_dags/example_dag_decorator.py
[2022-07-28 07:44:03,238] {processor.py:641} INFO - Processing file /home/airflow/.local/lib/python3.7/site-packages/airflow/example_dags/example_dag_decorator.py for tasks to queue
[2022-07-28 07:44:03,239] {logging_mixin.py:115} INFO - [2022-07-28 07:44:03,239] {dagbag.py:508} INFO - Filling up the DagBag from /home/airflow/.local/lib/python3.7/site-packages/airflow/example_dags/example_dag_decorator.py
[2022-07-28 07:44:03,268] {processor.py:651} INFO - DAG(s) dict_keys(['example_dag_decorator']) retrieved from /home/airflow/.local/lib/python3.7/site-packages/airflow/example_dags/example_dag_decorator.py
[2022-07-28 07:44:03,350] {logging_mixin.py:115} INFO - [2022-07-28 07:44:03,349] {dag.py:2420} INFO - Sync 1 DAGs
[2022-07-28 07:44:03,374] {logging_mixin.py:115} INFO - [2022-07-28 07:44:03,374] {dag.py:2972} INFO - Setting next_dagrun for example_dag_decorator to None, run_after=None
[2022-07-28 07:44:03,798] {processor.py:161} INFO - Processing /home/airflow/.local/lib/python3.7/site-packages/airflow/example_dags/example_dag_decorator.py took 0.565 seconds
[2022-07-28 07:44:34,251] {processor.py:153} INFO - Started process (PID=2542) to work on /home/airflow/.local/lib/python3.7/site-packages/airflow/example_dags/example_dag_decorator.py
[2022-07-28 07:44:34,253] {processor.py:641} INFO - Processing file /home/airflow/.local/lib/python3.7/site-packages/airflow/example_dags/example_dag_decorator.py for tasks to queue
[2022-07-28 07:44:34,256] {logging_mixin.py:115} INFO - [2022-07-28 07:44:34,255] {dagbag.py:508} INFO - Filling up the DagBag from /home/airflow/.local/lib/python3.7/site-packages/airflow/example_dags/example_dag_decorator.py
[2022-07-28 07:44:34,339] {processor.py:651} INFO - DAG(s) dict_keys(['example_dag_decorator']) retrieved from /home/airflow/.local/lib/python3.7/site-packages/airflow/example_dags/example_dag_decorator.py
[2022-07-28 07:44:34,520] {logging_mixin.py:115} INFO - [2022-07-28 07:44:34,519] {dag.py:2420} INFO - Sync 1 DAGs
[2022-07-28 07:44:34,612] {logging_mixin.py:115} INFO - [2022-07-28 07:44:34,612] {dag.py:2972} INFO - Setting next_dagrun for example_dag_decorator to None, run_after=None
[2022-07-28 07:44:34,776] {processor.py:161} INFO - Processing /home/airflow/.local/lib/python3.7/site-packages/airflow/example_dags/example_dag_decorator.py took 0.537 seconds
[2022-07-28 07:45:05,119] {processor.py:153} INFO - Started process (PID=2595) to work on /home/airflow/.local/lib/python3.7/site-packages/airflow/example_dags/example_dag_decorator.py
[2022-07-28 07:45:05,121] {processor.py:641} INFO - Processing file /home/airflow/.local/lib/python3.7/site-packages/airflow/example_dags/example_dag_decorator.py for tasks to queue
[2022-07-28 07:45:05,122] {logging_mixin.py:115} INFO - [2022-07-28 07:45:05,122] {dagbag.py:508} INFO - Filling up the DagBag from /home/airflow/.local/lib/python3.7/site-packages/airflow/example_dags/example_dag_decorator.py
[2022-07-28 07:45:05,189] {processor.py:651} INFO - DAG(s) dict_keys(['example_dag_decorator']) retrieved from /home/airflow/.local/lib/python3.7/site-packages/airflow/example_dags/example_dag_decorator.py
[2022-07-28 07:45:05,296] {logging_mixin.py:115} INFO - [2022-07-28 07:45:05,296] {dag.py:2420} INFO - Sync 1 DAGs
[2022-07-28 07:45:05,319] {logging_mixin.py:115} INFO - [2022-07-28 07:45:05,319] {dag.py:2972} INFO - Setting next_dagrun for example_dag_decorator to None, run_after=None
[2022-07-28 07:45:05,379] {processor.py:161} INFO - Processing /home/airflow/.local/lib/python3.7/site-packages/airflow/example_dags/example_dag_decorator.py took 0.268 seconds
[2022-07-28 07:45:37,400] {processor.py:153} INFO - Started process (PID=2652) to work on /home/airflow/.local/lib/python3.7/site-packages/airflow/example_dags/example_dag_decorator.py
[2022-07-28 07:45:37,402] {processor.py:641} INFO - Processing file /home/airflow/.local/lib/python3.7/site-packages/airflow/example_dags/example_dag_decorator.py for tasks to queue
[2022-07-28 07:45:37,403] {logging_mixin.py:115} INFO - [2022-07-28 07:45:37,403] {dagbag.py:508} INFO - Filling up the DagBag from /home/airflow/.local/lib/python3.7/site-packages/airflow/example_dags/example_dag_decorator.py
[2022-07-28 07:45:37,475] {processor.py:651} INFO - DAG(s) dict_keys(['example_dag_decorator']) retrieved from /home/airflow/.local/lib/python3.7/site-packages/airflow/example_dags/example_dag_decorator.py
[2022-07-28 07:45:37,542] {logging_mixin.py:115} INFO - [2022-07-28 07:45:37,542] {dag.py:2420} INFO - Sync 1 DAGs
[2022-07-28 07:45:37,616] {logging_mixin.py:115} INFO - [2022-07-28 07:45:37,615] {dag.py:2972} INFO - Setting next_dagrun for example_dag_decorator to None, run_after=None
[2022-07-28 07:45:37,699] {processor.py:161} INFO - Processing /home/airflow/.local/lib/python3.7/site-packages/airflow/example_dags/example_dag_decorator.py took 0.314 seconds
[2022-07-28 07:46:15,492] {processor.py:153} INFO - Started process (PID=2705) to work on /home/airflow/.local/lib/python3.7/site-packages/airflow/example_dags/example_dag_decorator.py
[2022-07-28 07:46:15,494] {processor.py:641} INFO - Processing file /home/airflow/.local/lib/python3.7/site-packages/airflow/example_dags/example_dag_decorator.py for tasks to queue
[2022-07-28 07:46:15,495] {logging_mixin.py:115} INFO - [2022-07-28 07:46:15,495] {dagbag.py:508} INFO - Filling up the DagBag from /home/airflow/.local/lib/python3.7/site-packages/airflow/example_dags/example_dag_decorator.py
[2022-07-28 07:46:15,535] {processor.py:651} INFO - DAG(s) dict_keys(['example_dag_decorator']) retrieved from /home/airflow/.local/lib/python3.7/site-packages/airflow/example_dags/example_dag_decorator.py
[2022-07-28 07:46:15,687] {logging_mixin.py:115} INFO - [2022-07-28 07:46:15,687] {dag.py:2420} INFO - Sync 1 DAGs
[2022-07-28 07:46:15,736] {logging_mixin.py:115} INFO - [2022-07-28 07:46:15,736] {dag.py:2972} INFO - Setting next_dagrun for example_dag_decorator to None, run_after=None
[2022-07-28 07:46:15,908] {processor.py:161} INFO - Processing /home/airflow/.local/lib/python3.7/site-packages/airflow/example_dags/example_dag_decorator.py took 0.422 seconds
[2022-07-28 07:46:49,463] {processor.py:153} INFO - Started process (PID=2758) to work on /home/airflow/.local/lib/python3.7/site-packages/airflow/example_dags/example_dag_decorator.py
[2022-07-28 07:46:49,464] {processor.py:641} INFO - Processing file /home/airflow/.local/lib/python3.7/site-packages/airflow/example_dags/example_dag_decorator.py for tasks to queue
[2022-07-28 07:46:49,465] {logging_mixin.py:115} INFO - [2022-07-28 07:46:49,465] {dagbag.py:508} INFO - Filling up the DagBag from /home/airflow/.local/lib/python3.7/site-packages/airflow/example_dags/example_dag_decorator.py
[2022-07-28 07:46:49,493] {processor.py:651} INFO - DAG(s) dict_keys(['example_dag_decorator']) retrieved from /home/airflow/.local/lib/python3.7/site-packages/airflow/example_dags/example_dag_decorator.py
[2022-07-28 07:46:49,572] {logging_mixin.py:115} INFO - [2022-07-28 07:46:49,572] {dag.py:2420} INFO - Sync 1 DAGs
[2022-07-28 07:46:49,595] {logging_mixin.py:115} INFO - [2022-07-28 07:46:49,594] {dag.py:2972} INFO - Setting next_dagrun for example_dag_decorator to None, run_after=None
[2022-07-28 07:46:50,129] {processor.py:161} INFO - Processing /home/airflow/.local/lib/python3.7/site-packages/airflow/example_dags/example_dag_decorator.py took 0.669 seconds
[2022-07-28 07:47:20,555] {processor.py:153} INFO - Started process (PID=2809) to work on /home/airflow/.local/lib/python3.7/site-packages/airflow/example_dags/example_dag_decorator.py
[2022-07-28 07:47:20,557] {processor.py:641} INFO - Processing file /home/airflow/.local/lib/python3.7/site-packages/airflow/example_dags/example_dag_decorator.py for tasks to queue
[2022-07-28 07:47:20,559] {logging_mixin.py:115} INFO - [2022-07-28 07:47:20,559] {dagbag.py:508} INFO - Filling up the DagBag from /home/airflow/.local/lib/python3.7/site-packages/airflow/example_dags/example_dag_decorator.py
[2022-07-28 07:47:20,650] {processor.py:651} INFO - DAG(s) dict_keys(['example_dag_decorator']) retrieved from /home/airflow/.local/lib/python3.7/site-packages/airflow/example_dags/example_dag_decorator.py
[2022-07-28 07:47:20,731] {logging_mixin.py:115} INFO - [2022-07-28 07:47:20,731] {dag.py:2420} INFO - Sync 1 DAGs
[2022-07-28 07:47:20,811] {logging_mixin.py:115} INFO - [2022-07-28 07:47:20,811] {dag.py:2972} INFO - Setting next_dagrun for example_dag_decorator to None, run_after=None
[2022-07-28 07:47:20,923] {processor.py:161} INFO - Processing /home/airflow/.local/lib/python3.7/site-packages/airflow/example_dags/example_dag_decorator.py took 0.379 seconds
[2022-07-28 07:47:58,771] {processor.py:153} INFO - Started process (PID=2862) to work on /home/airflow/.local/lib/python3.7/site-packages/airflow/example_dags/example_dag_decorator.py
[2022-07-28 07:47:58,773] {processor.py:641} INFO - Processing file /home/airflow/.local/lib/python3.7/site-packages/airflow/example_dags/example_dag_decorator.py for tasks to queue
[2022-07-28 07:47:58,775] {logging_mixin.py:115} INFO - [2022-07-28 07:47:58,774] {dagbag.py:508} INFO - Filling up the DagBag from /home/airflow/.local/lib/python3.7/site-packages/airflow/example_dags/example_dag_decorator.py
[2022-07-28 07:47:58,829] {processor.py:651} INFO - DAG(s) dict_keys(['example_dag_decorator']) retrieved from /home/airflow/.local/lib/python3.7/site-packages/airflow/example_dags/example_dag_decorator.py
[2022-07-28 07:47:58,886] {logging_mixin.py:115} INFO - [2022-07-28 07:47:58,886] {dag.py:2420} INFO - Sync 1 DAGs
[2022-07-28 07:47:58,936] {logging_mixin.py:115} INFO - [2022-07-28 07:47:58,935] {dag.py:2972} INFO - Setting next_dagrun for example_dag_decorator to None, run_after=None
[2022-07-28 07:48:01,941] {processor.py:161} INFO - Processing /home/airflow/.local/lib/python3.7/site-packages/airflow/example_dags/example_dag_decorator.py took 3.178 seconds
[2022-07-28 07:48:33,064] {processor.py:153} INFO - Started process (PID=2912) to work on /home/airflow/.local/lib/python3.7/site-packages/airflow/example_dags/example_dag_decorator.py
[2022-07-28 07:48:33,065] {processor.py:641} INFO - Processing file /home/airflow/.local/lib/python3.7/site-packages/airflow/example_dags/example_dag_decorator.py for tasks to queue
[2022-07-28 07:48:33,066] {logging_mixin.py:115} INFO - [2022-07-28 07:48:33,066] {dagbag.py:508} INFO - Filling up the DagBag from /home/airflow/.local/lib/python3.7/site-packages/airflow/example_dags/example_dag_decorator.py
[2022-07-28 07:48:33,096] {processor.py:651} INFO - DAG(s) dict_keys(['example_dag_decorator']) retrieved from /home/airflow/.local/lib/python3.7/site-packages/airflow/example_dags/example_dag_decorator.py
[2022-07-28 07:48:33,130] {logging_mixin.py:115} INFO - [2022-07-28 07:48:33,130] {dag.py:2420} INFO - Sync 1 DAGs
[2022-07-28 07:48:33,164] {logging_mixin.py:115} INFO - [2022-07-28 07:48:33,164] {dag.py:2972} INFO - Setting next_dagrun for example_dag_decorator to None, run_after=None
[2022-07-28 07:48:33,267] {processor.py:161} INFO - Processing /home/airflow/.local/lib/python3.7/site-packages/airflow/example_dags/example_dag_decorator.py took 0.206 seconds
[2022-07-28 07:49:03,491] {processor.py:153} INFO - Started process (PID=2968) to work on /home/airflow/.local/lib/python3.7/site-packages/airflow/example_dags/example_dag_decorator.py
[2022-07-28 07:49:03,493] {processor.py:641} INFO - Processing file /home/airflow/.local/lib/python3.7/site-packages/airflow/example_dags/example_dag_decorator.py for tasks to queue
[2022-07-28 07:49:03,495] {logging_mixin.py:115} INFO - [2022-07-28 07:49:03,495] {dagbag.py:508} INFO - Filling up the DagBag from /home/airflow/.local/lib/python3.7/site-packages/airflow/example_dags/example_dag_decorator.py
[2022-07-28 07:49:03,573] {processor.py:651} INFO - DAG(s) dict_keys(['example_dag_decorator']) retrieved from /home/airflow/.local/lib/python3.7/site-packages/airflow/example_dags/example_dag_decorator.py
[2022-07-28 07:49:03,637] {logging_mixin.py:115} INFO - [2022-07-28 07:49:03,636] {dag.py:2420} INFO - Sync 1 DAGs
[2022-07-28 07:49:03,691] {logging_mixin.py:115} INFO - [2022-07-28 07:49:03,691] {dag.py:2972} INFO - Setting next_dagrun for example_dag_decorator to None, run_after=None
[2022-07-28 07:49:03,915] {processor.py:161} INFO - Processing /home/airflow/.local/lib/python3.7/site-packages/airflow/example_dags/example_dag_decorator.py took 0.434 seconds
[2022-07-28 07:49:34,491] {processor.py:153} INFO - Started process (PID=3021) to work on /home/airflow/.local/lib/python3.7/site-packages/airflow/example_dags/example_dag_decorator.py
[2022-07-28 07:49:34,492] {processor.py:641} INFO - Processing file /home/airflow/.local/lib/python3.7/site-packages/airflow/example_dags/example_dag_decorator.py for tasks to queue
[2022-07-28 07:49:34,494] {logging_mixin.py:115} INFO - [2022-07-28 07:49:34,494] {dagbag.py:508} INFO - Filling up the DagBag from /home/airflow/.local/lib/python3.7/site-packages/airflow/example_dags/example_dag_decorator.py
[2022-07-28 07:49:34,597] {processor.py:651} INFO - DAG(s) dict_keys(['example_dag_decorator']) retrieved from /home/airflow/.local/lib/python3.7/site-packages/airflow/example_dags/example_dag_decorator.py
[2022-07-28 07:49:34,667] {logging_mixin.py:115} INFO - [2022-07-28 07:49:34,667] {dag.py:2420} INFO - Sync 1 DAGs
[2022-07-28 07:49:34,721] {logging_mixin.py:115} INFO - [2022-07-28 07:49:34,720] {dag.py:2972} INFO - Setting next_dagrun for example_dag_decorator to None, run_after=None
[2022-07-28 07:49:34,800] {processor.py:161} INFO - Processing /home/airflow/.local/lib/python3.7/site-packages/airflow/example_dags/example_dag_decorator.py took 0.318 seconds
