[2022-07-28 07:41:42,444] {processor.py:153} INFO - Started process (PID=2264) to work on /home/airflow/.local/lib/python3.7/site-packages/airflow/example_dags/example_subdag_operator.py
[2022-07-28 07:41:42,446] {processor.py:641} INFO - Processing file /home/airflow/.local/lib/python3.7/site-packages/airflow/example_dags/example_subdag_operator.py for tasks to queue
[2022-07-28 07:41:42,448] {logging_mixin.py:115} INFO - [2022-07-28 07:41:42,447] {dagbag.py:508} INFO - Filling up the DagBag from /home/airflow/.local/lib/python3.7/site-packages/airflow/example_dags/example_subdag_operator.py
[2022-07-28 07:41:42,535] {processor.py:651} INFO - DAG(s) dict_keys(['example_subdag_operator.section-1', 'example_subdag_operator.section-2', 'example_subdag_operator']) retrieved from /home/airflow/.local/lib/python3.7/site-packages/airflow/example_dags/example_subdag_operator.py
[2022-07-28 07:41:42,618] {logging_mixin.py:115} INFO - [2022-07-28 07:41:42,618] {dag.py:2420} INFO - Sync 3 DAGs
[2022-07-28 07:41:42,673] {logging_mixin.py:115} INFO - [2022-07-28 07:41:42,673] {dag.py:2972} INFO - Setting next_dagrun for example_subdag_operator to 2022-01-01T00:00:00+00:00, run_after=2022-01-01T00:00:00+00:00
[2022-07-28 07:41:42,748] {logging_mixin.py:115} INFO - [2022-07-28 07:41:42,748] {dag.py:2972} INFO - Setting next_dagrun for example_subdag_operator.section-1 to None, run_after=None
[2022-07-28 07:41:42,750] {logging_mixin.py:115} INFO - [2022-07-28 07:41:42,750] {dag.py:2972} INFO - Setting next_dagrun for example_subdag_operator.section-2 to None, run_after=None
[2022-07-28 07:41:42,769] {logging_mixin.py:115} INFO - [2022-07-28 07:41:42,769] {dag.py:2420} INFO - Sync 2 DAGs
[2022-07-28 07:41:42,785] {logging_mixin.py:115} INFO - [2022-07-28 07:41:42,785] {dag.py:2972} INFO - Setting next_dagrun for example_subdag_operator.section-1 to None, run_after=None
[2022-07-28 07:41:42,786] {logging_mixin.py:115} INFO - [2022-07-28 07:41:42,786] {dag.py:2972} INFO - Setting next_dagrun for example_subdag_operator.section-2 to None, run_after=None
[2022-07-28 07:41:43,275] {processor.py:161} INFO - Processing /home/airflow/.local/lib/python3.7/site-packages/airflow/example_dags/example_subdag_operator.py took 0.839 seconds
[2022-07-28 07:42:14,586] {processor.py:153} INFO - Started process (PID=2318) to work on /home/airflow/.local/lib/python3.7/site-packages/airflow/example_dags/example_subdag_operator.py
[2022-07-28 07:42:14,587] {processor.py:641} INFO - Processing file /home/airflow/.local/lib/python3.7/site-packages/airflow/example_dags/example_subdag_operator.py for tasks to queue
[2022-07-28 07:42:14,595] {logging_mixin.py:115} INFO - [2022-07-28 07:42:14,594] {dagbag.py:508} INFO - Filling up the DagBag from /home/airflow/.local/lib/python3.7/site-packages/airflow/example_dags/example_subdag_operator.py
[2022-07-28 07:42:14,708] {processor.py:651} INFO - DAG(s) dict_keys(['example_subdag_operator.section-1', 'example_subdag_operator.section-2', 'example_subdag_operator']) retrieved from /home/airflow/.local/lib/python3.7/site-packages/airflow/example_dags/example_subdag_operator.py
[2022-07-28 07:42:14,906] {logging_mixin.py:115} INFO - [2022-07-28 07:42:14,906] {dag.py:2420} INFO - Sync 3 DAGs
[2022-07-28 07:42:15,046] {logging_mixin.py:115} INFO - [2022-07-28 07:42:15,046] {dag.py:2972} INFO - Setting next_dagrun for example_subdag_operator to 2022-01-01T00:00:00+00:00, run_after=2022-01-01T00:00:00+00:00
[2022-07-28 07:42:15,056] {logging_mixin.py:115} INFO - [2022-07-28 07:42:15,056] {dag.py:2972} INFO - Setting next_dagrun for example_subdag_operator.section-1 to None, run_after=None
[2022-07-28 07:42:15,066] {logging_mixin.py:115} INFO - [2022-07-28 07:42:15,066] {dag.py:2972} INFO - Setting next_dagrun for example_subdag_operator.section-2 to None, run_after=None
[2022-07-28 07:42:15,117] {logging_mixin.py:115} INFO - [2022-07-28 07:42:15,117] {dag.py:2420} INFO - Sync 2 DAGs
[2022-07-28 07:42:15,183] {logging_mixin.py:115} INFO - [2022-07-28 07:42:15,183] {dag.py:2972} INFO - Setting next_dagrun for example_subdag_operator.section-1 to None, run_after=None
[2022-07-28 07:42:15,187] {logging_mixin.py:115} INFO - [2022-07-28 07:42:15,187] {dag.py:2972} INFO - Setting next_dagrun for example_subdag_operator.section-2 to None, run_after=None
[2022-07-28 07:42:15,323] {processor.py:161} INFO - Processing /home/airflow/.local/lib/python3.7/site-packages/airflow/example_dags/example_subdag_operator.py took 0.754 seconds
[2022-07-28 07:42:45,724] {processor.py:153} INFO - Started process (PID=2371) to work on /home/airflow/.local/lib/python3.7/site-packages/airflow/example_dags/example_subdag_operator.py
[2022-07-28 07:42:45,726] {processor.py:641} INFO - Processing file /home/airflow/.local/lib/python3.7/site-packages/airflow/example_dags/example_subdag_operator.py for tasks to queue
[2022-07-28 07:42:45,728] {logging_mixin.py:115} INFO - [2022-07-28 07:42:45,728] {dagbag.py:508} INFO - Filling up the DagBag from /home/airflow/.local/lib/python3.7/site-packages/airflow/example_dags/example_subdag_operator.py
[2022-07-28 07:42:45,832] {processor.py:651} INFO - DAG(s) dict_keys(['example_subdag_operator.section-1', 'example_subdag_operator.section-2', 'example_subdag_operator']) retrieved from /home/airflow/.local/lib/python3.7/site-packages/airflow/example_dags/example_subdag_operator.py
[2022-07-28 07:42:45,933] {logging_mixin.py:115} INFO - [2022-07-28 07:42:45,932] {dag.py:2420} INFO - Sync 3 DAGs
[2022-07-28 07:42:45,999] {logging_mixin.py:115} INFO - [2022-07-28 07:42:45,999] {dag.py:2972} INFO - Setting next_dagrun for example_subdag_operator to 2022-01-01T00:00:00+00:00, run_after=2022-01-01T00:00:00+00:00
[2022-07-28 07:42:46,000] {logging_mixin.py:115} INFO - [2022-07-28 07:42:46,000] {dag.py:2972} INFO - Setting next_dagrun for example_subdag_operator.section-1 to None, run_after=None
[2022-07-28 07:42:46,002] {logging_mixin.py:115} INFO - [2022-07-28 07:42:46,002] {dag.py:2972} INFO - Setting next_dagrun for example_subdag_operator.section-2 to None, run_after=None
[2022-07-28 07:42:46,019] {logging_mixin.py:115} INFO - [2022-07-28 07:42:46,019] {dag.py:2420} INFO - Sync 2 DAGs
[2022-07-28 07:42:46,034] {logging_mixin.py:115} INFO - [2022-07-28 07:42:46,034] {dag.py:2972} INFO - Setting next_dagrun for example_subdag_operator.section-1 to None, run_after=None
[2022-07-28 07:42:46,035] {logging_mixin.py:115} INFO - [2022-07-28 07:42:46,035] {dag.py:2972} INFO - Setting next_dagrun for example_subdag_operator.section-2 to None, run_after=None
[2022-07-28 07:42:46,104] {processor.py:161} INFO - Processing /home/airflow/.local/lib/python3.7/site-packages/airflow/example_dags/example_subdag_operator.py took 0.393 seconds
[2022-07-28 07:43:16,218] {processor.py:153} INFO - Started process (PID=2424) to work on /home/airflow/.local/lib/python3.7/site-packages/airflow/example_dags/example_subdag_operator.py
[2022-07-28 07:43:16,219] {processor.py:641} INFO - Processing file /home/airflow/.local/lib/python3.7/site-packages/airflow/example_dags/example_subdag_operator.py for tasks to queue
[2022-07-28 07:43:16,221] {logging_mixin.py:115} INFO - [2022-07-28 07:43:16,221] {dagbag.py:508} INFO - Filling up the DagBag from /home/airflow/.local/lib/python3.7/site-packages/airflow/example_dags/example_subdag_operator.py
[2022-07-28 07:43:16,318] {processor.py:651} INFO - DAG(s) dict_keys(['example_subdag_operator.section-1', 'example_subdag_operator.section-2', 'example_subdag_operator']) retrieved from /home/airflow/.local/lib/python3.7/site-packages/airflow/example_dags/example_subdag_operator.py
[2022-07-28 07:43:16,412] {logging_mixin.py:115} INFO - [2022-07-28 07:43:16,412] {dag.py:2420} INFO - Sync 3 DAGs
[2022-07-28 07:43:16,501] {logging_mixin.py:115} INFO - [2022-07-28 07:43:16,501] {dag.py:2972} INFO - Setting next_dagrun for example_subdag_operator to 2022-01-01T00:00:00+00:00, run_after=2022-01-01T00:00:00+00:00
[2022-07-28 07:43:16,503] {logging_mixin.py:115} INFO - [2022-07-28 07:43:16,503] {dag.py:2972} INFO - Setting next_dagrun for example_subdag_operator.section-1 to None, run_after=None
[2022-07-28 07:43:16,504] {logging_mixin.py:115} INFO - [2022-07-28 07:43:16,504] {dag.py:2972} INFO - Setting next_dagrun for example_subdag_operator.section-2 to None, run_after=None
[2022-07-28 07:43:16,528] {logging_mixin.py:115} INFO - [2022-07-28 07:43:16,527] {dag.py:2420} INFO - Sync 2 DAGs
[2022-07-28 07:43:16,546] {logging_mixin.py:115} INFO - [2022-07-28 07:43:16,546] {dag.py:2972} INFO - Setting next_dagrun for example_subdag_operator.section-1 to None, run_after=None
[2022-07-28 07:43:16,548] {logging_mixin.py:115} INFO - [2022-07-28 07:43:16,547] {dag.py:2972} INFO - Setting next_dagrun for example_subdag_operator.section-2 to None, run_after=None
[2022-07-28 07:43:16,958] {processor.py:161} INFO - Processing /home/airflow/.local/lib/python3.7/site-packages/airflow/example_dags/example_subdag_operator.py took 0.754 seconds
[2022-07-28 07:43:59,942] {processor.py:153} INFO - Started process (PID=2477) to work on /home/airflow/.local/lib/python3.7/site-packages/airflow/example_dags/example_subdag_operator.py
[2022-07-28 07:43:59,943] {processor.py:641} INFO - Processing file /home/airflow/.local/lib/python3.7/site-packages/airflow/example_dags/example_subdag_operator.py for tasks to queue
[2022-07-28 07:43:59,945] {logging_mixin.py:115} INFO - [2022-07-28 07:43:59,945] {dagbag.py:508} INFO - Filling up the DagBag from /home/airflow/.local/lib/python3.7/site-packages/airflow/example_dags/example_subdag_operator.py
[2022-07-28 07:43:59,985] {processor.py:651} INFO - DAG(s) dict_keys(['example_subdag_operator.section-1', 'example_subdag_operator.section-2', 'example_subdag_operator']) retrieved from /home/airflow/.local/lib/python3.7/site-packages/airflow/example_dags/example_subdag_operator.py
[2022-07-28 07:44:00,031] {logging_mixin.py:115} INFO - [2022-07-28 07:44:00,031] {dag.py:2420} INFO - Sync 3 DAGs
[2022-07-28 07:44:00,058] {logging_mixin.py:115} INFO - [2022-07-28 07:44:00,058] {dag.py:2972} INFO - Setting next_dagrun for example_subdag_operator to 2022-01-01T00:00:00+00:00, run_after=2022-01-01T00:00:00+00:00
[2022-07-28 07:44:00,059] {logging_mixin.py:115} INFO - [2022-07-28 07:44:00,059] {dag.py:2972} INFO - Setting next_dagrun for example_subdag_operator.section-1 to None, run_after=None
[2022-07-28 07:44:00,060] {logging_mixin.py:115} INFO - [2022-07-28 07:44:00,060] {dag.py:2972} INFO - Setting next_dagrun for example_subdag_operator.section-2 to None, run_after=None
[2022-07-28 07:44:00,068] {logging_mixin.py:115} INFO - [2022-07-28 07:44:00,068] {dag.py:2420} INFO - Sync 2 DAGs
[2022-07-28 07:44:00,076] {logging_mixin.py:115} INFO - [2022-07-28 07:44:00,076] {dag.py:2972} INFO - Setting next_dagrun for example_subdag_operator.section-1 to None, run_after=None
[2022-07-28 07:44:00,077] {logging_mixin.py:115} INFO - [2022-07-28 07:44:00,077] {dag.py:2972} INFO - Setting next_dagrun for example_subdag_operator.section-2 to None, run_after=None
[2022-07-28 07:44:00,699] {processor.py:161} INFO - Processing /home/airflow/.local/lib/python3.7/site-packages/airflow/example_dags/example_subdag_operator.py took 0.763 seconds
[2022-07-28 07:44:30,977] {processor.py:153} INFO - Started process (PID=2530) to work on /home/airflow/.local/lib/python3.7/site-packages/airflow/example_dags/example_subdag_operator.py
[2022-07-28 07:44:30,978] {processor.py:641} INFO - Processing file /home/airflow/.local/lib/python3.7/site-packages/airflow/example_dags/example_subdag_operator.py for tasks to queue
[2022-07-28 07:44:30,980] {logging_mixin.py:115} INFO - [2022-07-28 07:44:30,980] {dagbag.py:508} INFO - Filling up the DagBag from /home/airflow/.local/lib/python3.7/site-packages/airflow/example_dags/example_subdag_operator.py
[2022-07-28 07:44:31,058] {processor.py:651} INFO - DAG(s) dict_keys(['example_subdag_operator.section-1', 'example_subdag_operator.section-2', 'example_subdag_operator']) retrieved from /home/airflow/.local/lib/python3.7/site-packages/airflow/example_dags/example_subdag_operator.py
[2022-07-28 07:44:31,164] {logging_mixin.py:115} INFO - [2022-07-28 07:44:31,164] {dag.py:2420} INFO - Sync 3 DAGs
[2022-07-28 07:44:31,227] {logging_mixin.py:115} INFO - [2022-07-28 07:44:31,226] {dag.py:2972} INFO - Setting next_dagrun for example_subdag_operator to 2022-01-01T00:00:00+00:00, run_after=2022-01-01T00:00:00+00:00
[2022-07-28 07:44:31,228] {logging_mixin.py:115} INFO - [2022-07-28 07:44:31,228] {dag.py:2972} INFO - Setting next_dagrun for example_subdag_operator.section-1 to None, run_after=None
[2022-07-28 07:44:31,229] {logging_mixin.py:115} INFO - [2022-07-28 07:44:31,229] {dag.py:2972} INFO - Setting next_dagrun for example_subdag_operator.section-2 to None, run_after=None
[2022-07-28 07:44:31,252] {logging_mixin.py:115} INFO - [2022-07-28 07:44:31,252] {dag.py:2420} INFO - Sync 2 DAGs
[2022-07-28 07:44:31,267] {logging_mixin.py:115} INFO - [2022-07-28 07:44:31,267] {dag.py:2972} INFO - Setting next_dagrun for example_subdag_operator.section-1 to None, run_after=None
[2022-07-28 07:44:31,269] {logging_mixin.py:115} INFO - [2022-07-28 07:44:31,269] {dag.py:2972} INFO - Setting next_dagrun for example_subdag_operator.section-2 to None, run_after=None
[2022-07-28 07:44:31,371] {processor.py:161} INFO - Processing /home/airflow/.local/lib/python3.7/site-packages/airflow/example_dags/example_subdag_operator.py took 0.402 seconds
[2022-07-28 07:45:01,655] {processor.py:153} INFO - Started process (PID=2583) to work on /home/airflow/.local/lib/python3.7/site-packages/airflow/example_dags/example_subdag_operator.py
[2022-07-28 07:45:01,657] {processor.py:641} INFO - Processing file /home/airflow/.local/lib/python3.7/site-packages/airflow/example_dags/example_subdag_operator.py for tasks to queue
[2022-07-28 07:45:01,658] {logging_mixin.py:115} INFO - [2022-07-28 07:45:01,658] {dagbag.py:508} INFO - Filling up the DagBag from /home/airflow/.local/lib/python3.7/site-packages/airflow/example_dags/example_subdag_operator.py
[2022-07-28 07:45:01,732] {processor.py:651} INFO - DAG(s) dict_keys(['example_subdag_operator.section-1', 'example_subdag_operator.section-2', 'example_subdag_operator']) retrieved from /home/airflow/.local/lib/python3.7/site-packages/airflow/example_dags/example_subdag_operator.py
[2022-07-28 07:45:01,841] {logging_mixin.py:115} INFO - [2022-07-28 07:45:01,841] {dag.py:2420} INFO - Sync 3 DAGs
[2022-07-28 07:45:01,911] {logging_mixin.py:115} INFO - [2022-07-28 07:45:01,910] {dag.py:2972} INFO - Setting next_dagrun for example_subdag_operator to 2022-01-01T00:00:00+00:00, run_after=2022-01-01T00:00:00+00:00
[2022-07-28 07:45:01,912] {logging_mixin.py:115} INFO - [2022-07-28 07:45:01,912] {dag.py:2972} INFO - Setting next_dagrun for example_subdag_operator.section-1 to None, run_after=None
[2022-07-28 07:45:01,913] {logging_mixin.py:115} INFO - [2022-07-28 07:45:01,913] {dag.py:2972} INFO - Setting next_dagrun for example_subdag_operator.section-2 to None, run_after=None
[2022-07-28 07:45:01,932] {logging_mixin.py:115} INFO - [2022-07-28 07:45:01,932] {dag.py:2420} INFO - Sync 2 DAGs
[2022-07-28 07:45:01,946] {logging_mixin.py:115} INFO - [2022-07-28 07:45:01,946] {dag.py:2972} INFO - Setting next_dagrun for example_subdag_operator.section-1 to None, run_after=None
[2022-07-28 07:45:01,947] {logging_mixin.py:115} INFO - [2022-07-28 07:45:01,947] {dag.py:2972} INFO - Setting next_dagrun for example_subdag_operator.section-2 to None, run_after=None
[2022-07-28 07:45:02,048] {processor.py:161} INFO - Processing /home/airflow/.local/lib/python3.7/site-packages/airflow/example_dags/example_subdag_operator.py took 0.402 seconds
[2022-07-28 07:45:38,068] {processor.py:153} INFO - Started process (PID=2656) to work on /home/airflow/.local/lib/python3.7/site-packages/airflow/example_dags/example_subdag_operator.py
[2022-07-28 07:45:38,069] {processor.py:641} INFO - Processing file /home/airflow/.local/lib/python3.7/site-packages/airflow/example_dags/example_subdag_operator.py for tasks to queue
[2022-07-28 07:45:38,071] {logging_mixin.py:115} INFO - [2022-07-28 07:45:38,071] {dagbag.py:508} INFO - Filling up the DagBag from /home/airflow/.local/lib/python3.7/site-packages/airflow/example_dags/example_subdag_operator.py
[2022-07-28 07:45:38,141] {processor.py:651} INFO - DAG(s) dict_keys(['example_subdag_operator.section-1', 'example_subdag_operator.section-2', 'example_subdag_operator']) retrieved from /home/airflow/.local/lib/python3.7/site-packages/airflow/example_dags/example_subdag_operator.py
[2022-07-28 07:45:38,244] {logging_mixin.py:115} INFO - [2022-07-28 07:45:38,244] {dag.py:2420} INFO - Sync 3 DAGs
[2022-07-28 07:45:38,310] {logging_mixin.py:115} INFO - [2022-07-28 07:45:38,310] {dag.py:2972} INFO - Setting next_dagrun for example_subdag_operator to 2022-01-01T00:00:00+00:00, run_after=2022-01-01T00:00:00+00:00
[2022-07-28 07:45:38,311] {logging_mixin.py:115} INFO - [2022-07-28 07:45:38,311] {dag.py:2972} INFO - Setting next_dagrun for example_subdag_operator.section-1 to None, run_after=None
[2022-07-28 07:45:38,312] {logging_mixin.py:115} INFO - [2022-07-28 07:45:38,312] {dag.py:2972} INFO - Setting next_dagrun for example_subdag_operator.section-2 to None, run_after=None
[2022-07-28 07:45:38,327] {logging_mixin.py:115} INFO - [2022-07-28 07:45:38,327] {dag.py:2420} INFO - Sync 2 DAGs
[2022-07-28 07:45:38,341] {logging_mixin.py:115} INFO - [2022-07-28 07:45:38,341] {dag.py:2972} INFO - Setting next_dagrun for example_subdag_operator.section-1 to None, run_after=None
[2022-07-28 07:45:38,343] {logging_mixin.py:115} INFO - [2022-07-28 07:45:38,342] {dag.py:2972} INFO - Setting next_dagrun for example_subdag_operator.section-2 to None, run_after=None
[2022-07-28 07:45:38,479] {processor.py:161} INFO - Processing /home/airflow/.local/lib/python3.7/site-packages/airflow/example_dags/example_subdag_operator.py took 0.419 seconds
[2022-07-28 07:46:24,131] {processor.py:153} INFO - Started process (PID=2717) to work on /home/airflow/.local/lib/python3.7/site-packages/airflow/example_dags/example_subdag_operator.py
[2022-07-28 07:46:24,136] {processor.py:641} INFO - Processing file /home/airflow/.local/lib/python3.7/site-packages/airflow/example_dags/example_subdag_operator.py for tasks to queue
[2022-07-28 07:46:24,141] {logging_mixin.py:115} INFO - [2022-07-28 07:46:24,140] {dagbag.py:508} INFO - Filling up the DagBag from /home/airflow/.local/lib/python3.7/site-packages/airflow/example_dags/example_subdag_operator.py
[2022-07-28 07:46:25,258] {processor.py:651} INFO - DAG(s) dict_keys(['example_subdag_operator.section-1', 'example_subdag_operator.section-2', 'example_subdag_operator']) retrieved from /home/airflow/.local/lib/python3.7/site-packages/airflow/example_dags/example_subdag_operator.py
[2022-07-28 07:46:25,314] {logging_mixin.py:115} INFO - [2022-07-28 07:46:25,314] {dag.py:2420} INFO - Sync 3 DAGs
[2022-07-28 07:46:25,344] {logging_mixin.py:115} INFO - [2022-07-28 07:46:25,344] {dag.py:2972} INFO - Setting next_dagrun for example_subdag_operator to 2022-01-01T00:00:00+00:00, run_after=2022-01-01T00:00:00+00:00
[2022-07-28 07:46:25,344] {logging_mixin.py:115} INFO - [2022-07-28 07:46:25,344] {dag.py:2972} INFO - Setting next_dagrun for example_subdag_operator.section-1 to None, run_after=None
[2022-07-28 07:46:25,345] {logging_mixin.py:115} INFO - [2022-07-28 07:46:25,345] {dag.py:2972} INFO - Setting next_dagrun for example_subdag_operator.section-2 to None, run_after=None
[2022-07-28 07:46:25,354] {logging_mixin.py:115} INFO - [2022-07-28 07:46:25,354] {dag.py:2420} INFO - Sync 2 DAGs
[2022-07-28 07:46:25,361] {logging_mixin.py:115} INFO - [2022-07-28 07:46:25,361] {dag.py:2972} INFO - Setting next_dagrun for example_subdag_operator.section-1 to None, run_after=None
[2022-07-28 07:46:25,362] {logging_mixin.py:115} INFO - [2022-07-28 07:46:25,362] {dag.py:2972} INFO - Setting next_dagrun for example_subdag_operator.section-2 to None, run_after=None
[2022-07-28 07:46:25,843] {processor.py:161} INFO - Processing /home/airflow/.local/lib/python3.7/site-packages/airflow/example_dags/example_subdag_operator.py took 1.995 seconds
[2022-07-28 07:46:58,014] {processor.py:153} INFO - Started process (PID=2770) to work on /home/airflow/.local/lib/python3.7/site-packages/airflow/example_dags/example_subdag_operator.py
[2022-07-28 07:46:58,016] {processor.py:641} INFO - Processing file /home/airflow/.local/lib/python3.7/site-packages/airflow/example_dags/example_subdag_operator.py for tasks to queue
[2022-07-28 07:46:58,018] {logging_mixin.py:115} INFO - [2022-07-28 07:46:58,017] {dagbag.py:508} INFO - Filling up the DagBag from /home/airflow/.local/lib/python3.7/site-packages/airflow/example_dags/example_subdag_operator.py
[2022-07-28 07:46:58,078] {processor.py:651} INFO - DAG(s) dict_keys(['example_subdag_operator.section-1', 'example_subdag_operator.section-2', 'example_subdag_operator']) retrieved from /home/airflow/.local/lib/python3.7/site-packages/airflow/example_dags/example_subdag_operator.py
[2022-07-28 07:46:58,164] {logging_mixin.py:115} INFO - [2022-07-28 07:46:58,164] {dag.py:2420} INFO - Sync 3 DAGs
[2022-07-28 07:46:58,215] {logging_mixin.py:115} INFO - [2022-07-28 07:46:58,215] {dag.py:2972} INFO - Setting next_dagrun for example_subdag_operator to 2022-01-01T00:00:00+00:00, run_after=2022-01-01T00:00:00+00:00
[2022-07-28 07:46:58,217] {logging_mixin.py:115} INFO - [2022-07-28 07:46:58,216] {dag.py:2972} INFO - Setting next_dagrun for example_subdag_operator.section-1 to None, run_after=None
[2022-07-28 07:46:58,218] {logging_mixin.py:115} INFO - [2022-07-28 07:46:58,218] {dag.py:2972} INFO - Setting next_dagrun for example_subdag_operator.section-2 to None, run_after=None
[2022-07-28 07:46:59,181] {logging_mixin.py:115} INFO - [2022-07-28 07:46:59,181] {dag.py:2420} INFO - Sync 2 DAGs
[2022-07-28 07:46:59,194] {logging_mixin.py:115} INFO - [2022-07-28 07:46:59,194] {dag.py:2972} INFO - Setting next_dagrun for example_subdag_operator.section-1 to None, run_after=None
[2022-07-28 07:46:59,196] {logging_mixin.py:115} INFO - [2022-07-28 07:46:59,196] {dag.py:2972} INFO - Setting next_dagrun for example_subdag_operator.section-2 to None, run_after=None
[2022-07-28 07:47:03,812] {processor.py:161} INFO - Processing /home/airflow/.local/lib/python3.7/site-packages/airflow/example_dags/example_subdag_operator.py took 5.805 seconds
[2022-07-28 07:47:36,980] {processor.py:153} INFO - Started process (PID=2830) to work on /home/airflow/.local/lib/python3.7/site-packages/airflow/example_dags/example_subdag_operator.py
[2022-07-28 07:47:36,981] {processor.py:641} INFO - Processing file /home/airflow/.local/lib/python3.7/site-packages/airflow/example_dags/example_subdag_operator.py for tasks to queue
[2022-07-28 07:47:36,983] {logging_mixin.py:115} INFO - [2022-07-28 07:47:36,983] {dagbag.py:508} INFO - Filling up the DagBag from /home/airflow/.local/lib/python3.7/site-packages/airflow/example_dags/example_subdag_operator.py
[2022-07-28 07:47:37,145] {processor.py:651} INFO - DAG(s) dict_keys(['example_subdag_operator.section-1', 'example_subdag_operator.section-2', 'example_subdag_operator']) retrieved from /home/airflow/.local/lib/python3.7/site-packages/airflow/example_dags/example_subdag_operator.py
[2022-07-28 07:47:37,334] {logging_mixin.py:115} INFO - [2022-07-28 07:47:37,334] {dag.py:2420} INFO - Sync 3 DAGs
[2022-07-28 07:47:37,474] {logging_mixin.py:115} INFO - [2022-07-28 07:47:37,473] {dag.py:2972} INFO - Setting next_dagrun for example_subdag_operator to 2022-01-01T00:00:00+00:00, run_after=2022-01-01T00:00:00+00:00
[2022-07-28 07:47:37,476] {logging_mixin.py:115} INFO - [2022-07-28 07:47:37,476] {dag.py:2972} INFO - Setting next_dagrun for example_subdag_operator.section-1 to None, run_after=None
[2022-07-28 07:47:37,479] {logging_mixin.py:115} INFO - [2022-07-28 07:47:37,479] {dag.py:2972} INFO - Setting next_dagrun for example_subdag_operator.section-2 to None, run_after=None
[2022-07-28 07:47:37,512] {logging_mixin.py:115} INFO - [2022-07-28 07:47:37,512] {dag.py:2420} INFO - Sync 2 DAGs
[2022-07-28 07:47:37,543] {logging_mixin.py:115} INFO - [2022-07-28 07:47:37,543] {dag.py:2972} INFO - Setting next_dagrun for example_subdag_operator.section-1 to None, run_after=None
[2022-07-28 07:47:37,545] {logging_mixin.py:115} INFO - [2022-07-28 07:47:37,545] {dag.py:2972} INFO - Setting next_dagrun for example_subdag_operator.section-2 to None, run_after=None
[2022-07-28 07:47:37,647] {processor.py:161} INFO - Processing /home/airflow/.local/lib/python3.7/site-packages/airflow/example_dags/example_subdag_operator.py took 0.676 seconds
[2022-07-28 07:48:08,022] {processor.py:153} INFO - Started process (PID=2874) to work on /home/airflow/.local/lib/python3.7/site-packages/airflow/example_dags/example_subdag_operator.py
[2022-07-28 07:48:08,024] {processor.py:641} INFO - Processing file /home/airflow/.local/lib/python3.7/site-packages/airflow/example_dags/example_subdag_operator.py for tasks to queue
[2022-07-28 07:48:08,026] {logging_mixin.py:115} INFO - [2022-07-28 07:48:08,025] {dagbag.py:508} INFO - Filling up the DagBag from /home/airflow/.local/lib/python3.7/site-packages/airflow/example_dags/example_subdag_operator.py
[2022-07-28 07:48:08,089] {processor.py:651} INFO - DAG(s) dict_keys(['example_subdag_operator.section-1', 'example_subdag_operator.section-2', 'example_subdag_operator']) retrieved from /home/airflow/.local/lib/python3.7/site-packages/airflow/example_dags/example_subdag_operator.py
[2022-07-28 07:48:08,180] {logging_mixin.py:115} INFO - [2022-07-28 07:48:08,180] {dag.py:2420} INFO - Sync 3 DAGs
[2022-07-28 07:48:08,232] {logging_mixin.py:115} INFO - [2022-07-28 07:48:08,231] {dag.py:2972} INFO - Setting next_dagrun for example_subdag_operator to 2022-01-01T00:00:00+00:00, run_after=2022-01-01T00:00:00+00:00
[2022-07-28 07:48:08,233] {logging_mixin.py:115} INFO - [2022-07-28 07:48:08,233] {dag.py:2972} INFO - Setting next_dagrun for example_subdag_operator.section-1 to None, run_after=None
[2022-07-28 07:48:08,235] {logging_mixin.py:115} INFO - [2022-07-28 07:48:08,234] {dag.py:2972} INFO - Setting next_dagrun for example_subdag_operator.section-2 to None, run_after=None
[2022-07-28 07:48:08,253] {logging_mixin.py:115} INFO - [2022-07-28 07:48:08,253] {dag.py:2420} INFO - Sync 2 DAGs
[2022-07-28 07:48:08,268] {logging_mixin.py:115} INFO - [2022-07-28 07:48:08,268] {dag.py:2972} INFO - Setting next_dagrun for example_subdag_operator.section-1 to None, run_after=None
[2022-07-28 07:48:08,269] {logging_mixin.py:115} INFO - [2022-07-28 07:48:08,269] {dag.py:2972} INFO - Setting next_dagrun for example_subdag_operator.section-2 to None, run_after=None
[2022-07-28 07:48:08,338] {processor.py:161} INFO - Processing /home/airflow/.local/lib/python3.7/site-packages/airflow/example_dags/example_subdag_operator.py took 0.324 seconds
[2022-07-28 07:48:38,566] {processor.py:153} INFO - Started process (PID=2927) to work on /home/airflow/.local/lib/python3.7/site-packages/airflow/example_dags/example_subdag_operator.py
[2022-07-28 07:48:38,568] {processor.py:641} INFO - Processing file /home/airflow/.local/lib/python3.7/site-packages/airflow/example_dags/example_subdag_operator.py for tasks to queue
[2022-07-28 07:48:38,569] {logging_mixin.py:115} INFO - [2022-07-28 07:48:38,569] {dagbag.py:508} INFO - Filling up the DagBag from /home/airflow/.local/lib/python3.7/site-packages/airflow/example_dags/example_subdag_operator.py
[2022-07-28 07:48:38,652] {processor.py:651} INFO - DAG(s) dict_keys(['example_subdag_operator.section-1', 'example_subdag_operator.section-2', 'example_subdag_operator']) retrieved from /home/airflow/.local/lib/python3.7/site-packages/airflow/example_dags/example_subdag_operator.py
[2022-07-28 07:48:38,757] {logging_mixin.py:115} INFO - [2022-07-28 07:48:38,757] {dag.py:2420} INFO - Sync 3 DAGs
[2022-07-28 07:48:38,812] {logging_mixin.py:115} INFO - [2022-07-28 07:48:38,811] {dag.py:2972} INFO - Setting next_dagrun for example_subdag_operator to 2022-01-01T00:00:00+00:00, run_after=2022-01-01T00:00:00+00:00
[2022-07-28 07:48:38,813] {logging_mixin.py:115} INFO - [2022-07-28 07:48:38,813] {dag.py:2972} INFO - Setting next_dagrun for example_subdag_operator.section-1 to None, run_after=None
[2022-07-28 07:48:38,814] {logging_mixin.py:115} INFO - [2022-07-28 07:48:38,814] {dag.py:2972} INFO - Setting next_dagrun for example_subdag_operator.section-2 to None, run_after=None
[2022-07-28 07:48:38,830] {logging_mixin.py:115} INFO - [2022-07-28 07:48:38,830] {dag.py:2420} INFO - Sync 2 DAGs
[2022-07-28 07:48:38,844] {logging_mixin.py:115} INFO - [2022-07-28 07:48:38,844] {dag.py:2972} INFO - Setting next_dagrun for example_subdag_operator.section-1 to None, run_after=None
[2022-07-28 07:48:38,845] {logging_mixin.py:115} INFO - [2022-07-28 07:48:38,845] {dag.py:2972} INFO - Setting next_dagrun for example_subdag_operator.section-2 to None, run_after=None
[2022-07-28 07:48:38,934] {processor.py:161} INFO - Processing /home/airflow/.local/lib/python3.7/site-packages/airflow/example_dags/example_subdag_operator.py took 0.376 seconds
[2022-07-28 07:49:09,123] {processor.py:153} INFO - Started process (PID=2980) to work on /home/airflow/.local/lib/python3.7/site-packages/airflow/example_dags/example_subdag_operator.py
[2022-07-28 07:49:09,125] {processor.py:641} INFO - Processing file /home/airflow/.local/lib/python3.7/site-packages/airflow/example_dags/example_subdag_operator.py for tasks to queue
[2022-07-28 07:49:09,127] {logging_mixin.py:115} INFO - [2022-07-28 07:49:09,126] {dagbag.py:508} INFO - Filling up the DagBag from /home/airflow/.local/lib/python3.7/site-packages/airflow/example_dags/example_subdag_operator.py
[2022-07-28 07:49:09,201] {processor.py:651} INFO - DAG(s) dict_keys(['example_subdag_operator.section-1', 'example_subdag_operator.section-2', 'example_subdag_operator']) retrieved from /home/airflow/.local/lib/python3.7/site-packages/airflow/example_dags/example_subdag_operator.py
[2022-07-28 07:49:09,327] {logging_mixin.py:115} INFO - [2022-07-28 07:49:09,326] {dag.py:2420} INFO - Sync 3 DAGs
[2022-07-28 07:49:09,435] {logging_mixin.py:115} INFO - [2022-07-28 07:49:09,435] {dag.py:2972} INFO - Setting next_dagrun for example_subdag_operator to 2022-01-01T00:00:00+00:00, run_after=2022-01-01T00:00:00+00:00
[2022-07-28 07:49:09,436] {logging_mixin.py:115} INFO - [2022-07-28 07:49:09,436] {dag.py:2972} INFO - Setting next_dagrun for example_subdag_operator.section-1 to None, run_after=None
[2022-07-28 07:49:09,437] {logging_mixin.py:115} INFO - [2022-07-28 07:49:09,437] {dag.py:2972} INFO - Setting next_dagrun for example_subdag_operator.section-2 to None, run_after=None
[2022-07-28 07:49:09,453] {logging_mixin.py:115} INFO - [2022-07-28 07:49:09,453] {dag.py:2420} INFO - Sync 2 DAGs
[2022-07-28 07:49:09,467] {logging_mixin.py:115} INFO - [2022-07-28 07:49:09,466] {dag.py:2972} INFO - Setting next_dagrun for example_subdag_operator.section-1 to None, run_after=None
[2022-07-28 07:49:09,468] {logging_mixin.py:115} INFO - [2022-07-28 07:49:09,467] {dag.py:2972} INFO - Setting next_dagrun for example_subdag_operator.section-2 to None, run_after=None
[2022-07-28 07:49:09,575] {processor.py:161} INFO - Processing /home/airflow/.local/lib/python3.7/site-packages/airflow/example_dags/example_subdag_operator.py took 0.475 seconds
[2022-07-28 07:49:40,203] {processor.py:153} INFO - Started process (PID=3034) to work on /home/airflow/.local/lib/python3.7/site-packages/airflow/example_dags/example_subdag_operator.py
[2022-07-28 07:49:40,205] {processor.py:641} INFO - Processing file /home/airflow/.local/lib/python3.7/site-packages/airflow/example_dags/example_subdag_operator.py for tasks to queue
[2022-07-28 07:49:40,206] {logging_mixin.py:115} INFO - [2022-07-28 07:49:40,206] {dagbag.py:508} INFO - Filling up the DagBag from /home/airflow/.local/lib/python3.7/site-packages/airflow/example_dags/example_subdag_operator.py
[2022-07-28 07:49:40,281] {processor.py:651} INFO - DAG(s) dict_keys(['example_subdag_operator.section-1', 'example_subdag_operator.section-2', 'example_subdag_operator']) retrieved from /home/airflow/.local/lib/python3.7/site-packages/airflow/example_dags/example_subdag_operator.py
[2022-07-28 07:49:40,380] {logging_mixin.py:115} INFO - [2022-07-28 07:49:40,380] {dag.py:2420} INFO - Sync 3 DAGs
[2022-07-28 07:49:40,431] {logging_mixin.py:115} INFO - [2022-07-28 07:49:40,431] {dag.py:2972} INFO - Setting next_dagrun for example_subdag_operator to 2022-01-01T00:00:00+00:00, run_after=2022-01-01T00:00:00+00:00
[2022-07-28 07:49:40,432] {logging_mixin.py:115} INFO - [2022-07-28 07:49:40,432] {dag.py:2972} INFO - Setting next_dagrun for example_subdag_operator.section-1 to None, run_after=None
[2022-07-28 07:49:40,434] {logging_mixin.py:115} INFO - [2022-07-28 07:49:40,433] {dag.py:2972} INFO - Setting next_dagrun for example_subdag_operator.section-2 to None, run_after=None
[2022-07-28 07:49:40,450] {logging_mixin.py:115} INFO - [2022-07-28 07:49:40,450] {dag.py:2420} INFO - Sync 2 DAGs
[2022-07-28 07:49:40,463] {logging_mixin.py:115} INFO - [2022-07-28 07:49:40,463] {dag.py:2972} INFO - Setting next_dagrun for example_subdag_operator.section-1 to None, run_after=None
[2022-07-28 07:49:40,464] {logging_mixin.py:115} INFO - [2022-07-28 07:49:40,464] {dag.py:2972} INFO - Setting next_dagrun for example_subdag_operator.section-2 to None, run_after=None
[2022-07-28 07:49:40,825] {processor.py:161} INFO - Processing /home/airflow/.local/lib/python3.7/site-packages/airflow/example_dags/example_subdag_operator.py took 0.629 seconds
