[2022-07-28 07:41:03,819] {processor.py:153} INFO - Started process (PID=2231) to work on /home/airflow/.local/lib/python3.7/site-packages/airflow/example_dags/example_branch_operator_decorator.py
[2022-07-28 07:41:03,834] {processor.py:641} INFO - Processing file /home/airflow/.local/lib/python3.7/site-packages/airflow/example_dags/example_branch_operator_decorator.py for tasks to queue
[2022-07-28 07:41:03,835] {logging_mixin.py:115} INFO - [2022-07-28 07:41:03,835] {dagbag.py:508} INFO - Filling up the DagBag from /home/airflow/.local/lib/python3.7/site-packages/airflow/example_dags/example_branch_operator_decorator.py
[2022-07-28 07:41:04,206] {processor.py:651} INFO - DAG(s) dict_keys(['example_branch_python_operator_decorator']) retrieved from /home/airflow/.local/lib/python3.7/site-packages/airflow/example_dags/example_branch_operator_decorator.py
[2022-07-28 07:41:04,247] {logging_mixin.py:115} INFO - [2022-07-28 07:41:04,247] {dag.py:2420} INFO - Sync 1 DAGs
[2022-07-28 07:41:04,275] {logging_mixin.py:115} INFO - [2022-07-28 07:41:04,275] {dag.py:2972} INFO - Setting next_dagrun for example_branch_python_operator_decorator to 2022-07-27T00:00:00+00:00, run_after=2022-07-28T00:00:00+00:00
[2022-07-28 07:41:07,428] {processor.py:161} INFO - Processing /home/airflow/.local/lib/python3.7/site-packages/airflow/example_dags/example_branch_operator_decorator.py took 3.613 seconds
[2022-07-28 07:41:57,909] {processor.py:153} INFO - Started process (PID=2284) to work on /home/airflow/.local/lib/python3.7/site-packages/airflow/example_dags/example_branch_operator_decorator.py
[2022-07-28 07:41:57,911] {processor.py:641} INFO - Processing file /home/airflow/.local/lib/python3.7/site-packages/airflow/example_dags/example_branch_operator_decorator.py for tasks to queue
[2022-07-28 07:41:57,912] {logging_mixin.py:115} INFO - [2022-07-28 07:41:57,912] {dagbag.py:508} INFO - Filling up the DagBag from /home/airflow/.local/lib/python3.7/site-packages/airflow/example_dags/example_branch_operator_decorator.py
[2022-07-28 07:41:57,959] {processor.py:651} INFO - DAG(s) dict_keys(['example_branch_python_operator_decorator']) retrieved from /home/airflow/.local/lib/python3.7/site-packages/airflow/example_dags/example_branch_operator_decorator.py
[2022-07-28 07:41:58,026] {logging_mixin.py:115} INFO - [2022-07-28 07:41:58,026] {dag.py:2420} INFO - Sync 1 DAGs
[2022-07-28 07:41:58,114] {logging_mixin.py:115} INFO - [2022-07-28 07:41:58,113] {dag.py:2972} INFO - Setting next_dagrun for example_branch_python_operator_decorator to 2022-07-27T00:00:00+00:00, run_after=2022-07-28T00:00:00+00:00
[2022-07-28 07:41:58,400] {processor.py:161} INFO - Processing /home/airflow/.local/lib/python3.7/site-packages/airflow/example_dags/example_branch_operator_decorator.py took 0.498 seconds
[2022-07-28 07:42:28,540] {processor.py:153} INFO - Started process (PID=2336) to work on /home/airflow/.local/lib/python3.7/site-packages/airflow/example_dags/example_branch_operator_decorator.py
[2022-07-28 07:42:28,542] {processor.py:641} INFO - Processing file /home/airflow/.local/lib/python3.7/site-packages/airflow/example_dags/example_branch_operator_decorator.py for tasks to queue
[2022-07-28 07:42:28,543] {logging_mixin.py:115} INFO - [2022-07-28 07:42:28,543] {dagbag.py:508} INFO - Filling up the DagBag from /home/airflow/.local/lib/python3.7/site-packages/airflow/example_dags/example_branch_operator_decorator.py
[2022-07-28 07:42:28,567] {processor.py:651} INFO - DAG(s) dict_keys(['example_branch_python_operator_decorator']) retrieved from /home/airflow/.local/lib/python3.7/site-packages/airflow/example_dags/example_branch_operator_decorator.py
[2022-07-28 07:42:28,601] {logging_mixin.py:115} INFO - [2022-07-28 07:42:28,601] {dag.py:2420} INFO - Sync 1 DAGs
[2022-07-28 07:42:28,712] {logging_mixin.py:115} INFO - [2022-07-28 07:42:28,712] {dag.py:2972} INFO - Setting next_dagrun for example_branch_python_operator_decorator to 2022-07-27T00:00:00+00:00, run_after=2022-07-28T00:00:00+00:00
[2022-07-28 07:42:29,356] {processor.py:161} INFO - Processing /home/airflow/.local/lib/python3.7/site-packages/airflow/example_dags/example_branch_operator_decorator.py took 0.820 seconds
[2022-07-28 07:42:59,610] {processor.py:153} INFO - Started process (PID=2391) to work on /home/airflow/.local/lib/python3.7/site-packages/airflow/example_dags/example_branch_operator_decorator.py
[2022-07-28 07:42:59,611] {processor.py:641} INFO - Processing file /home/airflow/.local/lib/python3.7/site-packages/airflow/example_dags/example_branch_operator_decorator.py for tasks to queue
[2022-07-28 07:42:59,613] {logging_mixin.py:115} INFO - [2022-07-28 07:42:59,613] {dagbag.py:508} INFO - Filling up the DagBag from /home/airflow/.local/lib/python3.7/site-packages/airflow/example_dags/example_branch_operator_decorator.py
[2022-07-28 07:42:59,663] {processor.py:651} INFO - DAG(s) dict_keys(['example_branch_python_operator_decorator']) retrieved from /home/airflow/.local/lib/python3.7/site-packages/airflow/example_dags/example_branch_operator_decorator.py
[2022-07-28 07:42:59,746] {logging_mixin.py:115} INFO - [2022-07-28 07:42:59,746] {dag.py:2420} INFO - Sync 1 DAGs
[2022-07-28 07:42:59,811] {logging_mixin.py:115} INFO - [2022-07-28 07:42:59,811] {dag.py:2972} INFO - Setting next_dagrun for example_branch_python_operator_decorator to 2022-07-27T00:00:00+00:00, run_after=2022-07-28T00:00:00+00:00
[2022-07-28 07:43:00,238] {processor.py:161} INFO - Processing /home/airflow/.local/lib/python3.7/site-packages/airflow/example_dags/example_branch_operator_decorator.py took 0.635 seconds
[2022-07-28 07:43:30,432] {processor.py:153} INFO - Started process (PID=2444) to work on /home/airflow/.local/lib/python3.7/site-packages/airflow/example_dags/example_branch_operator_decorator.py
[2022-07-28 07:43:30,434] {processor.py:641} INFO - Processing file /home/airflow/.local/lib/python3.7/site-packages/airflow/example_dags/example_branch_operator_decorator.py for tasks to queue
[2022-07-28 07:43:30,436] {logging_mixin.py:115} INFO - [2022-07-28 07:43:30,436] {dagbag.py:508} INFO - Filling up the DagBag from /home/airflow/.local/lib/python3.7/site-packages/airflow/example_dags/example_branch_operator_decorator.py
[2022-07-28 07:43:30,503] {processor.py:651} INFO - DAG(s) dict_keys(['example_branch_python_operator_decorator']) retrieved from /home/airflow/.local/lib/python3.7/site-packages/airflow/example_dags/example_branch_operator_decorator.py
[2022-07-28 07:43:30,584] {logging_mixin.py:115} INFO - [2022-07-28 07:43:30,584] {dag.py:2420} INFO - Sync 1 DAGs
[2022-07-28 07:43:30,641] {logging_mixin.py:115} INFO - [2022-07-28 07:43:30,641] {dag.py:2972} INFO - Setting next_dagrun for example_branch_python_operator_decorator to 2022-07-27T00:00:00+00:00, run_after=2022-07-28T00:00:00+00:00
[2022-07-28 07:43:30,800] {processor.py:161} INFO - Processing /home/airflow/.local/lib/python3.7/site-packages/airflow/example_dags/example_branch_operator_decorator.py took 0.379 seconds
[2022-07-28 07:44:03,047] {processor.py:153} INFO - Started process (PID=2488) to work on /home/airflow/.local/lib/python3.7/site-packages/airflow/example_dags/example_branch_operator_decorator.py
[2022-07-28 07:44:03,048] {processor.py:641} INFO - Processing file /home/airflow/.local/lib/python3.7/site-packages/airflow/example_dags/example_branch_operator_decorator.py for tasks to queue
[2022-07-28 07:44:03,049] {logging_mixin.py:115} INFO - [2022-07-28 07:44:03,049] {dagbag.py:508} INFO - Filling up the DagBag from /home/airflow/.local/lib/python3.7/site-packages/airflow/example_dags/example_branch_operator_decorator.py
[2022-07-28 07:44:03,075] {processor.py:651} INFO - DAG(s) dict_keys(['example_branch_python_operator_decorator']) retrieved from /home/airflow/.local/lib/python3.7/site-packages/airflow/example_dags/example_branch_operator_decorator.py
[2022-07-28 07:44:03,112] {logging_mixin.py:115} INFO - [2022-07-28 07:44:03,112] {dag.py:2420} INFO - Sync 1 DAGs
[2022-07-28 07:44:03,148] {logging_mixin.py:115} INFO - [2022-07-28 07:44:03,148] {dag.py:2972} INFO - Setting next_dagrun for example_branch_python_operator_decorator to 2022-07-27T00:00:00+00:00, run_after=2022-07-28T00:00:00+00:00
[2022-07-28 07:44:03,367] {processor.py:161} INFO - Processing /home/airflow/.local/lib/python3.7/site-packages/airflow/example_dags/example_branch_operator_decorator.py took 0.326 seconds
[2022-07-28 07:44:34,124] {processor.py:153} INFO - Started process (PID=2541) to work on /home/airflow/.local/lib/python3.7/site-packages/airflow/example_dags/example_branch_operator_decorator.py
[2022-07-28 07:44:34,126] {processor.py:641} INFO - Processing file /home/airflow/.local/lib/python3.7/site-packages/airflow/example_dags/example_branch_operator_decorator.py for tasks to queue
[2022-07-28 07:44:34,128] {logging_mixin.py:115} INFO - [2022-07-28 07:44:34,128] {dagbag.py:508} INFO - Filling up the DagBag from /home/airflow/.local/lib/python3.7/site-packages/airflow/example_dags/example_branch_operator_decorator.py
[2022-07-28 07:44:34,197] {processor.py:651} INFO - DAG(s) dict_keys(['example_branch_python_operator_decorator']) retrieved from /home/airflow/.local/lib/python3.7/site-packages/airflow/example_dags/example_branch_operator_decorator.py
[2022-07-28 07:44:34,298] {logging_mixin.py:115} INFO - [2022-07-28 07:44:34,298] {dag.py:2420} INFO - Sync 1 DAGs
[2022-07-28 07:44:34,366] {logging_mixin.py:115} INFO - [2022-07-28 07:44:34,366] {dag.py:2972} INFO - Setting next_dagrun for example_branch_python_operator_decorator to 2022-07-27T00:00:00+00:00, run_after=2022-07-28T00:00:00+00:00
[2022-07-28 07:44:34,545] {processor.py:161} INFO - Processing /home/airflow/.local/lib/python3.7/site-packages/airflow/example_dags/example_branch_operator_decorator.py took 0.432 seconds
[2022-07-28 07:45:04,759] {processor.py:153} INFO - Started process (PID=2594) to work on /home/airflow/.local/lib/python3.7/site-packages/airflow/example_dags/example_branch_operator_decorator.py
[2022-07-28 07:45:04,761] {processor.py:641} INFO - Processing file /home/airflow/.local/lib/python3.7/site-packages/airflow/example_dags/example_branch_operator_decorator.py for tasks to queue
[2022-07-28 07:45:04,763] {logging_mixin.py:115} INFO - [2022-07-28 07:45:04,763] {dagbag.py:508} INFO - Filling up the DagBag from /home/airflow/.local/lib/python3.7/site-packages/airflow/example_dags/example_branch_operator_decorator.py
[2022-07-28 07:45:04,813] {processor.py:651} INFO - DAG(s) dict_keys(['example_branch_python_operator_decorator']) retrieved from /home/airflow/.local/lib/python3.7/site-packages/airflow/example_dags/example_branch_operator_decorator.py
[2022-07-28 07:45:04,880] {logging_mixin.py:115} INFO - [2022-07-28 07:45:04,879] {dag.py:2420} INFO - Sync 1 DAGs
[2022-07-28 07:45:04,994] {logging_mixin.py:115} INFO - [2022-07-28 07:45:04,994] {dag.py:2972} INFO - Setting next_dagrun for example_branch_python_operator_decorator to 2022-07-27T00:00:00+00:00, run_after=2022-07-28T00:00:00+00:00
[2022-07-28 07:45:05,072] {processor.py:161} INFO - Processing /home/airflow/.local/lib/python3.7/site-packages/airflow/example_dags/example_branch_operator_decorator.py took 0.321 seconds
[2022-07-28 07:45:37,124] {processor.py:153} INFO - Started process (PID=2651) to work on /home/airflow/.local/lib/python3.7/site-packages/airflow/example_dags/example_branch_operator_decorator.py
[2022-07-28 07:45:37,125] {processor.py:641} INFO - Processing file /home/airflow/.local/lib/python3.7/site-packages/airflow/example_dags/example_branch_operator_decorator.py for tasks to queue
[2022-07-28 07:45:37,127] {logging_mixin.py:115} INFO - [2022-07-28 07:45:37,127] {dagbag.py:508} INFO - Filling up the DagBag from /home/airflow/.local/lib/python3.7/site-packages/airflow/example_dags/example_branch_operator_decorator.py
[2022-07-28 07:45:37,178] {processor.py:651} INFO - DAG(s) dict_keys(['example_branch_python_operator_decorator']) retrieved from /home/airflow/.local/lib/python3.7/site-packages/airflow/example_dags/example_branch_operator_decorator.py
[2022-07-28 07:45:37,273] {logging_mixin.py:115} INFO - [2022-07-28 07:45:37,273] {dag.py:2420} INFO - Sync 1 DAGs
[2022-07-28 07:45:37,339] {logging_mixin.py:115} INFO - [2022-07-28 07:45:37,339] {dag.py:2972} INFO - Setting next_dagrun for example_branch_python_operator_decorator to 2022-07-27T00:00:00+00:00, run_after=2022-07-28T00:00:00+00:00
[2022-07-28 07:45:37,459] {processor.py:161} INFO - Processing /home/airflow/.local/lib/python3.7/site-packages/airflow/example_dags/example_branch_operator_decorator.py took 0.342 seconds
[2022-07-28 07:46:15,194] {processor.py:153} INFO - Started process (PID=2704) to work on /home/airflow/.local/lib/python3.7/site-packages/airflow/example_dags/example_branch_operator_decorator.py
[2022-07-28 07:46:15,195] {processor.py:641} INFO - Processing file /home/airflow/.local/lib/python3.7/site-packages/airflow/example_dags/example_branch_operator_decorator.py for tasks to queue
[2022-07-28 07:46:15,196] {logging_mixin.py:115} INFO - [2022-07-28 07:46:15,196] {dagbag.py:508} INFO - Filling up the DagBag from /home/airflow/.local/lib/python3.7/site-packages/airflow/example_dags/example_branch_operator_decorator.py
[2022-07-28 07:46:15,220] {processor.py:651} INFO - DAG(s) dict_keys(['example_branch_python_operator_decorator']) retrieved from /home/airflow/.local/lib/python3.7/site-packages/airflow/example_dags/example_branch_operator_decorator.py
[2022-07-28 07:46:15,264] {logging_mixin.py:115} INFO - [2022-07-28 07:46:15,264] {dag.py:2420} INFO - Sync 1 DAGs
[2022-07-28 07:46:15,297] {logging_mixin.py:115} INFO - [2022-07-28 07:46:15,297] {dag.py:2972} INFO - Setting next_dagrun for example_branch_python_operator_decorator to 2022-07-27T00:00:00+00:00, run_after=2022-07-28T00:00:00+00:00
[2022-07-28 07:46:15,737] {processor.py:161} INFO - Processing /home/airflow/.local/lib/python3.7/site-packages/airflow/example_dags/example_branch_operator_decorator.py took 0.547 seconds
[2022-07-28 07:46:49,176] {processor.py:153} INFO - Started process (PID=2757) to work on /home/airflow/.local/lib/python3.7/site-packages/airflow/example_dags/example_branch_operator_decorator.py
[2022-07-28 07:46:49,177] {processor.py:641} INFO - Processing file /home/airflow/.local/lib/python3.7/site-packages/airflow/example_dags/example_branch_operator_decorator.py for tasks to queue
[2022-07-28 07:46:49,177] {logging_mixin.py:115} INFO - [2022-07-28 07:46:49,177] {dagbag.py:508} INFO - Filling up the DagBag from /home/airflow/.local/lib/python3.7/site-packages/airflow/example_dags/example_branch_operator_decorator.py
[2022-07-28 07:46:49,201] {processor.py:651} INFO - DAG(s) dict_keys(['example_branch_python_operator_decorator']) retrieved from /home/airflow/.local/lib/python3.7/site-packages/airflow/example_dags/example_branch_operator_decorator.py
[2022-07-28 07:46:49,235] {logging_mixin.py:115} INFO - [2022-07-28 07:46:49,235] {dag.py:2420} INFO - Sync 1 DAGs
[2022-07-28 07:46:49,264] {logging_mixin.py:115} INFO - [2022-07-28 07:46:49,263] {dag.py:2972} INFO - Setting next_dagrun for example_branch_python_operator_decorator to 2022-07-27T00:00:00+00:00, run_after=2022-07-28T00:00:00+00:00
[2022-07-28 07:46:49,800] {processor.py:161} INFO - Processing /home/airflow/.local/lib/python3.7/site-packages/airflow/example_dags/example_branch_operator_decorator.py took 0.628 seconds
[2022-07-28 07:47:19,966] {processor.py:153} INFO - Started process (PID=2808) to work on /home/airflow/.local/lib/python3.7/site-packages/airflow/example_dags/example_branch_operator_decorator.py
[2022-07-28 07:47:19,975] {processor.py:641} INFO - Processing file /home/airflow/.local/lib/python3.7/site-packages/airflow/example_dags/example_branch_operator_decorator.py for tasks to queue
[2022-07-28 07:47:19,983] {logging_mixin.py:115} INFO - [2022-07-28 07:47:19,983] {dagbag.py:508} INFO - Filling up the DagBag from /home/airflow/.local/lib/python3.7/site-packages/airflow/example_dags/example_branch_operator_decorator.py
[2022-07-28 07:47:20,083] {processor.py:651} INFO - DAG(s) dict_keys(['example_branch_python_operator_decorator']) retrieved from /home/airflow/.local/lib/python3.7/site-packages/airflow/example_dags/example_branch_operator_decorator.py
[2022-07-28 07:47:20,246] {logging_mixin.py:115} INFO - [2022-07-28 07:47:20,246] {dag.py:2420} INFO - Sync 1 DAGs
[2022-07-28 07:47:20,396] {logging_mixin.py:115} INFO - [2022-07-28 07:47:20,396] {dag.py:2972} INFO - Setting next_dagrun for example_branch_python_operator_decorator to 2022-07-27T00:00:00+00:00, run_after=2022-07-28T00:00:00+00:00
[2022-07-28 07:47:20,617] {processor.py:161} INFO - Processing /home/airflow/.local/lib/python3.7/site-packages/airflow/example_dags/example_branch_operator_decorator.py took 0.667 seconds
[2022-07-28 07:47:52,773] {processor.py:153} INFO - Started process (PID=2861) to work on /home/airflow/.local/lib/python3.7/site-packages/airflow/example_dags/example_branch_operator_decorator.py
[2022-07-28 07:47:52,775] {processor.py:641} INFO - Processing file /home/airflow/.local/lib/python3.7/site-packages/airflow/example_dags/example_branch_operator_decorator.py for tasks to queue
[2022-07-28 07:47:52,777] {logging_mixin.py:115} INFO - [2022-07-28 07:47:52,776] {dagbag.py:508} INFO - Filling up the DagBag from /home/airflow/.local/lib/python3.7/site-packages/airflow/example_dags/example_branch_operator_decorator.py
[2022-07-28 07:47:52,842] {processor.py:651} INFO - DAG(s) dict_keys(['example_branch_python_operator_decorator']) retrieved from /home/airflow/.local/lib/python3.7/site-packages/airflow/example_dags/example_branch_operator_decorator.py
[2022-07-28 07:47:52,927] {logging_mixin.py:115} INFO - [2022-07-28 07:47:52,927] {dag.py:2420} INFO - Sync 1 DAGs
[2022-07-28 07:47:52,998] {logging_mixin.py:115} INFO - [2022-07-28 07:47:52,998] {dag.py:2972} INFO - Setting next_dagrun for example_branch_python_operator_decorator to 2022-07-27T00:00:00+00:00, run_after=2022-07-28T00:00:00+00:00
[2022-07-28 07:48:01,699] {processor.py:161} INFO - Processing /home/airflow/.local/lib/python3.7/site-packages/airflow/example_dags/example_branch_operator_decorator.py took 8.938 seconds
[2022-07-28 07:48:32,584] {processor.py:153} INFO - Started process (PID=2905) to work on /home/airflow/.local/lib/python3.7/site-packages/airflow/example_dags/example_branch_operator_decorator.py
[2022-07-28 07:48:32,585] {processor.py:641} INFO - Processing file /home/airflow/.local/lib/python3.7/site-packages/airflow/example_dags/example_branch_operator_decorator.py for tasks to queue
[2022-07-28 07:48:32,586] {logging_mixin.py:115} INFO - [2022-07-28 07:48:32,586] {dagbag.py:508} INFO - Filling up the DagBag from /home/airflow/.local/lib/python3.7/site-packages/airflow/example_dags/example_branch_operator_decorator.py
[2022-07-28 07:48:32,608] {processor.py:651} INFO - DAG(s) dict_keys(['example_branch_python_operator_decorator']) retrieved from /home/airflow/.local/lib/python3.7/site-packages/airflow/example_dags/example_branch_operator_decorator.py
[2022-07-28 07:48:32,641] {logging_mixin.py:115} INFO - [2022-07-28 07:48:32,641] {dag.py:2420} INFO - Sync 1 DAGs
[2022-07-28 07:48:32,670] {logging_mixin.py:115} INFO - [2022-07-28 07:48:32,670] {dag.py:2972} INFO - Setting next_dagrun for example_branch_python_operator_decorator to 2022-07-27T00:00:00+00:00, run_after=2022-07-28T00:00:00+00:00
[2022-07-28 07:48:33,096] {processor.py:161} INFO - Processing /home/airflow/.local/lib/python3.7/site-packages/airflow/example_dags/example_branch_operator_decorator.py took 0.516 seconds
[2022-07-28 07:49:03,492] {processor.py:153} INFO - Started process (PID=2967) to work on /home/airflow/.local/lib/python3.7/site-packages/airflow/example_dags/example_branch_operator_decorator.py
[2022-07-28 07:49:03,494] {processor.py:641} INFO - Processing file /home/airflow/.local/lib/python3.7/site-packages/airflow/example_dags/example_branch_operator_decorator.py for tasks to queue
[2022-07-28 07:49:03,496] {logging_mixin.py:115} INFO - [2022-07-28 07:49:03,496] {dagbag.py:508} INFO - Filling up the DagBag from /home/airflow/.local/lib/python3.7/site-packages/airflow/example_dags/example_branch_operator_decorator.py
[2022-07-28 07:49:03,548] {processor.py:651} INFO - DAG(s) dict_keys(['example_branch_python_operator_decorator']) retrieved from /home/airflow/.local/lib/python3.7/site-packages/airflow/example_dags/example_branch_operator_decorator.py
[2022-07-28 07:49:03,634] {logging_mixin.py:115} INFO - [2022-07-28 07:49:03,634] {dag.py:2420} INFO - Sync 1 DAGs
[2022-07-28 07:49:03,703] {logging_mixin.py:115} INFO - [2022-07-28 07:49:03,703] {dag.py:2972} INFO - Setting next_dagrun for example_branch_python_operator_decorator to 2022-07-27T00:00:00+00:00, run_after=2022-07-28T00:00:00+00:00
[2022-07-28 07:49:03,913] {processor.py:161} INFO - Processing /home/airflow/.local/lib/python3.7/site-packages/airflow/example_dags/example_branch_operator_decorator.py took 0.432 seconds
[2022-07-28 07:49:34,154] {processor.py:153} INFO - Started process (PID=3020) to work on /home/airflow/.local/lib/python3.7/site-packages/airflow/example_dags/example_branch_operator_decorator.py
[2022-07-28 07:49:34,156] {processor.py:641} INFO - Processing file /home/airflow/.local/lib/python3.7/site-packages/airflow/example_dags/example_branch_operator_decorator.py for tasks to queue
[2022-07-28 07:49:34,158] {logging_mixin.py:115} INFO - [2022-07-28 07:49:34,158] {dagbag.py:508} INFO - Filling up the DagBag from /home/airflow/.local/lib/python3.7/site-packages/airflow/example_dags/example_branch_operator_decorator.py
[2022-07-28 07:49:34,225] {processor.py:651} INFO - DAG(s) dict_keys(['example_branch_python_operator_decorator']) retrieved from /home/airflow/.local/lib/python3.7/site-packages/airflow/example_dags/example_branch_operator_decorator.py
[2022-07-28 07:49:34,306] {logging_mixin.py:115} INFO - [2022-07-28 07:49:34,306] {dag.py:2420} INFO - Sync 1 DAGs
[2022-07-28 07:49:34,387] {logging_mixin.py:115} INFO - [2022-07-28 07:49:34,386] {dag.py:2972} INFO - Setting next_dagrun for example_branch_python_operator_decorator to 2022-07-27T00:00:00+00:00, run_after=2022-07-28T00:00:00+00:00
[2022-07-28 07:49:34,491] {processor.py:161} INFO - Processing /home/airflow/.local/lib/python3.7/site-packages/airflow/example_dags/example_branch_operator_decorator.py took 0.349 seconds
[2022-07-28 07:50:24,541] {processor.py:153} INFO - Started process (PID=3060) to work on /home/airflow/.local/lib/python3.7/site-packages/airflow/example_dags/example_branch_operator_decorator.py
[2022-07-28 07:50:24,543] {processor.py:641} INFO - Processing file /home/airflow/.local/lib/python3.7/site-packages/airflow/example_dags/example_branch_operator_decorator.py for tasks to queue
[2022-07-28 07:50:24,545] {logging_mixin.py:115} INFO - [2022-07-28 07:50:24,544] {dagbag.py:508} INFO - Filling up the DagBag from /home/airflow/.local/lib/python3.7/site-packages/airflow/example_dags/example_branch_operator_decorator.py
[2022-07-28 07:50:24,595] {processor.py:651} INFO - DAG(s) dict_keys(['example_branch_python_operator_decorator']) retrieved from /home/airflow/.local/lib/python3.7/site-packages/airflow/example_dags/example_branch_operator_decorator.py
[2022-07-28 07:50:24,666] {logging_mixin.py:115} INFO - [2022-07-28 07:50:24,666] {dag.py:2420} INFO - Sync 1 DAGs
[2022-07-28 07:50:24,724] {logging_mixin.py:115} INFO - [2022-07-28 07:50:24,723] {dag.py:2972} INFO - Setting next_dagrun for example_branch_python_operator_decorator to 2022-07-27T00:00:00+00:00, run_after=2022-07-28T00:00:00+00:00
[2022-07-28 07:50:25,248] {processor.py:161} INFO - Processing /home/airflow/.local/lib/python3.7/site-packages/airflow/example_dags/example_branch_operator_decorator.py took 0.715 seconds
