[2022-07-28 07:41:15,765] {processor.py:153} INFO - Started process (PID=2237) to work on /home/airflow/.local/lib/python3.7/site-packages/airflow/example_dags/tutorial_taskflow_api_etl.py
[2022-07-28 07:41:15,767] {processor.py:641} INFO - Processing file /home/airflow/.local/lib/python3.7/site-packages/airflow/example_dags/tutorial_taskflow_api_etl.py for tasks to queue
[2022-07-28 07:41:15,769] {logging_mixin.py:115} INFO - [2022-07-28 07:41:15,769] {dagbag.py:508} INFO - Filling up the DagBag from /home/airflow/.local/lib/python3.7/site-packages/airflow/example_dags/tutorial_taskflow_api_etl.py
[2022-07-28 07:41:16,093] {processor.py:651} INFO - DAG(s) dict_keys(['tutorial_taskflow_api_etl']) retrieved from /home/airflow/.local/lib/python3.7/site-packages/airflow/example_dags/tutorial_taskflow_api_etl.py
[2022-07-28 07:41:16,531] {logging_mixin.py:115} INFO - [2022-07-28 07:41:16,531] {dag.py:2420} INFO - Sync 1 DAGs
[2022-07-28 07:41:16,581] {logging_mixin.py:115} INFO - [2022-07-28 07:41:16,580] {dag.py:2972} INFO - Setting next_dagrun for tutorial_taskflow_api_etl to None, run_after=None
[2022-07-28 07:41:20,141] {processor.py:161} INFO - Processing /home/airflow/.local/lib/python3.7/site-packages/airflow/example_dags/tutorial_taskflow_api_etl.py took 4.385 seconds
[2022-07-28 07:41:59,460] {processor.py:153} INFO - Started process (PID=2290) to work on /home/airflow/.local/lib/python3.7/site-packages/airflow/example_dags/tutorial_taskflow_api_etl.py
[2022-07-28 07:41:59,461] {processor.py:641} INFO - Processing file /home/airflow/.local/lib/python3.7/site-packages/airflow/example_dags/tutorial_taskflow_api_etl.py for tasks to queue
[2022-07-28 07:41:59,461] {logging_mixin.py:115} INFO - [2022-07-28 07:41:59,461] {dagbag.py:508} INFO - Filling up the DagBag from /home/airflow/.local/lib/python3.7/site-packages/airflow/example_dags/tutorial_taskflow_api_etl.py
[2022-07-28 07:41:59,481] {processor.py:651} INFO - DAG(s) dict_keys(['tutorial_taskflow_api_etl']) retrieved from /home/airflow/.local/lib/python3.7/site-packages/airflow/example_dags/tutorial_taskflow_api_etl.py
[2022-07-28 07:41:59,571] {logging_mixin.py:115} INFO - [2022-07-28 07:41:59,571] {dag.py:2420} INFO - Sync 1 DAGs
[2022-07-28 07:41:59,596] {logging_mixin.py:115} INFO - [2022-07-28 07:41:59,595] {dag.py:2972} INFO - Setting next_dagrun for tutorial_taskflow_api_etl to None, run_after=None
[2022-07-28 07:41:59,765] {processor.py:161} INFO - Processing /home/airflow/.local/lib/python3.7/site-packages/airflow/example_dags/tutorial_taskflow_api_etl.py took 0.309 seconds
[2022-07-28 07:42:30,453] {processor.py:153} INFO - Started process (PID=2344) to work on /home/airflow/.local/lib/python3.7/site-packages/airflow/example_dags/tutorial_taskflow_api_etl.py
[2022-07-28 07:42:30,455] {processor.py:641} INFO - Processing file /home/airflow/.local/lib/python3.7/site-packages/airflow/example_dags/tutorial_taskflow_api_etl.py for tasks to queue
[2022-07-28 07:42:30,457] {logging_mixin.py:115} INFO - [2022-07-28 07:42:30,457] {dagbag.py:508} INFO - Filling up the DagBag from /home/airflow/.local/lib/python3.7/site-packages/airflow/example_dags/tutorial_taskflow_api_etl.py
[2022-07-28 07:42:30,510] {processor.py:651} INFO - DAG(s) dict_keys(['tutorial_taskflow_api_etl']) retrieved from /home/airflow/.local/lib/python3.7/site-packages/airflow/example_dags/tutorial_taskflow_api_etl.py
[2022-07-28 07:42:30,583] {logging_mixin.py:115} INFO - [2022-07-28 07:42:30,582] {dag.py:2420} INFO - Sync 1 DAGs
[2022-07-28 07:42:30,644] {logging_mixin.py:115} INFO - [2022-07-28 07:42:30,643] {dag.py:2972} INFO - Setting next_dagrun for tutorial_taskflow_api_etl to None, run_after=None
[2022-07-28 07:42:30,886] {processor.py:161} INFO - Processing /home/airflow/.local/lib/python3.7/site-packages/airflow/example_dags/tutorial_taskflow_api_etl.py took 0.441 seconds
[2022-07-28 07:43:02,403] {processor.py:153} INFO - Started process (PID=2397) to work on /home/airflow/.local/lib/python3.7/site-packages/airflow/example_dags/tutorial_taskflow_api_etl.py
[2022-07-28 07:43:02,405] {processor.py:641} INFO - Processing file /home/airflow/.local/lib/python3.7/site-packages/airflow/example_dags/tutorial_taskflow_api_etl.py for tasks to queue
[2022-07-28 07:43:02,407] {logging_mixin.py:115} INFO - [2022-07-28 07:43:02,406] {dagbag.py:508} INFO - Filling up the DagBag from /home/airflow/.local/lib/python3.7/site-packages/airflow/example_dags/tutorial_taskflow_api_etl.py
[2022-07-28 07:43:02,457] {processor.py:651} INFO - DAG(s) dict_keys(['tutorial_taskflow_api_etl']) retrieved from /home/airflow/.local/lib/python3.7/site-packages/airflow/example_dags/tutorial_taskflow_api_etl.py
[2022-07-28 07:43:02,631] {logging_mixin.py:115} INFO - [2022-07-28 07:43:02,630] {dag.py:2420} INFO - Sync 1 DAGs
[2022-07-28 07:43:02,706] {logging_mixin.py:115} INFO - [2022-07-28 07:43:02,706] {dag.py:2972} INFO - Setting next_dagrun for tutorial_taskflow_api_etl to None, run_after=None
[2022-07-28 07:43:03,141] {processor.py:161} INFO - Processing /home/airflow/.local/lib/python3.7/site-packages/airflow/example_dags/tutorial_taskflow_api_etl.py took 0.745 seconds
[2022-07-28 07:43:33,238] {processor.py:153} INFO - Started process (PID=2450) to work on /home/airflow/.local/lib/python3.7/site-packages/airflow/example_dags/tutorial_taskflow_api_etl.py
[2022-07-28 07:43:33,240] {processor.py:641} INFO - Processing file /home/airflow/.local/lib/python3.7/site-packages/airflow/example_dags/tutorial_taskflow_api_etl.py for tasks to queue
[2022-07-28 07:43:33,242] {logging_mixin.py:115} INFO - [2022-07-28 07:43:33,241] {dagbag.py:508} INFO - Filling up the DagBag from /home/airflow/.local/lib/python3.7/site-packages/airflow/example_dags/tutorial_taskflow_api_etl.py
[2022-07-28 07:43:33,293] {processor.py:651} INFO - DAG(s) dict_keys(['tutorial_taskflow_api_etl']) retrieved from /home/airflow/.local/lib/python3.7/site-packages/airflow/example_dags/tutorial_taskflow_api_etl.py
[2022-07-28 07:43:33,486] {logging_mixin.py:115} INFO - [2022-07-28 07:43:33,485] {dag.py:2420} INFO - Sync 1 DAGs
[2022-07-28 07:43:33,561] {logging_mixin.py:115} INFO - [2022-07-28 07:43:33,561] {dag.py:2972} INFO - Setting next_dagrun for tutorial_taskflow_api_etl to None, run_after=None
[2022-07-28 07:43:33,769] {processor.py:161} INFO - Processing /home/airflow/.local/lib/python3.7/site-packages/airflow/example_dags/tutorial_taskflow_api_etl.py took 0.539 seconds
[2022-07-28 07:44:05,271] {processor.py:153} INFO - Started process (PID=2494) to work on /home/airflow/.local/lib/python3.7/site-packages/airflow/example_dags/tutorial_taskflow_api_etl.py
[2022-07-28 07:44:05,273] {processor.py:641} INFO - Processing file /home/airflow/.local/lib/python3.7/site-packages/airflow/example_dags/tutorial_taskflow_api_etl.py for tasks to queue
[2022-07-28 07:44:05,274] {logging_mixin.py:115} INFO - [2022-07-28 07:44:05,274] {dagbag.py:508} INFO - Filling up the DagBag from /home/airflow/.local/lib/python3.7/site-packages/airflow/example_dags/tutorial_taskflow_api_etl.py
[2022-07-28 07:44:05,301] {processor.py:651} INFO - DAG(s) dict_keys(['tutorial_taskflow_api_etl']) retrieved from /home/airflow/.local/lib/python3.7/site-packages/airflow/example_dags/tutorial_taskflow_api_etl.py
[2022-07-28 07:44:05,386] {logging_mixin.py:115} INFO - [2022-07-28 07:44:05,386] {dag.py:2420} INFO - Sync 1 DAGs
[2022-07-28 07:44:05,412] {logging_mixin.py:115} INFO - [2022-07-28 07:44:05,412] {dag.py:2972} INFO - Setting next_dagrun for tutorial_taskflow_api_etl to None, run_after=None
[2022-07-28 07:44:06,094] {processor.py:161} INFO - Processing /home/airflow/.local/lib/python3.7/site-packages/airflow/example_dags/tutorial_taskflow_api_etl.py took 0.828 seconds
[2022-07-28 07:44:36,402] {processor.py:153} INFO - Started process (PID=2547) to work on /home/airflow/.local/lib/python3.7/site-packages/airflow/example_dags/tutorial_taskflow_api_etl.py
[2022-07-28 07:44:36,404] {processor.py:641} INFO - Processing file /home/airflow/.local/lib/python3.7/site-packages/airflow/example_dags/tutorial_taskflow_api_etl.py for tasks to queue
[2022-07-28 07:44:36,406] {logging_mixin.py:115} INFO - [2022-07-28 07:44:36,406] {dagbag.py:508} INFO - Filling up the DagBag from /home/airflow/.local/lib/python3.7/site-packages/airflow/example_dags/tutorial_taskflow_api_etl.py
[2022-07-28 07:44:36,454] {processor.py:651} INFO - DAG(s) dict_keys(['tutorial_taskflow_api_etl']) retrieved from /home/airflow/.local/lib/python3.7/site-packages/airflow/example_dags/tutorial_taskflow_api_etl.py
[2022-07-28 07:44:36,652] {logging_mixin.py:115} INFO - [2022-07-28 07:44:36,652] {dag.py:2420} INFO - Sync 1 DAGs
[2022-07-28 07:44:36,701] {logging_mixin.py:115} INFO - [2022-07-28 07:44:36,701] {dag.py:2972} INFO - Setting next_dagrun for tutorial_taskflow_api_etl to None, run_after=None
[2022-07-28 07:44:36,921] {processor.py:161} INFO - Processing /home/airflow/.local/lib/python3.7/site-packages/airflow/example_dags/tutorial_taskflow_api_etl.py took 0.528 seconds
[2022-07-28 07:45:07,345] {processor.py:153} INFO - Started process (PID=2609) to work on /home/airflow/.local/lib/python3.7/site-packages/airflow/example_dags/tutorial_taskflow_api_etl.py
[2022-07-28 07:45:07,347] {processor.py:641} INFO - Processing file /home/airflow/.local/lib/python3.7/site-packages/airflow/example_dags/tutorial_taskflow_api_etl.py for tasks to queue
[2022-07-28 07:45:07,348] {logging_mixin.py:115} INFO - [2022-07-28 07:45:07,348] {dagbag.py:508} INFO - Filling up the DagBag from /home/airflow/.local/lib/python3.7/site-packages/airflow/example_dags/tutorial_taskflow_api_etl.py
[2022-07-28 07:45:07,389] {processor.py:651} INFO - DAG(s) dict_keys(['tutorial_taskflow_api_etl']) retrieved from /home/airflow/.local/lib/python3.7/site-packages/airflow/example_dags/tutorial_taskflow_api_etl.py
[2022-07-28 07:45:07,454] {logging_mixin.py:115} INFO - [2022-07-28 07:45:07,454] {dag.py:2420} INFO - Sync 1 DAGs
[2022-07-28 07:45:07,509] {logging_mixin.py:115} INFO - [2022-07-28 07:45:07,509] {dag.py:2972} INFO - Setting next_dagrun for tutorial_taskflow_api_etl to None, run_after=None
[2022-07-28 07:45:08,137] {processor.py:161} INFO - Processing /home/airflow/.local/lib/python3.7/site-packages/airflow/example_dags/tutorial_taskflow_api_etl.py took 0.799 seconds
[2022-07-28 07:45:39,134] {processor.py:153} INFO - Started process (PID=2663) to work on /home/airflow/.local/lib/python3.7/site-packages/airflow/example_dags/tutorial_taskflow_api_etl.py
[2022-07-28 07:45:39,135] {processor.py:641} INFO - Processing file /home/airflow/.local/lib/python3.7/site-packages/airflow/example_dags/tutorial_taskflow_api_etl.py for tasks to queue
[2022-07-28 07:45:39,137] {logging_mixin.py:115} INFO - [2022-07-28 07:45:39,137] {dagbag.py:508} INFO - Filling up the DagBag from /home/airflow/.local/lib/python3.7/site-packages/airflow/example_dags/tutorial_taskflow_api_etl.py
[2022-07-28 07:45:39,179] {processor.py:651} INFO - DAG(s) dict_keys(['tutorial_taskflow_api_etl']) retrieved from /home/airflow/.local/lib/python3.7/site-packages/airflow/example_dags/tutorial_taskflow_api_etl.py
[2022-07-28 07:45:39,251] {logging_mixin.py:115} INFO - [2022-07-28 07:45:39,251] {dag.py:2420} INFO - Sync 1 DAGs
[2022-07-28 07:45:39,312] {logging_mixin.py:115} INFO - [2022-07-28 07:45:39,312] {dag.py:2972} INFO - Setting next_dagrun for tutorial_taskflow_api_etl to None, run_after=None
[2022-07-28 07:45:39,659] {processor.py:161} INFO - Processing /home/airflow/.local/lib/python3.7/site-packages/airflow/example_dags/tutorial_taskflow_api_etl.py took 0.533 seconds
[2022-07-28 07:46:17,934] {processor.py:153} INFO - Started process (PID=2710) to work on /home/airflow/.local/lib/python3.7/site-packages/airflow/example_dags/tutorial_taskflow_api_etl.py
[2022-07-28 07:46:17,935] {processor.py:641} INFO - Processing file /home/airflow/.local/lib/python3.7/site-packages/airflow/example_dags/tutorial_taskflow_api_etl.py for tasks to queue
[2022-07-28 07:46:17,937] {logging_mixin.py:115} INFO - [2022-07-28 07:46:17,937] {dagbag.py:508} INFO - Filling up the DagBag from /home/airflow/.local/lib/python3.7/site-packages/airflow/example_dags/tutorial_taskflow_api_etl.py
[2022-07-28 07:46:17,983] {processor.py:651} INFO - DAG(s) dict_keys(['tutorial_taskflow_api_etl']) retrieved from /home/airflow/.local/lib/python3.7/site-packages/airflow/example_dags/tutorial_taskflow_api_etl.py
[2022-07-28 07:46:18,196] {logging_mixin.py:115} INFO - [2022-07-28 07:46:18,196] {dag.py:2420} INFO - Sync 1 DAGs
[2022-07-28 07:46:18,566] {logging_mixin.py:115} INFO - [2022-07-28 07:46:18,566] {dag.py:2972} INFO - Setting next_dagrun for tutorial_taskflow_api_etl to None, run_after=None
[2022-07-28 07:46:18,919] {processor.py:161} INFO - Processing /home/airflow/.local/lib/python3.7/site-packages/airflow/example_dags/tutorial_taskflow_api_etl.py took 1.187 seconds
[2022-07-28 07:46:51,550] {processor.py:153} INFO - Started process (PID=2763) to work on /home/airflow/.local/lib/python3.7/site-packages/airflow/example_dags/tutorial_taskflow_api_etl.py
[2022-07-28 07:46:51,552] {processor.py:641} INFO - Processing file /home/airflow/.local/lib/python3.7/site-packages/airflow/example_dags/tutorial_taskflow_api_etl.py for tasks to queue
[2022-07-28 07:46:51,553] {logging_mixin.py:115} INFO - [2022-07-28 07:46:51,553] {dagbag.py:508} INFO - Filling up the DagBag from /home/airflow/.local/lib/python3.7/site-packages/airflow/example_dags/tutorial_taskflow_api_etl.py
[2022-07-28 07:46:51,592] {processor.py:651} INFO - DAG(s) dict_keys(['tutorial_taskflow_api_etl']) retrieved from /home/airflow/.local/lib/python3.7/site-packages/airflow/example_dags/tutorial_taskflow_api_etl.py
[2022-07-28 07:46:51,770] {logging_mixin.py:115} INFO - [2022-07-28 07:46:51,769] {dag.py:2420} INFO - Sync 1 DAGs
[2022-07-28 07:46:51,818] {logging_mixin.py:115} INFO - [2022-07-28 07:46:51,818] {dag.py:2972} INFO - Setting next_dagrun for tutorial_taskflow_api_etl to None, run_after=None
[2022-07-28 07:46:52,027] {processor.py:161} INFO - Processing /home/airflow/.local/lib/python3.7/site-packages/airflow/example_dags/tutorial_taskflow_api_etl.py took 0.485 seconds
[2022-07-28 07:47:22,751] {processor.py:153} INFO - Started process (PID=2815) to work on /home/airflow/.local/lib/python3.7/site-packages/airflow/example_dags/tutorial_taskflow_api_etl.py
[2022-07-28 07:47:22,753] {processor.py:641} INFO - Processing file /home/airflow/.local/lib/python3.7/site-packages/airflow/example_dags/tutorial_taskflow_api_etl.py for tasks to queue
[2022-07-28 07:47:22,754] {logging_mixin.py:115} INFO - [2022-07-28 07:47:22,754] {dagbag.py:508} INFO - Filling up the DagBag from /home/airflow/.local/lib/python3.7/site-packages/airflow/example_dags/tutorial_taskflow_api_etl.py
[2022-07-28 07:47:22,799] {processor.py:651} INFO - DAG(s) dict_keys(['tutorial_taskflow_api_etl']) retrieved from /home/airflow/.local/lib/python3.7/site-packages/airflow/example_dags/tutorial_taskflow_api_etl.py
[2022-07-28 07:47:22,884] {logging_mixin.py:115} INFO - [2022-07-28 07:47:22,884] {dag.py:2420} INFO - Sync 1 DAGs
[2022-07-28 07:47:22,970] {logging_mixin.py:115} INFO - [2022-07-28 07:47:22,969] {dag.py:2972} INFO - Setting next_dagrun for tutorial_taskflow_api_etl to None, run_after=None
[2022-07-28 07:47:23,125] {processor.py:161} INFO - Processing /home/airflow/.local/lib/python3.7/site-packages/airflow/example_dags/tutorial_taskflow_api_etl.py took 0.382 seconds
[2022-07-28 07:48:02,258] {processor.py:153} INFO - Started process (PID=2867) to work on /home/airflow/.local/lib/python3.7/site-packages/airflow/example_dags/tutorial_taskflow_api_etl.py
[2022-07-28 07:48:02,259] {processor.py:641} INFO - Processing file /home/airflow/.local/lib/python3.7/site-packages/airflow/example_dags/tutorial_taskflow_api_etl.py for tasks to queue
[2022-07-28 07:48:02,259] {logging_mixin.py:115} INFO - [2022-07-28 07:48:02,259] {dagbag.py:508} INFO - Filling up the DagBag from /home/airflow/.local/lib/python3.7/site-packages/airflow/example_dags/tutorial_taskflow_api_etl.py
[2022-07-28 07:48:02,279] {processor.py:651} INFO - DAG(s) dict_keys(['tutorial_taskflow_api_etl']) retrieved from /home/airflow/.local/lib/python3.7/site-packages/airflow/example_dags/tutorial_taskflow_api_etl.py
[2022-07-28 07:48:02,311] {logging_mixin.py:115} INFO - [2022-07-28 07:48:02,310] {dag.py:2420} INFO - Sync 1 DAGs
[2022-07-28 07:48:02,339] {logging_mixin.py:115} INFO - [2022-07-28 07:48:02,339] {dag.py:2972} INFO - Setting next_dagrun for tutorial_taskflow_api_etl to None, run_after=None
[2022-07-28 07:48:02,434] {processor.py:161} INFO - Processing /home/airflow/.local/lib/python3.7/site-packages/airflow/example_dags/tutorial_taskflow_api_etl.py took 0.180 seconds
[2022-07-28 07:48:33,899] {processor.py:153} INFO - Started process (PID=2920) to work on /home/airflow/.local/lib/python3.7/site-packages/airflow/example_dags/tutorial_taskflow_api_etl.py
[2022-07-28 07:48:33,901] {processor.py:641} INFO - Processing file /home/airflow/.local/lib/python3.7/site-packages/airflow/example_dags/tutorial_taskflow_api_etl.py for tasks to queue
[2022-07-28 07:48:33,904] {logging_mixin.py:115} INFO - [2022-07-28 07:48:33,904] {dagbag.py:508} INFO - Filling up the DagBag from /home/airflow/.local/lib/python3.7/site-packages/airflow/example_dags/tutorial_taskflow_api_etl.py
[2022-07-28 07:48:33,993] {processor.py:651} INFO - DAG(s) dict_keys(['tutorial_taskflow_api_etl']) retrieved from /home/airflow/.local/lib/python3.7/site-packages/airflow/example_dags/tutorial_taskflow_api_etl.py
[2022-07-28 07:48:34,100] {logging_mixin.py:115} INFO - [2022-07-28 07:48:34,100] {dag.py:2420} INFO - Sync 1 DAGs
[2022-07-28 07:48:34,193] {logging_mixin.py:115} INFO - [2022-07-28 07:48:34,193] {dag.py:2972} INFO - Setting next_dagrun for tutorial_taskflow_api_etl to None, run_after=None
[2022-07-28 07:48:34,435] {processor.py:161} INFO - Processing /home/airflow/.local/lib/python3.7/site-packages/airflow/example_dags/tutorial_taskflow_api_etl.py took 0.545 seconds
[2022-07-28 07:49:04,901] {processor.py:153} INFO - Started process (PID=2973) to work on /home/airflow/.local/lib/python3.7/site-packages/airflow/example_dags/tutorial_taskflow_api_etl.py
[2022-07-28 07:49:04,904] {processor.py:641} INFO - Processing file /home/airflow/.local/lib/python3.7/site-packages/airflow/example_dags/tutorial_taskflow_api_etl.py for tasks to queue
[2022-07-28 07:49:04,907] {logging_mixin.py:115} INFO - [2022-07-28 07:49:04,906] {dagbag.py:508} INFO - Filling up the DagBag from /home/airflow/.local/lib/python3.7/site-packages/airflow/example_dags/tutorial_taskflow_api_etl.py
[2022-07-28 07:49:04,971] {processor.py:651} INFO - DAG(s) dict_keys(['tutorial_taskflow_api_etl']) retrieved from /home/airflow/.local/lib/python3.7/site-packages/airflow/example_dags/tutorial_taskflow_api_etl.py
[2022-07-28 07:49:05,071] {logging_mixin.py:115} INFO - [2022-07-28 07:49:05,071] {dag.py:2420} INFO - Sync 1 DAGs
[2022-07-28 07:49:05,149] {logging_mixin.py:115} INFO - [2022-07-28 07:49:05,149] {dag.py:2972} INFO - Setting next_dagrun for tutorial_taskflow_api_etl to None, run_after=None
[2022-07-28 07:49:05,231] {processor.py:161} INFO - Processing /home/airflow/.local/lib/python3.7/site-packages/airflow/example_dags/tutorial_taskflow_api_etl.py took 0.343 seconds
[2022-07-28 07:49:35,330] {processor.py:153} INFO - Started process (PID=3026) to work on /home/airflow/.local/lib/python3.7/site-packages/airflow/example_dags/tutorial_taskflow_api_etl.py
[2022-07-28 07:49:35,332] {processor.py:641} INFO - Processing file /home/airflow/.local/lib/python3.7/site-packages/airflow/example_dags/tutorial_taskflow_api_etl.py for tasks to queue
[2022-07-28 07:49:35,334] {logging_mixin.py:115} INFO - [2022-07-28 07:49:35,334] {dagbag.py:508} INFO - Filling up the DagBag from /home/airflow/.local/lib/python3.7/site-packages/airflow/example_dags/tutorial_taskflow_api_etl.py
[2022-07-28 07:49:35,386] {processor.py:651} INFO - DAG(s) dict_keys(['tutorial_taskflow_api_etl']) retrieved from /home/airflow/.local/lib/python3.7/site-packages/airflow/example_dags/tutorial_taskflow_api_etl.py
[2022-07-28 07:49:35,470] {logging_mixin.py:115} INFO - [2022-07-28 07:49:35,470] {dag.py:2420} INFO - Sync 1 DAGs
[2022-07-28 07:49:35,558] {logging_mixin.py:115} INFO - [2022-07-28 07:49:35,558] {dag.py:2972} INFO - Setting next_dagrun for tutorial_taskflow_api_etl to None, run_after=None
[2022-07-28 07:49:35,662] {processor.py:161} INFO - Processing /home/airflow/.local/lib/python3.7/site-packages/airflow/example_dags/tutorial_taskflow_api_etl.py took 0.340 seconds
