[2022-08-02 09:00:23,529] {taskinstance.py:1179} INFO - Dependencies all met for <TaskInstance: Demo.data_uploading_mongodb scheduled__2022-08-01T09:00:00+00:00 [queued]>
[2022-08-02 09:00:23,543] {taskinstance.py:1179} INFO - Dependencies all met for <TaskInstance: Demo.data_uploading_mongodb scheduled__2022-08-01T09:00:00+00:00 [queued]>
[2022-08-02 09:00:23,543] {taskinstance.py:1376} INFO - 
--------------------------------------------------------------------------------
[2022-08-02 09:00:23,544] {taskinstance.py:1377} INFO - Starting attempt 1 of 1
[2022-08-02 09:00:23,545] {taskinstance.py:1378} INFO - 
--------------------------------------------------------------------------------
[2022-08-02 09:00:23,572] {taskinstance.py:1397} INFO - Executing <Task(PythonOperator): data_uploading_mongodb> on 2022-08-01 09:00:00+00:00
[2022-08-02 09:00:23,577] {standard_task_runner.py:52} INFO - Started process 1616 to run task
[2022-08-02 09:00:23,580] {standard_task_runner.py:79} INFO - Running: ['***', 'tasks', 'run', 'Demo', 'data_uploading_mongodb', 'scheduled__2022-08-01T09:00:00+00:00', '--job-id', '168', '--raw', '--subdir', 'DAGS_FOLDER/demo.py', '--cfg-path', '/tmp/tmplkxtdysv', '--error-file', '/tmp/tmpgri9dwj5']
[2022-08-02 09:00:23,581] {standard_task_runner.py:80} INFO - Job 168: Subtask data_uploading_mongodb
[2022-08-02 09:00:23,667] {task_command.py:371} INFO - Running <TaskInstance: Demo.data_uploading_mongodb scheduled__2022-08-01T09:00:00+00:00 [running]> on host 31353b71d6cb
[2022-08-02 09:00:23,761] {taskinstance.py:1591} INFO - Exporting the following env vars:
AIRFLOW_CTX_DAG_OWNER=***
AIRFLOW_CTX_DAG_ID=Demo
AIRFLOW_CTX_TASK_ID=data_uploading_mongodb
AIRFLOW_CTX_EXECUTION_DATE=2022-08-01T09:00:00+00:00
AIRFLOW_CTX_TRY_NUMBER=1
AIRFLOW_CTX_DAG_RUN_ID=scheduled__2022-08-01T09:00:00+00:00
[2022-08-02 09:00:23,762] {python.py:173} INFO - Done. Returned value was: 0
[2022-08-02 09:00:23,799] {taskinstance.py:1420} INFO - Marking task as SUCCESS. dag_id=Demo, task_id=data_uploading_mongodb, execution_date=20220801T090000, start_date=20220802T090023, end_date=20220802T090023
[2022-08-02 09:00:23,832] {local_task_job.py:156} INFO - Task exited with return code 0
[2022-08-02 09:00:23,876] {local_task_job.py:273} INFO - 0 downstream tasks scheduled from follow-on schedule check
