[2022-07-27 14:33:56,722] {taskinstance.py:1179} INFO - Dependencies all met for <TaskInstance: Demo.data_uploading scheduled__2022-07-26T09:00:00+00:00 [queued]>
[2022-07-27 14:33:56,733] {taskinstance.py:1179} INFO - Dependencies all met for <TaskInstance: Demo.data_uploading scheduled__2022-07-26T09:00:00+00:00 [queued]>
[2022-07-27 14:33:56,733] {taskinstance.py:1376} INFO - 
--------------------------------------------------------------------------------
[2022-07-27 14:33:56,734] {taskinstance.py:1377} INFO - Starting attempt 1 of 1
[2022-07-27 14:33:56,734] {taskinstance.py:1378} INFO - 
--------------------------------------------------------------------------------
[2022-07-27 14:33:57,084] {taskinstance.py:1397} INFO - Executing <Task(PythonOperator): data_uploading> on 2022-07-26 09:00:00+00:00
[2022-07-27 14:33:57,139] {standard_task_runner.py:52} INFO - Started process 1038 to run task
[2022-07-27 14:33:57,143] {standard_task_runner.py:79} INFO - Running: ['***', 'tasks', 'run', 'Demo', 'data_uploading', 'scheduled__2022-07-26T09:00:00+00:00', '--job-id', '7', '--raw', '--subdir', 'DAGS_FOLDER/demo.py', '--cfg-path', '/tmp/tmp96wycb2q', '--error-file', '/tmp/tmptcvano0_']
[2022-07-27 14:33:57,144] {standard_task_runner.py:80} INFO - Job 7: Subtask data_uploading
[2022-07-27 14:33:57,501] {task_command.py:371} INFO - Running <TaskInstance: Demo.data_uploading scheduled__2022-07-26T09:00:00+00:00 [running]> on host fafad4d69e23
[2022-07-27 14:33:58,292] {taskinstance.py:1591} INFO - Exporting the following env vars:
AIRFLOW_CTX_DAG_OWNER=***
AIRFLOW_CTX_DAG_ID=Demo
AIRFLOW_CTX_TASK_ID=data_uploading
AIRFLOW_CTX_EXECUTION_DATE=2022-07-26T09:00:00+00:00
AIRFLOW_CTX_TRY_NUMBER=1
AIRFLOW_CTX_DAG_RUN_ID=scheduled__2022-07-26T09:00:00+00:00
[2022-07-27 14:33:58,304] {base.py:68} INFO - Using connection ID 'demo' for task execution.
[2022-07-27 14:33:58,306] {taskinstance.py:1909} ERROR - Task failed with exception
Traceback (most recent call last):
  File "/home/airflow/.local/lib/python3.7/site-packages/airflow/operators/python.py", line 171, in execute
    return_value = self.execute_callable()
  File "/home/airflow/.local/lib/python3.7/site-packages/airflow/operators/python.py", line 189, in execute_callable
    return self.python_callable(*self.op_args, **self.op_kwargs)
  File "/opt/airflow/dags/demo.py", line 21, in upload_data
    test.load_file(file_path="/opt/airflow/files/example_2.json",container_name="demo",blob_name="example")
  File "/home/airflow/.local/lib/python3.7/site-packages/airflow/providers/microsoft/azure/hooks/wasb.py", line 255, in load_file
    with open(file_path, 'rb') as data:
FileNotFoundError: [Errno 2] No such file or directory: '/opt/airflow/files/example_2.json'
[2022-07-27 14:33:58,574] {taskinstance.py:1420} INFO - Marking task as FAILED. dag_id=Demo, task_id=data_uploading, execution_date=20220726T090000, start_date=20220727T143356, end_date=20220727T143358
[2022-07-27 14:33:58,865] {standard_task_runner.py:97} ERROR - Failed to execute job 7 for task data_uploading ([Errno 2] No such file or directory: '/opt/airflow/files/example_2.json'; 1038)
[2022-07-27 14:33:58,923] {local_task_job.py:156} INFO - Task exited with return code 1
[2022-07-27 14:33:59,209] {local_task_job.py:273} INFO - 0 downstream tasks scheduled from follow-on schedule check
