[2022-07-11 10:21:07,265] {taskinstance.py:1159} INFO - Dependencies all met for <TaskInstance: Demo.demo manual__2022-07-11T10:20:45.333876+00:00 [queued]>
[2022-07-11 10:21:09,155] {taskinstance.py:1159} INFO - Dependencies all met for <TaskInstance: Demo.demo manual__2022-07-11T10:20:45.333876+00:00 [queued]>
[2022-07-11 10:21:09,156] {taskinstance.py:1356} INFO - 
--------------------------------------------------------------------------------
[2022-07-11 10:21:09,156] {taskinstance.py:1357} INFO - Starting attempt 1 of 1
[2022-07-11 10:21:09,156] {taskinstance.py:1358} INFO - 
--------------------------------------------------------------------------------
[2022-07-11 10:21:10,256] {taskinstance.py:1377} INFO - Executing <Task(PythonOperator): demo> on 2022-07-11 10:20:45.333876+00:00
[2022-07-11 10:21:10,274] {standard_task_runner.py:52} INFO - Started process 873 to run task
[2022-07-11 10:21:10,286] {standard_task_runner.py:79} INFO - Running: ['***', 'tasks', 'run', 'Demo', 'demo', 'manual__2022-07-11T10:20:45.333876+00:00', '--job-id', '3', '--raw', '--subdir', 'DAGS_FOLDER/demo.py', '--cfg-path', '/tmp/tmpst_xcetl', '--error-file', '/tmp/tmps4c8_566']
[2022-07-11 10:21:10,294] {standard_task_runner.py:80} INFO - Job 3: Subtask demo
[2022-07-11 10:21:11,451] {task_command.py:370} INFO - Running <TaskInstance: Demo.demo manual__2022-07-11T10:20:45.333876+00:00 [running]> on host 939e047cba2c
[2022-07-11 10:21:13,426] {taskinstance.py:1571} INFO - Exporting the following env vars:
AIRFLOW_CTX_DAG_OWNER=***
AIRFLOW_CTX_DAG_ID=Demo
AIRFLOW_CTX_TASK_ID=demo
AIRFLOW_CTX_EXECUTION_DATE=2022-07-11T10:20:45.333876+00:00
AIRFLOW_CTX_TRY_NUMBER=1
AIRFLOW_CTX_DAG_RUN_ID=manual__2022-07-11T10:20:45.333876+00:00
[2022-07-11 10:21:13,624] {logging_mixin.py:115} INFO - 0
[2022-07-11 10:21:13,625] {python.py:173} INFO - Done. Returned value was: 0
[2022-07-11 10:21:14,082] {taskinstance.py:1400} INFO - Marking task as SUCCESS. dag_id=Demo, task_id=demo, execution_date=20220711T102045, start_date=20220711T102108, end_date=20220711T102114
[2022-07-11 10:21:14,515] {local_task_job.py:156} INFO - Task exited with return code 0
[2022-07-11 10:21:15,066] {local_task_job.py:273} INFO - 0 downstream tasks scheduled from follow-on schedule check
