[2022-08-02 08:59:04,185] {taskinstance.py:1179} INFO - Dependencies all met for <TaskInstance: Demo.data_uploading manual__2022-08-02T08:58:55.280208+00:00 [queued]>
[2022-08-02 08:59:04,213] {taskinstance.py:1179} INFO - Dependencies all met for <TaskInstance: Demo.data_uploading manual__2022-08-02T08:58:55.280208+00:00 [queued]>
[2022-08-02 08:59:04,217] {taskinstance.py:1376} INFO - 
--------------------------------------------------------------------------------
[2022-08-02 08:59:04,217] {taskinstance.py:1377} INFO - Starting attempt 1 of 1
[2022-08-02 08:59:04,233] {taskinstance.py:1378} INFO - 
--------------------------------------------------------------------------------
[2022-08-02 08:59:04,259] {taskinstance.py:1397} INFO - Executing <Task(PythonOperator): data_uploading> on 2022-08-02 08:58:55.280208+00:00
[2022-08-02 08:59:04,265] {standard_task_runner.py:52} INFO - Started process 1536 to run task
[2022-08-02 08:59:04,270] {standard_task_runner.py:79} INFO - Running: ['***', 'tasks', 'run', 'Demo', 'data_uploading', 'manual__2022-08-02T08:58:55.280208+00:00', '--job-id', '159', '--raw', '--subdir', 'DAGS_FOLDER/demo.py', '--cfg-path', '/tmp/tmp0os61cei', '--error-file', '/tmp/tmpx8_beac6']
[2022-08-02 08:59:04,271] {standard_task_runner.py:80} INFO - Job 159: Subtask data_uploading
[2022-08-02 08:59:04,361] {task_command.py:371} INFO - Running <TaskInstance: Demo.data_uploading manual__2022-08-02T08:58:55.280208+00:00 [running]> on host 31353b71d6cb
[2022-08-02 08:59:04,489] {taskinstance.py:1591} INFO - Exporting the following env vars:
AIRFLOW_CTX_DAG_OWNER=***
AIRFLOW_CTX_DAG_ID=Demo
AIRFLOW_CTX_TASK_ID=data_uploading
AIRFLOW_CTX_EXECUTION_DATE=2022-08-02T08:58:55.280208+00:00
AIRFLOW_CTX_TRY_NUMBER=1
AIRFLOW_CTX_DAG_RUN_ID=manual__2022-08-02T08:58:55.280208+00:00
[2022-08-02 08:59:04,491] {python.py:173} INFO - Done. Returned value was: 0
[2022-08-02 08:59:04,561] {taskinstance.py:1420} INFO - Marking task as SUCCESS. dag_id=Demo, task_id=data_uploading, execution_date=20220802T085855, start_date=20220802T085904, end_date=20220802T085904
[2022-08-02 08:59:04,603] {local_task_job.py:156} INFO - Task exited with return code 0
[2022-08-02 08:59:04,668] {local_task_job.py:273} INFO - 1 downstream tasks scheduled from follow-on schedule check
