[2022-07-13 00:38:09,837] {taskinstance.py:1159} INFO - Dependencies all met for <TaskInstance: Demo.demo manual__2022-07-13T00:38:07.127436+00:00 [queued]>
[2022-07-13 00:38:09,860] {taskinstance.py:1159} INFO - Dependencies all met for <TaskInstance: Demo.demo manual__2022-07-13T00:38:07.127436+00:00 [queued]>
[2022-07-13 00:38:09,861] {taskinstance.py:1356} INFO - 
--------------------------------------------------------------------------------
[2022-07-13 00:38:09,862] {taskinstance.py:1357} INFO - Starting attempt 1 of 1
[2022-07-13 00:38:09,862] {taskinstance.py:1358} INFO - 
--------------------------------------------------------------------------------
[2022-07-13 00:38:09,993] {taskinstance.py:1377} INFO - Executing <Task(PythonOperator): demo> on 2022-07-13 00:38:07.127436+00:00
[2022-07-13 00:38:10,004] {standard_task_runner.py:52} INFO - Started process 563 to run task
[2022-07-13 00:38:10,016] {standard_task_runner.py:79} INFO - Running: ['***', 'tasks', 'run', 'Demo', 'demo', 'manual__2022-07-13T00:38:07.127436+00:00', '--job-id', '21', '--raw', '--subdir', 'DAGS_FOLDER/demo.py', '--cfg-path', '/tmp/tmpn4hyzs6n', '--error-file', '/tmp/tmp4dabvmnv']
[2022-07-13 00:38:10,018] {standard_task_runner.py:80} INFO - Job 21: Subtask demo
[2022-07-13 00:38:10,317] {task_command.py:370} INFO - Running <TaskInstance: Demo.demo manual__2022-07-13T00:38:07.127436+00:00 [running]> on host 939e047cba2c
[2022-07-13 00:38:10,803] {taskinstance.py:1571} INFO - Exporting the following env vars:
AIRFLOW_CTX_DAG_OWNER=***
AIRFLOW_CTX_DAG_ID=Demo
AIRFLOW_CTX_TASK_ID=demo
AIRFLOW_CTX_EXECUTION_DATE=2022-07-13T00:38:07.127436+00:00
AIRFLOW_CTX_TRY_NUMBER=1
AIRFLOW_CTX_DAG_RUN_ID=manual__2022-07-13T00:38:07.127436+00:00
[2022-07-13 00:38:10,833] {base.py:68} INFO - Using connection ID 'demo' for task execution.
[2022-07-13 00:38:10,839] {logging_mixin.py:115} INFO - <***.providers.microsoft.azure.hooks.wasb.WasbHook object at 0x7f9cc9290150>
[2022-07-13 00:38:10,840] {logging_mixin.py:115} INFO - connection made successfully
[2022-07-13 00:38:10,846] {_universal.py:476} INFO - Request URL: 'http://azurite:10000/devstoreaccount1/test?restype=REDACTED'
Request method: 'PUT'
Request headers:
    'x-ms-version': 'REDACTED'
    'Accept': 'application/xml'
    'User-Agent': 'azsdk-python-storage-blob/12.8.1 Python/3.7.13 (Linux-5.10.16.3-microsoft-standard-WSL2-x86_64-with-debian-11.3)'
    'x-ms-date': 'REDACTED'
    'x-ms-client-request-id': '126bf1ec-0244-11ed-aef8-0242ac120006'
    'Authorization': 'REDACTED'
No body was attached to the request
[2022-07-13 00:38:12,649] {_universal.py:504} INFO - Response status: 201
Response headers:
    'Server': 'Azurite-Blob/3.18.0'
    'etag': '"0x1A3EB93F77B8B70"'
    'last-modified': 'Wed, 13 Jul 2022 00:38:10 GMT'
    'x-ms-client-request-id': '126bf1ec-0244-11ed-aef8-0242ac120006'
    'x-ms-request-id': '73e8d3b9-337b-4da2-803d-4a8c899d0e65'
    'x-ms-version': 'REDACTED'
    'Date': 'Wed, 13 Jul 2022 00:38:12 GMT'
    'Connection': 'keep-alive'
    'Keep-Alive': 'REDACTED'
    'Content-Length': '0'
[2022-07-13 00:38:12,652] {wasb.py:366} INFO - Created container: test
[2022-07-13 00:38:12,654] {python.py:173} INFO - Done. Returned value was: 0
[2022-07-13 00:38:13,009] {taskinstance.py:1400} INFO - Marking task as SUCCESS. dag_id=Demo, task_id=demo, execution_date=20220713T003807, start_date=20220713T003809, end_date=20220713T003813
[2022-07-13 00:38:13,227] {local_task_job.py:156} INFO - Task exited with return code 0
[2022-07-13 00:38:13,447] {local_task_job.py:273} INFO - 0 downstream tasks scheduled from follow-on schedule check
