[2022-08-02 10:43:47,546] {taskinstance.py:1179} INFO - Dependencies all met for <TaskInstance: Demo.data_fetching manual__2022-08-02T10:43:36.826308+00:00 [queued]>
[2022-08-02 10:43:47,558] {taskinstance.py:1179} INFO - Dependencies all met for <TaskInstance: Demo.data_fetching manual__2022-08-02T10:43:36.826308+00:00 [queued]>
[2022-08-02 10:43:47,559] {taskinstance.py:1376} INFO - 
--------------------------------------------------------------------------------
[2022-08-02 10:43:47,559] {taskinstance.py:1377} INFO - Starting attempt 1 of 1
[2022-08-02 10:43:47,560] {taskinstance.py:1378} INFO - 
--------------------------------------------------------------------------------
[2022-08-02 10:43:47,578] {taskinstance.py:1397} INFO - Executing <Task(PythonOperator): data_fetching> on 2022-08-02 10:43:36.826308+00:00
[2022-08-02 10:43:47,583] {standard_task_runner.py:52} INFO - Started process 6037 to run task
[2022-08-02 10:43:47,587] {standard_task_runner.py:79} INFO - Running: ['***', 'tasks', 'run', 'Demo', 'data_fetching', 'manual__2022-08-02T10:43:36.826308+00:00', '--job-id', '267', '--raw', '--subdir', 'DAGS_FOLDER/demo.py', '--cfg-path', '/tmp/tmpao67h93h', '--error-file', '/tmp/tmpknfrx_3_']
[2022-08-02 10:43:47,588] {standard_task_runner.py:80} INFO - Job 267: Subtask data_fetching
[2022-08-02 10:43:47,663] {task_command.py:371} INFO - Running <TaskInstance: Demo.data_fetching manual__2022-08-02T10:43:36.826308+00:00 [running]> on host 31353b71d6cb
[2022-08-02 10:43:47,754] {taskinstance.py:1591} INFO - Exporting the following env vars:
AIRFLOW_CTX_DAG_OWNER=***
AIRFLOW_CTX_DAG_ID=Demo
AIRFLOW_CTX_TASK_ID=data_fetching
AIRFLOW_CTX_EXECUTION_DATE=2022-08-02T10:43:36.826308+00:00
AIRFLOW_CTX_TRY_NUMBER=1
AIRFLOW_CTX_DAG_RUN_ID=manual__2022-08-02T10:43:36.826308+00:00
[2022-08-02 10:43:47,755] {python.py:173} INFO - Done. Returned value was: 0
[2022-08-02 10:43:47,786] {taskinstance.py:1420} INFO - Marking task as SUCCESS. dag_id=Demo, task_id=data_fetching, execution_date=20220802T104336, start_date=20220802T104347, end_date=20220802T104347
[2022-08-02 10:43:47,840] {local_task_job.py:156} INFO - Task exited with return code 0
[2022-08-02 10:43:47,886] {local_task_job.py:273} INFO - 0 downstream tasks scheduled from follow-on schedule check
