[2022-08-01 11:12:22,213] {taskinstance.py:1179} INFO - Dependencies all met for <TaskInstance: Demo.data_fetching manual__2022-08-01T11:11:51.016615+00:00 [queued]>
[2022-08-01 11:12:22,237] {taskinstance.py:1179} INFO - Dependencies all met for <TaskInstance: Demo.data_fetching manual__2022-08-01T11:11:51.016615+00:00 [queued]>
[2022-08-01 11:12:22,238] {taskinstance.py:1376} INFO - 
--------------------------------------------------------------------------------
[2022-08-01 11:12:22,239] {taskinstance.py:1377} INFO - Starting attempt 1 of 1
[2022-08-01 11:12:22,284] {taskinstance.py:1378} INFO - 
--------------------------------------------------------------------------------
[2022-08-01 11:12:22,340] {taskinstance.py:1397} INFO - Executing <Task(PythonOperator): data_fetching> on 2022-08-01 11:11:51.016615+00:00
[2022-08-01 11:12:22,349] {standard_task_runner.py:52} INFO - Started process 2610 to run task
[2022-08-01 11:12:22,357] {standard_task_runner.py:79} INFO - Running: ['***', 'tasks', 'run', 'Demo', 'data_fetching', 'manual__2022-08-01T11:11:51.016615+00:00', '--job-id', '72', '--raw', '--subdir', 'DAGS_FOLDER/demo.py', '--cfg-path', '/tmp/tmpt7pb04ra', '--error-file', '/tmp/tmpgifqbg0i']
[2022-08-01 11:12:22,358] {standard_task_runner.py:80} INFO - Job 72: Subtask data_fetching
[2022-08-01 11:12:22,512] {task_command.py:371} INFO - Running <TaskInstance: Demo.data_fetching manual__2022-08-01T11:11:51.016615+00:00 [running]> on host 31353b71d6cb
[2022-08-01 11:12:22,786] {taskinstance.py:1591} INFO - Exporting the following env vars:
AIRFLOW_CTX_DAG_OWNER=***
AIRFLOW_CTX_DAG_ID=Demo
AIRFLOW_CTX_TASK_ID=data_fetching
AIRFLOW_CTX_EXECUTION_DATE=2022-08-01T11:11:51.016615+00:00
AIRFLOW_CTX_TRY_NUMBER=1
AIRFLOW_CTX_DAG_RUN_ID=manual__2022-08-01T11:11:51.016615+00:00
[2022-08-01 11:12:22,789] {python.py:173} INFO - Done. Returned value was: 0
[2022-08-01 11:12:22,884] {taskinstance.py:1420} INFO - Marking task as SUCCESS. dag_id=Demo, task_id=data_fetching, execution_date=20220801T111151, start_date=20220801T111222, end_date=20220801T111222
[2022-08-01 11:12:22,972] {local_task_job.py:156} INFO - Task exited with return code 0
[2022-08-01 11:12:23,129] {local_task_job.py:273} INFO - 1 downstream tasks scheduled from follow-on schedule check
