[2022-07-28 12:14:07,744] {taskinstance.py:1179} INFO - Dependencies all met for <TaskInstance: Demo.container_creation manual__2022-07-28T12:14:06.771274+00:00 [queued]>
[2022-07-28 12:14:07,754] {taskinstance.py:1179} INFO - Dependencies all met for <TaskInstance: Demo.container_creation manual__2022-07-28T12:14:06.771274+00:00 [queued]>
[2022-07-28 12:14:07,754] {taskinstance.py:1376} INFO - 
--------------------------------------------------------------------------------
[2022-07-28 12:14:07,754] {taskinstance.py:1377} INFO - Starting attempt 1 of 1
[2022-07-28 12:14:07,755] {taskinstance.py:1378} INFO - 
--------------------------------------------------------------------------------
[2022-07-28 12:14:07,770] {taskinstance.py:1397} INFO - Executing <Task(PythonOperator): container_creation> on 2022-07-28 12:14:06.771274+00:00
[2022-07-28 12:14:07,794] {standard_task_runner.py:52} INFO - Started process 466 to run task
[2022-07-28 12:14:07,799] {standard_task_runner.py:79} INFO - Running: ['***', 'tasks', 'run', 'Demo', 'container_creation', 'manual__2022-07-28T12:14:06.771274+00:00', '--job-id', '14', '--raw', '--subdir', 'DAGS_FOLDER/demo.py', '--cfg-path', '/tmp/tmpbd47tw8z', '--error-file', '/tmp/tmpxkmjdyd2']
[2022-07-28 12:14:07,799] {standard_task_runner.py:80} INFO - Job 14: Subtask container_creation
[2022-07-28 12:14:07,869] {task_command.py:371} INFO - Running <TaskInstance: Demo.container_creation manual__2022-07-28T12:14:06.771274+00:00 [running]> on host 949e67af4713
[2022-07-28 12:14:07,942] {taskinstance.py:1591} INFO - Exporting the following env vars:
AIRFLOW_CTX_DAG_OWNER=***
AIRFLOW_CTX_DAG_ID=Demo
AIRFLOW_CTX_TASK_ID=container_creation
AIRFLOW_CTX_EXECUTION_DATE=2022-07-28T12:14:06.771274+00:00
AIRFLOW_CTX_TRY_NUMBER=1
AIRFLOW_CTX_DAG_RUN_ID=manual__2022-07-28T12:14:06.771274+00:00
[2022-07-28 12:14:07,950] {base.py:68} INFO - Using connection ID 'azure_demo' for task execution.
[2022-07-28 12:14:07,952] {logging_mixin.py:115} INFO - <***.providers.microsoft.azure.hooks.wasb.WasbHook object at 0x7fe2721af350>
[2022-07-28 12:14:07,953] {logging_mixin.py:115} INFO - connection made successfully
[2022-07-28 12:14:07,955] {_universal.py:476} INFO - Request URL: 'http://azurite:10000/devstoreaccount1/demo?restype=REDACTED'
Request method: 'PUT'
Request headers:
    'x-ms-version': 'REDACTED'
    'Accept': 'application/xml'
    'User-Agent': 'azsdk-python-storage-blob/12.8.1 Python/3.7.13 (Linux-5.10.16.3-microsoft-standard-WSL2-x86_64-with-debian-11.4)'
    'x-ms-date': 'REDACTED'
    'x-ms-client-request-id': 'c7cb7a5e-0e6e-11ed-a4b8-0242ac120007'
    'Authorization': 'REDACTED'
No body was attached to the request
[2022-07-28 12:14:07,992] {_universal.py:504} INFO - Response status: 201
Response headers:
    'Server': 'Azurite-Blob/3.18.0'
    'etag': '"0x1DF7B5E56959660"'
    'last-modified': 'Thu, 28 Jul 2022 12:14:07 GMT'
    'x-ms-client-request-id': 'c7cb7a5e-0e6e-11ed-a4b8-0242ac120007'
    'x-ms-request-id': 'b69e65bf-9d86-4c08-afde-245b526b6280'
    'x-ms-version': 'REDACTED'
    'Date': 'Thu, 28 Jul 2022 12:14:07 GMT'
    'Connection': 'keep-alive'
    'Keep-Alive': 'REDACTED'
    'Content-Length': '0'
[2022-07-28 12:14:07,993] {wasb.py:368} INFO - Created container: demo
[2022-07-28 12:14:07,993] {logging_mixin.py:115} INFO - container created successfully
[2022-07-28 12:14:07,994] {python.py:173} INFO - Done. Returned value was: 0
[2022-07-28 12:14:08,023] {taskinstance.py:1420} INFO - Marking task as SUCCESS. dag_id=Demo, task_id=container_creation, execution_date=20220728T121406, start_date=20220728T121407, end_date=20220728T121408
[2022-07-28 12:14:08,050] {local_task_job.py:156} INFO - Task exited with return code 0
[2022-07-28 12:14:08,096] {local_task_job.py:273} INFO - 1 downstream tasks scheduled from follow-on schedule check
