[2022-08-01 13:04:28,695] {taskinstance.py:1179} INFO - Dependencies all met for <TaskInstance: Demo.data_fetching manual__2022-08-01T13:04:15.632024+00:00 [queued]>
[2022-08-01 13:04:28,708] {taskinstance.py:1179} INFO - Dependencies all met for <TaskInstance: Demo.data_fetching manual__2022-08-01T13:04:15.632024+00:00 [queued]>
[2022-08-01 13:04:28,708] {taskinstance.py:1376} INFO - 
--------------------------------------------------------------------------------
[2022-08-01 13:04:28,709] {taskinstance.py:1377} INFO - Starting attempt 1 of 1
[2022-08-01 13:04:28,709] {taskinstance.py:1378} INFO - 
--------------------------------------------------------------------------------
[2022-08-01 13:04:28,728] {taskinstance.py:1397} INFO - Executing <Task(PythonOperator): data_fetching> on 2022-08-01 13:04:15.632024+00:00
[2022-08-01 13:04:28,734] {standard_task_runner.py:52} INFO - Started process 5608 to run task
[2022-08-01 13:04:28,738] {standard_task_runner.py:79} INFO - Running: ['***', 'tasks', 'run', 'Demo', 'data_fetching', 'manual__2022-08-01T13:04:15.632024+00:00', '--job-id', '96', '--raw', '--subdir', 'DAGS_FOLDER/demo.py', '--cfg-path', '/tmp/tmpdf7pp3n4', '--error-file', '/tmp/tmp3obn69ue']
[2022-08-01 13:04:28,738] {standard_task_runner.py:80} INFO - Job 96: Subtask data_fetching
[2022-08-01 13:04:28,815] {task_command.py:371} INFO - Running <TaskInstance: Demo.data_fetching manual__2022-08-01T13:04:15.632024+00:00 [running]> on host 31353b71d6cb
[2022-08-01 13:04:28,900] {taskinstance.py:1591} INFO - Exporting the following env vars:
AIRFLOW_CTX_DAG_OWNER=***
AIRFLOW_CTX_DAG_ID=Demo
AIRFLOW_CTX_TASK_ID=data_fetching
AIRFLOW_CTX_EXECUTION_DATE=2022-08-01T13:04:15.632024+00:00
AIRFLOW_CTX_TRY_NUMBER=1
AIRFLOW_CTX_DAG_RUN_ID=manual__2022-08-01T13:04:15.632024+00:00
[2022-08-01 13:04:28,901] {python.py:173} INFO - Done. Returned value was: 0
[2022-08-01 13:04:28,931] {taskinstance.py:1420} INFO - Marking task as SUCCESS. dag_id=Demo, task_id=data_fetching, execution_date=20220801T130415, start_date=20220801T130428, end_date=20220801T130428
[2022-08-01 13:04:28,990] {local_task_job.py:156} INFO - Task exited with return code 0
[2022-08-01 13:04:29,034] {local_task_job.py:273} INFO - 1 downstream tasks scheduled from follow-on schedule check
