[2022-07-29 09:02:42,576] {taskinstance.py:1179} INFO - Dependencies all met for <TaskInstance: Demo.data_uploading_mongodb scheduled__2022-07-28T09:00:00+00:00 [queued]>
[2022-07-29 09:02:42,590] {taskinstance.py:1179} INFO - Dependencies all met for <TaskInstance: Demo.data_uploading_mongodb scheduled__2022-07-28T09:00:00+00:00 [queued]>
[2022-07-29 09:02:42,590] {taskinstance.py:1376} INFO - 
--------------------------------------------------------------------------------
[2022-07-29 09:02:42,591] {taskinstance.py:1377} INFO - Starting attempt 1 of 1
[2022-07-29 09:02:42,592] {taskinstance.py:1378} INFO - 
--------------------------------------------------------------------------------
[2022-07-29 09:02:42,614] {taskinstance.py:1397} INFO - Executing <Task(PythonOperator): data_uploading_mongodb> on 2022-07-28 09:00:00+00:00
[2022-07-29 09:02:42,619] {standard_task_runner.py:52} INFO - Started process 2411 to run task
[2022-07-29 09:02:42,623] {standard_task_runner.py:79} INFO - Running: ['***', 'tasks', 'run', 'Demo', 'data_uploading_mongodb', 'scheduled__2022-07-28T09:00:00+00:00', '--job-id', '59', '--raw', '--subdir', 'DAGS_FOLDER/demo.py', '--cfg-path', '/tmp/tmpglmde6hy', '--error-file', '/tmp/tmp951fdd_0']
[2022-07-29 09:02:42,624] {standard_task_runner.py:80} INFO - Job 59: Subtask data_uploading_mongodb
[2022-07-29 09:02:42,700] {task_command.py:371} INFO - Running <TaskInstance: Demo.data_uploading_mongodb scheduled__2022-07-28T09:00:00+00:00 [running]> on host 949e67af4713
[2022-07-29 09:02:42,797] {taskinstance.py:1591} INFO - Exporting the following env vars:
AIRFLOW_CTX_DAG_OWNER=***
AIRFLOW_CTX_DAG_ID=Demo
AIRFLOW_CTX_TASK_ID=data_uploading_mongodb
AIRFLOW_CTX_EXECUTION_DATE=2022-07-28T09:00:00+00:00
AIRFLOW_CTX_TRY_NUMBER=1
AIRFLOW_CTX_DAG_RUN_ID=scheduled__2022-07-28T09:00:00+00:00
[2022-07-29 09:02:42,821] {base.py:68} INFO - Using connection ID 'mongodb_demo' for task execution.
[2022-07-29 09:02:42,822] {logging_mixin.py:115} INFO - fdgsfgqgertrtzrththtey
[2022-07-29 09:02:42,866] {logging_mixin.py:115} INFO - file added to demo collection successfully
[2022-07-29 09:02:42,866] {python.py:173} INFO - Done. Returned value was: None
[2022-07-29 09:02:42,885] {taskinstance.py:1420} INFO - Marking task as SUCCESS. dag_id=Demo, task_id=data_uploading_mongodb, execution_date=20220728T090000, start_date=20220729T090242, end_date=20220729T090242
[2022-07-29 09:02:42,915] {local_task_job.py:156} INFO - Task exited with return code 0
[2022-07-29 09:02:42,975] {local_task_job.py:273} INFO - 0 downstream tasks scheduled from follow-on schedule check
