[2022-07-14 18:15:36,056] {taskinstance.py:1159} INFO - Dependencies all met for <TaskInstance: Demo.data_fetching scheduled__2022-07-13T09:00:00+00:00 [queued]>
[2022-07-14 18:15:36,091] {taskinstance.py:1159} INFO - Dependencies all met for <TaskInstance: Demo.data_fetching scheduled__2022-07-13T09:00:00+00:00 [queued]>
[2022-07-14 18:15:36,092] {taskinstance.py:1356} INFO - 
--------------------------------------------------------------------------------
[2022-07-14 18:15:36,093] {taskinstance.py:1357} INFO - Starting attempt 1 of 1
[2022-07-14 18:15:36,094] {taskinstance.py:1358} INFO - 
--------------------------------------------------------------------------------
[2022-07-14 18:15:36,594] {taskinstance.py:1377} INFO - Executing <Task(PythonOperator): data_fetching> on 2022-07-13 09:00:00+00:00
[2022-07-14 18:15:36,601] {standard_task_runner.py:52} INFO - Started process 327 to run task
[2022-07-14 18:15:36,609] {standard_task_runner.py:79} INFO - Running: ['***', 'tasks', 'run', 'Demo', 'data_fetching', 'scheduled__2022-07-13T09:00:00+00:00', '--job-id', '64', '--raw', '--subdir', 'DAGS_FOLDER/demo.py', '--cfg-path', '/tmp/tmpjk7_iboh', '--error-file', '/tmp/tmpn6zyip1_']
[2022-07-14 18:15:36,610] {standard_task_runner.py:80} INFO - Job 64: Subtask data_fetching
[2022-07-14 18:15:37,951] {task_command.py:370} INFO - Running <TaskInstance: Demo.data_fetching scheduled__2022-07-13T09:00:00+00:00 [running]> on host 824fcd1f751d
[2022-07-14 18:15:40,183] {taskinstance.py:1571} INFO - Exporting the following env vars:
AIRFLOW_CTX_DAG_OWNER=***
AIRFLOW_CTX_DAG_ID=Demo
AIRFLOW_CTX_TASK_ID=data_fetching
AIRFLOW_CTX_EXECUTION_DATE=2022-07-13T09:00:00+00:00
AIRFLOW_CTX_TRY_NUMBER=1
AIRFLOW_CTX_DAG_RUN_ID=scheduled__2022-07-13T09:00:00+00:00
[2022-07-14 18:15:40,211] {base.py:68} INFO - Using connection ID 'demo' for task execution.
[2022-07-14 18:15:40,224] {_universal.py:476} INFO - Request URL: 'http://azurite:10000/devstoreaccount1/demo?restype=REDACTED&comp=REDACTED&delimiter=REDACTED'
Request method: 'GET'
Request headers:
    'x-ms-version': 'REDACTED'
    'Accept': 'application/xml'
    'User-Agent': 'azsdk-python-storage-blob/12.8.1 Python/3.7.13 (Linux-5.10.16.3-microsoft-standard-WSL2-x86_64-with-debian-11.3)'
    'x-ms-date': 'REDACTED'
    'x-ms-client-request-id': 'f79c3ae4-03a0-11ed-9954-0242ac120009'
    'Authorization': 'REDACTED'
No body was attached to the request
[2022-07-14 18:15:40,488] {_universal.py:504} INFO - Response status: 200
Response headers:
    'Server': 'Azurite-Blob/3.18.0'
    'content-type': 'application/xml'
    'x-ms-client-request-id': 'f79c3ae4-03a0-11ed-9954-0242ac120009'
    'x-ms-request-id': '09e7abde-6874-4e2c-b550-96217da3f6b9'
    'x-ms-version': 'REDACTED'
    'date': 'Thu, 14 Jul 2022 18:15:40 GMT'
    'Connection': 'keep-alive'
    'Keep-Alive': 'REDACTED'
    'Transfer-Encoding': 'chunked'
[2022-07-14 18:15:40,502] {logging_mixin.py:115} INFO - ['example']
[2022-07-14 18:15:40,508] {_universal.py:476} INFO - Request URL: 'http://azurite:10000/devstoreaccount1/demo/example'
Request method: 'GET'
Request headers:
    'x-ms-range': 'REDACTED'
    'x-ms-version': 'REDACTED'
    'Accept': 'application/xml'
    'User-Agent': 'azsdk-python-storage-blob/12.8.1 Python/3.7.13 (Linux-5.10.16.3-microsoft-standard-WSL2-x86_64-with-debian-11.3)'
    'x-ms-date': 'REDACTED'
    'x-ms-client-request-id': 'f7c7dadc-03a0-11ed-9954-0242ac120009'
    'Authorization': 'REDACTED'
No body was attached to the request
[2022-07-14 18:15:41,221] {_universal.py:504} INFO - Response status: 206
Response headers:
    'Server': 'Azurite-Blob/3.18.0'
    'last-modified': 'Wed, 13 Jul 2022 12:32:49 GMT'
    'x-ms-creation-time': 'REDACTED'
    'content-length': '947'
    'content-type': 'application/octet-stream'
    'content-range': 'REDACTED'
    'etag': '"0x24C77BCF4825D80"'
    'content-md5': 'REDACTED'
    'x-ms-blob-type': 'REDACTED'
    'x-ms-lease-state': 'REDACTED'
    'x-ms-lease-status': 'REDACTED'
    'x-ms-client-request-id': 'f7c7dadc-03a0-11ed-9954-0242ac120009'
    'x-ms-request-id': '983b4d3f-723f-4dc7-a7b1-ae2d8784d2c5'
    'x-ms-version': 'REDACTED'
    'accept-ranges': 'REDACTED'
    'date': 'Thu, 14 Jul 2022 18:15:40 GMT'
    'x-ms-server-encrypted': 'REDACTED'
    'x-ms-blob-content-md5': 'REDACTED'
    'Connection': 'keep-alive'
    'Keep-Alive': 'REDACTED'
[2022-07-14 18:15:41,442] {logging_mixin.py:115} INFO - {
    "quiz": {
        "sport": {
            "q1": {
                "question": "Which one is correct team name in NBA?",
                "options": [
                    "New York Bulls",
                    "Los Angeles Kings",
                    "Golden State Warriros",
                    "Huston Rocket"
                ],
                "answer": "Huston Rocket"
            }
        },
        "maths": {
            "q1": {
                "question": "5 + 7 = ?",
                "options": [
                    "10",
                    "11",
                    "12",
                    "13"
                ],
                "answer": "12"
            },
            "q2": {
                "question": "12 - 8 = ?",
                "options": [
                    "1",
                    "2",
                    "3",
                    "4"
                ],
                "answer": "4"
            }
        }
    }
}
[2022-07-14 18:15:41,444] {python.py:173} INFO - Done. Returned value was: 0
[2022-07-14 18:15:41,746] {taskinstance.py:1400} INFO - Marking task as SUCCESS. dag_id=Demo, task_id=data_fetching, execution_date=20220713T090000, start_date=20220714T181536, end_date=20220714T181541
[2022-07-14 18:15:42,149] {local_task_job.py:156} INFO - Task exited with return code 0
[2022-07-14 18:15:42,631] {local_task_job.py:273} INFO - 1 downstream tasks scheduled from follow-on schedule check
