[2022-07-28 15:16:44,831] {taskinstance.py:1179} INFO - Dependencies all met for <TaskInstance: Demo.data_fetching manual__2022-07-28T15:16:38.918482+00:00 [queued]>
[2022-07-28 15:16:44,843] {taskinstance.py:1179} INFO - Dependencies all met for <TaskInstance: Demo.data_fetching manual__2022-07-28T15:16:38.918482+00:00 [queued]>
[2022-07-28 15:16:44,843] {taskinstance.py:1376} INFO - 
--------------------------------------------------------------------------------
[2022-07-28 15:16:44,843] {taskinstance.py:1377} INFO - Starting attempt 1 of 1
[2022-07-28 15:16:44,844] {taskinstance.py:1378} INFO - 
--------------------------------------------------------------------------------
[2022-07-28 15:16:44,863] {taskinstance.py:1397} INFO - Executing <Task(PythonOperator): data_fetching> on 2022-07-28 15:16:38.918482+00:00
[2022-07-28 15:16:44,881] {standard_task_runner.py:52} INFO - Started process 6471 to run task
[2022-07-28 15:16:44,887] {standard_task_runner.py:79} INFO - Running: ['***', 'tasks', 'run', 'Demo', 'data_fetching', 'manual__2022-07-28T15:16:38.918482+00:00', '--job-id', '44', '--raw', '--subdir', 'DAGS_FOLDER/demo.py', '--cfg-path', '/tmp/tmp5eku7f1z', '--error-file', '/tmp/tmpymb4djid']
[2022-07-28 15:16:44,888] {standard_task_runner.py:80} INFO - Job 44: Subtask data_fetching
[2022-07-28 15:16:44,983] {task_command.py:371} INFO - Running <TaskInstance: Demo.data_fetching manual__2022-07-28T15:16:38.918482+00:00 [running]> on host 949e67af4713
[2022-07-28 15:16:45,074] {taskinstance.py:1591} INFO - Exporting the following env vars:
AIRFLOW_CTX_DAG_OWNER=***
AIRFLOW_CTX_DAG_ID=Demo
AIRFLOW_CTX_TASK_ID=data_fetching
AIRFLOW_CTX_EXECUTION_DATE=2022-07-28T15:16:38.918482+00:00
AIRFLOW_CTX_TRY_NUMBER=1
AIRFLOW_CTX_DAG_RUN_ID=manual__2022-07-28T15:16:38.918482+00:00
[2022-07-28 15:16:45,086] {base.py:68} INFO - Using connection ID 'azure_demo' for task execution.
[2022-07-28 15:16:45,091] {_universal.py:476} INFO - Request URL: 'http://azurite:10000/devstoreaccount1/demo?restype=REDACTED&comp=REDACTED&delimiter=REDACTED'
Request method: 'GET'
Request headers:
    'x-ms-version': 'REDACTED'
    'Accept': 'application/xml'
    'User-Agent': 'azsdk-python-storage-blob/12.8.1 Python/3.7.13 (Linux-5.10.16.3-microsoft-standard-WSL2-x86_64-with-debian-11.4)'
    'x-ms-date': 'REDACTED'
    'x-ms-client-request-id': '4ac1b61c-0e88-11ed-b013-0242ac120007'
    'Authorization': 'REDACTED'
No body was attached to the request
[2022-07-28 15:16:45,127] {_universal.py:504} INFO - Response status: 200
Response headers:
    'Server': 'Azurite-Blob/3.18.0'
    'content-type': 'application/xml'
    'x-ms-client-request-id': '4ac1b61c-0e88-11ed-b013-0242ac120007'
    'x-ms-request-id': '45d0c9c8-948e-4304-995e-c23ec2db84db'
    'x-ms-version': 'REDACTED'
    'date': 'Thu, 28 Jul 2022 15:16:45 GMT'
    'Connection': 'keep-alive'
    'Keep-Alive': 'REDACTED'
    'Transfer-Encoding': 'chunked'
[2022-07-28 15:16:45,131] {logging_mixin.py:115} INFO - ['example']
[2022-07-28 15:16:45,133] {_universal.py:476} INFO - Request URL: 'http://azurite:10000/devstoreaccount1/demo/example'
Request method: 'GET'
Request headers:
    'x-ms-range': 'REDACTED'
    'x-ms-version': 'REDACTED'
    'Accept': 'application/xml'
    'User-Agent': 'azsdk-python-storage-blob/12.8.1 Python/3.7.13 (Linux-5.10.16.3-microsoft-standard-WSL2-x86_64-with-debian-11.4)'
    'x-ms-date': 'REDACTED'
    'x-ms-client-request-id': '4ac83492-0e88-11ed-b013-0242ac120007'
    'Authorization': 'REDACTED'
No body was attached to the request
[2022-07-28 15:16:45,145] {_universal.py:504} INFO - Response status: 206
Response headers:
    'Server': 'Azurite-Blob/3.18.0'
    'last-modified': 'Thu, 28 Jul 2022 12:14:09 GMT'
    'x-ms-creation-time': 'REDACTED'
    'content-length': '984'
    'content-type': 'application/octet-stream'
    'content-range': 'REDACTED'
    'etag': '"0x1EC715ABB3C8800"'
    'content-md5': 'REDACTED'
    'x-ms-blob-type': 'REDACTED'
    'x-ms-lease-state': 'REDACTED'
    'x-ms-lease-status': 'REDACTED'
    'x-ms-client-request-id': '4ac83492-0e88-11ed-b013-0242ac120007'
    'x-ms-request-id': 'fbf87767-9c0e-4e2a-83b3-098ca96b13f4'
    'x-ms-version': 'REDACTED'
    'accept-ranges': 'REDACTED'
    'date': 'Thu, 28 Jul 2022 15:16:45 GMT'
    'x-ms-server-encrypted': 'REDACTED'
    'x-ms-blob-content-md5': 'REDACTED'
    'Connection': 'keep-alive'
    'Keep-Alive': 'REDACTED'
[2022-07-28 15:16:45,166] {logging_mixin.py:115} INFO - {
    "quiz": {
        "sport": {
            "q1": {
                "question": "Which one is correct team name in NBA?",
                "options": [
                    "New York Bulls",
                    "Los Angeles Kings",
                    "Golden State Warriros",
                    "Huston Rocket"
                ],
                "answer": "Huston Rocket"
            }
        },
        "maths": {
            "q1": {
                "question": "5 + 7 = ?",
                "options": [
                    "10",
                    "11",
                    "12",
                    "13"
                ],
                "answer": "12"
            },
            "q2": {
                "question": "12 - 8 = ?",
                "options": [
                    "1",
                    "2",
                    "3",
                    "4"
                ],
                "answer": "4"
            }
        }
    }
}
[2022-07-28 15:16:45,167] {python.py:173} INFO - Done. Returned value was: 0
[2022-07-28 15:16:45,197] {taskinstance.py:1420} INFO - Marking task as SUCCESS. dag_id=Demo, task_id=data_fetching, execution_date=20220728T151638, start_date=20220728T151644, end_date=20220728T151645
[2022-07-28 15:16:45,258] {local_task_job.py:156} INFO - Task exited with return code 0
[2022-07-28 15:16:45,348] {local_task_job.py:273} INFO - 1 downstream tasks scheduled from follow-on schedule check
