[2022-07-28 12:41:37,969] {taskinstance.py:1179} INFO - Dependencies all met for <TaskInstance: Demo.data_uploading manual__2022-07-28T12:41:35.152578+00:00 [queued]>
[2022-07-28 12:41:37,978] {taskinstance.py:1179} INFO - Dependencies all met for <TaskInstance: Demo.data_uploading manual__2022-07-28T12:41:35.152578+00:00 [queued]>
[2022-07-28 12:41:37,978] {taskinstance.py:1376} INFO - 
--------------------------------------------------------------------------------
[2022-07-28 12:41:37,978] {taskinstance.py:1377} INFO - Starting attempt 1 of 1
[2022-07-28 12:41:37,979] {taskinstance.py:1378} INFO - 
--------------------------------------------------------------------------------
[2022-07-28 12:41:37,994] {taskinstance.py:1397} INFO - Executing <Task(PythonOperator): data_uploading> on 2022-07-28 12:41:35.152578+00:00
[2022-07-28 12:41:38,032] {standard_task_runner.py:52} INFO - Started process 1823 to run task
[2022-07-28 12:41:38,035] {standard_task_runner.py:79} INFO - Running: ['***', 'tasks', 'run', 'Demo', 'data_uploading', 'manual__2022-07-28T12:41:35.152578+00:00', '--job-id', '27', '--raw', '--subdir', 'DAGS_FOLDER/demo.py', '--cfg-path', '/tmp/tmp564hwnvk', '--error-file', '/tmp/tmp535wlj90']
[2022-07-28 12:41:38,035] {standard_task_runner.py:80} INFO - Job 27: Subtask data_uploading
[2022-07-28 12:41:38,103] {task_command.py:371} INFO - Running <TaskInstance: Demo.data_uploading manual__2022-07-28T12:41:35.152578+00:00 [running]> on host 949e67af4713
[2022-07-28 12:41:38,180] {taskinstance.py:1591} INFO - Exporting the following env vars:
AIRFLOW_CTX_DAG_OWNER=***
AIRFLOW_CTX_DAG_ID=Demo
AIRFLOW_CTX_TASK_ID=data_uploading
AIRFLOW_CTX_EXECUTION_DATE=2022-07-28T12:41:35.152578+00:00
AIRFLOW_CTX_TRY_NUMBER=1
AIRFLOW_CTX_DAG_RUN_ID=manual__2022-07-28T12:41:35.152578+00:00
[2022-07-28 12:41:38,182] {python.py:173} INFO - Done. Returned value was: 0
[2022-07-28 12:41:38,214] {taskinstance.py:1420} INFO - Marking task as SUCCESS. dag_id=Demo, task_id=data_uploading, execution_date=20220728T124135, start_date=20220728T124137, end_date=20220728T124138
[2022-07-28 12:41:38,247] {local_task_job.py:156} INFO - Task exited with return code 0
[2022-07-28 12:41:38,299] {local_task_job.py:273} INFO - 1 downstream tasks scheduled from follow-on schedule check
