[2022-08-02 10:30:13,667] {taskinstance.py:1179} INFO - Dependencies all met for <TaskInstance: Demo.data_downloading manual__2022-08-02T10:30:10.219930+00:00 [queued]>
[2022-08-02 10:30:13,681] {taskinstance.py:1179} INFO - Dependencies all met for <TaskInstance: Demo.data_downloading manual__2022-08-02T10:30:10.219930+00:00 [queued]>
[2022-08-02 10:30:13,682] {taskinstance.py:1376} INFO - 
--------------------------------------------------------------------------------
[2022-08-02 10:30:13,682] {taskinstance.py:1377} INFO - Starting attempt 1 of 1
[2022-08-02 10:30:13,683] {taskinstance.py:1378} INFO - 
--------------------------------------------------------------------------------
[2022-08-02 10:30:13,709] {taskinstance.py:1397} INFO - Executing <Task(PythonOperator): data_downloading> on 2022-08-02 10:30:10.219930+00:00
[2022-08-02 10:30:13,714] {standard_task_runner.py:52} INFO - Started process 5358 to run task
[2022-08-02 10:30:13,718] {standard_task_runner.py:79} INFO - Running: ['***', 'tasks', 'run', 'Demo', 'data_downloading', 'manual__2022-08-02T10:30:10.219930+00:00', '--job-id', '240', '--raw', '--subdir', 'DAGS_FOLDER/demo.py', '--cfg-path', '/tmp/tmpis773f52', '--error-file', '/tmp/tmpfg0p36sv']
[2022-08-02 10:30:13,719] {standard_task_runner.py:80} INFO - Job 240: Subtask data_downloading
[2022-08-02 10:30:13,797] {task_command.py:371} INFO - Running <TaskInstance: Demo.data_downloading manual__2022-08-02T10:30:10.219930+00:00 [running]> on host 31353b71d6cb
[2022-08-02 10:30:13,890] {taskinstance.py:1591} INFO - Exporting the following env vars:
AIRFLOW_CTX_DAG_OWNER=***
AIRFLOW_CTX_DAG_ID=Demo
AIRFLOW_CTX_TASK_ID=data_downloading
AIRFLOW_CTX_EXECUTION_DATE=2022-08-02T10:30:10.219930+00:00
AIRFLOW_CTX_TRY_NUMBER=1
AIRFLOW_CTX_DAG_RUN_ID=manual__2022-08-02T10:30:10.219930+00:00
[2022-08-02 10:30:13,891] {python.py:173} INFO - Done. Returned value was: 0
[2022-08-02 10:30:13,922] {taskinstance.py:1420} INFO - Marking task as SUCCESS. dag_id=Demo, task_id=data_downloading, execution_date=20220802T103010, start_date=20220802T103013, end_date=20220802T103013
[2022-08-02 10:30:13,970] {local_task_job.py:156} INFO - Task exited with return code 0
[2022-08-02 10:30:14,036] {local_task_job.py:273} INFO - 1 downstream tasks scheduled from follow-on schedule check
