[2022-08-01 13:04:24,648] {taskinstance.py:1179} INFO - Dependencies all met for <TaskInstance: Demo.data_uploading manual__2022-08-01T13:04:15.632024+00:00 [queued]>
[2022-08-01 13:04:24,662] {taskinstance.py:1179} INFO - Dependencies all met for <TaskInstance: Demo.data_uploading manual__2022-08-01T13:04:15.632024+00:00 [queued]>
[2022-08-01 13:04:24,663] {taskinstance.py:1376} INFO - 
--------------------------------------------------------------------------------
[2022-08-01 13:04:24,663] {taskinstance.py:1377} INFO - Starting attempt 1 of 1
[2022-08-01 13:04:24,664] {taskinstance.py:1378} INFO - 
--------------------------------------------------------------------------------
[2022-08-01 13:04:24,682] {taskinstance.py:1397} INFO - Executing <Task(PythonOperator): data_uploading> on 2022-08-01 13:04:15.632024+00:00
[2022-08-01 13:04:24,687] {standard_task_runner.py:52} INFO - Started process 5606 to run task
[2022-08-01 13:04:24,690] {standard_task_runner.py:79} INFO - Running: ['***', 'tasks', 'run', 'Demo', 'data_uploading', 'manual__2022-08-01T13:04:15.632024+00:00', '--job-id', '95', '--raw', '--subdir', 'DAGS_FOLDER/demo.py', '--cfg-path', '/tmp/tmpnfs2xknn', '--error-file', '/tmp/tmp3kmuim6b']
[2022-08-01 13:04:24,690] {standard_task_runner.py:80} INFO - Job 95: Subtask data_uploading
[2022-08-01 13:04:24,767] {task_command.py:371} INFO - Running <TaskInstance: Demo.data_uploading manual__2022-08-01T13:04:15.632024+00:00 [running]> on host 31353b71d6cb
[2022-08-01 13:04:24,849] {taskinstance.py:1591} INFO - Exporting the following env vars:
AIRFLOW_CTX_DAG_OWNER=***
AIRFLOW_CTX_DAG_ID=Demo
AIRFLOW_CTX_TASK_ID=data_uploading
AIRFLOW_CTX_EXECUTION_DATE=2022-08-01T13:04:15.632024+00:00
AIRFLOW_CTX_TRY_NUMBER=1
AIRFLOW_CTX_DAG_RUN_ID=manual__2022-08-01T13:04:15.632024+00:00
[2022-08-01 13:04:24,859] {base.py:68} INFO - Using connection ID 'azure_demo' for task execution.
[2022-08-01 13:04:24,864] {logging_mixin.py:115} INFO - ['file_1.wav', 'file_2.wav', 'file_3.wav']
[2022-08-01 13:04:24,864] {logging_mixin.py:115} INFO - /opt/***/files/waves/file_1.wav
[2022-08-01 13:04:24,864] {logging_mixin.py:115} INFO - /opt/***/files/waves/file_2.wav
[2022-08-01 13:04:24,865] {logging_mixin.py:115} INFO - /opt/***/files/waves/file_3.wav
[2022-08-01 13:04:24,865] {python.py:173} INFO - Done. Returned value was: 0
[2022-08-01 13:04:24,895] {taskinstance.py:1420} INFO - Marking task as SUCCESS. dag_id=Demo, task_id=data_uploading, execution_date=20220801T130415, start_date=20220801T130424, end_date=20220801T130424
[2022-08-01 13:04:24,942] {local_task_job.py:156} INFO - Task exited with return code 0
[2022-08-01 13:04:24,996] {local_task_job.py:273} INFO - 1 downstream tasks scheduled from follow-on schedule check
