[2022-08-02 10:15:05,111] {taskinstance.py:1179} INFO - Dependencies all met for <TaskInstance: Demo.data_downloading manual__2022-08-02T10:14:51.122048+00:00 [queued]>
[2022-08-02 10:15:05,345] {taskinstance.py:1179} INFO - Dependencies all met for <TaskInstance: Demo.data_downloading manual__2022-08-02T10:14:51.122048+00:00 [queued]>
[2022-08-02 10:15:05,357] {taskinstance.py:1376} INFO - 
--------------------------------------------------------------------------------
[2022-08-02 10:15:05,371] {taskinstance.py:1377} INFO - Starting attempt 1 of 1
[2022-08-02 10:15:05,393] {taskinstance.py:1378} INFO - 
--------------------------------------------------------------------------------
[2022-08-02 10:15:05,782] {taskinstance.py:1397} INFO - Executing <Task(PythonOperator): data_downloading> on 2022-08-02 10:14:51.122048+00:00
[2022-08-02 10:15:05,848] {standard_task_runner.py:52} INFO - Started process 4642 to run task
[2022-08-02 10:15:05,895] {standard_task_runner.py:79} INFO - Running: ['***', 'tasks', 'run', 'Demo', 'data_downloading', 'manual__2022-08-02T10:14:51.122048+00:00', '--job-id', '216', '--raw', '--subdir', 'DAGS_FOLDER/demo.py', '--cfg-path', '/tmp/tmpz_3p7nnq', '--error-file', '/tmp/tmpp6rcl8hi']
[2022-08-02 10:15:05,902] {standard_task_runner.py:80} INFO - Job 216: Subtask data_downloading
[2022-08-02 10:15:06,430] {task_command.py:371} INFO - Running <TaskInstance: Demo.data_downloading manual__2022-08-02T10:14:51.122048+00:00 [running]> on host 31353b71d6cb
[2022-08-02 10:15:07,683] {taskinstance.py:1591} INFO - Exporting the following env vars:
AIRFLOW_CTX_DAG_OWNER=***
AIRFLOW_CTX_DAG_ID=Demo
AIRFLOW_CTX_TASK_ID=data_downloading
AIRFLOW_CTX_EXECUTION_DATE=2022-08-02T10:14:51.122048+00:00
AIRFLOW_CTX_TRY_NUMBER=1
AIRFLOW_CTX_DAG_RUN_ID=manual__2022-08-02T10:14:51.122048+00:00
[2022-08-02 10:15:07,707] {python.py:173} INFO - Done. Returned value was: 0
[2022-08-02 10:15:08,318] {taskinstance.py:1420} INFO - Marking task as SUCCESS. dag_id=Demo, task_id=data_downloading, execution_date=20220802T101451, start_date=20220802T101505, end_date=20220802T101508
[2022-08-02 10:15:08,795] {local_task_job.py:156} INFO - Task exited with return code 0
[2022-08-02 10:15:09,426] {local_task_job.py:273} INFO - 0 downstream tasks scheduled from follow-on schedule check
