[2022-08-02 09:41:58,126] {taskinstance.py:1179} INFO - Dependencies all met for <TaskInstance: Demo.data_uploading_mongodb manual__2022-08-02T09:41:37.428439+00:00 [queued]>
[2022-08-02 09:41:58,138] {taskinstance.py:1179} INFO - Dependencies all met for <TaskInstance: Demo.data_uploading_mongodb manual__2022-08-02T09:41:37.428439+00:00 [queued]>
[2022-08-02 09:41:58,138] {taskinstance.py:1376} INFO - 
--------------------------------------------------------------------------------
[2022-08-02 09:41:58,139] {taskinstance.py:1377} INFO - Starting attempt 1 of 1
[2022-08-02 09:41:58,139] {taskinstance.py:1378} INFO - 
--------------------------------------------------------------------------------
[2022-08-02 09:41:58,158] {taskinstance.py:1397} INFO - Executing <Task(PythonOperator): data_uploading_mongodb> on 2022-08-02 09:41:37.428439+00:00
[2022-08-02 09:41:58,163] {standard_task_runner.py:52} INFO - Started process 3546 to run task
[2022-08-02 09:41:58,166] {standard_task_runner.py:79} INFO - Running: ['***', 'tasks', 'run', 'Demo', 'data_uploading_mongodb', 'manual__2022-08-02T09:41:37.428439+00:00', '--job-id', '199', '--raw', '--subdir', 'DAGS_FOLDER/demo.py', '--cfg-path', '/tmp/tmpa6zjfrk2', '--error-file', '/tmp/tmp0rx7x82u']
[2022-08-02 09:41:58,167] {standard_task_runner.py:80} INFO - Job 199: Subtask data_uploading_mongodb
[2022-08-02 09:41:58,245] {task_command.py:371} INFO - Running <TaskInstance: Demo.data_uploading_mongodb manual__2022-08-02T09:41:37.428439+00:00 [running]> on host 31353b71d6cb
[2022-08-02 09:41:58,339] {taskinstance.py:1591} INFO - Exporting the following env vars:
AIRFLOW_CTX_DAG_OWNER=***
AIRFLOW_CTX_DAG_ID=Demo
AIRFLOW_CTX_TASK_ID=data_uploading_mongodb
AIRFLOW_CTX_EXECUTION_DATE=2022-08-02T09:41:37.428439+00:00
AIRFLOW_CTX_TRY_NUMBER=1
AIRFLOW_CTX_DAG_RUN_ID=manual__2022-08-02T09:41:37.428439+00:00
[2022-08-02 09:41:58,340] {python.py:173} INFO - Done. Returned value was: 0
[2022-08-02 09:41:58,379] {taskinstance.py:1420} INFO - Marking task as SUCCESS. dag_id=Demo, task_id=data_uploading_mongodb, execution_date=20220802T094137, start_date=20220802T094158, end_date=20220802T094158
[2022-08-02 09:41:58,418] {local_task_job.py:156} INFO - Task exited with return code 0
[2022-08-02 09:41:58,471] {local_task_job.py:273} INFO - 0 downstream tasks scheduled from follow-on schedule check
