[2022-08-02 10:24:34,883] {taskinstance.py:1179} INFO - Dependencies all met for <TaskInstance: Demo.data_uploading manual__2022-08-02T10:24:27.043355+00:00 [queued]>
[2022-08-02 10:24:34,897] {taskinstance.py:1179} INFO - Dependencies all met for <TaskInstance: Demo.data_uploading manual__2022-08-02T10:24:27.043355+00:00 [queued]>
[2022-08-02 10:24:34,897] {taskinstance.py:1376} INFO - 
--------------------------------------------------------------------------------
[2022-08-02 10:24:34,897] {taskinstance.py:1377} INFO - Starting attempt 1 of 1
[2022-08-02 10:24:34,898] {taskinstance.py:1378} INFO - 
--------------------------------------------------------------------------------
[2022-08-02 10:24:34,917] {taskinstance.py:1397} INFO - Executing <Task(PythonOperator): data_uploading> on 2022-08-02 10:24:27.043355+00:00
[2022-08-02 10:24:34,921] {standard_task_runner.py:52} INFO - Started process 5074 to run task
[2022-08-02 10:24:34,925] {standard_task_runner.py:79} INFO - Running: ['***', 'tasks', 'run', 'Demo', 'data_uploading', 'manual__2022-08-02T10:24:27.043355+00:00', '--job-id', '229', '--raw', '--subdir', 'DAGS_FOLDER/demo.py', '--cfg-path', '/tmp/tmpsaix2lcm', '--error-file', '/tmp/tmpwpxxowy8']
[2022-08-02 10:24:34,926] {standard_task_runner.py:80} INFO - Job 229: Subtask data_uploading
[2022-08-02 10:24:35,004] {task_command.py:371} INFO - Running <TaskInstance: Demo.data_uploading manual__2022-08-02T10:24:27.043355+00:00 [running]> on host 31353b71d6cb
[2022-08-02 10:24:35,093] {taskinstance.py:1591} INFO - Exporting the following env vars:
AIRFLOW_CTX_DAG_OWNER=***
AIRFLOW_CTX_DAG_ID=Demo
AIRFLOW_CTX_TASK_ID=data_uploading
AIRFLOW_CTX_EXECUTION_DATE=2022-08-02T10:24:27.043355+00:00
AIRFLOW_CTX_TRY_NUMBER=1
AIRFLOW_CTX_DAG_RUN_ID=manual__2022-08-02T10:24:27.043355+00:00
[2022-08-02 10:24:35,095] {python.py:173} INFO - Done. Returned value was: 0
[2022-08-02 10:24:35,124] {taskinstance.py:1420} INFO - Marking task as SUCCESS. dag_id=Demo, task_id=data_uploading, execution_date=20220802T102427, start_date=20220802T102434, end_date=20220802T102435
[2022-08-02 10:24:35,177] {local_task_job.py:156} INFO - Task exited with return code 0
[2022-08-02 10:24:35,227] {local_task_job.py:273} INFO - 1 downstream tasks scheduled from follow-on schedule check
