[2022-07-29 07:56:40,949] {taskinstance.py:1179} INFO - Dependencies all met for <TaskInstance: Demo.data_uploading manual__2022-07-29T07:56:37.295336+00:00 [queued]>
[2022-07-29 07:56:40,961] {taskinstance.py:1179} INFO - Dependencies all met for <TaskInstance: Demo.data_uploading manual__2022-07-29T07:56:37.295336+00:00 [queued]>
[2022-07-29 07:56:40,961] {taskinstance.py:1376} INFO - 
--------------------------------------------------------------------------------
[2022-07-29 07:56:40,962] {taskinstance.py:1377} INFO - Starting attempt 1 of 1
[2022-07-29 07:56:40,963] {taskinstance.py:1378} INFO - 
--------------------------------------------------------------------------------
[2022-07-29 07:56:40,985] {taskinstance.py:1397} INFO - Executing <Task(PythonOperator): data_uploading> on 2022-07-29 07:56:37.295336+00:00
[2022-07-29 07:56:40,990] {standard_task_runner.py:52} INFO - Started process 77 to run task
[2022-07-29 07:56:40,994] {standard_task_runner.py:79} INFO - Running: ['***', 'tasks', 'run', 'Demo', 'data_uploading', 'manual__2022-07-29T07:56:37.295336+00:00', '--job-id', '49', '--raw', '--subdir', 'DAGS_FOLDER/demo.py', '--cfg-path', '/tmp/tmpxcqn3wbm', '--error-file', '/tmp/tmpr0rjzn7u']
[2022-07-29 07:56:40,995] {standard_task_runner.py:80} INFO - Job 49: Subtask data_uploading
[2022-07-29 07:56:41,206] {task_command.py:371} INFO - Running <TaskInstance: Demo.data_uploading manual__2022-07-29T07:56:37.295336+00:00 [running]> on host 949e67af4713
[2022-07-29 07:56:41,388] {taskinstance.py:1591} INFO - Exporting the following env vars:
AIRFLOW_CTX_DAG_OWNER=***
AIRFLOW_CTX_DAG_ID=Demo
AIRFLOW_CTX_TASK_ID=data_uploading
AIRFLOW_CTX_EXECUTION_DATE=2022-07-29T07:56:37.295336+00:00
AIRFLOW_CTX_TRY_NUMBER=1
AIRFLOW_CTX_DAG_RUN_ID=manual__2022-07-29T07:56:37.295336+00:00
[2022-07-29 07:56:41,391] {python.py:173} INFO - Done. Returned value was: 0
[2022-07-29 07:56:41,438] {taskinstance.py:1420} INFO - Marking task as SUCCESS. dag_id=Demo, task_id=data_uploading, execution_date=20220729T075637, start_date=20220729T075640, end_date=20220729T075641
[2022-07-29 07:56:41,487] {local_task_job.py:156} INFO - Task exited with return code 0
[2022-07-29 07:56:41,576] {local_task_job.py:273} INFO - 1 downstream tasks scheduled from follow-on schedule check
