[2022-08-02 09:59:57,212] {taskinstance.py:1179} INFO - Dependencies all met for <TaskInstance: Demo.data_uploading manual__2022-08-02T09:59:45.179821+00:00 [queued]>
[2022-08-02 09:59:57,264] {taskinstance.py:1179} INFO - Dependencies all met for <TaskInstance: Demo.data_uploading manual__2022-08-02T09:59:45.179821+00:00 [queued]>
[2022-08-02 09:59:57,267] {taskinstance.py:1376} INFO - 
--------------------------------------------------------------------------------
[2022-08-02 09:59:57,269] {taskinstance.py:1377} INFO - Starting attempt 1 of 1
[2022-08-02 09:59:57,318] {taskinstance.py:1378} INFO - 
--------------------------------------------------------------------------------
[2022-08-02 09:59:57,405] {taskinstance.py:1397} INFO - Executing <Task(PythonOperator): data_uploading> on 2022-08-02 09:59:45.179821+00:00
[2022-08-02 09:59:57,423] {standard_task_runner.py:52} INFO - Started process 4035 to run task
[2022-08-02 09:59:57,444] {standard_task_runner.py:79} INFO - Running: ['***', 'tasks', 'run', 'Demo', 'data_uploading', 'manual__2022-08-02T09:59:45.179821+00:00', '--job-id', '201', '--raw', '--subdir', 'DAGS_FOLDER/demo.py', '--cfg-path', '/tmp/tmp_67ujxnk', '--error-file', '/tmp/tmp0yux6p52']
[2022-08-02 09:59:57,447] {standard_task_runner.py:80} INFO - Job 201: Subtask data_uploading
[2022-08-02 09:59:57,867] {task_command.py:371} INFO - Running <TaskInstance: Demo.data_uploading manual__2022-08-02T09:59:45.179821+00:00 [running]> on host 31353b71d6cb
[2022-08-02 09:59:58,099] {taskinstance.py:1591} INFO - Exporting the following env vars:
AIRFLOW_CTX_DAG_OWNER=***
AIRFLOW_CTX_DAG_ID=Demo
AIRFLOW_CTX_TASK_ID=data_uploading
AIRFLOW_CTX_EXECUTION_DATE=2022-08-02T09:59:45.179821+00:00
AIRFLOW_CTX_TRY_NUMBER=1
AIRFLOW_CTX_DAG_RUN_ID=manual__2022-08-02T09:59:45.179821+00:00
[2022-08-02 09:59:58,101] {python.py:173} INFO - Done. Returned value was: 0
[2022-08-02 09:59:58,161] {taskinstance.py:1420} INFO - Marking task as SUCCESS. dag_id=Demo, task_id=data_uploading, execution_date=20220802T095945, start_date=20220802T095957, end_date=20220802T095958
[2022-08-02 09:59:58,213] {local_task_job.py:156} INFO - Task exited with return code 0
[2022-08-02 09:59:58,304] {local_task_job.py:273} INFO - 1 downstream tasks scheduled from follow-on schedule check
