[2022-08-02 07:48:25,920] {taskinstance.py:1179} INFO - Dependencies all met for <TaskInstance: Demo.data_downloading manual__2022-08-02T07:48:21.676586+00:00 [queued]>
[2022-08-02 07:48:25,933] {taskinstance.py:1179} INFO - Dependencies all met for <TaskInstance: Demo.data_downloading manual__2022-08-02T07:48:21.676586+00:00 [queued]>
[2022-08-02 07:48:25,934] {taskinstance.py:1376} INFO - 
--------------------------------------------------------------------------------
[2022-08-02 07:48:25,934] {taskinstance.py:1377} INFO - Starting attempt 1 of 1
[2022-08-02 07:48:25,935] {taskinstance.py:1378} INFO - 
--------------------------------------------------------------------------------
[2022-08-02 07:48:25,956] {taskinstance.py:1397} INFO - Executing <Task(PythonOperator): data_downloading> on 2022-08-02 07:48:21.676586+00:00
[2022-08-02 07:48:25,960] {standard_task_runner.py:52} INFO - Started process 129 to run task
[2022-08-02 07:48:25,965] {standard_task_runner.py:79} INFO - Running: ['***', 'tasks', 'run', 'Demo', 'data_downloading', 'manual__2022-08-02T07:48:21.676586+00:00', '--job-id', '132', '--raw', '--subdir', 'DAGS_FOLDER/demo.py', '--cfg-path', '/tmp/tmp1qex1d3v', '--error-file', '/tmp/tmpqhwcz1s6']
[2022-08-02 07:48:25,966] {standard_task_runner.py:80} INFO - Job 132: Subtask data_downloading
[2022-08-02 07:48:26,049] {task_command.py:371} INFO - Running <TaskInstance: Demo.data_downloading manual__2022-08-02T07:48:21.676586+00:00 [running]> on host 31353b71d6cb
[2022-08-02 07:48:26,138] {taskinstance.py:1591} INFO - Exporting the following env vars:
AIRFLOW_CTX_DAG_OWNER=***
AIRFLOW_CTX_DAG_ID=Demo
AIRFLOW_CTX_TASK_ID=data_downloading
AIRFLOW_CTX_EXECUTION_DATE=2022-08-02T07:48:21.676586+00:00
AIRFLOW_CTX_TRY_NUMBER=1
AIRFLOW_CTX_DAG_RUN_ID=manual__2022-08-02T07:48:21.676586+00:00
[2022-08-02 07:48:26,139] {python.py:173} INFO - Done. Returned value was: 0
[2022-08-02 07:48:26,173] {taskinstance.py:1420} INFO - Marking task as SUCCESS. dag_id=Demo, task_id=data_downloading, execution_date=20220802T074821, start_date=20220802T074825, end_date=20220802T074826
[2022-08-02 07:48:26,218] {local_task_job.py:156} INFO - Task exited with return code 0
[2022-08-02 07:48:26,297] {local_task_job.py:273} INFO - 1 downstream tasks scheduled from follow-on schedule check
