[2022-08-02 13:06:46,049] {taskinstance.py:1179} INFO - Dependencies all met for <TaskInstance: Demo.data_uploading manual__2022-08-02T13:06:38.293151+00:00 [queued]>
[2022-08-02 13:06:46,061] {taskinstance.py:1179} INFO - Dependencies all met for <TaskInstance: Demo.data_uploading manual__2022-08-02T13:06:38.293151+00:00 [queued]>
[2022-08-02 13:06:46,062] {taskinstance.py:1376} INFO - 
--------------------------------------------------------------------------------
[2022-08-02 13:06:46,062] {taskinstance.py:1377} INFO - Starting attempt 1 of 1
[2022-08-02 13:06:46,063] {taskinstance.py:1378} INFO - 
--------------------------------------------------------------------------------
[2022-08-02 13:06:46,081] {taskinstance.py:1397} INFO - Executing <Task(PythonOperator): data_uploading> on 2022-08-02 13:06:38.293151+00:00
[2022-08-02 13:06:46,085] {standard_task_runner.py:52} INFO - Started process 10754 to run task
[2022-08-02 13:06:46,089] {standard_task_runner.py:79} INFO - Running: ['***', 'tasks', 'run', 'Demo', 'data_uploading', 'manual__2022-08-02T13:06:38.293151+00:00', '--job-id', '304', '--raw', '--subdir', 'DAGS_FOLDER/demo.py', '--cfg-path', '/tmp/tmp202rnclt', '--error-file', '/tmp/tmplvy_kfnm']
[2022-08-02 13:06:46,089] {standard_task_runner.py:80} INFO - Job 304: Subtask data_uploading
[2022-08-02 13:06:46,166] {task_command.py:371} INFO - Running <TaskInstance: Demo.data_uploading manual__2022-08-02T13:06:38.293151+00:00 [running]> on host 31353b71d6cb
[2022-08-02 13:06:46,252] {taskinstance.py:1591} INFO - Exporting the following env vars:
AIRFLOW_CTX_DAG_OWNER=***
AIRFLOW_CTX_DAG_ID=Demo
AIRFLOW_CTX_TASK_ID=data_uploading
AIRFLOW_CTX_EXECUTION_DATE=2022-08-02T13:06:38.293151+00:00
AIRFLOW_CTX_TRY_NUMBER=1
AIRFLOW_CTX_DAG_RUN_ID=manual__2022-08-02T13:06:38.293151+00:00
[2022-08-02 13:06:46,254] {python.py:173} INFO - Done. Returned value was: 0
[2022-08-02 13:06:46,286] {taskinstance.py:1420} INFO - Marking task as SUCCESS. dag_id=Demo, task_id=data_uploading, execution_date=20220802T130638, start_date=20220802T130646, end_date=20220802T130646
[2022-08-02 13:06:46,341] {local_task_job.py:156} INFO - Task exited with return code 0
[2022-08-02 13:06:46,399] {local_task_job.py:273} INFO - 1 downstream tasks scheduled from follow-on schedule check
