[2022-08-02 09:12:10,412] {taskinstance.py:1179} INFO - Dependencies all met for <TaskInstance: Demo.data_downloading manual__2022-08-02T09:12:05.695233+00:00 [queued]>
[2022-08-02 09:12:10,429] {taskinstance.py:1179} INFO - Dependencies all met for <TaskInstance: Demo.data_downloading manual__2022-08-02T09:12:05.695233+00:00 [queued]>
[2022-08-02 09:12:10,430] {taskinstance.py:1376} INFO - 
--------------------------------------------------------------------------------
[2022-08-02 09:12:10,430] {taskinstance.py:1377} INFO - Starting attempt 1 of 1
[2022-08-02 09:12:10,431] {taskinstance.py:1378} INFO - 
--------------------------------------------------------------------------------
[2022-08-02 09:12:10,455] {taskinstance.py:1397} INFO - Executing <Task(PythonOperator): data_downloading> on 2022-08-02 09:12:05.695233+00:00
[2022-08-02 09:12:10,461] {standard_task_runner.py:52} INFO - Started process 2173 to run task
[2022-08-02 09:12:10,465] {standard_task_runner.py:79} INFO - Running: ['***', 'tasks', 'run', 'Demo', 'data_downloading', 'manual__2022-08-02T09:12:05.695233+00:00', '--job-id', '186', '--raw', '--subdir', 'DAGS_FOLDER/demo.py', '--cfg-path', '/tmp/tmpul6t3j_e', '--error-file', '/tmp/tmpk0qd8aun']
[2022-08-02 09:12:10,466] {standard_task_runner.py:80} INFO - Job 186: Subtask data_downloading
[2022-08-02 09:12:10,547] {task_command.py:371} INFO - Running <TaskInstance: Demo.data_downloading manual__2022-08-02T09:12:05.695233+00:00 [running]> on host 31353b71d6cb
[2022-08-02 09:12:10,638] {taskinstance.py:1591} INFO - Exporting the following env vars:
AIRFLOW_CTX_DAG_OWNER=***
AIRFLOW_CTX_DAG_ID=Demo
AIRFLOW_CTX_TASK_ID=data_downloading
AIRFLOW_CTX_EXECUTION_DATE=2022-08-02T09:12:05.695233+00:00
AIRFLOW_CTX_TRY_NUMBER=1
AIRFLOW_CTX_DAG_RUN_ID=manual__2022-08-02T09:12:05.695233+00:00
[2022-08-02 09:12:10,640] {python.py:173} INFO - Done. Returned value was: 0
[2022-08-02 09:12:10,683] {taskinstance.py:1420} INFO - Marking task as SUCCESS. dag_id=Demo, task_id=data_downloading, execution_date=20220802T091205, start_date=20220802T091210, end_date=20220802T091210
[2022-08-02 09:12:10,717] {local_task_job.py:156} INFO - Task exited with return code 0
[2022-08-02 09:12:10,781] {local_task_job.py:273} INFO - 1 downstream tasks scheduled from follow-on schedule check
