[2022-07-27 16:34:01,852] {taskinstance.py:1179} INFO - Dependencies all met for <TaskInstance: Demo.data_uploading_mongodb manual__2022-07-27T16:33:49.715912+00:00 [queued]>
[2022-07-27 16:34:01,869] {taskinstance.py:1179} INFO - Dependencies all met for <TaskInstance: Demo.data_uploading_mongodb manual__2022-07-27T16:33:49.715912+00:00 [queued]>
[2022-07-27 16:34:01,870] {taskinstance.py:1376} INFO - 
--------------------------------------------------------------------------------
[2022-07-27 16:34:01,870] {taskinstance.py:1377} INFO - Starting attempt 1 of 1
[2022-07-27 16:34:01,871] {taskinstance.py:1378} INFO - 
--------------------------------------------------------------------------------
[2022-07-27 16:34:01,929] {taskinstance.py:1397} INFO - Executing <Task(PythonOperator): data_uploading_mongodb> on 2022-07-27 16:33:49.715912+00:00
[2022-07-27 16:34:01,935] {standard_task_runner.py:52} INFO - Started process 741 to run task
[2022-07-27 16:34:01,941] {standard_task_runner.py:79} INFO - Running: ['***', 'tasks', 'run', 'Demo', 'data_uploading_mongodb', 'manual__2022-07-27T16:33:49.715912+00:00', '--job-id', '15', '--raw', '--subdir', 'DAGS_FOLDER/demo.py', '--cfg-path', '/tmp/tmpalatq1w8', '--error-file', '/tmp/tmp9mowzmp6']
[2022-07-27 16:34:01,942] {standard_task_runner.py:80} INFO - Job 15: Subtask data_uploading_mongodb
[2022-07-27 16:34:02,116] {task_command.py:371} INFO - Running <TaskInstance: Demo.data_uploading_mongodb manual__2022-07-27T16:33:49.715912+00:00 [running]> on host 3aa4098107fa
[2022-07-27 16:34:02,611] {taskinstance.py:1591} INFO - Exporting the following env vars:
AIRFLOW_CTX_DAG_OWNER=***
AIRFLOW_CTX_DAG_ID=Demo
AIRFLOW_CTX_TASK_ID=data_uploading_mongodb
AIRFLOW_CTX_EXECUTION_DATE=2022-07-27T16:33:49.715912+00:00
AIRFLOW_CTX_TRY_NUMBER=1
AIRFLOW_CTX_DAG_RUN_ID=manual__2022-07-27T16:33:49.715912+00:00
[2022-07-27 16:34:02,660] {base.py:68} INFO - Using connection ID 'mongodb_demo' for task execution.
[2022-07-27 16:34:02,695] {taskinstance.py:1909} ERROR - Task failed with exception
Traceback (most recent call last):
  File "/home/airflow/.local/lib/python3.7/site-packages/airflow/operators/python.py", line 171, in execute
    return_value = self.execute_callable()
  File "/home/airflow/.local/lib/python3.7/site-packages/airflow/operators/python.py", line 189, in execute_callable
    return self.python_callable(*self.op_args, **self.op_kwargs)
  File "/opt/airflow/dags/demo.py", line 46, in upload_data_mongodb
    test.insert_one(mongo_collection="demo",doc=file)
  File "/home/airflow/.local/lib/python3.7/site-packages/airflow/providers/mongo/hooks/mongo.py", line 156, in insert_one
    return collection.insert_one(doc, **kwargs)
  File "/home/airflow/.local/lib/python3.7/site-packages/pymongo/collection.py", line 699, in insert_one
    common.validate_is_document_type("document", document)
  File "/home/airflow/.local/lib/python3.7/site-packages/pymongo/common.py", line 506, in validate_is_document_type
    "collections.MutableMapping" % (option,))
TypeError: document must be an instance of dict, bson.son.SON, bson.raw_bson.RawBSONDocument, or a type that inherits from collections.MutableMapping
[2022-07-27 16:34:02,723] {taskinstance.py:1420} INFO - Marking task as FAILED. dag_id=Demo, task_id=data_uploading_mongodb, execution_date=20220727T163349, start_date=20220727T163401, end_date=20220727T163402
[2022-07-27 16:34:02,910] {standard_task_runner.py:97} ERROR - Failed to execute job 15 for task data_uploading_mongodb (document must be an instance of dict, bson.son.SON, bson.raw_bson.RawBSONDocument, or a type that inherits from collections.MutableMapping; 741)
[2022-07-27 16:34:02,929] {local_task_job.py:156} INFO - Task exited with return code 1
[2022-07-27 16:34:03,185] {local_task_job.py:273} INFO - 0 downstream tasks scheduled from follow-on schedule check
