[2022-07-28 12:28:14,929] {taskinstance.py:1179} INFO - Dependencies all met for <TaskInstance: Demo.data_uploading manual__2022-07-28T12:28:11.306863+00:00 [queued]>
[2022-07-28 12:28:14,953] {taskinstance.py:1179} INFO - Dependencies all met for <TaskInstance: Demo.data_uploading manual__2022-07-28T12:28:11.306863+00:00 [queued]>
[2022-07-28 12:28:14,954] {taskinstance.py:1376} INFO - 
--------------------------------------------------------------------------------
[2022-07-28 12:28:14,954] {taskinstance.py:1377} INFO - Starting attempt 1 of 1
[2022-07-28 12:28:14,955] {taskinstance.py:1378} INFO - 
--------------------------------------------------------------------------------
[2022-07-28 12:28:14,982] {taskinstance.py:1397} INFO - Executing <Task(PythonOperator): data_uploading> on 2022-07-28 12:28:11.306863+00:00
[2022-07-28 12:28:14,987] {standard_task_runner.py:52} INFO - Started process 1128 to run task
[2022-07-28 12:28:14,991] {standard_task_runner.py:79} INFO - Running: ['***', 'tasks', 'run', 'Demo', 'data_uploading', 'manual__2022-07-28T12:28:11.306863+00:00', '--job-id', '19', '--raw', '--subdir', 'DAGS_FOLDER/demo.py', '--cfg-path', '/tmp/tmpoe_jmhbt', '--error-file', '/tmp/tmp2fekgox6']
[2022-07-28 12:28:14,992] {standard_task_runner.py:80} INFO - Job 19: Subtask data_uploading
[2022-07-28 12:28:15,071] {task_command.py:371} INFO - Running <TaskInstance: Demo.data_uploading manual__2022-07-28T12:28:11.306863+00:00 [running]> on host 949e67af4713
[2022-07-28 12:28:15,174] {taskinstance.py:1591} INFO - Exporting the following env vars:
AIRFLOW_CTX_DAG_OWNER=***
AIRFLOW_CTX_DAG_ID=Demo
AIRFLOW_CTX_TASK_ID=data_uploading
AIRFLOW_CTX_EXECUTION_DATE=2022-07-28T12:28:11.306863+00:00
AIRFLOW_CTX_TRY_NUMBER=1
AIRFLOW_CTX_DAG_RUN_ID=manual__2022-07-28T12:28:11.306863+00:00
[2022-07-28 12:28:15,175] {python.py:173} INFO - Done. Returned value was: 0
[2022-07-28 12:28:15,205] {taskinstance.py:1420} INFO - Marking task as SUCCESS. dag_id=Demo, task_id=data_uploading, execution_date=20220728T122811, start_date=20220728T122814, end_date=20220728T122815
[2022-07-28 12:28:15,243] {local_task_job.py:156} INFO - Task exited with return code 0
[2022-07-28 12:28:15,305] {local_task_job.py:273} INFO - 1 downstream tasks scheduled from follow-on schedule check
