[2022-08-02 10:19:20,351] {taskinstance.py:1179} INFO - Dependencies all met for <TaskInstance: Demo.data_fetching manual__2022-08-02T10:19:08.629039+00:00 [queued]>
[2022-08-02 10:19:20,363] {taskinstance.py:1179} INFO - Dependencies all met for <TaskInstance: Demo.data_fetching manual__2022-08-02T10:19:08.629039+00:00 [queued]>
[2022-08-02 10:19:20,363] {taskinstance.py:1376} INFO - 
--------------------------------------------------------------------------------
[2022-08-02 10:19:20,364] {taskinstance.py:1377} INFO - Starting attempt 1 of 1
[2022-08-02 10:19:20,365] {taskinstance.py:1378} INFO - 
--------------------------------------------------------------------------------
[2022-08-02 10:19:20,385] {taskinstance.py:1397} INFO - Executing <Task(PythonOperator): data_fetching> on 2022-08-02 10:19:08.629039+00:00
[2022-08-02 10:19:20,390] {standard_task_runner.py:52} INFO - Started process 4817 to run task
[2022-08-02 10:19:20,393] {standard_task_runner.py:79} INFO - Running: ['***', 'tasks', 'run', 'Demo', 'data_fetching', 'manual__2022-08-02T10:19:08.629039+00:00', '--job-id', '222', '--raw', '--subdir', 'DAGS_FOLDER/demo.py', '--cfg-path', '/tmp/tmpobu6lw8e', '--error-file', '/tmp/tmppq9qb7xd']
[2022-08-02 10:19:20,394] {standard_task_runner.py:80} INFO - Job 222: Subtask data_fetching
[2022-08-02 10:19:20,470] {task_command.py:371} INFO - Running <TaskInstance: Demo.data_fetching manual__2022-08-02T10:19:08.629039+00:00 [running]> on host 31353b71d6cb
[2022-08-02 10:19:20,560] {taskinstance.py:1591} INFO - Exporting the following env vars:
AIRFLOW_CTX_DAG_OWNER=***
AIRFLOW_CTX_DAG_ID=Demo
AIRFLOW_CTX_TASK_ID=data_fetching
AIRFLOW_CTX_EXECUTION_DATE=2022-08-02T10:19:08.629039+00:00
AIRFLOW_CTX_TRY_NUMBER=1
AIRFLOW_CTX_DAG_RUN_ID=manual__2022-08-02T10:19:08.629039+00:00
[2022-08-02 10:19:20,561] {python.py:173} INFO - Done. Returned value was: 0
[2022-08-02 10:19:20,599] {taskinstance.py:1420} INFO - Marking task as SUCCESS. dag_id=Demo, task_id=data_fetching, execution_date=20220802T101908, start_date=20220802T101920, end_date=20220802T101920
[2022-08-02 10:19:20,646] {local_task_job.py:156} INFO - Task exited with return code 0
[2022-08-02 10:19:20,697] {local_task_job.py:273} INFO - 1 downstream tasks scheduled from follow-on schedule check
