[2022-07-28 15:16:41,013] {taskinstance.py:1179} INFO - Dependencies all met for <TaskInstance: Demo.container_creation manual__2022-07-28T15:16:38.918482+00:00 [queued]>
[2022-07-28 15:16:41,027] {taskinstance.py:1179} INFO - Dependencies all met for <TaskInstance: Demo.container_creation manual__2022-07-28T15:16:38.918482+00:00 [queued]>
[2022-07-28 15:16:41,028] {taskinstance.py:1376} INFO - 
--------------------------------------------------------------------------------
[2022-07-28 15:16:41,028] {taskinstance.py:1377} INFO - Starting attempt 1 of 1
[2022-07-28 15:16:41,074] {taskinstance.py:1378} INFO - 
--------------------------------------------------------------------------------
[2022-07-28 15:16:41,112] {taskinstance.py:1397} INFO - Executing <Task(PythonOperator): container_creation> on 2022-07-28 15:16:38.918482+00:00
[2022-07-28 15:16:41,121] {standard_task_runner.py:52} INFO - Started process 6458 to run task
[2022-07-28 15:16:41,128] {standard_task_runner.py:79} INFO - Running: ['***', 'tasks', 'run', 'Demo', 'container_creation', 'manual__2022-07-28T15:16:38.918482+00:00', '--job-id', '42', '--raw', '--subdir', 'DAGS_FOLDER/demo.py', '--cfg-path', '/tmp/tmp2_w3zij5', '--error-file', '/tmp/tmppx1xbyn4']
[2022-07-28 15:16:41,129] {standard_task_runner.py:80} INFO - Job 42: Subtask container_creation
[2022-07-28 15:16:41,243] {task_command.py:371} INFO - Running <TaskInstance: Demo.container_creation manual__2022-07-28T15:16:38.918482+00:00 [running]> on host 949e67af4713
[2022-07-28 15:16:41,350] {taskinstance.py:1591} INFO - Exporting the following env vars:
AIRFLOW_CTX_DAG_OWNER=***
AIRFLOW_CTX_DAG_ID=Demo
AIRFLOW_CTX_TASK_ID=container_creation
AIRFLOW_CTX_EXECUTION_DATE=2022-07-28T15:16:38.918482+00:00
AIRFLOW_CTX_TRY_NUMBER=1
AIRFLOW_CTX_DAG_RUN_ID=manual__2022-07-28T15:16:38.918482+00:00
[2022-07-28 15:16:41,351] {python.py:173} INFO - Done. Returned value was: 0
[2022-07-28 15:16:41,431] {taskinstance.py:1420} INFO - Marking task as SUCCESS. dag_id=Demo, task_id=container_creation, execution_date=20220728T151638, start_date=20220728T151641, end_date=20220728T151641
[2022-07-28 15:16:41,541] {local_task_job.py:156} INFO - Task exited with return code 0
[2022-07-28 15:16:41,684] {local_task_job.py:273} INFO - 1 downstream tasks scheduled from follow-on schedule check
