[2022-08-02 14:04:51,982] {taskinstance.py:1179} INFO - Dependencies all met for <TaskInstance: Demo.data_uploading_mongodb manual__2022-08-02T14:04:16.718084+00:00 [queued]>
[2022-08-02 14:04:51,993] {taskinstance.py:1179} INFO - Dependencies all met for <TaskInstance: Demo.data_uploading_mongodb manual__2022-08-02T14:04:16.718084+00:00 [queued]>
[2022-08-02 14:04:51,994] {taskinstance.py:1376} INFO - 
--------------------------------------------------------------------------------
[2022-08-02 14:04:51,995] {taskinstance.py:1377} INFO - Starting attempt 1 of 1
[2022-08-02 14:04:51,995] {taskinstance.py:1378} INFO - 
--------------------------------------------------------------------------------
[2022-08-02 14:04:52,013] {taskinstance.py:1397} INFO - Executing <Task(PythonOperator): data_uploading_mongodb> on 2022-08-02 14:04:16.718084+00:00
[2022-08-02 14:04:52,019] {standard_task_runner.py:52} INFO - Started process 13461 to run task
[2022-08-02 14:04:52,022] {standard_task_runner.py:79} INFO - Running: ['***', 'tasks', 'run', 'Demo', 'data_uploading_mongodb', 'manual__2022-08-02T14:04:16.718084+00:00', '--job-id', '317', '--raw', '--subdir', 'DAGS_FOLDER/demo.py', '--cfg-path', '/tmp/tmpb_coadmc', '--error-file', '/tmp/tmpba9mkwdf']
[2022-08-02 14:04:52,023] {standard_task_runner.py:80} INFO - Job 317: Subtask data_uploading_mongodb
[2022-08-02 14:04:52,099] {task_command.py:371} INFO - Running <TaskInstance: Demo.data_uploading_mongodb manual__2022-08-02T14:04:16.718084+00:00 [running]> on host 31353b71d6cb
[2022-08-02 14:04:52,310] {taskinstance.py:1591} INFO - Exporting the following env vars:
AIRFLOW_CTX_DAG_OWNER=***
AIRFLOW_CTX_DAG_ID=Demo
AIRFLOW_CTX_TASK_ID=data_uploading_mongodb
AIRFLOW_CTX_EXECUTION_DATE=2022-08-02T14:04:16.718084+00:00
AIRFLOW_CTX_TRY_NUMBER=1
AIRFLOW_CTX_DAG_RUN_ID=manual__2022-08-02T14:04:16.718084+00:00
[2022-08-02 14:04:52,325] {base.py:68} INFO - Using connection ID 'mongodb_demo' for task execution.
[2022-08-02 14:04:52,437] {logging_mixin.py:115} INFO - files added to transcriptions collection successfully
[2022-08-02 14:04:52,438] {python.py:173} INFO - Done. Returned value was: 0
[2022-08-02 14:04:52,520] {taskinstance.py:1420} INFO - Marking task as SUCCESS. dag_id=Demo, task_id=data_uploading_mongodb, execution_date=20220802T140416, start_date=20220802T140451, end_date=20220802T140452
[2022-08-02 14:04:52,557] {local_task_job.py:156} INFO - Task exited with return code 0
[2022-08-02 14:04:52,596] {local_task_job.py:273} INFO - 0 downstream tasks scheduled from follow-on schedule check
